#
# A fatal error has been detected by the Java Runtime Environment:
#
#  SIGSEGV (0xb) at pc=0x00007fb83ee1cb8b, pid=93837, tid=93841
#
# JRE version: OpenJDK Runtime Environment Corretto-11.0.15.9.1 (11.0.15+9) (build 11.0.15+9-LTS)
# Java VM: OpenJDK 64-Bit Server VM Corretto-11.0.15.9.1 (11.0.15+9-LTS, mixed mode, tiered, compressed oops, g1 gc, linux-amd64)
# Problematic frame:
# C  [libmathsat5j.so+0x260b8b]  msat::Term_::to_str[abi:cxx11]() const+0x2b
#
# Core dump will be written. Default location: Core dumps may be processed with "/usr/share/apport/apport -p%p -s%s -c%c -d%d -P%P -u%u -g%g -- %E" (or dumping to /home/janel/Desktop/Studium/Semester_6/Bachelorarbeit/nochmalneu/core.93837)
#
# If you would like to submit a bug report, please visit:
#   https://github.com/corretto/corretto-11/issues/
# The crash happened outside the Java Virtual Machine in native code.
# See problematic frame for where to report the bug.
#

---------------  S U M M A R Y ------------

Command Line: -agentlib:jdwp=transport=dt_socket,address=127.0.0.1:41783,suspend=y,server=n -ea -Didea.test.cyclic.buffer.size=1048576 -javaagent:/snap/intellij-idea-community/464/plugins/java/lib/rt/debugger-agent.jar -Dfile.encoding=UTF-8 com.intellij.rt.junit.JUnitStarter -ideVersion5 -junit4 org.sosy_lab.java_smt.test.BooleanGeneratorTest

Host: Intel(R) Core(TM) i7-6600U CPU @ 2.60GHz, 4 cores, 18G, Ubuntu 20.04.5 LTS
Time: Wed Nov  1 16:31:00 2023 CET elapsed time: 169.596783 seconds (0d 0h 2m 49s)

---------------  T H R E A D  ---------------

Current thread (0x00007fb8b002b800):  JavaThread "main" [_thread_in_native, id=93841, stack(0x00007fb8b4a3c000,0x00007fb8b4b3d000)]

Stack: [0x00007fb8b4a3c000,0x00007fb8b4b3d000],  sp=0x00007fb8b4b39a90,  free space=1014k
Native frames: (J=compiled Java code, A=aot compiled Java code, j=interpreted, Vv=VM code, C=native code)
C  [libmathsat5j.so+0x260b8b]  msat::Term_::to_str[abi:cxx11]() const+0x2b
C  0x0000000000000006

Java frames: (J=compiled Java code, j=interpreted, Vv=VM code)
j  org.sosy_lab.java_smt.solvers.mathsat5.Mathsat5NativeApi.msat_term_repr(J)Ljava/lang/String;+0
j  org.sosy_lab.java_smt.solvers.mathsat5.Mathsat5Formula.toString()Ljava/lang/String;+4
j  java.lang.String.valueOf(Ljava/lang/Object;)Ljava/lang/String;+10 java.base@11.0.15
j  java.lang.invoke.DirectMethodHandle$Holder.invokeStatic(Ljava/lang/Object;Ljava/lang/Object;)Ljava/lang/Object;+10 java.base@11.0.15
j  java.lang.invoke.LambdaForm$MH.invoke(Ljava/lang/Object;Ljava/lang/Object;)Ljava/lang/Object;+15 java.base@11.0.15
j  java.lang.invoke.LambdaForm$MH.invoke(Ljava/lang/Object;Ljava/lang/Object;)Ljava/lang/Object;+15 java.base@11.0.15
j  java.lang.invoke.Invokers$Holder.linkToTargetMethod(Ljava/lang/Object;Ljava/lang/Object;)Ljava/lang/Object;+5 java.base@11.0.15
j  org.sosy_lab.java_smt.utils.Generators.Generator.logAddConstraint(Lorg/sosy_lab/java_smt/api/BooleanFormula;)V+81
j  org.sosy_lab.java_smt.test.BooleanGeneratorTest.testMakeVariable()V+49
v  ~StubRoutines::call_stub
j  jdk.internal.reflect.NativeMethodAccessorImpl.invoke0(Ljava/lang/reflect/Method;Ljava/lang/Object;[Ljava/lang/Object;)Ljava/lang/Object;+0 java.base@11.0.15
j  jdk.internal.reflect.NativeMethodAccessorImpl.invoke(Ljava/lang/Object;[Ljava/lang/Object;)Ljava/lang/Object;+100 java.base@11.0.15
j  jdk.internal.reflect.DelegatingMethodAccessorImpl.invoke(Ljava/lang/Object;[Ljava/lang/Object;)Ljava/lang/Object;+6 java.base@11.0.15
j  java.lang.reflect.Method.invoke(Ljava/lang/Object;[Ljava/lang/Object;)Ljava/lang/Object;+59 java.base@11.0.15
j  org.junit.runners.model.FrameworkMethod$1.runReflectiveCall()Ljava/lang/Object;+15
j  org.junit.internal.runners.model.ReflectiveCallable.run()Ljava/lang/Object;+1
j  org.junit.runners.model.FrameworkMethod.invokeExplosively(Ljava/lang/Object;[Ljava/lang/Object;)Ljava/lang/Object;+10
j  org.junit.internal.runners.statements.InvokeMethod.evaluate()V+12
j  org.junit.internal.runners.statements.RunBefores.evaluate()V+41
j  org.junit.internal.runners.statements.RunAfters.evaluate()V+12
j  org.junit.runners.ParentRunner$3.evaluate()V+4
j  org.junit.runners.BlockJUnit4ClassRunner$1.evaluate()V+11
j  org.junit.runners.ParentRunner.runLeaf(Lorg/junit/runners/model/Statement;Lorg/junit/runner/Description;Lorg/junit/runner/notification/RunNotifier;)V+17
j  org.junit.runners.BlockJUnit4ClassRunner.runChild(Lorg/junit/runners/model/FrameworkMethod;Lorg/junit/runner/notification/RunNotifier;)V+38
j  org.junit.runners.BlockJUnit4ClassRunner.runChild(Ljava/lang/Object;Lorg/junit/runner/notification/RunNotifier;)V+6
j  org.junit.runners.ParentRunner$4.run()V+12
j  org.junit.runners.ParentRunner$1.schedule(Ljava/lang/Runnable;)V+1
j  org.junit.runners.ParentRunner.runChildren(Lorg/junit/runner/notification/RunNotifier;)V+44
j  org.junit.runners.ParentRunner.access$100(Lorg/junit/runners/ParentRunner;Lorg/junit/runner/notification/RunNotifier;)V+2
j  org.junit.runners.ParentRunner$2.evaluate()V+8
j  org.junit.runners.ParentRunner.run(Lorg/junit/runner/notification/RunNotifier;)V+24
j  org.junit.runners.Suite.runChild(Lorg/junit/runner/Runner;Lorg/junit/runner/notification/RunNotifier;)V+2
j  org.junit.runners.Suite.runChild(Ljava/lang/Object;Lorg/junit/runner/notification/RunNotifier;)V+6
j  org.junit.runners.ParentRunner$4.run()V+12
j  org.junit.runners.ParentRunner$1.schedule(Ljava/lang/Runnable;)V+1
j  org.junit.runners.ParentRunner.runChildren(Lorg/junit/runner/notification/RunNotifier;)V+44
j  org.junit.runners.ParentRunner.access$100(Lorg/junit/runners/ParentRunner;Lorg/junit/runner/notification/RunNotifier;)V+2
j  org.junit.runners.ParentRunner$2.evaluate()V+8
j  org.junit.runners.ParentRunner$3.evaluate()V+4
j  org.junit.runners.ParentRunner.run(Lorg/junit/runner/notification/RunNotifier;)V+24
j  org.junit.runner.JUnitCore.run(Lorg/junit/runner/Runner;)Lorg/junit/runner/Result;+37
j  com.intellij.junit4.JUnit4IdeaTestRunner.startRunnerWithArgs([Ljava/lang/String;Ljava/lang/String;IZ)I+166
j  com.intellij.rt.junit.IdeaTestRunner$Repeater$1.execute(Z)I+17
j  com.intellij.rt.execution.junit.TestsRepeater.repeat(IZLcom/intellij/rt/execution/junit/TestsRepeater$TestRun;)I+7
j  com.intellij.rt.junit.IdeaTestRunner$Repeater.startRunnerWithArgs(Lcom/intellij/rt/junit/IdeaTestRunner;[Ljava/lang/String;Ljava/util/ArrayList;Ljava/lang/String;IZ)I+25
j  com.intellij.rt.junit.JUnitStarter.prepareStreamsAndStart([Ljava/lang/String;Ljava/lang/String;Ljava/util/ArrayList;Ljava/lang/String;)I+117
j  com.intellij.rt.junit.JUnitStarter.main([Ljava/lang/String;)V+97
v  ~StubRoutines::call_stub

siginfo: si_signo: 11 (SIGSEGV), si_code: 1 (SEGV_MAPERR), si_addr: 0x0000000000000010

Register to memory mapping:

RAX=0x0 is NULL
RBX=0x00007fb8b4b39d10 is pointing into the stack for thread: 0x00007fb8b002b800
RCX=0x0000000000000020 is an unknown value
RDX=0x00007fb83f6c3b80: _ZTVNSt7__cxx1119basic_ostringstreamIcSt11char_traitsIcESaIcEEE+0x0000000000000018 in /home/janel/Desktop/Studium/Semester_6/Bachelorarbeit/nochmalneu/lib/java/runtime-mathsat/libmathsat5j.so at 0x00007fb83ebbc000
RSP=0x00007fb8b4b39a90 is pointing into the stack for thread: 0x00007fb8b002b800
RBP=0x00007fb8b4b39cf0 is pointing into the stack for thread: 0x00007fb8b002b800
RSI=0x00007fb8b07d11a8 points into unknown readable memory: 0x00007fb8b07d11b8 | b8 11 7d b0 b8 7f 00 00
RDI=0x00007fb8b4b39cf0 is pointing into the stack for thread: 0x00007fb8b002b800
R8 =0x00007fb83f6e0760: <offset 0x0000000000b24760> in /home/janel/Desktop/Studium/Semester_6/Bachelorarbeit/nochmalneu/lib/java/runtime-mathsat/libmathsat5j.so at 0x00007fb83ebbc000
R9 =0x00007fb83f6c3208: _ZTINSt6locale5facetE+0x0000000000000000 in /home/janel/Desktop/Studium/Semester_6/Bachelorarbeit/nochmalneu/lib/java/runtime-mathsat/libmathsat5j.so at 0x00007fb83ebbc000
R10=0x00007fb897e424b4 is at code_begin+1652 in an Interpreter codelet
method entry point (kind = native)  [0x00007fb897e41e40, 0x00007fb897e42e40]  4096 bytes
R11=0x00007fb83f6e07c0: <offset 0x0000000000b247c0> in /home/janel/Desktop/Studium/Semester_6/Bachelorarbeit/nochmalneu/lib/java/runtime-mathsat/libmathsat5j.so at 0x00007fb83ebbc000
R12=0x00007fb8b07d1188 points into unknown readable memory: 0x00007fb8b07d1128 | 28 11 7d b0 b8 7f 00 00
R13=0x0 is NULL
R14=0x00007fb8b4b39d10 is pointing into the stack for thread: 0x00007fb8b002b800
R15=0x00007fb8b4b39cf0 is pointing into the stack for thread: 0x00007fb8b002b800


Registers:
RAX=0x0000000000000000, RBX=0x00007fb8b4b39d10, RCX=0x0000000000000020, RDX=0x00007fb83f6c3b80
RSP=0x00007fb8b4b39a90, RBP=0x00007fb8b4b39cf0, RSI=0x00007fb8b07d11a8, RDI=0x00007fb8b4b39cf0
R8 =0x00007fb83f6e0760, R9 =0x00007fb83f6c3208, R10=0x00007fb897e424b4, R11=0x00007fb83f6e07c0
R12=0x00007fb8b07d1188, R13=0x0000000000000000, R14=0x00007fb8b4b39d10, R15=0x00007fb8b4b39cf0
RIP=0x00007fb83ee1cb8b, EFLAGS=0x0000000000010246, CSGSFS=0x002b000000000033, ERR=0x0000000000000004
  TRAPNO=0x000000000000000e

Top of Stack: (sp=0x00007fb8b4b39a90)
0x00007fb8b4b39a90:   0000000000000000 00007fb8b002b800
0x00007fb8b4b39aa0:   00007fb8b61c0fc0 0000000000000002
0x00007fb8b4b39ab0:   0000000000000000 00007fb8b002b800
0x00007fb8b4b39ac0:   0000000000000032 0000000000000002 

Instructions: (pc=0x00007fb83ee1cb8b)
0x00007fb83ee1ca8b:   6c 24 10 48 83 c4 18 5b 5d 41 5c 41 5d 41 5e 41
0x00007fb83ee1ca9b:   5f c3 0f 1f 00 49 c7 c5 f8 ff ff ff e9 97 fe ff
0x00007fb83ee1caab:   ff 0f 1f 40 00 48 89 d9 e9 e9 fe ff ff 0f 1f 84
0x00007fb83ee1cabb:   00 00 00 00 00 4d 89 e9 48 89 de e9 99 fc ff ff
0x00007fb83ee1cacb:   0f 1f 44 00 00 48 89 ef e9 68 fd ff ff 0f 1f 84
0x00007fb83ee1cadb:   00 