#
# A fatal error has been detected by the Java Runtime Environment:
#
#  SIGSEGV (0xb) at pc=0x00007f9f98e32b8b, pid=91740, tid=91743
#
# JRE version: OpenJDK Runtime Environment Corretto-11.0.15.9.1 (11.0.15+9) (build 11.0.15+9-LTS)
# Java VM: OpenJDK 64-Bit Server VM Corretto-11.0.15.9.1 (11.0.15+9-LTS, mixed mode, tiered, compressed oops, g1 gc, linux-amd64)
# Problematic frame:
# C  [libmathsat5j.so+0x260b8b]  msat::Term_::to_str[abi:cxx11]() const+0x2b
#
# Core dump will be written. Default location: Core dumps may be processed with "/usr/share/apport/apport -p%p -s%s -c%c -d%d -P%P -u%u -g%g -- %E" (or dumping to /home/janel/Desktop/Studium/Semester_6/Bachelorarbeit/nochmalneu/core.91740)
#
# If you would like to submit a bug report, please visit:
#   https://github.com/corretto/corretto-11/issues/
# The crash happened outside the Java Virtual Machine in native code.
# See problematic frame for where to report the bug.
#

---------------  S U M M A R Y ------------

Command Line: -ea -Didea.test.cyclic.buffer.size=1048576 -javaagent:/snap/intellij-idea-community/464/lib/idea_rt.jar=38853:/snap/intellij-idea-community/464/bin -Dfile.encoding=UTF-8 com.intellij.rt.junit.JUnitStarter -ideVersion5 -junit4 org.sosy_lab.java_smt.test.BooleanGeneratorTest

Host: Intel(R) Core(TM) i7-6600U CPU @ 2.60GHz, 4 cores, 18G, Ubuntu 20.04.5 LTS
Time: Wed Nov  1 16:05:00 2023 CET elapsed time: 1.046144 seconds (0d 0h 0m 1s)

---------------  T H R E A D  ---------------

Current thread (0x00007f9fc8029800):  JavaThread "main" [_thread_in_native, id=91743, stack(0x00007f9fce31d000,0x00007f9fce41e000)]

Stack: [0x00007f9fce31d000,0x00007f9fce41e000],  sp=0x00007f9fce41ac80,  free space=1015k
Native frames: (J=compiled Java code, A=aot compiled Java code, j=interpreted, Vv=VM code, C=native code)
C  [libmathsat5j.so+0x260b8b]  msat::Term_::to_str[abi:cxx11]() const+0x2b

Java frames: (J=compiled Java code, j=interpreted, Vv=VM code)
j  org.sosy_lab.java_smt.solvers.mathsat5.Mathsat5NativeApi.msat_term_repr(J)Ljava/lang/String;+0
j  org.sosy_lab.java_smt.solvers.mathsat5.Mathsat5Formula.toString()Ljava/lang/String;+4
J 827 c1 java.lang.String.valueOf(Ljava/lang/Object;)Ljava/lang/String; java.base@11.0.15 (14 bytes) @ 0x00007f9fb0f1591c [0x00007f9fb0f157e0+0x000000000000013c]
J 997 c1 java.lang.invoke.DirectMethodHandle$Holder.invokeStatic(Ljava/lang/Object;Ljava/lang/Object;)Ljava/lang/Object; java.base@11.0.15 (14 bytes) @ 0x00007f9fb0f66dbc [0x00007f9fb0f669e0+0x00000000000003dc]
j  java.lang.invoke.LambdaForm$MH.invoke(Ljava/lang/Object;Ljava/lang/Object;)Ljava/lang/Object;+15 java.base@11.0.15
j  java.lang.invoke.LambdaForm$MH.invoke(Ljava/lang/Object;Ljava/lang/Object;)Ljava/lang/Object;+15 java.base@11.0.15
j  java.lang.invoke.Invokers$Holder.linkToTargetMethod(Ljava/lang/Object;Ljava/lang/Object;)Ljava/lang/Object;+5 java.base@11.0.15
j  org.sosy_lab.java_smt.utils.Generators.Generator.logAddConstraint(Lorg/sosy_lab/java_smt/api/BooleanFormula;)V+81
j  org.sosy_lab.java_smt.basicimpl.withAssumptionsWrapper.BasicProverWithAssumptionsWrapper.addConstraint(Lorg/sosy_lab/java_smt/api/BooleanFormula;)Ljava/lang/Object;+5
j  org.sosy_lab.java_smt.test.BooleanGeneratorTest.testMakeVariable()V+34
v  ~StubRoutines::call_stub
j  jdk.internal.reflect.NativeMethodAccessorImpl.invoke0(Ljava/lang/reflect/Method;Ljava/lang/Object;[Ljava/lang/Object;)Ljava/lang/Object;+0 java.base@11.0.15
j  jdk.internal.reflect.NativeMethodAccessorImpl.invoke(Ljava/lang/Object;[Ljava/lang/Object;)Ljava/lang/Object;+100 java.base@11.0.15
j  jdk.internal.reflect.DelegatingMethodAccessorImpl.invoke(Ljava/lang/Object;[Ljava/lang/Object;)Ljava/lang/Object;+6 java.base@11.0.15
j  java.lang.reflect.Method.invoke(Ljava/lang/Object;[Ljava/lang/Object;)Ljava/lang/Object;+59 java.base@11.0.15
j  org.junit.runners.model.FrameworkMethod$1.runReflectiveCall()Ljava/lang/Object;+15
j  org.junit.internal.runners.model.ReflectiveCallable.run()Ljava/lang/Object;+1
j  org.junit.runners.model.FrameworkMethod.invokeExplosively(Ljava/lang/Object;[Ljava/lang/Object;)Ljava/lang/Object;+10
j  org.junit.internal.runners.statements.InvokeMethod.evaluate()V+12
j  org.junit.internal.runners.statements.RunBefores.evaluate()V+41
j  org.junit.internal.runners.statements.RunAfters.evaluate()V+12
j  org.junit.runners.ParentRunner$3.evaluate()V+4
j  org.junit.runners.BlockJUnit4ClassRunner$1.evaluate()V+11
j  org.junit.runners.ParentRunner.runLeaf(Lorg/junit/runners/model/Statement;Lorg/junit/runner/Description;Lorg/junit/runner/notification/RunNotifier;)V+17
j  org.junit.runners.BlockJUnit4ClassRunner.runChild(Lorg/junit/runners/model/FrameworkMethod;Lorg/junit/runner/notification/RunNotifier;)V+38
j  org.junit.runners.BlockJUnit4ClassRunner.runChild(Ljava/lang/Object;Lorg/junit/runner/notification/RunNotifier;)V+6
j  org.junit.runners.ParentRunner$4.run()V+12
j  org.junit.runners.ParentRunner$1.schedule(Ljava/lang/Runnable;)V+1
j  org.junit.runners.ParentRunner.runChildren(Lorg/junit/runner/notification/RunNotifier;)V+44
j  org.junit.runners.ParentRunner.access$100(Lorg/junit/runners/ParentRunner;Lorg/junit/runner/notification/RunNotifier;)V+2
j  org.junit.runners.ParentRunner$2.evaluate()V+8
j  org.junit.runners.ParentRunner.run(Lorg/junit/runner/notification/RunNotifier;)V+24
j  org.junit.runners.Suite.runChild(Lorg/junit/runner/Runner;Lorg/junit/runner/notification/RunNotifier;)V+2
j  org.junit.runners.Suite.runChild(Ljava/lang/Object;Lorg/junit/runner/notification/RunNotifier;)V+6
j  org.junit.runners.ParentRunner$4.run()V+12
j  org.junit.runners.ParentRunner$1.schedule(Ljava/lang/Runnable;)V+1
j  org.junit.runners.ParentRunner.runChildren(Lorg/junit/runner/notification/RunNotifier;)V+44
j  org.junit.runners.ParentRunner.access$100(Lorg/junit/runners/ParentRunner;Lorg/junit/runner/notification/RunNotifier;)V+2
j  org.junit.runners.ParentRunner$2.evaluate()V+8
j  org.junit.runners.ParentRunner$3.evaluate()V+4
j  org.junit.runners.ParentRunner.run(Lorg/junit/runner/notification/RunNotifier;)V+24
j  org.junit.runner.JUnitCore.run(Lorg/junit/runner/Runner;)Lorg/junit/runner/Result;+37
j  com.intellij.junit4.JUnit4IdeaTestRunner.startRunnerWithArgs([Ljava/lang/String;Ljava/lang/String;IZ)I+166
j  com.intellij.rt.junit.IdeaTestRunner$Repeater$1.execute(Z)I+17
j  com.intellij.rt.execution.junit.TestsRepeater.repeat(IZLcom/intellij/rt/execution/junit/TestsRepeater$TestRun;)I+7
j  com.intellij.rt.junit.IdeaTestRunner$Repeater.startRunnerWithArgs(Lcom/intellij/rt/junit/IdeaTestRunner;[Ljava/lang/String;Ljava/util/ArrayList;Ljava/lang/String;IZ)I+25
j  com.intellij.rt.junit.JUnitStarter.prepareStreamsAndStart([Ljava/lang/String;Ljava/lang/String;Ljava/util/ArrayList;Ljava/lang/String;)I+117
j  com.intellij.rt.junit.JUnitStarter.main([Ljava/lang/String;)V+97
v  ~StubRoutines::call_stub

siginfo: si_signo: 11 (SIGSEGV), si_code: 128 (SI_KERNEL), si_addr: 0x0000000000000000

Register to memory mapping:

RAX=0x7463656a624f2f67 is an unknown value
RBX=0x00007f9fce41aea0 is pointing into the stack for thread: 0x00007f9fc8029800
RCX=0x0000000000000010 is an unknown value
RDX=0x00007f9fc87ceae8 points into unknown readable memory: 0x6e616c2f6176616a | 6a 61 76 61 2f 6c 61 6e
RSP=0x00007f9fce41ac80 is pointing into the stack for thread: 0x00007f9fc8029800
RBP=0x00007f9fce41aea0 is pointing into the stack for thread: 0x00007f9fc8029800
RSI=0x00007f9fc87ceae8 points into unknown readable memory: 0x6e616c2f6176616a | 6a 61 76 61 2f 6c 61 6e
RDI=0x00007f9fce41aea0 is pointing into the stack for thread: 0x00007f9fc8029800
R8 =0x0000000000006e34 is an unknown value
R9 =0x0 is NULL
R10=0x00007f9fb082d9e1 is at code_begin+897 in an Interpreter codelet
method entry point (kind = native)  [0x00007f9fb082d660, 0x00007f9fb082dfe0]  2432 bytes
R11=0x00000006e2b8f388 is an oop: java.lang.Class 
{0x00000006e2b8f388} - klass: 'java/lang/Class'
R12=0x0 is NULL
R13={method} {0x00007f9f99753448} 'msat_term_repr' '(J)Ljava/lang/String;' in 'org/sosy_lab/java_smt/solvers/mathsat5/Mathsat5NativeApi'
R14=0x00007f9fce41afc8 is pointing into the stack for thread: 0x00007f9fc8029800
R15=0x00007f9fc8029800 is a thread


Registers:
RAX=0x7463656a624f2f67, RBX=0x00007f9fce41aea0, RCX=0x0000000000000010, RDX=0x00007f9fc87ceae8
RSP=0x00007f9fce41ac80, RBP=0x00007f9fce41aea0, RSI=0x00007f9fc87ceae8, RDI=0x00007f9fce41aea0
R8 =0x0000000000006e34, R9 =0x0000000000000000, R10=0x00007f9fb082d9e1, R11=0x00000006e2b8f388
R12=0x0000000000000000, R13=0x00007f9f99753448, R14=0x00007f9fce41afc8, R15=0x00007f9fc8029800
RIP=0x00007f9f98e32b8b, EFLAGS=0x0000000000010246, CSGSFS=0x002b000000000033, ERR=0x0000000000000000
  TRAPNO=0x000000000000000d

Top of Stack: (sp=0x00007f9fce41ac80)
0x00007f9fce41ac80:   00007f9fce41ae90 0000000000000000
0x00007f9fce41ac90:   00000006e3430b70 00000006e2b645c8
0x00007f9fce41aca0:   0000000000000000 0000000000000000
0x00007f9fce41acb0:   00000006e2b5a770 00000006e3430b68 

Instructions: (pc=0x00007f9f98e32b8b)
0x00007f9f98e32a8b:   6c 24 10 48 83 c4 18 5b 5d 41 5c 41 5d 41 5e 41
0x00007f9f98e32a9b:   5f c3 0f 1f 00 49 c7 c5 f8 ff ff ff e9 97 fe ff
0x00007f9f98e32aab:   ff 0f 1f 40 00 48 89 d9 e9 e9 fe ff ff 0f 1f 84
0x00007f9f98e32abb:   00 00 00 00 00 4d 89 e9 48 89 de e9 99 fc ff ff
0x00007f9f98e32acb:   0f 1f 44 00 00 48 89 ef e9 68 fd ff ff 0f 1f 84
0x00007f9f98e32adb:   00 00 00 00 00 49 89 e8 e9 a2 fb ff ff 0f 1f 84
0x00007f9f98e32aeb:   00 00 00 00 00 4c 89 ef e9 e4 fc ff ff 0f 1f 84
0x00007f9f98e32afb:   00 00 00 00 00 48 89 d9 e9 ec fe ff ff 0f 1f 84
0x00007f9f98e32b0b:   00 00 00 00 00 4c 89 e9 48 89 d8 e9 8c fc ff ff
0x00007f9f98e32b1b:   0f 1f 44 00 00 4d 89 d1 45 31 ed 45 31 c0 e9 44
0x00007f9f98e32b2b:   fe ff ff 48 8d 3d 1c 99 52 00 e8 96 7b f9 ff 66
0x00007f9f98e32b3b:   0f 1f 44 00 00 48 89 37 48 89 57 08 c3 0f 1f 84
0x00007f9f98e32b4b:   00 00 00 00 00 48 89 54 f7 10 c3 66 2e 0f 1f 84
0x00007f9f98e32b5b:   00 00 00 00 00 41 57 41 56 41 55 41 54 55 53 48
0x00007f9f98e32b6b:   89 fd 48 81 ec e8 01 00 00 64 48 8b 04 25 28 00
0x00007f9f98e32b7b:   00 00 48 89 84 24 d8 01 00 00 31 c0 48 8b 46 08
0x00007f9f98e32b8b:   48 83 78 10 00 0f 84 1a 03 00 00 48 8d 5c 24 60
0x00007f9f98e32b9b:   49 89 f4 48 8d 7b 70 e8 a9 7b f9 ff 48 8b 05 ea
0x00007f9f98e32bab:   d2 8a 00 c6 84 24 b0 01 00 00 00 31 f6 48 c7 84
0x00007f9f98e32bbb:   24 a8 01 00 00 00 00 00 00 c6 84 24 b1 01 00 00
0x00007f9f98e32bcb:   00 48 c7 84 24 b8 01 00 00 00 00 00 00 48 c7 84
0x00007f9f98e32bdb:   24 c0 01 00 00 00 00 00 00 48 83 c0 10 48 c7 84
0x00007f9f98e32beb:   24 c8 01 00 00 00 00 00 00 48 c7 84 24 d0 01 00
0x00007f9f98e32bfb:   00 00 00 00 00 48 89 84 24 d0 00 00 00 48 8b 05
0x00007f9f98e32c0b:   21 cf 8a 00 4c 8b 68 08 4c 8b 70 10 49 8b 7d e8
0x00007f9f98e32c1b:   4c 89 6c 24 60 48 01 df 4c 89 37 e8 15 2f fa ff
0x00007f9f98e32c2b:   48 8b 05 66 d5 8a 00 66 0f ef c0 48 8d 7b 40 48
0x00007f9f98e32c3b:   83 c0 18 48 89 44 24 60 48 8b 05 4e d5 8a 00 0f
0x00007f9f98e32c4b:   29 44 24 70 48 83 c0 40 0f 29 84 24 80 00 00 00
0x00007f9f98e32c5b:   48 89 84 24 d0 00 00 00 48 8b 05 7e df 8a 00 0f
0x00007f9f98e32c6b:   29 84 24 90 00 00 00 48 83 c0 10 48 89 44 24 68
0x00007f9f98e32c7b:   e8 30 96 f9 ff 48 8b 05 81 cc 8a 00 48 8d 73 08 


Stack slot to memory mapping:
stack at sp + 0 slots: 0x00007f9fce41ae90 is pointing into the stack for thread: 0x00007f9fc8029800
stack at sp + 1 slots: 0x0 is NULL
stack at sp + 2 slots: 0x00000006e3430b70 is pointing into object: [Ljava.lang.Object; 
{0x00000006e3430b60} - klass: 'java/lang/Object'[]
 - length: 10
stack at sp + 3 slots: 0x00000006e2b645c8 is an oop: java.lang.Class 
{0x00000006e2b645c8} - klass: 'java/lang/Class'
stack at sp + 4 slots: 0x0 is NULL
stack at sp + 5 slots: 0x0 is NULL
stack at sp + 6 slots: 0x00000006e2b5a770 is an oop: 
[error occurred during error reporting (inspecting top of stack), id 0xb, SIGSEGV (0xb) at pc=0x00007f9fcf1bd226]


---------------  P R O C E S S  ---------------

Threads class SMR info:
_java_thread_list=0x00007f9f78003260, length=12, elements={
0x00007f9fc8029800, 0x00007f9fc82b0000, 0x00007f9fc82b4000, 0x00007f9fc82c9000,
0x00007f9fc82cb000, 0x00007f9fc82cd800, 0x00007f9fc82cf800, 0x00007f9fc82d1800,
0x00007f9fc8344800, 0x00007f9fc8433800, 0x00007f9f700d6000, 0x00007f9f78001800
}

Java Threads: ( => current thread )
=>0x00007f9fc8029800 JavaThread "main" [_thread_in_native, id=91743, stack(0x00007f9fce31d000,0x00007f9fce41e000)]
  0x00007f9fc82b0000 JavaThread "Reference Handler" daemon [_thread_blocked, id=91756, stack(0x00007f9fb0498000,0x00007f9fb0599000)]
  0x00007f9fc82b4000 JavaThread "Finalizer" daemon [_thread_blocked, id=91758, stack(0x00007f9fb0397000,0x00007f9fb0498000)]
  0x00007f9fc82c9000 JavaThread "Signal Dispatcher" daemon [_thread_blocked, id=91760, stack(0x00007f9fb0296000,0x00007f9fb0397000)]
  0x00007f9fc82cb000 JavaThread "Service Thread" daemon [_thread_blocked, id=91761, stack(0x00007f9fb0195000,0x00007f9fb0296000)]
  0x00007f9fc82cd800 JavaThread "C2 CompilerThread0" daemon [_thread_blocked, id=91762, stack(0x00007f9fb0094000,0x00007f9fb0195000)]
  0x00007f9fc82cf800 JavaThread "C1 CompilerThread0" daemon [_thread_blocked, id=91763, stack(0x00007f9fa06a1000,0x00007f9fa07a2000)]
  0x00007f9fc82d1800 JavaThread "Sweeper thread" daemon [_thread_blocked, id=91764, stack(0x00007f9fa05a0000,0x00007f9fa06a1000)]
  0x00007f9fc8344800 JavaThread "Common-Cleaner" daemon [_thread_blocked, id=91767, stack(0x00007f9fa049f000,0x00007f9fa05a0000)]
  0x00007f9fc8433800 JavaThread "Monitor Ctrl-Break" daemon [_thread_in_native, id=91769, stack(0x00007f9f99eff000,0x00007f9f9a000000)]
  0x00007f9f700d6000 JavaThread "C2 CompilerThread1" daemon [_thread_blocked, id=91771, stack(0x00007f9f99af9000,0x00007f9f99bfa000)]
  0x00007f9f78001800 JavaThread "Attach Listener" daemon [_thread_blocked, id=91779, stack(0x00007f9f984cb000,0x00007f9f985cc000)]

Other Threads:
  0x00007f9fc82a8000 VMThread "VM Thread" [stack: 0x00007f9fb059b000,0x00007f9fb069b000] [id=91752]
  0x00007f9fc8435000 WatcherThread [stack: 0x00007f9f99dff000,0x00007f9f99eff000] [id=91770]
  0x00007f9fc8041000 GCTaskThread "GC Thread#0" [stack: 0x00007f9fcd5b1000,0x00007f9fcd6b1000] [id=91744]
  0x00007f9f8c001000 GCTaskThread "GC Thread#1" [stack: 0x00007f9f989d2000,0x00007f9f98ad2000] [id=91775]
  0x00007f9f8c002800 GCTaskThread "GC Thread#2" [stack: 0x00007f9f988d0000,0x00007f9f989d0000] [id=91776]
  0x00007f9f8c004000 GCTaskThread "GC Thread#3" [stack: 0x00007f9f987ce000,0x00007f9f988ce000] [id=91777]
  0x00007f9fc80b2800 ConcurrentGCThread "G1 Main Marker" [stack: 0x00007f9fcc68f000,0x00007f9fcc78f000] [id=91745]
  0x00007f9fc80b4800 ConcurrentGCThread "G1 Conc#0" [stack: 0x00007f9fcc58d000,0x00007f9fcc68d000] [id=91746]
  0x00007f9fc81db800 ConcurrentGCThread "G1 Refine#0" [stack: 0x00007f9fcc087000,0x00007f9fcc187000] [id=91747]
  0x00007f9fc81dd800 ConcurrentGCThread "G1 Young RemSet Sampling" [stack: 0x00007f9fb071e000,0x00007f9fb081e000] [id=91748]

Threads with active compile tasks:

VM state:not at safepoint (normal execution)

VM Mutex/Monitor currently owned by a thread: None

Heap address: 0x00000006d0c00000, size: 4852 MB, Compressed Oops mode: Zero based, Oop shift amount: 3
Narrow klass base: 0x0000000800000000, Narrow klass shift: 0
Compressed class space size: 1073741824 Address: 0x0000000800000000

Heap:
 garbage-first heap   total 311296K, used 10244K [0x00000006d0c00000, 0x0000000800000000)
  region size 1024K, 10 young (10240K), 2 survivors (2048K)
 Metaspace       used 14073K, capacity 14402K, committed 14720K, reserved 1062912K
  class space    used 1420K, capacity 1541K, committed 1664K, reserved 1048576K
Heap Regions: E=young(eden), S=young(survivor), O=old, HS=humongous(starts), HC=humongous(continues), CS=collection set, F=free, A=archive, TAMS=top-at-mark-start (previous, next)
|   0|0x00000006d0c00000, 0x00000006d0d00000, 0x00000006d0d00000|100%| O|  |TAMS 0x00000006d0c00000, 0x00000006d0c00000| Untracked 
|   1|0x00000006d0d00000, 0x00000006d0d01200, 0x00000006d0e00000|  0%| O|  |TAMS 0x00000006d0d00000, 0x00000006d0d00000| Untracked 
|   2|0x00000006d0e00000, 0x00000006d0e00000, 0x00000006d0f00000|  0%| F|  |TAMS 0x00000006d0e00000, 0x00000006d0e00000| Untracked 
|   3|0x00000006d0f00000, 0x00000006d0f00000, 0x00000006d1000000|  0%| F|  |TAMS 0x00000006d0f00000, 0x00000006d0f00000| Untracked 
|   4|0x00000006d1000000, 0x00000006d1000000, 0x00000006d1100000|  0%| F|  |TAMS 0x00000006d1000000, 0x00000006d1000000| Untracked 
|   5|0x00000006d1100000, 0x00000006d1100000, 0x00000006d1200000|  0%| F|  |TAMS 0x00000006d1100000, 0x00000006d1100000| Untracked 
|   6|0x00000006d1200000, 0x00000006d1200000, 0x00000006d1300000|  0%| F|  |TAMS 0x00000006d1200000, 0x00000006d1200000| Untracked 
|   7|0x00000006d1300000, 0x00000006d1300000, 0x00000006d1400000|  0%| F|  |TAMS 0x00000006d1300000, 0x00000006d1300000| Untracked 
|   8|0x00000006d1400000, 0x00000006d1400000, 0x00000006d1500000|  0%| F|  |TAMS 0x00000006d1400000, 0x00000006d1400000| Untracked 
|   9|0x00000006d1500000, 0x00000006d1500000, 0x00000006d1600000|  0%| F|  |TAMS 0x00000006d1500000, 0x00000006d1500000| Untracked 
|  10|0x00000006d1600000, 0x00000006d1600000, 0x00000006d1700000|  0%| F|  |TAMS 0x00000006d1600000, 0x00000006d1600000| Untracked 
|  11|0x00000006d1700000, 0x00000006d1700000, 0x00000006d1800000|  0%| F|  |TAMS 0x00000006d1700000, 0x00000006d1700000| Untracked 
|  12|0x00000006d1800000, 0x00000006d1800000, 0x00000006d1900000|  0%| F|  |TAMS 0x00000006d1800000, 0x00000006d1800000| Untracked 
|  13|0x00000006d1900000, 0x00000006d1900000, 0x00000006d1a00000|  0%| F|  |TAMS 0x00000006d1900000, 0x00000006d1900000| Untracked 
|  14|0x00000006d1a00000, 0x00000006d1a00000, 0x00000006d1b00000|  0%| F|  |TAMS 0x00000006d1a00000, 0x00000006d1a00000| Untracked 
|  15|0x00000006d1b00000, 0x00000006d1b00000, 0x00000006d1c00000|  0%| F|  |TAMS 0x00000006d1b00000, 0x00000006d1b00000| Untracked 
|  16|0x00000006d1c00000, 0x00000006d1c00000, 0x00000006d1d00000|  0%| F|  |TAMS 0x00000006d1c00000, 0x00000006d1c00000| Untracked 
|  17|0x00000006d1d00000, 0x00000006d1d00000, 0x00000006d1e00000|  0%| F|  |TAMS 0x00000006d1d00000, 0x00000006d1d00000| Untracked 
|  18|0x00000006d1e00000, 0x00000006d1e00000, 0x00000006d1f00000|  0%| F|  |TAMS 0x00000006d1e00000, 0x00000006d1e00000| Untracked 
|  19|0x00000006d1f00000, 0x00000006d1f00000, 0x00000006d2000000|  0%| F|  |TAMS 0x00000006d1f00000, 0x00000006d1f00000| Untracked 
|  20|0x00000006d2000000, 0x00000006d2000000, 0x00000006d2100000|  0%| F|  |TAMS 0x00000006d2000000, 0x00000006d2000000| Untracked 
|  21|0x00000006d2100000, 0x00000006d2100000, 0x00000006d2200000|  0%| F|  |TAMS 0x00000006d2100000, 0x00000006d2100000| Untracked 
|  22|0x00000006d2200000, 0x00000006d2200000, 0x00000006d2300000|  0%| F|  |TAMS 0x00000006d2200000, 0x00000006d2200000| Untracked 
|  23|0x00000006d2300000, 0x00000006d2300000, 0x00000006d2400000|  0%| F|  |TAMS 0x00000006d2300000, 0x00000006d2300000| Untracked 
|  24|0x00000006d2400000, 0x00000006d2400000, 0x00000006d2500000|  0%| F|  |TAMS 0x00000006d2400000, 0x00000006d2400000| Untracked 
|  25|0x00000006d2500000, 0x00000006d2500000, 0x00000006d2600000|  0%| F|  |TAMS 0x00000006d2500000, 0x00000006d2500000| Untracked 
|  26|0x00000006d2600000, 0x00000006d2600000, 0x00000006d2700000|  0%| F|  |TAMS 0x00000006d2600000, 0x00000006d2600000| Untracked 
|  27|0x00000006d2700000, 0x00000006d2700000, 0x00000006d2800000|  0%| F|  |TAMS 0x00000006d2700000, 0x00000006d2700000| Untracked 
|  28|0x00000006d2800000, 0x00000006d2800000, 0x00000006d2900000|  0%| F|  |TAMS 0x00000006d2800000, 0x00000006d2800000| Untracked 
|  29|0x00000006d2900000, 0x00000006d2900000, 0x00000006d2a00000|  0%| F|  |TAMS 0x00000006d2900000, 0x00000006d2900000| Untracked 
|  30|0x00000006d2a00000, 0x00000006d2a00000, 0x00000006d2b00000|  0%| F|  |TAMS 0x00000006d2a00000, 0x00000006d2a00000| Untracked 
|  31|0x00000006d2b00000, 0x00000006d2b00000, 0x00000006d2c00000|  0%| F|  |TAMS 0x00000006d2b00000, 0x00000006d2b00000| Untracked 
|  32|0x00000006d2c00000, 0x00000006d2c00000, 0x00000006d2d00000|  0%| F|  |TAMS 0x00000006d2c00000, 0x00000006d2c00000| Untracked 
|  33|0x00000006d2d00000, 0x00000006d2d00000, 0x00000006d2e00000|  0%| F|  |TAMS 0x00000006d2d00000, 0x00000006d2d00000| Untracked 
|  34|0x00000006d2e00000, 0x00000006d2e00000, 0x00000006d2f00000|  0%| F|  |TAMS 0x00000006d2e00000, 0x00000006d2e00000| Untracked 
|  35|0x00000006d2f00000, 0x00000006d2f00000, 0x00000006d3000000|  0%| F|  |TAMS 0x00000006d2f00000, 0x00000006d2f00000| Untracked 
|  36|0x00000006d3000000, 0x00000006d3000000, 0x00000006d3100000|  0%| F|  |TAMS 0x00000006d3000000, 0x00000006d3000000| Untracked 
|  37|0x00000006d3100000, 0x00000006d3100000, 0x00000006d3200000|  0%| F|  |TAMS 0x00000006d3100000, 0x00000006d3100000| Untracked 
|  38|0x00000006d3200000, 0x00000006d3200000, 0x00000006d3300000|  0%| F|  |TAMS 0x00000006d3200000, 0x00000006d3200000| Untracked 
|  39|0x00000006d3300000, 0x00000006d3300000, 0x00000006d3400000|  0%| F|  |TAMS 0x00000006d3300000, 0x00000006d3300000| Untracked 
|  40|0x00000006d3400000, 0x00000006d3400000, 0x00000006d3500000|  0%| F|  |TAMS 0x00000006d3400000, 0x00000006d3400000| Untracked 
|  41|0x00000006d3500000, 0x00000006d3500000, 0x00000006d3600000|  0%| F|  |TAMS 0x00000006d3500000, 0x00000006d3500000| Untracked 
|  42|0x00000006d3600000, 0x00000006d3600000, 0x00000006d3700000|  0%| F|  |TAMS 0x00000006d3600000, 0x00000006d3600000| Untracked 
|  43|0x00000006d3700000, 0x00000006d3700000, 0x00000006d3800000|  0%| F|  |TAMS 0x00000006d3700000, 0x00000006d3700000| Untracked 
|  44|0x00000006d3800000, 0x00000006d3800000, 0x00000006d3900000|  0%| F|  |TAMS 0x00000006d3800000, 0x00000006d3800000| Untracked 
|  45|0x00000006d3900000, 0x00000006d3900000, 0x00000006d3a00000|  0%| F|  |TAMS 0x00000006d3900000, 0x00000006d3900000| Untracked 
|  46|0x00000006d3a00000, 0x00000006d3a00000, 0x00000006d3b00000|  0%| F|  |TAMS 0x00000006d3a00000, 0x00000006d3a00000| Untracked 
|  47|0x00000006d3b00000, 0x00000006d3b00000, 0x00000006d3c00000|  0%| F|  |TAMS 0x00000006d3b00000, 0x00000006d3b00000| Untracked 
|  48|0x00000006d3c00000, 0x00000006d3c00000, 0x00000006d3d00000|  0%| F|  |TAMS 0x00000006d3c00000, 0x00000006d3c00000| Untracked 
|  49|0x00000006d3d00000, 0x00000006d3d00000, 0x00000006d3e00000|  0%| F|  |TAMS 0x00000006d3d00000, 0x00000006d3d00000| Untracked 
|  50|0x00000006d3e00000, 0x00000006d3e00000, 0x00000006d3f00000|  0%| F|  |TAMS 0x00000006d3e00000, 0x00000006d3e00000| Untracked 
|  51|0x00000006d3f00000, 0x00000006d3f00000, 0x00000006d4000000|  0%| F|  |TAMS 0x00000006d3f00000, 0x00000006d3f00000| Untracked 
|  52|0x00000006d4000000, 0x00000006d4000000, 0x00000006d4100000|  0%| F|  |TAMS 0x00000006d4000000, 0x00000006d4000000| Untracked 
|  53|0x00000006d4100000, 0x00000006d4100000, 0x00000006d4200000|  0%| F|  |TAMS 0x00000006d4100000, 0x00000006d4100000| Untracked 
|  54|0x00000006d4200000, 0x00000006d4200000, 0x00000006d4300000|  0%| F|  |TAMS 0x00000006d4200000, 0x00000006d4200000| Untracked 
|  55|0x00000006d4300000, 0x00000006d4300000, 0x00000006d4400000|  0%| F|  |TAMS 0x00000006d4300000, 0x00000006d4300000| Untracked 
|  56|0x00000006d4400000, 0x00000006d4400000, 0x00000006d4500000|  0%| F|  |TAMS 0x00000006d4400000, 0x00000006d4400000| Untracked 
|  57|0x00000006d4500000, 0x00000006d4500000, 0x00000006d4600000|  0%| F|  |TAMS 0x00000006d4500000, 0x00000006d4500000| Untracked 
|  58|0x00000006d4600000, 0x00000006d4600000, 0x00000006d4700000|  0%| F|  |TAMS 0x00000006d4600000, 0x00000006d4600000| Untracked 
|  59|0x00000006d4700000, 0x00000006d4700000, 0x00000006d4800000|  0%| F|  |TAMS 0x00000006d4700000, 0x00000006d4700000| Untracked 
|  60|0x00000006d4800000, 0x00000006d4800000, 0x00000006d4900000|  0%| F|  |TAMS 0x00000006d4800000, 0x00000006d4800000| Untracked 
|  61|0x00000006d4900000, 0x00000006d4900000, 0x00000006d4a00000|  0%| F|  |TAMS 0x00000006d4900000, 0x00000006d4900000| Untracked 
|  62|0x00000006d4a00000, 0x00000006d4a00000, 0x00000006d4b00000|  0%| F|  |TAMS 0x00000006d4a00000, 0x00000006d4a00000| Untracked 
|  63|0x00000006d4b00000, 0x00000006d4b00000, 0x00000006d4c00000|  0%| F|  |TAMS 0x00000006d4b00000, 0x00000006d4b00000| Untracked 
|  64|0x00000006d4c00000, 0x00000006d4c00000, 0x00000006d4d00000|  0%| F|  |TAMS 0x00000006d4c00000, 0x00000006d4c00000| Untracked 
|  65|0x00000006d4d00000, 0x00000006d4d00000, 0x00000006d4e00000|  0%| F|  |TAMS 0x00000006d4d00000, 0x00000006d4d00000| Untracked 
|  66|0x00000006d4e00000, 0x00000006d4e00000, 0x00000006d4f00000|  0%| F|  |TAMS 0x00000006d4e00000, 0x00000006d4e00000| Untracked 
|  67|0x00000006d4f00000, 0x00000006d4f00000, 0x00000006d5000000|  0%| F|  |TAMS 0x00000006d4f00000, 0x00000006d4f00000| Untracked 
|  68|0x00000006d5000000, 0x00000006d5000000, 0x00000006d5100000|  0%| F|  |TAMS 0x00000006d5000000, 0x00000006d5000000| Untracked 
|  69|0x00000006d5100000, 0x00000006d5100000, 0x00000006d5200000|  0%| F|  |TAMS 0x00000006d5100000, 0x00000006d5100000| Untracked 
|  70|0x00000006d5200000, 0x00000006d5200000, 0x00000006d5300000|  0%| F|  |TAMS 0x00000006d5200000, 0x00000006d5200000| Untracked 
|  71|0x00000006d5300000, 0x00000006d5300000, 0x00000006d5400000|  0%| F|  |TAMS 0x00000006d5300000, 0x00000006d5300000| Untracked 
|  72|0x00000006d5400000, 0x00000006d5400000, 0x00000006d5500000|  0%| F|  |TAMS 0x00000006d5400000, 0x00000006d5400000| Untracked 
|  73|0x00000006d5500000, 0x00000006d5500000, 0x00000006d5600000|  0%| F|  |TAMS 0x00000006d5500000, 0x00000006d5500000| Untracked 
|  74|0x00000006d5600000, 0x00000006d5600000, 0x00000006d5700000|  0%| F|  |TAMS 0x00000006d5600000, 0x00000006d5600000| Untracked 
|  75|0x00000006d5700000, 0x00000006d5700000, 0x00000006d5800000|  0%| F|  |TAMS 0x00000006d5700000, 0x00000006d5700000| Untracked 
|  76|0x00000006d5800000, 0x00000006d5800000, 0x00000006d5900000|  0%| F|  |TAMS 0x00000006d5800000, 0x00000006d5800000| Untracked 
|  77|0x00000006d5900000, 0x00000006d5900000, 0x00000006d5a00000|  0%| F|  |TAMS 0x00000006d5900000, 0x00000006d5900000| Untracked 
|  78|0x00000006d5a00000, 0x00000006d5a00000, 0x00000006d5b00000|  0%| F|  |TAMS 0x00000006d5a00000, 0x00000006d5a00000| Untracked 
|  79|0x00000006d5b00000, 0x00000006d5b00000, 0x00000006d5c00000|  0%| F|  |TAMS 0x00000006d5b00000, 0x00000006d5b00000| Untracked 
|  80|0x00000006d5c00000, 0x00000006d5c00000, 0x00000006d5d00000|  0%| F|  |TAMS 0x00000006d5c00000, 0x00000006d5c00000| Untracked 
|  81|0x00000006d5d00000, 0x00000006d5d00000, 0x00000006d5e00000|  0%| F|  |TAMS 0x00000006d5d00000, 0x00000006d5d00000| Untracked 
|  82|0x00000006d5e00000, 0x00000006d5e00000, 0x00000006d5f00000|  0%| F|  |TAMS 0x00000006d5e00000, 0x00000006d5e00000| Untracked 
|  83|0x00000006d5f00000, 0x00000006d5f00000, 0x00000006d6000000|  0%| F|  |TAMS 0x00000006d5f00000, 0x00000006d5f00000| Untracked 
|  84|0x00000006d6000000, 0x00000006d6000000, 0x00000006d6100000|  0%| F|  |TAMS 0x00000006d6000000, 0x00000006d6000000| Untracked 
|  85|0x00000006d6100000, 0x00000006d6100000, 0x00000006d6200000|  0%| F|  |TAMS 0x00000006d6100000, 0x00000006d6100000| Untracked 
|  86|0x00000006d6200000, 0x00000006d6200000, 0x00000006d6300000|  0%| F|  |TAMS 0x00000006d6200000, 0x00000006d6200000| Untracked 
|  87|0x00000006d6300000, 0x00000006d6300000, 0x00000006d6400000|  0%| F|  |TAMS 0x00000006d6300000, 0x00000006d6300000| Untracked 
|  88|0x00000006d6400000, 0x00000006d6400000, 0x00000006d6500000|  0%| F|  |TAMS 0x00000006d6400000, 0x00000006d6400000| Untracked 
|  89|0x00000006d6500000, 0x00000006d6500000, 0x00000006d6600000|  0%| F|  |TAMS 0x00000006d6500000, 0x00000006d6500000| Untracked 
|  90|0x00000006d6600000, 0x00000006d6600000, 0x00000006d6700000|  0%| F|  |TAMS 0x00000006d6600000, 0x00000006d6600000| Untracked 
|  91|0x00000006d6700000, 0x00000006d6700000, 0x00000006d6800000|  0%| F|  |TAMS 0x00000006d6700000, 0x00000006d6700000| Untracked 
|  92|0x00000006d6800000, 0x00000006d6800000, 0x00000006d6900000|  0%| F|  |TAMS 0x00000006d6800000, 0x00000006d6800000| Untracked 
|  93|0x00000006d6900000, 0x00000006d6900000, 0x00000006d6a00000|  0%| F|  |TAMS 0x00000006d6900000, 0x00000006d6900000| Untracked 
|  94|0x00000006d6a00000, 0x00000006d6a00000, 0x00000006d6b00000|  0%| F|  |TAMS 0x00000006d6a00000, 0x00000006d6a00000| Untracked 
|  95|0x00000006d6b00000, 0x00000006d6b00000, 0x00000006d6c00000|  0%| F|  |TAMS 0x00000006d6b00000, 0x00000006d6b00000| Untracked 
|  96|0x00000006d6c00000, 0x00000006d6c00000, 0x00000006d6d00000|  0%| F|  |TAMS 0x00000006d6c00000, 0x00000006d6c00000| Untracked 
|  97|0x00000006d6d00000, 0x00000006d6d00000, 0x00000006d6e00000|  0%| F|  |TAMS 0x00000006d6d00000, 0x00000006d6d00000| Untracked 
|  98|0x00000006d6e00000, 0x00000006d6e00000, 0x00000006d6f00000|  0%| F|  |TAMS 0x00000006d6e00000, 0x00000006d6e00000| Untracked 
|  99|0x00000006d6f00000, 0x00000006d6f00000, 0x00000006d7000000|  0%| F|  |TAMS 0x00000006d6f00000, 0x00000006d6f00000| Untracked 
| 100|0x00000006d7000000, 0x00000006d7000000, 0x00000006d7100000|  0%| F|  |TAMS 0x00000006d7000000, 0x00000006d7000000| Untracked 
| 101|0x00000006d7100000, 0x00000006d7100000, 0x00000006d7200000|  0%| F|  |TAMS 0x00000006d7100000, 0x00000006d7100000| Untracked 
| 102|0x00000006d7200000, 0x00000006d7200000, 0x00000006d7300000|  0%| F|  |TAMS 0x00000006d7200000, 0x00000006d7200000| Untracked 
| 103|0x00000006d7300000, 0x00000006d7300000, 0x00000006d7400000|  0%| F|  |TAMS 0x00000006d7300000, 0x00000006d7300000| Untracked 
| 104|0x00000006d7400000, 0x00000006d7400000, 0x00000006d7500000|  0%| F|  |TAMS 0x00000006d7400000, 0x00000006d7400000| Untracked 
| 105|0x00000006d7500000, 0x00000006d7500000, 0x00000006d7600000|  0%| F|  |TAMS 0x00000006d7500000, 0x00000006d7500000| Untracked 
| 106|0x00000006d7600000, 0x00000006d7600000, 0x00000006d7700000|  0%| F|  |TAMS 0x00000006d7600000, 0x00000006d7600000| Untracked 
| 107|0x00000006d7700000, 0x00000006d7700000, 0x00000006d7800000|  0%| F|  |TAMS 0x00000006d7700000, 0x00000006d7700000| Untracked 
| 108|0x00000006d7800000, 0x00000006d7800000, 0x00000006d7900000|  0%| F|  |TAMS 0x00000006d7800000, 0x00000006d7800000| Untracked 
| 109|0x00000006d7900000, 0x00000006d7900000, 0x00000006d7a00000|  0%| F|  |TAMS 0x00000006d7900000, 0x00000006d7900000| Untracked 
| 110|0x00000006d7a00000, 0x00000006d7a00000, 0x00000006d7b00000|  0%| F|  |TAMS 0x00000006d7a00000, 0x00000006d7a00000| Untracked 
| 111|0x00000006d7b00000, 0x00000006d7b00000, 0x00000006d7c00000|  0%| F|  |TAMS 0x00000006d7b00000, 0x00000006d7b00000| Untracked 
| 112|0x00000006d7c00000, 0x00000006d7c00000, 0x00000006d7d00000|  0%| F|  |TAMS 0x00000006d7c00000, 0x00000006d7c00000| Untracked 
| 113|0x00000006d7d00000, 0x00000006d7d00000, 0x00000006d7e00000|  0%| F|  |TAMS 0x00000006d7d00000, 0x00000006d7d00000| Untracked 
| 114|0x00000006d7e00000, 0x00000006d7e00000, 0x00000006d7f00000|  0%| F|  |TAMS 0x00000006d7e00000, 0x00000006d7e00000| Untracked 
| 115|0x00000006d7f00000, 0x00000006d7f00000, 0x00000006d8000000|  0%| F|  |TAMS 0x00000006d7f00000, 0x00000006d7f00000| Untracked 
| 116|0x00000006d8000000, 0x00000006d8000000, 0x00000006d8100000|  0%| F|  |TAMS 0x00000006d8000000, 0x00000006d8000000| Untracked 
| 117|0x00000006d8100000, 0x00000006d8100000, 0x00000006d8200000|  0%| F|  |TAMS 0x00000006d8100000, 0x00000006d8100000| Untracked 
| 118|0x00000006d8200000, 0x00000006d8200000, 0x00000006d8300000|  0%| F|  |TAMS 0x00000006d8200000, 0x00000006d8200000| Untracked 
| 119|0x00000006d8300000, 0x00000006d8300000, 0x00000006d8400000|  0%| F|  |TAMS 0x00000006d8300000, 0x00000006d8300000| Untracked 
| 120|0x00000006d8400000, 0x00000006d8400000, 0x00000006d8500000|  0%| F|  |TAMS 0x00000006d8400000, 0x00000006d8400000| Untracked 
| 121|0x00000006d8500000, 0x00000006d8500000, 0x00000006d8600000|  0%| F|  |TAMS 0x00000006d8500000, 0x00000006d8500000| Untracked 
| 122|0x00000006d8600000, 0x00000006d8600000, 0x00000006d8700000|  0%| F|  |TAMS 0x00000006d8600000, 0x00000006d8600000| Untracked 
| 123|0x00000006d8700000, 0x00000006d8700000, 0x00000006d8800000|  0%| F|  |TAMS 0x00000006d8700000, 0x00000006d8700000| Untracked 
| 124|0x00000006d8800000, 0x00000006d8800000, 0x00000006d8900000|  0%| F|  |TAMS 0x00000006d8800000, 0x00000006d8800000| Untracked 
| 125|0x00000006d8900000, 0x00000006d8900000, 0x00000006d8a00000|  0%| F|  |TAMS 0x00000006d8900000, 0x00000006d8900000| Untracked 
| 126|0x00000006d8a00000, 0x00000006d8a00000, 0x00000006d8b00000|  0%| F|  |TAMS 0x00000006d8a00000, 0x00000006d8a00000| Untracked 
| 127|0x00000006d8b00000, 0x00000006d8b00000, 0x00000006d8c00000|  0%| F|  |TAMS 0x00000006d8b00000, 0x00000006d8b00000| Untracked 
| 128|0x00000006d8c00000, 0x00000006d8c00000, 0x00000006d8d00000|  0%| F|  |TAMS 0x00000006d8c00000, 0x00000006d8c00000| Untracked 
| 129|0x00000006d8d00000, 0x00000006d8d00000, 0x00000006d8e00000|  0%| F|  |TAMS 0x00000006d8d00000, 0x00000006d8d00000| Untracked 
| 130|0x00000006d8e00000, 0x00000006d8e00000, 0x00000006d8f00000|  0%| F|  |TAMS 0x00000006d8e00000, 0x00000006d8e00000| Untracked 
| 131|0x00000006d8f00000, 0x00000006d8f00000, 0x00000006d9000000|  0%| F|  |TAMS 0x00000006d8f00000, 0x00000006d8f00000| Untracked 
| 132|0x00000006d9000000, 0x00000006d9000000, 0x00000006d9100000|  0%| F|  |TAMS 0x00000006d9000000, 0x00000006d9000000| Untracked 
| 133|0x00000006d9100000, 0x00000006d9100000, 0x00000006d9200000|  0%| F|  |TAMS 0x00000006d9100000, 0x00000006d9100000| Untracked 
| 134|0x00000006d9200000, 0x00000006d9200000, 0x00000006d9300000|  0%| F|  |TAMS 0x00000006d9200000, 0x00000006d9200000| Untracked 
| 135|0x00000006d9300000, 0x00000006d9300000, 0x00000006d9400000|  0%| F|  |TAMS 0x00000006d9300000, 0x00000006d9300000| Untracked 
| 136|0x00000006d9400000, 0x00000006d9400000, 0x00000006d9500000|  0%| F|  |TAMS 0x00000006d9400000, 0x00000006d9400000| Untracked 
| 137|0x00000006d9500000, 0x00000006d9500000, 0x00000006d9600000|  0%| F|  |TAMS 0x00000006d9500000, 0x00000006d9500000| Untracked 
| 138|0x00000006d9600000, 0x00000006d9600000, 0x00000006d9700000|  0%| F|  |TAMS 0x00000006d9600000, 0x00000006d9600000| Untracked 
| 139|0x00000006d9700000, 0x00000006d9700000, 0x00000006d9800000|  0%| F|  |TAMS 0x00000006d9700000, 0x00000006d9700000| Untracked 
| 140|0x00000006d9800000, 0x00000006d9800000, 0x00000006d9900000|  0%| F|  |TAMS 0x00000006d9800000, 0x00000006d9800000| Untracked 
| 141|0x00000006d9900000, 0x00000006d9900000, 0x00000006d9a00000|  0%| F|  |TAMS 0x00000006d9900000, 0x00000006d9900000| Untracked 
| 142|0x00000006d9a00000, 0x00000006d9a00000, 0x00000006d9b00000|  0%| F|  |TAMS 0x00000006d9a00000, 0x00000006d9a00000| Untracked 
| 143|0x00000006d9b00000, 0x00000006d9b00000, 0x00000006d9c00000|  0%| F|  |TAMS 0x00000006d9b00000, 0x00000006d9b00000| Untracked 
| 144|0x00000006d9c00000, 0x00000006d9c00000, 0x00000006d9d00000|  0%| F|  |TAMS 0x00000006d9c00000, 0x00000006d9c00000| Untracked 
| 145|0x00000006d9d00000, 0x00000006d9d00000, 0x00000006d9e00000|  0%| F|  |TAMS 0x00000006d9d00000, 0x00000006d9d00000| Untracked 
| 146|0x00000006d9e00000, 0x00000006d9e00000, 0x00000006d9f00000|  0%| F|  |TAMS 0x00000006d9e00000, 0x00000006d9e00000| Untracked 
| 147|0x00000006d9f00000, 0x00000006d9f00000, 0x00000006da000000|  0%| F|  |TAMS 0x00000006d9f00000, 0x00000006d9f00000| Untracked 
| 148|0x00000006da000000, 0x00000006da000000, 0x00000006da100000|  0%| F|  |TAMS 0x00000006da000000, 0x00000006da000000| Untracked 
| 149|0x00000006da100000, 0x00000006da100000, 0x00000006da200000|  0%| F|  |TAMS 0x00000006da100000, 0x00000006da100000| Untracked 
| 150|0x00000006da200000, 0x00000006da200000, 0x00000006da300000|  0%| F|  |TAMS 0x00000006da200000, 0x00000006da200000| Untracked 
| 151|0x00000006da300000, 0x00000006da300000, 0x00000006da400000|  0%| F|  |TAMS 0x00000006da300000, 0x00000006da300000| Untracked 
| 152|0x00000006da400000, 0x00000006da400000, 0x00000006da500000|  0%| F|  |TAMS 0x00000006da400000, 0x00000006da400000| Untracked 
| 153|0x00000006da500000, 0x00000006da500000, 0x00000006da600000|  0%| F|  |TAMS 0x00000006da500000, 0x00000006da500000| Untracked 
| 154|0x00000006da600000, 0x00000006da600000, 0x00000006da700000|  0%| F|  |TAMS 0x00000006da600000, 0x00000006da600000| Untracked 
| 155|0x00000006da700000, 0x00000006da700000, 0x00000006da800000|  0%| F|  |TAMS 0x00000006da700000, 0x00000006da700000| Untracked 
| 156|0x00000006da800000, 0x00000006da800000, 0x00000006da900000|  0%| F|  |TAMS 0x00000006da800000, 0x00000006da800000| Untracked 
| 157|0x00000006da900000, 0x00000006da900000, 0x00000006daa00000|  0%| F|  |TAMS 0x00000006da900000, 0x00000006da900000| Untracked 
| 158|0x00000006daa00000, 0x00000006daa00000, 0x00000006dab00000|  0%| F|  |TAMS 0x00000006daa00000, 0x00000006daa00000| Untracked 
| 159|0x00000006dab00000, 0x00000006dab00000, 0x00000006dac00000|  0%| F|  |TAMS 0x00000006dab00000, 0x00000006dab00000| Untracked 
| 160|0x00000006dac00000, 0x00000006dac00000, 0x00000006dad00000|  0%| F|  |TAMS 0x00000006dac00000, 0x00000006dac00000| Untracked 
| 161|0x00000006dad00000, 0x00000006dad00000, 0x00000006dae00000|  0%| F|  |TAMS 0x00000006dad00000, 0x00000006dad00000| Untracked 
| 162|0x00000006dae00000, 0x00000006dae00000, 0x00000006daf00000|  0%| F|  |TAMS 0x00000006dae00000, 0x00000006dae00000| Untracked 
| 163|0x00000006daf00000, 0x00000006daf00000, 0x00000006db000000|  0%| F|  |TAMS 0x00000006daf00000, 0x00000006daf00000| Untracked 
| 164|0x00000006db000000, 0x00000006db000000, 0x00000006db100000|  0%| F|  |TAMS 0x00000006db000000, 0x00000006db000000| Untracked 
| 165|0x00000006db100000, 0x00000006db100000, 0x00000006db200000|  0%| F|  |TAMS 0x00000006db100000, 0x00000006db100000| Untracked 
| 166|0x00000006db200000, 0x00000006db200000, 0x00000006db300000|  0%| F|  |TAMS 0x00000006db200000, 0x00000006db200000| Untracked 
| 167|0x00000006db300000, 0x00000006db300000, 0x00000006db400000|  0%| F|  |TAMS 0x00000006db300000, 0x00000006db300000| Untracked 
| 168|0x00000006db400000, 0x00000006db400000, 0x00000006db500000|  0%| F|  |TAMS 0x00000006db400000, 0x00000006db400000| Untracked 
| 169|0x00000006db500000, 0x00000006db500000, 0x00000006db600000|  0%| F|  |TAMS 0x00000006db500000, 0x00000006db500000| Untracked 
| 170|0x00000006db600000, 0x00000006db600000, 0x00000006db700000|  0%| F|  |TAMS 0x00000006db600000, 0x00000006db600000| Untracked 
| 171|0x00000006db700000, 0x00000006db700000, 0x00000006db800000|  0%| F|  |TAMS 0x00000006db700000, 0x00000006db700000| Untracked 
| 172|0x00000006db800000, 0x00000006db800000, 0x00000006db900000|  0%| F|  |TAMS 0x00000006db800000, 0x00000006db800000| Untracked 
| 173|0x00000006db900000, 0x00000006db900000, 0x00000006dba00000|  0%| F|  |TAMS 0x00000006db900000, 0x00000006db900000| Untracked 
| 174|0x00000006dba00000, 0x00000006dba00000, 0x00000006dbb00000|  0%| F|  |TAMS 0x00000006dba00000, 0x00000006dba00000| Untracked 
| 175|0x00000006dbb00000, 0x00000006dbb00000, 0x00000006dbc00000|  0%| F|  |TAMS 0x00000006dbb00000, 0x00000006dbb00000| Untracked 
| 176|0x00000006dbc00000, 0x00000006dbc00000, 0x00000006dbd00000|  0%| F|  |TAMS 0x00000006dbc00000, 0x00000006dbc00000| Untracked 
| 177|0x00000006dbd00000, 0x00000006dbd00000, 0x00000006dbe00000|  0%| F|  |TAMS 0x00000006dbd00000, 0x00000006dbd00000| Untracked 
| 178|0x00000006dbe00000, 0x00000006dbe00000, 0x00000006dbf00000|  0%| F|  |TAMS 0x00000006dbe00000, 0x00000006dbe00000| Untracked 
| 179|0x00000006dbf00000, 0x00000006dbf00000, 0x00000006dc000000|  0%| F|  |TAMS 0x00000006dbf00000, 0x00000006dbf00000| Untracked 
| 180|0x00000006dc000000, 0x00000006dc000000, 0x00000006dc100000|  0%| F|  |TAMS 0x00000006dc000000, 0x00000006dc000000| Untracked 
| 181|0x00000006dc100000, 0x00000006dc100000, 0x00000006dc200000|  0%| F|  |TAMS 0x00000006dc100000, 0x00000006dc100000| Untracked 
| 182|0x00000006dc200000, 0x00000006dc200000, 0x00000006dc300000|  0%| F|  |TAMS 0x00000006dc200000, 0x00000006dc200000| Untracked 
| 183|0x00000006dc300000, 0x00000006dc300000, 0x00000006dc400000|  0%| F|  |TAMS 0x00000006dc300000, 0x00000006dc300000| Untracked 
| 184|0x00000006dc400000, 0x00000006dc400000, 0x00000006dc500000|  0%| F|  |TAMS 0x00000006dc400000, 0x00000006dc400000| Untracked 
| 185|0x00000006dc500000, 0x00000006dc500000, 0x00000006dc600000|  0%| F|  |TAMS 0x00000006dc500000, 0x00000006dc500000| Untracked 
| 186|0x00000006dc600000, 0x00000006dc600000, 0x00000006dc700000|  0%| F|  |TAMS 0x00000006dc600000, 0x00000006dc600000| Untracked 
| 187|0x00000006dc700000, 0x00000006dc700000, 0x00000006dc800000|  0%| F|  |TAMS 0x00000006dc700000, 0x00000006dc700000| Untracked 
| 188|0x00000006dc800000, 0x00000006dc800000, 0x00000006dc900000|  0%| F|  |TAMS 0x00000006dc800000, 0x00000006dc800000| Untracked 
| 189|0x00000006dc900000, 0x00000006dc900000, 0x00000006dca00000|  0%| F|  |TAMS 0x00000006dc900000, 0x00000006dc900000| Untracked 
| 190|0x00000006dca00000, 0x00000006dca00000, 0x00000006dcb00000|  0%| F|  |TAMS 0x00000006dca00000, 0x00000006dca00000| Untracked 
| 191|0x00000006dcb00000, 0x00000006dcb00000, 0x00000006dcc00000|  0%| F|  |TAMS 0x00000006dcb00000, 0x00000006dcb00000| Untracked 
| 192|0x00000006dcc00000, 0x00000006dcc00000, 0x00000006dcd00000|  0%| F|  |TAMS 0x00000006dcc00000, 0x00000006dcc00000| Untracked 
| 193|0x00000006dcd00000, 0x00000006dcd00000, 0x00000006dce00000|  0%| F|  |TAMS 0x00000006dcd00000, 0x00000006dcd00000| Untracked 
| 194|0x00000006dce00000, 0x00000006dce00000, 0x00000006dcf00000|  0%| F|  |TAMS 0x00000006dce00000, 0x00000006dce00000| Untracked 
| 195|0x00000006dcf00000, 0x00000006dcf00000, 0x00000006dd000000|  0%| F|  |TAMS 0x00000006dcf00000, 0x00000006dcf00000| Untracked 
| 196|0x00000006dd000000, 0x00000006dd000000, 0x00000006dd100000|  0%| F|  |TAMS 0x00000006dd000000, 0x00000006dd000000| Untracked 
| 197|0x00000006dd100000, 0x00000006dd100000, 0x00000006dd200000|  0%| F|  |TAMS 0x00000006dd100000, 0x00000006dd100000| Untracked 
| 198|0x00000006dd200000, 0x00000006dd200000, 0x00000006dd300000|  0%| F|  |TAMS 0x00000006dd200000, 0x00000006dd200000| Untracked 
| 199|0x00000006dd300000, 0x00000006dd300000, 0x00000006dd400000|  0%| F|  |TAMS 0x00000006dd300000, 0x00000006dd300000| Untracked 
| 200|0x00000006dd400000, 0x00000006dd400000, 0x00000006dd500000|  0%| F|  |TAMS 0x00000006dd400000, 0x00000006dd400000| Untracked 
| 201|0x00000006dd500000, 0x00000006dd500000, 0x00000006dd600000|  0%| F|  |TAMS 0x00000006dd500000, 0x00000006dd500000| Untracked 
| 202|0x00000006dd600000, 0x00000006dd600000, 0x00000006dd700000|  0%| F|  |TAMS 0x00000006dd600000, 0x00000006dd600000| Untracked 
| 203|0x00000006dd700000, 0x00000006dd700000, 0x00000006dd800000|  0%| F|  |TAMS 0x00000006dd700000, 0x00000006dd700000| Untracked 
| 204|0x00000006dd800000, 0x00000006dd800000, 0x00000006dd900000|  0%| F|  |TAMS 0x00000006dd800000, 0x00000006dd800000| Untracked 
| 205|0x00000006dd900000, 0x00000006dd900000, 0x00000006dda00000|  0%| F|  |TAMS 0x00000006dd900000, 0x00000006dd900000| Untracked 
| 206|0x00000006dda00000, 0x00000006dda00000, 0x00000006ddb00000|  0%| F|  |TAMS 0x00000006dda00000, 0x00000006dda00000| Untracked 
| 207|0x00000006ddb00000, 0x00000006ddb00000, 0x00000006ddc00000|  0%| F|  |TAMS 0x00000006ddb00000, 0x00000006ddb00000| Untracked 
| 208|0x00000006ddc00000, 0x00000006ddc00000, 0x00000006ddd00000|  0%| F|  |TAMS 0x00000006ddc00000, 0x00000006ddc00000| Untracked 
| 209|0x00000006ddd00000, 0x00000006ddd00000, 0x00000006dde00000|  0%| F|  |TAMS 0x00000006ddd00000, 0x00000006ddd00000| Untracked 
| 210|0x00000006dde00000, 0x00000006dde00000, 0x00000006ddf00000|  0%| F|  |TAMS 0x00000006dde00000, 0x00000006dde00000| Untracked 
| 211|0x00000006ddf00000, 0x00000006ddf00000, 0x00000006de000000|  0%| F|  |TAMS 0x00000006ddf00000, 0x00000006ddf00000| Untracked 
| 212|0x00000006de000000, 0x00000006de000000, 0x00000006de100000|  0%| F|  |TAMS 0x00000006de000000, 0x00000006de000000| Untracked 
| 213|0x00000006de100000, 0x00000006de100000, 0x00000006de200000|  0%| F|  |TAMS 0x00000006de100000, 0x00000006de100000| Untracked 
| 214|0x00000006de200000, 0x00000006de200000, 0x00000006de300000|  0%| F|  |TAMS 0x00000006de200000, 0x00000006de200000| Untracked 
| 215|0x00000006de300000, 0x00000006de300000, 0x00000006de400000|  0%| F|  |TAMS 0x00000006de300000, 0x00000006de300000| Untracked 
| 216|0x00000006de400000, 0x00000006de400000, 0x00000006de500000|  0%| F|  |TAMS 0x00000006de400000, 0x00000006de400000| Untracked 
| 217|0x00000006de500000, 0x00000006de500000, 0x00000006de600000|  0%| F|  |TAMS 0x00000006de500000, 0x00000006de500000| Untracked 
| 218|0x00000006de600000, 0x00000006de600000, 0x00000006de700000|  0%| F|  |TAMS 0x00000006de600000, 0x00000006de600000| Untracked 
| 219|0x00000006de700000, 0x00000006de700000, 0x00000006de800000|  0%| F|  |TAMS 0x00000006de700000, 0x00000006de700000| Untracked 
| 220|0x00000006de800000, 0x00000006de800000, 0x00000006de900000|  0%| F|  |TAMS 0x00000006de800000, 0x00000006de800000| Untracked 
| 221|0x00000006de900000, 0x00000006de900000, 0x00000006dea00000|  0%| F|  |TAMS 0x00000006de900000, 0x00000006de900000| Untracked 
| 222|0x00000006dea00000, 0x00000006dea00000, 0x00000006deb00000|  0%| F|  |TAMS 0x00000006dea00000, 0x00000006dea00000| Untracked 
| 223|0x00000006deb00000, 0x00000006deb00000, 0x00000006dec00000|  0%| F|  |TAMS 0x00000006deb00000, 0x00000006deb00000| Untracked 
| 224|0x00000006dec00000, 0x00000006dec00000, 0x00000006ded00000|  0%| F|  |TAMS 0x00000006dec00000, 0x00000006dec00000| Untracked 
| 225|0x00000006ded00000, 0x00000006ded00000, 0x00000006dee00000|  0%| F|  |TAMS 0x00000006ded00000, 0x00000006ded00000| Untracked 
| 226|0x00000006dee00000, 0x00000006dee00000, 0x00000006def00000|  0%| F|  |TAMS 0x00000006dee00000, 0x00000006dee00000| Untracked 
| 227|0x00000006def00000, 0x00000006def00000, 0x00000006df000000|  0%| F|  |TAMS 0x00000006def00000, 0x00000006def00000| Untracked 
| 228|0x00000006df000000, 0x00000006df000000, 0x00000006df100000|  0%| F|  |TAMS 0x00000006df000000, 0x00000006df000000| Untracked 
| 229|0x00000006df100000, 0x00000006df100000, 0x00000006df200000|  0%| F|  |TAMS 0x00000006df100000, 0x00000006df100000| Untracked 
| 230|0x00000006df200000, 0x00000006df200000, 0x00000006df300000|  0%| F|  |TAMS 0x00000006df200000, 0x00000006df200000| Untracked 
| 231|0x00000006df300000, 0x00000006df300000, 0x00000006df400000|  0%| F|  |TAMS 0x00000006df300000, 0x00000006df300000| Untracked 
| 232|0x00000006df400000, 0x00000006df400000, 0x00000006df500000|  0%| F|  |TAMS 0x00000006df400000, 0x00000006df400000| Untracked 
| 233|0x00000006df500000, 0x00000006df500000, 0x00000006df600000|  0%| F|  |TAMS 0x00000006df500000, 0x00000006df500000| Untracked 
| 234|0x00000006df600000, 0x00000006df600000, 0x00000006df700000|  0%| F|  |TAMS 0x00000006df600000, 0x00000006df600000| Untracked 
| 235|0x00000006df700000, 0x00000006df700000, 0x00000006df800000|  0%| F|  |TAMS 0x00000006df700000, 0x00000006df700000| Untracked 
| 236|0x00000006df800000, 0x00000006df800000, 0x00000006df900000|  0%| F|  |TAMS 0x00000006df800000, 0x00000006df800000| Untracked 
| 237|0x00000006df900000, 0x00000006df900000, 0x00000006dfa00000|  0%| F|  |TAMS 0x00000006df900000, 0x00000006df900000| Untracked 
| 238|0x00000006dfa00000, 0x00000006dfa00000, 0x00000006dfb00000|  0%| F|  |TAMS 0x00000006dfa00000, 0x00000006dfa00000| Untracked 
| 239|0x00000006dfb00000, 0x00000006dfb00000, 0x00000006dfc00000|  0%| F|  |TAMS 0x00000006dfb00000, 0x00000006dfb00000| Untracked 
| 240|0x00000006dfc00000, 0x00000006dfc00000, 0x00000006dfd00000|  0%| F|  |TAMS 0x00000006dfc00000, 0x00000006dfc00000| Untracked 
| 241|0x00000006dfd00000, 0x00000006dfd00000, 0x00000006dfe00000|  0%| F|  |TAMS 0x00000006dfd00000, 0x00000006dfd00000| Untracked 
| 242|0x00000006dfe00000, 0x00000006dfe00000, 0x00000006dff00000|  0%| F|  |TAMS 0x00000006dfe00000, 0x00000006dfe00000| Untracked 
| 243|0x00000006dff00000, 0x00000006dff00000, 0x00000006e0000000|  0%| F|  |TAMS 0x00000006dff00000, 0x00000006dff00000| Untracked 
| 244|0x00000006e0000000, 0x00000006e0000000, 0x00000006e0100000|  0%| F|  |TAMS 0x00000006e0000000, 0x00000006e0000000| Untracked 
| 245|0x00000006e0100000, 0x00000006e0100000, 0x00000006e0200000|  0%| F|  |TAMS 0x00000006e0100000, 0x00000006e0100000| Untracked 
| 246|0x00000006e0200000, 0x00000006e0200000, 0x00000006e0300000|  0%| F|  |TAMS 0x00000006e0200000, 0x00000006e0200000| Untracked 
| 247|0x00000006e0300000, 0x00000006e0300000, 0x00000006e0400000|  0%| F|  |TAMS 0x00000006e0300000, 0x00000006e0300000| Untracked 
| 248|0x00000006e0400000, 0x00000006e0400000, 0x00000006e0500000|  0%| F|  |TAMS 0x00000006e0400000, 0x00000006e0400000| Untracked 
| 249|0x00000006e0500000, 0x00000006e0500000, 0x00000006e0600000|  0%| F|  |TAMS 0x00000006e0500000, 0x00000006e0500000| Untracked 
| 250|0x00000006e0600000, 0x00000006e0600000, 0x00000006e0700000|  0%| F|  |TAMS 0x00000006e0600000, 0x00000006e0600000| Untracked 
| 251|0x00000006e0700000, 0x00000006e0700000, 0x00000006e0800000|  0%| F|  |TAMS 0x00000006e0700000, 0x00000006e0700000| Untracked 
| 252|0x00000006e0800000, 0x00000006e0800000, 0x00000006e0900000|  0%| F|  |TAMS 0x00000006e0800000, 0x00000006e0800000| Untracked 
| 253|0x00000006e0900000, 0x00000006e0900000, 0x00000006e0a00000|  0%| F|  |TAMS 0x00000006e0900000, 0x00000006e0900000| Untracked 
| 254|0x00000006e0a00000, 0x00000006e0a00000, 0x00000006e0b00000|  0%| F|  |TAMS 0x00000006e0a00000, 0x00000006e0a00000| Untracked 
| 255|0x00000006e0b00000, 0x00000006e0b00000, 0x00000006e0c00000|  0%| F|  |TAMS 0x00000006e0b00000, 0x00000006e0b00000| Untracked 
| 256|0x00000006e0c00000, 0x00000006e0c00000, 0x00000006e0d00000|  0%| F|  |TAMS 0x00000006e0c00000, 0x00000006e0c00000| Untracked 
| 257|0x00000006e0d00000, 0x00000006e0d00000, 0x00000006e0e00000|  0%| F|  |TAMS 0x00000006e0d00000, 0x00000006e0d00000| Untracked 
| 258|0x00000006e0e00000, 0x00000006e0e00000, 0x00000006e0f00000|  0%| F|  |TAMS 0x00000006e0e00000, 0x00000006e0e00000| Untracked 
| 259|0x00000006e0f00000, 0x00000006e0f00000, 0x00000006e1000000|  0%| F|  |TAMS 0x00000006e0f00000, 0x00000006e0f00000| Untracked 
| 260|0x00000006e1000000, 0x00000006e1000000, 0x00000006e1100000|  0%| F|  |TAMS 0x00000006e1000000, 0x00000006e1000000| Untracked 
| 261|0x00000006e1100000, 0x00000006e1100000, 0x00000006e1200000|  0%| F|  |TAMS 0x00000006e1100000, 0x00000006e1100000| Untracked 
| 262|0x00000006e1200000, 0x00000006e1200000, 0x00000006e1300000|  0%| F|  |TAMS 0x00000006e1200000, 0x00000006e1200000| Untracked 
| 263|0x00000006e1300000, 0x00000006e1300000, 0x00000006e1400000|  0%| F|  |TAMS 0x00000006e1300000, 0x00000006e1300000| Untracked 
| 264|0x00000006e1400000, 0x00000006e1400000, 0x00000006e1500000|  0%| F|  |TAMS 0x00000006e1400000, 0x00000006e1400000| Untracked 
| 265|0x00000006e1500000, 0x00000006e1500000, 0x00000006e1600000|  0%| F|  |TAMS 0x00000006e1500000, 0x00000006e1500000| Untracked 
| 266|0x00000006e1600000, 0x00000006e1600000, 0x00000006e1700000|  0%| F|  |TAMS 0x00000006e1600000, 0x00000006e1600000| Untracked 
| 267|0x00000006e1700000, 0x00000006e1700000, 0x00000006e1800000|  0%| F|  |TAMS 0x00000006e1700000, 0x00000006e1700000| Untracked 
| 268|0x00000006e1800000, 0x00000006e1800000, 0x00000006e1900000|  0%| F|  |TAMS 0x00000006e1800000, 0x00000006e1800000| Untracked 
| 269|0x00000006e1900000, 0x00000006e1900000, 0x00000006e1a00000|  0%| F|  |TAMS 0x00000006e1900000, 0x00000006e1900000| Untracked 
| 270|0x00000006e1a00000, 0x00000006e1a00000, 0x00000006e1b00000|  0%| F|  |TAMS 0x00000006e1a00000, 0x00000006e1a00000| Untracked 
| 271|0x00000006e1b00000, 0x00000006e1b00000, 0x00000006e1c00000|  0%| F|  |TAMS 0x00000006e1b00000, 0x00000006e1b00000| Untracked 
| 272|0x00000006e1c00000, 0x00000006e1c00000, 0x00000006e1d00000|  0%| F|  |TAMS 0x00000006e1c00000, 0x00000006e1c00000| Untracked 
| 273|0x00000006e1d00000, 0x00000006e1d00000, 0x00000006e1e00000|  0%| F|  |TAMS 0x00000006e1d00000, 0x00000006e1d00000| Untracked 
| 274|0x00000006e1e00000, 0x00000006e1e00000, 0x00000006e1f00000|  0%| F|  |TAMS 0x00000006e1e00000, 0x00000006e1e00000| Untracked 
| 275|0x00000006e1f00000, 0x00000006e1f00000, 0x00000006e2000000|  0%| F|  |TAMS 0x00000006e1f00000, 0x00000006e1f00000| Untracked 
| 276|0x00000006e2000000, 0x00000006e2000000, 0x00000006e2100000|  0%| F|  |TAMS 0x00000006e2000000, 0x00000006e2000000| Untracked 
| 277|0x00000006e2100000, 0x00000006e2100000, 0x00000006e2200000|  0%| F|  |TAMS 0x00000006e2100000, 0x00000006e2100000| Untracked 
| 278|0x00000006e2200000, 0x00000006e2200000, 0x00000006e2300000|  0%| F|  |TAMS 0x00000006e2200000, 0x00000006e2200000| Untracked 
| 279|0x00000006e2300000, 0x00000006e2300000, 0x00000006e2400000|  0%| F|  |TAMS 0x00000006e2300000, 0x00000006e2300000| Untracked 
| 280|0x00000006e2400000, 0x00000006e2400000, 0x00000006e2500000|  0%| F|  |TAMS 0x00000006e2400000, 0x00000006e2400000| Untracked 
| 281|0x00000006e2500000, 0x00000006e2500000, 0x00000006e2600000|  0%| F|  |TAMS 0x00000006e2500000, 0x00000006e2500000| Untracked 
| 282|0x00000006e2600000, 0x00000006e2600000, 0x00000006e2700000|  0%| F|  |TAMS 0x00000006e2600000, 0x00000006e2600000| Untracked 
| 283|0x00000006e2700000, 0x00000006e2700000, 0x00000006e2800000|  0%| F|  |TAMS 0x00000006e2700000, 0x00000006e2700000| Untracked 
| 284|0x00000006e2800000, 0x00000006e2800000, 0x00000006e2900000|  0%| F|  |TAMS 0x00000006e2800000, 0x00000006e2800000| Untracked 
| 285|0x00000006e2900000, 0x00000006e2900000, 0x00000006e2a00000|  0%| F|  |TAMS 0x00000006e2900000, 0x00000006e2900000| Untracked 
| 286|0x00000006e2a00000, 0x00000006e2a00000, 0x00000006e2b00000|  0%| F|  |TAMS 0x00000006e2a00000, 0x00000006e2a00000| Untracked 
| 287|0x00000006e2b00000, 0x00000006e2c00000, 0x00000006e2c00000|100%| S|CS|TAMS 0x00000006e2b00000, 0x00000006e2b00000| Complete 
| 288|0x00000006e2c00000, 0x00000006e2d00000, 0x00000006e2d00000|100%| S|CS|TAMS 0x00000006e2c00000, 0x00000006e2c00000| Complete 
| 289|0x00000006e2d00000, 0x00000006e2d00000, 0x00000006e2e00000|  0%| F|  |TAMS 0x00000006e2d00000, 0x00000006e2d00000| Untracked 
| 290|0x00000006e2e00000, 0x00000006e2e00000, 0x00000006e2f00000|  0%| F|  |TAMS 0x00000006e2e00000, 0x00000006e2e00000| Untracked 
| 291|0x00000006e2f00000, 0x00000006e2f00000, 0x00000006e3000000|  0%| F|  |TAMS 0x00000006e2f00000, 0x00000006e2f00000| Untracked 
| 292|0x00000006e3000000, 0x00000006e3000000, 0x00000006e3100000|  0%| F|  |TAMS 0x00000006e3000000, 0x00000006e3000000| Untracked 
| 293|0x00000006e3100000, 0x00000006e3100000, 0x00000006e3200000|  0%| F|  |TAMS 0x00000006e3100000, 0x00000006e3100000| Untracked 
| 294|0x00000006e3200000, 0x00000006e3200000, 0x00000006e3300000|  0%| F|  |TAMS 0x00000006e3200000, 0x00000006e3200000| Untracked 
| 295|0x00000006e3300000, 0x00000006e3300000, 0x00000006e3400000|  0%| F|  |TAMS 0x00000006e3300000, 0x00000006e3300000| Untracked 
| 296|0x00000006e3400000, 0x00000006e3500000, 0x00000006e3500000|100%| E|  |TAMS 0x00000006e3400000, 0x00000006e3400000| Complete 
| 297|0x00000006e3500000, 0x00000006e3600000, 0x00000006e3600000|100%| E|CS|TAMS 0x00000006e3500000, 0x00000006e3500000| Complete 
| 298|0x00000006e3600000, 0x00000006e3700000, 0x00000006e3700000|100%| E|CS|TAMS 0x00000006e3600000, 0x00000006e3600000| Complete 
| 299|0x00000006e3700000, 0x00000006e3800000, 0x00000006e3800000|100%| E|CS|TAMS 0x00000006e3700000, 0x00000006e3700000| Complete 
| 300|0x00000006e3800000, 0x00000006e3900000, 0x00000006e3900000|100%| E|CS|TAMS 0x00000006e3800000, 0x00000006e3800000| Complete 
| 301|0x00000006e3900000, 0x00000006e3a00000, 0x00000006e3a00000|100%| E|CS|TAMS 0x00000006e3900000, 0x00000006e3900000| Complete 
| 302|0x00000006e3a00000, 0x00000006e3b00000, 0x00000006e3b00000|100%| E|CS|TAMS 0x00000006e3a00000, 0x00000006e3a00000| Complete 
| 303|0x00000006e3b00000, 0x00000006e3c00000, 0x00000006e3c00000|100%| E|CS|TAMS 0x00000006e3b00000, 0x00000006e3b00000| Complete 

Card table byte_map: [0x00007f9fab686000,0x00007f9fac000000] _byte_map_base: 0x00007f9fa8000000

Marking Bits (Prev, Next): (CMBitMap*) 0x00007f9fc809e9b8, (CMBitMap*) 0x00007f9fc809e9f0
 Prev Bits: [0x00007f9fa613c000, 0x00007f9faad0c000)
 Next Bits: [0x00007f9fa156c000, 0x00007f9fa613c000)

Polling page: 0x00007f9fcff89000

Metaspace:

Usage:
  Non-class:     12,56 MB capacity,    12,36 MB ( 98%) used,   181,27 KB (  1%) free+waste,    25,88 KB ( <1%) overhead. 
      Class:      1,50 MB capacity,     1,39 MB ( 92%) used,   109,15 KB (  7%) free+waste,    11,75 KB ( <1%) overhead. 
       Both:     14,06 MB capacity,    13,74 MB ( 98%) used,   290,41 KB (  2%) free+waste,    37,62 KB ( <1%) overhead. 

Virtual space:
  Non-class space:       14,00 MB reserved,      12,75 MB ( 91%) committed 
      Class space:        1,00 GB reserved,       1,62 MB ( <1%) committed 
             Both:        1,01 GB reserved,      14,38 MB (  1%) committed 

Chunk freelists:
   Non-Class:  83,00 KB
       Class:  27,00 KB
        Both:  110,00 KB

MaxMetaspaceSize: unlimited
CompressedClassSpaceSize: 1,00 GB
Initial GC threshold: 20,80 MB
Current GC threshold: 20,80 MB
CDS: off

CodeHeap 'non-profiled nmethods': size=120032Kb used=379Kb max_used=379Kb free=119652Kb
 bounds [0x00007f9fb82e6000, 0x00007f9fb8556000, 0x00007f9fbf81e000]
CodeHeap 'profiled nmethods': size=120032Kb used=1771Kb max_used=1771Kb free=118260Kb
 bounds [0x00007f9fb0dae000, 0x00007f9fb101e000, 0x00007f9fb82e6000]
CodeHeap 'non-nmethods': size=5696Kb used=1161Kb max_used=1188Kb free=4534Kb
 bounds [0x00007f9fb081e000, 0x00007f9fb0a8e000, 0x00007f9fb0dae000]
 total_blobs=1427 nmethods=1004 adapters=337
 compilation: enabled
              stopped_count=0, restarted_count=0
 full_count=0

Compilation events (20 events):
Event: 0,967 Thread 0x00007f9f700d6000  994   !   4       jdk.internal.loader.URLClassPath$JarLoader::getResource (65 bytes)
Event: 0,968 Thread 0x00007f9fc82cf800 nmethod 993 0x00007f9fb0f66290 code [0x00007f9fb0f66460, 0x00007f9fb0f666d0]
Event: 0,990 Thread 0x00007f9f700d6000 nmethod 994 0x00007f9fb8339b10 code [0x00007f9fb8339de0, 0x00007f9fb833aff8]
Event: 0,990 Thread 0x00007f9f700d6000  995   !   4       java.util.jar.JarFile::checkForSpecialAttributes (163 bytes)
Event: 1,001 Thread 0x00007f9f700d6000 nmethod 995 0x00007f9fb833bb90 code [0x00007f9fb833bd60, 0x00007f9fb833c2b0]
Event: 1,002 Thread 0x00007f9f700d6000  996   !   4       java.util.jar.JarFile::isMultiRelease (33 bytes)
Event: 1,002 Thread 0x00007f9fc82cf800  997       3       java.lang.invoke.DirectMethodHandle$Holder::invokeStatic (14 bytes)
Event: 1,002 Thread 0x00007f9fc82cf800 nmethod 997 0x00007f9fb0f66810 code [0x00007f9fb0f669e0, 0x00007f9fb0f66f30]
Event: 1,007 Thread 0x00007f9fc82cf800  998       1       de.uni_freiburg.informatik.ultimate.logic.Term::hashCode (5 bytes)
Event: 1,007 Thread 0x00007f9fc82cf800 nmethod 998 0x00007f9fb833c490 code [0x00007f9fb833c640, 0x00007f9fb833c6f0]
Event: 1,007 Thread 0x00007f9fc82cf800  999       3       java.util.ArrayDeque::isEmpty (17 bytes)
Event: 1,008 Thread 0x00007f9fc82cf800 nmethod 999 0x00007f9fb0f67090 code [0x00007f9fb0f67240, 0x00007f9fb0f67390]
Event: 1,008 Thread 0x00007f9fc82cf800 1000       3       java.util.ArrayList::add (25 bytes)
Event: 1,008 Thread 0x00007f9fc82cf800 nmethod 1000 0x00007f9fb0f67410 code [0x00007f9fb0f67620, 0x00007f9fb0f67c10]
Event: 1,008 Thread 0x00007f9fc82cf800 1001       3       java.util.ArrayList::add (23 bytes)
Event: 1,009 Thread 0x00007f9fc82cf800 nmethod 1001 0x00007f9fb0f67e90 code [0x00007f9fb0f680a0, 0x00007f9fb0f68610]
Event: 1,009 Thread 0x00007f9fc82cf800 1002       1       de.uni_freiburg.informatik.ultimate.logic.ApplicationTerm::getParameters (5 bytes)
Event: 1,009 Thread 0x00007f9fc82cf800 nmethod 1002 0x00007f9fb833c790 code [0x00007f9fb833c940, 0x00007f9fb833c9f0]
Event: 1,009 Thread 0x00007f9f700d6000 nmethod 996 0x00007f9fb833ca90 code [0x00007f9fb833cc80, 0x00007f9fb833d210]
Event: 1,017 Thread 0x00007f9f700d6000 1003  s!   4       jdk.internal.loader.URLClassPath::getLoader (194 bytes)

GC Heap History (2 events):
Event: 0,822 GC heap before
{Heap before GC invocations=0 (full 0):
 garbage-first heap   total 311296K, used 15360K [0x00000006d0c00000, 0x0000000800000000)
  region size 1024K, 15 young (15360K), 0 survivors (0K)
 Metaspace       used 12143K, capacity 12446K, committed 12672K, reserved 1060864K
  class space    used 1214K, capacity 1315K, committed 1408K, reserved 1048576K
}
Event: 0,831 GC heap after
{Heap after GC invocations=1 (full 0):
 garbage-first heap   total 311296K, used 3076K [0x00000006d0c00000, 0x0000000800000000)
  region size 1024K, 2 young (2048K), 2 survivors (2048K)
 Metaspace       used 12143K, capacity 12446K, committed 12672K, reserved 1060864K
  class space    used 1214K, capacity 1315K, committed 1408K, reserved 1048576K
}

Deoptimization events (20 events):
Event: 0,556 Thread 0x00007f9fc8029800 DEOPT PACKING pc=0x00007f9fb0e72688 sp=0x00007f9fce419b10
Event: 0,556 Thread 0x00007f9fc8029800 DEOPT UNPACKING pc=0x00007f9fb086864a sp=0x00007f9fce418f80 mode 0
Event: 0,569 Thread 0x00007f9fc8029800 DEOPT PACKING pc=0x00007f9fb0e72688 sp=0x00007f9fce417190
Event: 0,569 Thread 0x00007f9fc8029800 DEOPT UNPACKING pc=0x00007f9fb086864a sp=0x00007f9fce416600 mode 0
Event: 0,620 Thread 0x00007f9fc8029800 Uncommon trap: trap_request=0xffffffc6 fr.pc=0x00007f9fb82eff94 relative=0x0000000000000074
Event: 0,620 Thread 0x00007f9fc8029800 Uncommon trap: reason=bimorphic_or_optimized_type_check action=maybe_recompile pc=0x00007f9fb82eff94 method=java.util.AbstractCollection.isEmpty()Z @ 1 c2
Event: 0,620 Thread 0x00007f9fc8029800 DEOPT PACKING pc=0x00007f9fb82eff94 sp=0x00007f9fce419cc0
Event: 0,621 Thread 0x00007f9fc8029800 DEOPT UNPACKING pc=0x00007f9fb0867ea5 sp=0x00007f9fce419c70 mode 2
Event: 0,621 Thread 0x00007f9fc8029800 Uncommon trap: trap_request=0xffffffc6 fr.pc=0x00007f9fb82eff94 relative=0x0000000000000074
Event: 0,621 Thread 0x00007f9fc8029800 Uncommon trap: reason=bimorphic_or_optimized_type_check action=maybe_recompile pc=0x00007f9fb82eff94 method=java.util.AbstractCollection.isEmpty()Z @ 1 c2
Event: 0,621 Thread 0x00007f9fc8029800 DEOPT PACKING pc=0x00007f9fb82eff94 sp=0x00007f9fce419e90
Event: 0,621 Thread 0x00007f9fc8029800 DEOPT UNPACKING pc=0x00007f9fb0867ea5 sp=0x00007f9fce419e40 mode 2
Event: 0,623 Thread 0x00007f9fc8029800 Uncommon trap: trap_request=0xffffffc6 fr.pc=0x00007f9fb82eff94 relative=0x0000000000000074
Event: 0,623 Thread 0x00007f9fc8029800 Uncommon trap: reason=bimorphic_or_optimized_type_check action=maybe_recompile pc=0x00007f9fb82eff94 method=java.util.AbstractCollection.isEmpty()Z @ 1 c2
Event: 0,623 Thread 0x00007f9fc8029800 DEOPT PACKING pc=0x00007f9fb82eff94 sp=0x00007f9fce419eb0
Event: 0,623 Thread 0x00007f9fc8029800 DEOPT UNPACKING pc=0x00007f9fb0867ea5 sp=0x00007f9fce419e60 mode 2
Event: 0,867 Thread 0x00007f9fc8029800 Uncommon trap: trap_request=0xffffff4d fr.pc=0x00007f9fb8319454 relative=0x0000000000000094
Event: 0,867 Thread 0x00007f9fc8029800 Uncommon trap: reason=unstable_if action=reinterpret pc=0x00007f9fb8319454 method=sun.reflect.generics.parser.SignatureParser.current()C @ 39 c2
Event: 0,867 Thread 0x00007f9fc8029800 DEOPT PACKING pc=0x00007f9fb8319454 sp=0x00007f9fce419d20
Event: 0,867 Thread 0x00007f9fc8029800 DEOPT UNPACKING pc=0x00007f9fb0867ea5 sp=0x00007f9fce419cd8 mode 2

Classes redefined (0 events):
No events

Internal exceptions (10 events):
Event: 0,271 Thread 0x00007f9fc8029800 Exception <a 'java/io/FileNotFoundException'{0x00000006e3996108}> (0x00000006e3996108) thrown at [./src/hotspot/share/prims/jni.cpp, line 617]
Event: 0,598 Thread 0x00007f9fc8029800 Exception <a 'java/lang/NoSuchMethodError'{0x00000006e316a708}: 'void java.lang.invoke.DirectMethodHandle$Holder.invokeStaticInit(java.lang.Object, java.lang.Object)'> (0x00000006e316a708) thrown at [./src/hotspot/share/interpreter/linkResolver.cpp, line 773]
Event: 0,654 Thread 0x00007f9fc8029800 Exception <a 'java/lang/NoSuchMethodError'{0x00000006e30635c8}: 'java.lang.Object java.lang.invoke.DirectMethodHandle$Holder.invokeStatic(java.lang.Object, java.lang.Object, java.lang.Object, java.lang.Object, java.lang.Object, java.lang.Object, java.lang.Object, java.lang.Object, java.lang.Object, java.lang.Object, java.lang.Object, int)'> (0x00000006e30635c8) thrown at [./src/hotspot/share/interpreter/linkResolver.cpp, line 773]
Event: 0,658 Thread 0x00007f9fc8029800 Exception <a 'java/lang/NoSuchMethodError'{0x00000006e3081c70}: 'java.lang.Object java.lang.invoke.DirectMethodHandle$Holder.invokeStatic(java.lang.Object, java.lang.Object, java.lang.Object, java.lang.Object, java.lang.Object, java.lang.Object, java.lang.Object, java.lang.Object, java.lang.Object, java.lang.Object, java.lang.Object, int, int)'> (0x00000006e3081c70) thrown at [./src/hotspot/share/interpreter/linkResolver.cpp, line 773]
Event: 0,661 Thread 0x00007f9fc8029800 Exception <a 'java/lang/NoSuchMethodError'{0x00000006e30a22a8}: 'java.lang.Object java.lang.invoke.DirectMethodHandle$Holder.invokeStatic(java.lang.Object, java.lang.Object, java.lang.Object, java.lang.Object, java.lang.Object, java.lang.Object, java.lang.Object, java.lang.Object, java.lang.Object, java.lang.Object, java.lang.Object, int, int, java.lang.Object)'> (0x00000006e30a22a8) thrown at [./src/hotspot/share/interpreter/linkResolver.cpp, line 773]
Event: 0,665 Thread 0x00007f9fc8029800 Exception <a 'java/lang/NoSuchMethodError'{0x00000006e30c3080}: 'java.lang.Object java.lang.invoke.DirectMethodHandle$Holder.invokeStatic(java.lang.Object, java.lang.Object, java.lang.Object, java.lang.Object, java.lang.Object, java.lang.Object, java.lang.Object, java.lang.Object, java.lang.Object, java.lang.Object, java.lang.Object, int, int, java.lang.Object, java.lang.Object)'> (0x00000006e30c3080) thrown at [./src/hotspot/share/interpreter/linkResolver.cpp, line 773]
Event: 0,745 Thread 0x00007f9fc8029800 Exception <a 'java/lang/NoSuchMethodError'{0x00000006e2e32ff8}: 'int java.lang.invoke.DirectMethodHandle$Holder.invokeStaticInit(java.lang.Object, java.lang.Object)'> (0x00000006e2e32ff8) thrown at [./src/hotspot/share/interpreter/linkResolver.cpp, line 773]
Event: 0,801 Thread 0x00007f9fc8029800 Exception <a 'java/lang/NoSuchMethodError'{0x00000006e2d30640}: 'java.lang.Object java.lang.invoke.DirectMethodHandle$Holder.invokeStatic(java.lang.Object, java.lang.Object, java.lang.Object, java.lang.Object, java.lang.Object, java.lang.Object, java.lang.Object, java.lang.Object, java.lang.Object, java.lang.Object, java.lang.Object, java.lang.Object, java.lang.Object, int)'> (0x00000006e2d30640) thrown at [./src/hotspot/share/interpreter/linkResolver.cpp, line 773]
Event: 0,802 Thread 0x00007f9fc8029800 Exception <a 'java/lang/NoSuchMethodError'{0x00000006e2d3d228}: 'java.lang.Object java.lang.invoke.DirectMethodHandle$Holder.invokeStatic(java.lang.Object, java.lang.Object, java.lang.Object, java.lang.Object, java.lang.Object, java.lang.Object, java.lang.Object, java.lang.Object, java.lang.Object, java.lang.Object, java.lang.Object, java.lang.Object, java.lang.Object, int, int)'> (0x00000006e2d3d228) thrown at [./src/hotspot/share/interpreter/linkResolver.cpp, line 773]
Event: 0,855 Thread 0x00007f9fc8029800 Exception <a 'java/lang/NoSuchMethodError'{0x00000006e3b97d00}: 'void java.lang.invoke.DirectMethodHandle$Holder.invokeInterface(java.lang.Object, java.lang.Object)'> (0x00000006e3b97d00) thrown at [./src/hotspot/share/interpreter/linkResolver.cpp, line 773]

Events (20 events):
Event: 1,010 loading class org/sosy_lab/common/collect/PersistentSortedMap
Event: 1,010 loading class org/sosy_lab/common/collect/PersistentSortedMap done
Event: 1,010 loading class org/sosy_lab/common/collect/PersistentSortedMapBridge
Event: 1,010 loading class org/sosy_lab/common/collect/PersistentSortedMapBridge done
Event: 1,010 loading class org/sosy_lab/common/collect/PersistentMap
Event: 1,010 loading class org/sosy_lab/common/collect/PersistentMap done
Event: 1,011 loading class org/sosy_lab/common/collect/AbstractImmutableSortedMap
Event: 1,011 loading class org/sosy_lab/common/collect/AbstractImmutableSortedMap done
Event: 1,011 loading class org/sosy_lab/common/collect/OurSortedMap
Event: 1,011 loading class org/sosy_lab/common/collect/OurSortedMap done
Event: 1,012 loading class org/sosy_lab/common/collect/AbstractImmutableMap
Event: 1,012 loading class org/sosy_lab/common/collect/AbstractImmutableMap done
Event: 1,014 loading class org/sosy_lab/java_smt/basicimpl/withAssumptionsWrapper/ProverWithAssumptionsWrapper
Event: 1,014 loading class org/sosy_lab/java_smt/basicimpl/withAssumptionsWrapper/ProverWithAssumptionsWrapper done
Event: 1,014 loading class org/sosy_lab/java_smt/basicimpl/withAssumptionsWrapper/BasicProverWithAssumptionsWrapper
Event: 1,014 loading class org/sosy_lab/java_smt/basicimpl/withAssumptionsWrapper/BasicProverWithAssumptionsWrapper done
Event: 1,017 loading class org/sosy_lab/java_smt/basicimpl/AbstractFormula$BooleanFormulaImpl
Event: 1,017 loading class org/sosy_lab/java_smt/basicimpl/AbstractFormula$BooleanFormulaImpl done
Event: 1,017 loading class org/sosy_lab/java_smt/basicimpl/AbstractFormula
Event: 1,017 loading class org/sosy_lab/java_smt/basicimpl/AbstractFormula done


Dynamic libraries:
6d0c00000-6e3c00000 rw-p 00000000 00:00 0 
6e3c00000-800000000 ---p 00000000 00:00 0 
800000000-8001a0000 rw-p 00000000 00:00 0 
8001a0000-840000000 ---p 00000000 00:00 0 
55ca5b800000-55ca5b801000 r-xp 00000000 fd:01 1705186                    /home/janel/.jdks/corretto-11.0.15/bin/java
55ca5ba01000-55ca5ba02000 r--p 00001000 fd:01 1705186                    /home/janel/.jdks/corretto-11.0.15/bin/java
55ca5ba02000-55ca5ba03000 rw-p 00002000 fd:01 1705186                    /home/janel/.jdks/corretto-11.0.15/bin/java
55ca5bd58000-55ca5bd79000 rw-p 00000000 00:00 0                          [heap]
7f9f48000000-7f9f48021000 rw-p 00000000 00:00 0 
7f9f48021000-7f9f4c000000 ---p 00000000 00:00 0 
7f9f50000000-7f9f50021000 rw-p 00000000 00:00 0 
7f9f50021000-7f9f54000000 ---p 00000000 00:00 0 
7f9f54000000-7f9f54021000 rw-p 00000000 00:00 0 
7f9f54021000-7f9f58000000 ---p 00000000 00:00 0 
7f9f58000000-7f9f58307000 rw-p 00000000 00:00 0 
7f9f58307000-7f9f5c000000 ---p 00000000 00:00 0 
7f9f5c000000-7f9f5c021000 rw-p 00000000 00:00 0 
7f9f5c021000-7f9f60000000 ---p 00000000 00:00 0 
7f9f60000000-7f9f60021000 rw-p 00000000 00:00 0 
7f9f60021000-7f9f64000000 ---p 00000000 00:00 0 
7f9f64000000-7f9f64021000 rw-p 00000000 00:00 0 
7f9f64021000-7f9f68000000 ---p 00000000 00:00 0 
7f9f68000000-7f9f68021000 rw-p 00000000 00:00 0 
7f9f68021000-7f9f6c000000 ---p 00000000 00:00 0 
7f9f6c000000-7f9f6c021000 rw-p 00000000 00:00 0 
7f9f6c021000-7f9f70000000 ---p 00000000 00:00 0 
7f9f70000000-7f9f705ce000 rw-p 00000000 00:00 0 
7f9f705ce000-7f9f74000000 ---p 00000000 00:00 0 
7f9f74000000-7f9f74378000 rw-p 00000000 00:00 0 
7f9f74378000-7f9f78000000 ---p 00000000 00:00 0 
7f9f78000000-7f9f78021000 rw-p 00000000 00:00 0 
7f9f78021000-7f9f7c000000 ---p 00000000 00:00 0 
7f9f7c000000-7f9f7c021000 rw-p 00000000 00:00 0 
7f9f7c021000-7f9f80000000 ---p 00000000 00:00 0 
7f9f80000000-7f9f80021000 rw-p 00000000 00:00 0 
7f9f80021000-7f9f84000000 ---p 00000000 00:00 0 
7f9f84000000-7f9f84021000 rw-p 00000000 00:00 0 
7f9f84021000-7f9f88000000 ---p 00000000 00:00 0 
7f9f88000000-7f9f88021000 rw-p 00000000 00:00 0 
7f9f88021000-7f9f8c000000 ---p 00000000 00:00 0 
7f9f8c000000-7f9f8c021000 rw-p 00000000 00:00 0 
7f9f8c021000-7f9f90000000 ---p 00000000 00:00 0 
7f9f90000000-7f9f90021000 rw-p 00000000 00:00 0 
7f9f90021000-7f9f94000000 ---p 00000000 00:00 0 
7f9f94000000-7f9f94021000 rw-p 00000000 00:00 0 
7f9f94021000-7f9f98000000 ---p 00000000 00:00 0 
7f9f984cb000-7f9f984cf000 ---p 00000000 00:00 0 
7f9f984cf000-7f9f9868c000 rw-p 00000000 00:00 0 
7f9f9868c000-7f9f987cc000 ---p 00000000 00:00 0 
7f9f987cc000-7f9f987cd000 ---p 00000000 00:00 0 
7f9f987cd000-7f9f988ce000 rw-p 00000000 00:00 0 
7f9f988ce000-7f9f988cf000 ---p 00000000 00:00 0 
7f9f988cf000-7f9f989d0000 rw-p 00000000 00:00 0 
7f9f989d0000-7f9f989d1000 ---p 00000000 00:00 0 
7f9f989d1000-7f9f98ad2000 rw-p 00000000 00:00 0 
7f9f98bd2000-7f9f994c7000 r-xp 00000000 fd:01 28199709                   /home/janel/Desktop/Studium/Semester_6/Bachelorarbeit/nochmalneu/lib/java/runtime-mathsat/libmathsat5j.so
7f9f994c7000-7f9f996c7000 ---p 008f5000 fd:01 28199709                   /home/janel/Desktop/Studium/Semester_6/Bachelorarbeit/nochmalneu/lib/java/runtime-mathsat/libmathsat5j.so
7f9f996c7000-7f9f996e2000 r--p 008f5000 fd:01 28199709                   /home/janel/Desktop/Studium/Semester_6/Bachelorarbeit/nochmalneu/lib/java/runtime-mathsat/libmathsat5j.so
7f9f996e2000-7f9f996f6000 rw-p 00910000 fd:01 28199709                   /home/janel/Desktop/Studium/Semester_6/Bachelorarbeit/nochmalneu/lib/java/runtime-mathsat/libmathsat5j.so
7f9f996f6000-7f9f998f9000 rw-p 00000000 00:00 0 
7f9f998f9000-7f9f99af9000 rw-p 00000000 00:00 0 
7f9f99af9000-7f9f99afd000 ---p 00000000 00:00 0 
7f9f99afd000-7f9f99bfa000 rw-p 00000000 00:00 0 
7f9f99bfa000-7f9f99bfc000 r-xp 00000000 fd:01 1705166                    /home/janel/.jdks/corretto-11.0.15/lib/libextnet.so
7f9f99bfc000-7f9f99dfb000 ---p 00002000 fd:01 1705166                    /home/janel/.jdks/corretto-11.0.15/lib/libextnet.so
7f9f99dfb000-7f9f99dfc000 r--p 00001000 fd:01 1705166                    /home/janel/.jdks/corretto-11.0.15/lib/libextnet.so
7f9f99dfc000-7f9f99dfd000 rw-p 00000000 00:00 0 
7f9f99dfd000-7f9f99dfe000 ---p 00000000 00:00 0 
7f9f99dfe000-7f9f99eff000 rw-p 00000000 00:00 0 
7f9f99eff000-7f9f99f03000 ---p 00000000 00:00 0 
7f9f99f03000-7f9f9c000000 rw-p 00000000 00:00 0 
7f9f9c000000-7f9f9c021000 rw-p 00000000 00:00 0 
7f9f9c021000-7f9fa0000000 ---p 00000000 00:00 0 
7f9fa0076000-7f9fa008b000 r-xp 00000000 fd:01 1705145                    /home/janel/.jdks/corretto-11.0.15/lib/libnet.so
7f9fa008b000-7f9fa028b000 ---p 00015000 fd:01 1705145                    /home/janel/.jdks/corretto-11.0.15/lib/libnet.so
7f9fa028b000-7f9fa028c000 r--p 00015000 fd:01 1705145                    /home/janel/.jdks/corretto-11.0.15/lib/libnet.so
7f9fa028c000-7f9fa028d000 rw-p 00016000 fd:01 1705145                    /home/janel/.jdks/corretto-11.0.15/lib/libnet.so
7f9fa028d000-7f9fa029d000 r-xp 00000000 fd:01 1705146                    /home/janel/.jdks/corretto-11.0.15/lib/libnio.so
7f9fa029d000-7f9fa049d000 ---p 00010000 fd:01 1705146                    /home/janel/.jdks/corretto-11.0.15/lib/libnio.so
7f9fa049d000-7f9fa049e000 r--p 00010000 fd:01 1705146                    /home/janel/.jdks/corretto-11.0.15/lib/libnio.so
7f9fa049e000-7f9fa049f000 rw-p 00011000 fd:01 1705146                    /home/janel/.jdks/corretto-11.0.15/lib/libnio.so
7f9fa049f000-7f9fa04a3000 ---p 00000000 00:00 0 
7f9fa04a3000-7f9fa05a0000 rw-p 00000000 00:00 0 
7f9fa05a0000-7f9fa05a4000 ---p 00000000 00:00 0 
7f9fa05a4000-7f9fa06a1000 rw-p 00000000 00:00 0 
7f9fa06a1000-7f9fa06a5000 ---p 00000000 00:00 0 
7f9fa06a5000-7f9fa07a2000 rw-p 00000000 00:00 0 
7f9fa07a2000-7f9fa0d6c000 r--p 00000000 fd:01 8913749                    /usr/lib/locale/locale-archive
7f9fa0d6c000-7f9fa1a2c000 rw-p 00000000 00:00 0 
7f9fa1a2c000-7f9fa613c000 ---p 00000000 00:00 0 
7f9fa613c000-7f9fa65fc000 rw-p 00000000 00:00 0 
7f9fa65fc000-7f9faad0c000 ---p 00000000 00:00 0 
7f9faad0c000-7f9faada4000 rw-p 00000000 00:00 0 
7f9faada4000-7f9fab686000 ---p 00000000 00:00 0 
7f9fab686000-7f9fab71e000 rw-p 00000000 00:00 0 
7f9fab71e000-7f9fac000000 ---p 00000000 00:00 0 
7f9fac000000-7f9fac021000 rw-p 00000000 00:00 0 
7f9fac021000-7f9fb0000000 ---p 00000000 00:00 0 
7f9fb0054000-7f9fb0057000 r--p 00000000 fd:01 8918008                    /usr/lib/x86_64-linux-gnu/libgcc_s.so.1
7f9fb0057000-7f9fb0069000 r-xp 00003000 fd:01 8918008                    /usr/lib/x86_64-linux-gnu/libgcc_s.so.1
7f9fb0069000-7f9fb006d000 r--p 00015000 fd:01 8918008                    /usr/lib/x86_64-linux-gnu/libgcc_s.so.1
7f9fb006d000-7f9fb006e000 r--p 00018000 fd:01 8918008                    /usr/lib/x86_64-linux-gnu/libgcc_s.so.1
7f9fb006e000-7f9fb006f000 rw-p 00019000 fd:01 8918008                    /usr/lib/x86_64-linux-gnu/libgcc_s.so.1
7f9fb008d000-7f9fb0094000 r--s 00000000 fd:01 9573802                    /usr/lib/x86_64-linux-gnu/gconv/gconv-modules.cache
7f9fb0094000-7f9fb0098000 ---p 00000000 00:00 0 
7f9fb0098000-7f9fb0195000 rw-p 00000000 00:00 0 
7f9fb0195000-7f9fb0199000 ---p 00000000 00:00 0 
7f9fb0199000-7f9fb0296000 rw-p 00000000 00:00 0 
7f9fb0296000-7f9fb029a000 ---p 00000000 00:00 0 
7f9fb029a000-7f9fb0397000 rw-p 00000000 00:00 0 
7f9fb0397000-7f9fb039b000 ---p 00000000 00:00 0 
7f9fb039b000-7f9fb0498000 rw-p 00000000 00:00 0 
7f9fb0498000-7f9fb049c000 ---p 00000000 00:00 0 
7f9fb049c000-7f9fb0599000 rw-p 00000000 00:00 0 
7f9fb0599000-7f9fb059a000 ---p 00000000 00:00 0 
7f9fb059a000-7f9fb071c000 rw-p 00000000 00:00 0 
7f9fb071c000-7f9fb071d000 ---p 00000000 00:00 0 
7f9fb071d000-7f9fb081e000 rw-p 00000000 00:00 0 
7f9fb081e000-7f9fb0a8e000 rwxp 00000000 00:00 0 
7f9fb0a8e000-7f9fb0dae000 ---p 00000000 00:00 0 
7f9fb0dae000-7f9fb101e000 rwxp 00000000 00:00 0 
7f9fb101e000-7f9fb82e6000 ---p 00000000 00:00 0 
7f9fb82e6000-7f9fb8556000 rwxp 00000000 00:00 0 
7f9fb8556000-7f9fbf81e000 ---p 00000000 00:00 0 
7f9fbf81e000-7f9fc8000000 r--s 00000000 fd:01 1705122                    /home/janel/.jdks/corretto-11.0.15/lib/modules
7f9fc8000000-7f9fc88ba000 rw-p 00000000 00:00 0 
7f9fc88ba000-7f9fcc000000 ---p 00000000 00:00 0 
7f9fcc004000-7f9fcc02a000 r--p 00000000 fd:01 11414479                   /usr/share/locale-langpack/de/LC_MESSAGES/libc.mo
7f9fcc02a000-7f9fcc085000 rw-p 00000000 00:00 0 
7f9fcc085000-7f9fcc086000 ---p 00000000 00:00 0 
7f9fcc086000-7f9fcc58b000 rw-p 00000000 00:00 0 
7f9fcc58b000-7f9fcc58c000 ---p 00000000 00:00 0 
7f9fcc58c000-7f9fcc68d000 rw-p 00000000 00:00 0 
7f9fcc68d000-7f9fcc68e000 ---p 00000000 00:00 0 
7f9fcc68e000-7f9fcc8c9000 rw-p 00000000 00:00 0 
7f9fcc8c9000-7f9fcd1ab000 ---p 00000000 00:00 0 
7f9fcd1ab000-7f9fcd5af000 rw-p 00000000 00:00 0 
7f9fcd5af000-7f9fcd5b0000 ---p 00000000 00:00 0 
7f9fcd5b0000-7f9fcd6b6000 rw-p 00000000 00:00 0 
7f9fcd6b6000-7f9fcd79c000 ---p 00000000 00:00 0 
7f9fcd79c000-7f9fcd7a1000 rw-p 00000000 00:00 0 
7f9fcd7a1000-7f9fcd887000 ---p 00000000 00:00 0 
7f9fcd887000-7f9fcd88c000 rw-p 00000000 00:00 0 
7f9fcd88c000-7f9fcd893000 ---p 00000000 00:00 0 
7f9fcd893000-7f9fcd8ad000 r-xp 00000000 fd:01 1705143                    /home/janel/.jdks/corretto-11.0.15/lib/libzip.so
7f9fcd8ad000-7f9fcdaad000 ---p 0001a000 fd:01 1705143                    /home/janel/.jdks/corretto-11.0.15/lib/libzip.so
7f9fcdaad000-7f9fcdaae000 r--p 0001a000 fd:01 1705143                    /home/janel/.jdks/corretto-11.0.15/lib/libzip.so
7f9fcdaae000-7f9fcdaaf000 rw-p 00000000 00:00 0 
7f9fcdaaf000-7f9fcdab9000 r-xp 00000000 fd:01 1705176                    /home/janel/.jdks/corretto-11.0.15/lib/libinstrument.so
7f9fcdab9000-7f9fcdcb8000 ---p 0000a000 fd:01 1705176                    /home/janel/.jdks/corretto-11.0.15/lib/libinstrument.so
7f9fcdcb8000-7f9fcdcb9000 r--p 00009000 fd:01 1705176                    /home/janel/.jdks/corretto-11.0.15/lib/libinstrument.so
7f9fcdcb9000-7f9fcdcba000 rw-p 0000a000 fd:01 1705176                    /home/janel/.jdks/corretto-11.0.15/lib/libinstrument.so
7f9fcdcba000-7f9fcdcd5000 r-xp 00000000 fd:01 1705144                    /home/janel/.jdks/corretto-11.0.15/lib/libjimage.so
7f9fcdcd5000-7f9fcded5000 ---p 0001b000 fd:01 1705144                    /home/janel/.jdks/corretto-11.0.15/lib/libjimage.so
7f9fcded5000-7f9fcded7000 r--p 0001b000 fd:01 1705144                    /home/janel/.jdks/corretto-11.0.15/lib/libjimage.so
7f9fcded7000-7f9fcded8000 rw-p 0001d000 fd:01 1705144                    /home/janel/.jdks/corretto-11.0.15/lib/libjimage.so
7f9fcded8000-7f9fcdf02000 r-xp 00000000 fd:01 1705142                    /home/janel/.jdks/corretto-11.0.15/lib/libjava.so
7f9fcdf02000-7f9fce101000 ---p 0002a000 fd:01 1705142                    /home/janel/.jdks/corretto-11.0.15/lib/libjava.so
7f9fce101000-7f9fce102000 r--p 00029000 fd:01 1705142                    /home/janel/.jdks/corretto-11.0.15/lib/libjava.so
7f9fce102000-7f9fce103000 rw-p 0002a000 fd:01 1705142                    /home/janel/.jdks/corretto-11.0.15/lib/libjava.so
7f9fce103000-7f9fce104000 rw-p 00000000 00:00 0 
7f9fce104000-7f9fce111000 r-xp 00000000 fd:01 1705140                    /home/janel/.jdks/corretto-11.0.15/lib/libverify.so
7f9fce111000-7f9fce310000 ---p 0000d000 fd:01 1705140                    /home/janel/.jdks/corretto-11.0.15/lib/libverify.so
7f9fce310000-7f9fce312000 r--p 0000c000 fd:01 1705140                    /home/janel/.jdks/corretto-11.0.15/lib/libverify.so
7f9fce312000-7f9fce313000 rw-p 00000000 00:00 0 
7f9fce313000-7f9fce315000 r--p 00000000 fd:01 8915073                    /usr/lib/x86_64-linux-gnu/librt-2.31.so
7f9fce315000-7f9fce319000 r-xp 00002000 fd:01 8915073                    /usr/lib/x86_64-linux-gnu/librt-2.31.so
7f9fce319000-7f9fce31b000 r--p 00006000 fd:01 8915073                    /usr/lib/x86_64-linux-gnu/librt-2.31.so
7f9fce31b000-7f9fce31c000 r--p 00007000 fd:01 8915073                    /usr/lib/x86_64-linux-gnu/librt-2.31.so
7f9fce31c000-7f9fce31d000 rw-p 00008000 fd:01 8915073                    /usr/lib/x86_64-linux-gnu/librt-2.31.so
7f9fce31d000-7f9fce321000 ---p 00000000 00:00 0 
7f9fce321000-7f9fce41e000 rw-p 00000000 00:00 0 
7f9fce41e000-7f9fce42b000 r--p 00000000 fd:01 8915060                    /usr/lib/x86_64-linux-gnu/libm-2.31.so
7f9fce42b000-7f9fce4d2000 r-xp 0000d000 fd:01 8915060                    /usr/lib/x86_64-linux-gnu/libm-2.31.so
7f9fce4d2000-7f9fce56b000 r--p 000b4000 fd:01 8915060                    /usr/lib/x86_64-linux-gnu/libm-2.31.so
7f9fce56b000-7f9fce56c000 r--p 0014c000 fd:01 8915060                    /usr/lib/x86_64-linux-gnu/libm-2.31.so
7f9fce56c000-7f9fce56d000 rw-p 0014d000 fd:01 8915060                    /usr/lib/x86_64-linux-gnu/libm-2.31.so
7f9fce56d000-7f9fcf7dd000 r-xp 00000000 fd:01 1705134                    /home/janel/.jdks/corretto-11.0.15/lib/server/libjvm.so
7f9fcf7dd000-7f9fcf9dd000 ---p 01270000 fd:01 1705134                    /home/janel/.jdks/corretto-11.0.15/lib/server/libjvm.so
7f9fcf9dd000-7f9fcfaa2000 r--p 01270000 fd:01 1705134                    /home/janel/.jdks/corretto-11.0.15/lib/server/libjvm.so
7f9fcfaa2000-7f9fcfadd000 rw-p 01335000 fd:01 1705134                    /home/janel/.jdks/corretto-11.0.15/lib/server/libjvm.so
7f9fcfadd000-7f9fcfb37000 rw-p 00000000 00:00 0 
7f9fcfb37000-7f9fcfb59000 r--p 00000000 fd:01 8915058                    /usr/lib/x86_64-linux-gnu/libc-2.31.so
7f9fcfb59000-7f9fcfcd1000 r-xp 00022000 fd:01 8915058                    /usr/lib/x86_64-linux-gnu/libc-2.31.so
7f9fcfcd1000-7f9fcfd1f000 r--p 0019a000 fd:01 8915058                    /usr/lib/x86_64-linux-gnu/libc-2.31.so
7f9fcfd1f000-7f9fcfd23000 r--p 001e7000 fd:01 8915058                    /usr/lib/x86_64-linux-gnu/libc-2.31.so
7f9fcfd23000-7f9fcfd25000 rw-p 001eb000 fd:01 8915058                    /usr/lib/x86_64-linux-gnu/libc-2.31.so
7f9fcfd25000-7f9fcfd29000 rw-p 00000000 00:00 0 
7f9fcfd29000-7f9fcfd2a000 r--p 00000000 fd:01 8915059                    /usr/lib/x86_64-linux-gnu/libdl-2.31.so
7f9fcfd2a000-7f9fcfd2c000 r-xp 00001000 fd:01 8915059                    /usr/lib/x86_64-linux-gnu/libdl-2.31.so
7f9fcfd2c000-7f9fcfd2d000 r--p 00003000 fd:01 8915059                    /usr/lib/x86_64-linux-gnu/libdl-2.31.so
7f9fcfd2d000-7f9fcfd2e000 r--p 00003000 fd:01 8915059                    /usr/lib/x86_64-linux-gnu/libdl-2.31.so
7f9fcfd2e000-7f9fcfd2f000 rw-p 00004000 fd:01 8915059                    /usr/lib/x86_64-linux-gnu/libdl-2.31.so
7f9fcfd2f000-7f9fcfd49000 r-xp 00000000 fd:01 1705139                    /home/janel/.jdks/corretto-11.0.15/lib/jli/libjli.so
7f9fcfd49000-7f9fcff48000 ---p 0001a000 fd:01 1705139                    /home/janel/.jdks/corretto-11.0.15/lib/jli/libjli.so
7f9fcff48000-7f9fcff49000 r--p 00019000 fd:01 1705139                    /home/janel/.jdks/corretto-11.0.15/lib/jli/libjli.so
7f9fcff49000-7f9fcff4a000 rw-p 0001a000 fd:01 1705139                    /home/janel/.jdks/corretto-11.0.15/lib/jli/libjli.so
7f9fcff4a000-7f9fcff50000 r--p 00000000 fd:01 8915071                    /usr/lib/x86_64-linux-gnu/libpthread-2.31.so
7f9fcff50000-7f9fcff61000 r-xp 00006000 fd:01 8915071                    /usr/lib/x86_64-linux-gnu/libpthread-2.31.so
7f9fcff61000-7f9fcff67000 r--p 00017000 fd:01 8915071                    /usr/lib/x86_64-linux-gnu/libpthread-2.31.so
7f9fcff67000-7f9fcff68000 r--p 0001c000 fd:01 8915071                    /usr/lib/x86_64-linux-gnu/libpthread-2.31.so
7f9fcff68000-7f9fcff69000 rw-p 0001d000 fd:01 8915071                    /usr/lib/x86_64-linux-gnu/libpthread-2.31.so
7f9fcff69000-7f9fcff6d000 rw-p 00000000 00:00 0 
7f9fcff6d000-7f9fcff75000 rw-s 00000000 fd:01 11535286                   /tmp/hsperfdata_janel/91740
7f9fcff75000-7f9fcff78000 r--p 00000000 fd:01 8915066                    /usr/lib/x86_64-linux-gnu/libnss_files-2.31.so
7f9fcff78000-7f9fcff7f000 r-xp 00003000 fd:01 8915066                    /usr/lib/x86_64-linux-gnu/libnss_files-2.31.so
7f9fcff7f000-7f9fcff81000 r--p 0000a000 fd:01 8915066                    /usr/lib/x86_64-linux-gnu/libnss_files-2.31.so
7f9fcff81000-7f9fcff82000 r--p 0000b000 fd:01 8915066                    /usr/lib/x86_64-linux-gnu/libnss_files-2.31.so
7f9fcff82000-7f9fcff83000 rw-p 0000c000 fd:01 8915066                    /usr/lib/x86_64-linux-gnu/libnss_files-2.31.so
7f9fcff83000-7f9fcff89000 rw-p 00000000 00:00 0 
7f9fcff89000-7f9fcff8a000 ---p 00000000 00:00 0 
7f9fcff8a000-7f9fcff8b000 r--p 00000000 00:00 0 
7f9fcff8b000-7f9fcff8d000 rw-p 00000000 00:00 0 
7f9fcff8d000-7f9fcff8e000 r--p 00000000 fd:01 8915051                    /usr/lib/x86_64-linux-gnu/ld-2.31.so
7f9fcff8e000-7f9fcffb1000 r-xp 00001000 fd:01 8915051                    /usr/lib/x86_64-linux-gnu/ld-2.31.so
7f9fcffb1000-7f9fcffb9000 r--p 00024000 fd:01 8915051                    /usr/lib/x86_64-linux-gnu/ld-2.31.so
7f9fcffba000-7f9fcffbb000 r--p 0002c000 fd:01 8915051                    /usr/lib/x86_64-linux-gnu/ld-2.31.so
7f9fcffbb000-7f9fcffbc000 rw-p 0002d000 fd:01 8915051                    /usr/lib/x86_64-linux-gnu/ld-2.31.so
7f9fcffbc000-7f9fcffbd000 rw-p 00000000 00:00 0 
7ffd3379b000-7ffd337bd000 rw-p 00000000 00:00 0                          [stack]
7ffd337c4000-7ffd337c8000 r--p 00000000 00:00 0                          [vvar]
7ffd337c8000-7ffd337ca000 r-xp 00000000 00:00 0                          [vdso]
ffffffffff600000-ffffffffff601000 --xp 00000000 00:00 0                  [vsyscall]


VM Arguments:
jvm_args: -ea -Didea.test.cyclic.buffer.size=1048576 -javaagent:/snap/intellij-idea-community/464/lib/idea_rt.jar=38853:/snap/intellij-idea-community/464/bin -Dfile.encoding=UTF-8 
java_command: com.intellij.rt.junit.JUnitStarter -ideVersion5 -junit4 org.sosy_lab.java_smt.test.BooleanGeneratorTest
java_class_path (initial): /snap/intellij-idea-community/464/lib/idea_rt.jar:/snap/intellij-idea-community/464/plugins/junit/lib/junit5-rt.jar:/snap/intellij-idea-community/464/plugins/junit/lib/junit-rt.jar:/home/janel/Desktop/Studium/Semester_6/Bachelorarbeit/nochmalneu/bin:/home/janel/Desktop/Studium/Semester_6/Bachelorarbeit/nochmalneu/lib/java/core/guava.jar:/home/janel/Desktop/Studium/Semester_6/Bachelorarbeit/nochmalneu/lib/java/core/common.jar:/home/janel/Desktop/Studium/Semester_6/Bachelorarbeit/nochmalneu/lib/java/build/auto-value-annotations.jar:/home/janel/Desktop/Studium/Semester_6/Bachelorarbeit/nochmalneu/lib/java/test/jsr305.jar:/home/janel/Desktop/Studium/Semester_6/Bachelorarbeit/nochmalneu/lib/java/test/junit.jar:/home/janel/Desktop/Studium/Semester_6/Bachelorarbeit/nochmalneu/lib/java/test/guava-testlib.jar:/home/janel/Desktop/Studium/Semester_6/Bachelorarbeit/nochmalneu/lib/java/test/truth.jar:/home/janel/Desktop/Studium/Semester_6/Bachelorarbeit/nochmalneu/lib/java/core/checker-qual.jar:/home/janel/Desktop/Studium/Semester_6/Bachelorarbeit/nochmalneu/lib/java/core/spotbugs-annotations.jar:/home/janel/Desktop/Studium/Semester_6/Bachelorarbeit/nochmalneu/lib/java/test/truth-java8-extension.jar:/home/janel/Desktop/Studium/Semester_6/Bachelorarbeit/nochmalneu/lib/java/runtime-smtinterpol/smtinterpol.jar:/home/janel/Desktop/Studium/Semester_6/Bachelorarbeit/nochmalneu/lib/java/runtime-princess/princess_2.13.jar:/home/janel/Desktop/Studium/Semester_6/Bachelorarbeit/nochmalneu/lib/java/runtime-princess/princess-parser_2.13.jar:/home/janel/Desktop/Studium/Semester_6/Bachelorarbeit/nochmalneu/lib/java/runtime-princess/princess-smt-parser_2.13.jar:/home/janel/Desktop/Studium/Semester_6/Bachelorarbeit/nochmalneu/lib/java/runtime-princess/scala-library.jar:/home/janel/Desktop/Studium/Semester_6/Bachelorarbeit/nochmalneu/lib/java/runtime-princess/java-cup-runtime.jar:/home/janel/Desktop/Studium/Semester_6/Bachelorarbeit/nochmalneu/lib/java/test/hamcrest-c
Launcher Type: SUN_STANDARD

[Global flags]
     intx CICompilerCount                          = 3                                         {product} {ergonomic}
     uint ConcGCThreads                            = 1                                         {product} {ergonomic}
     uint G1ConcRefinementThreads                  = 4                                         {product} {ergonomic}
   size_t G1HeapRegionSize                         = 1048576                                   {product} {ergonomic}
    uintx GCDrainStackTargetSize                   = 64                                        {product} {ergonomic}
   size_t InitialHeapSize                          = 318767104                                 {product} {ergonomic}
   size_t MarkStackSize                            = 4194304                                   {product} {ergonomic}
   size_t MaxHeapSize                              = 5087690752                                {product} {ergonomic}
   size_t MaxNewSize                               = 3052404736                                {product} {ergonomic}
   size_t MinHeapDeltaBytes                        = 1048576                                   {product} {ergonomic}
    uintx NonNMethodCodeHeapSize                   = 5830732                                {pd product} {ergonomic}
    uintx NonProfiledCodeHeapSize                  = 122913754                              {pd product} {ergonomic}
    uintx ProfiledCodeHeapSize                     = 122913754                              {pd product} {ergonomic}
    uintx ReservedCodeCacheSize                    = 251658240                              {pd product} {ergonomic}
     bool SegmentedCodeCache                       = true                                      {product} {ergonomic}
     bool UseCompressedClassPointers               = true                                 {lp64_product} {ergonomic}
     bool UseCompressedOops                        = true                                 {lp64_product} {ergonomic}
     bool UseG1GC                                  = true                                      {product} {ergonomic}

Logging:
Log output configuration:
 #0: stdout all=warning uptime,level,tags
 #1: stderr all=off uptime,level,tags

Environment Variables:
JAVA_HOME=/usr/lib/jvm/java-16-oracle
PATH=/home/janel/.opam/default/bin:/home/janel/.local/bin:/home/janel/bin:/usr/local/sbin:/usr/local/bin:/usr/sbin:/usr/bin:/sbin:/bin:/usr/games:/usr/local/games:/snap/bin:/usr/lib/jvm/java-16-oracle/bin:/usr/lib/jvm/java-16-oracle/db/bin:/home/janel/bin
USERNAME=janel
SHELL=/usr/bin/fish
DISPLAY=:0
LANG=de_DE.UTF-8

Signal Handlers:
SIGSEGV: [libjvm.so+0xf43c90], sa_mask[0]=11111111011111111101111111111110, sa_flags=SA_RESTART|SA_SIGINFO
SIGBUS: [libjvm.so+0xf43c90], sa_mask[0]=11111111011111111101111111111110, sa_flags=SA_RESTART|SA_SIGINFO
SIGFPE: [libjvm.so+0xf43c90], sa_mask[0]=11111111011111111101111111111110, sa_flags=SA_RESTART|SA_SIGINFO
SIGPIPE: [libjvm.so+0xc645d0], sa_mask[0]=11111111011111111101111111111110, sa_flags=SA_RESTART|SA_SIGINFO
SIGXFSZ: [libjvm.so+0xc645d0], sa_mask[0]=11111111011111111101111111111110, sa_flags=SA_RESTART|SA_SIGINFO
SIGILL: [libjvm.so+0xf43c90], sa_mask[0]=11111111011111111101111111111110, sa_flags=SA_RESTART|SA_SIGINFO
SIGUSR2: [libjvm.so+0xc64470], sa_mask[0]=00100000000000000000000000000000, sa_flags=SA_RESTART|SA_SIGINFO
SIGHUP: [libjvm.so+0xc647d0], sa_mask[0]=11111111011111111101111111111110, sa_flags=SA_RESTART|SA_SIGINFO
SIGINT: [libjvm.so+0xc647d0], sa_mask[0]=11111111011111111101111111111110, sa_flags=SA_RESTART|SA_SIGINFO
SIGTERM: [libjvm.so+0xc647d0], sa_mask[0]=11111111011111111101111111111110, sa_flags=SA_RESTART|SA_SIGINFO
SIGQUIT: [libjvm.so+0xc647d0], sa_mask[0]=11111111011111111101111111111110, sa_flags=SA_RESTART|SA_SIGINFO


---------------  S Y S T E M  ---------------

OS:DISTRIB_ID=Ubuntu
DISTRIB_RELEASE=20.04
DISTRIB_CODENAME=focal
DISTRIB_DESCRIPTION="Ubuntu 20.04.5 LTS"
uname:Linux 5.15.0-87-generic #97~20.04.1-Ubuntu SMP Thu Oct 5 08:25:28 UTC 2023 x86_64
OS uptime: 3 days 0:51 hours
libc:glibc 2.31 NPTL 2.31 
rlimit (soft/hard): STACK 8192k/infinity , CORE 0k/infinity , NPROC 77088/77088 , NOFILE 1048576/1048576 , AS infinity/infinity , CPU infinity/infinity , DATA infinity/infinity , FSIZE infinity/infinity , MEMLOCK 65536k/65536k
load average:0,85 0,90 1,06

/proc/meminfo:
MemTotal:       19869448 kB
MemFree:          883968 kB
MemAvailable:   10423548 kB
Buffers:         1025220 kB
Cached:          7998728 kB
SwapCached:          380 kB
Active:          5720444 kB
Inactive:       10779176 kB
Active(anon):     416620 kB
Inactive(anon):  8008500 kB
Active(file):    5303824 kB
Inactive(file):  2770676 kB
Unevictable:      168396 kB
Mlocked:              64 kB
SwapTotal:       1003516 kB
SwapFree:        1000532 kB
Dirty:             31456 kB
Writeback:             0 kB
AnonPages:       7643844 kB
Mapped:          1580224 kB
Shmem:            949448 kB
KReclaimable:    1828016 kB
Slab:            2078024 kB
SReclaimable:    1828016 kB
SUnreclaim:       250008 kB
KernelStack:       23200 kB
PageTables:        64944 kB
NFS_Unstable:          0 kB
Bounce:                0 kB
WritebackTmp:          0 kB
CommitLimit:    10938240 kB
Committed_AS:   18226068 kB
VmallocTotal:   34359738367 kB
VmallocUsed:       57608 kB
VmallocChunk:          0 kB
Percpu:             6240 kB
HardwareCorrupted:     0 kB
AnonHugePages:         0 kB
ShmemHugePages:        0 kB
ShmemPmdMapped:        0 kB
FileHugePages:         0 kB
FilePmdMapped:         0 kB
HugePages_Total:       0
HugePages_Free:        0
HugePages_Rsvd:        0
HugePages_Surp:        0
Hugepagesize:       2048 kB
Hugetlb:               0 kB
DirectMap4k:      723020 kB
DirectMap2M:    19634176 kB
DirectMap1G:           0 kB

/sys/kernel/mm/transparent_hugepage/enabled:
always [madvise] never
/sys/kernel/mm/transparent_hugepage/defrag (defrag/compaction efforts parameter):
always defer defer+madvise [madvise] never

Process Memory:
Virtual Size: 8172868K (peak: 8238404K)
Resident Set Size: 86816K (peak: 86816K) (anon: 60340K, file: 26476K, shmem: 0K)
Swapped out: 0K
C-Heap outstanding allocations: 17471K

/proc/sys/kernel/threads-max (system-wide limit on the number of threads):
154176
/proc/sys/vm/max_map_count (maximum number of memory map areas a process may have):
65530
/proc/sys/kernel/pid_max (system-wide limit on number of process identifiers):
4194304

container (cgroup) information:
container_type: cgroupv1
cpu_cpuset_cpus: 0-3
cpu_memory_nodes: 0
active_processor_count: 4
cpu_quota: -1
cpu_period: 100000
cpu_shares: -1
memory_limit_in_bytes: -1
memory_and_swap_limit_in_bytes: -1
memory_soft_limit_in_bytes: -1
memory_usage_in_bytes: 6234750976
memory_max_usage_in_bytes: 6920253440

Steal ticks since vm start: 0
Steal ticks percentage since vm start:  0,000

CPU:total 4 (initial active 4) (2 cores per cpu, 2 threads per core) family 6 model 78 stepping 3 microcode 0xf0, cmov, cx8, fxsr, mmx, sse, sse2, sse3, ssse3, sse4.1, sse4.2, popcnt, avx, avx2, aes, clmul, erms, 3dnowpref, lzcnt, ht, tsc, tscinvbit, bmi1, bmi2, adx, fma
CPU Model and flags from /proc/cpuinfo:
model name	: Intel(R) Core(TM) i7-6600U CPU @ 2.60GHz
flags		: fpu vme de pse tsc msr pae mce cx8 apic sep mtrr pge mca cmov pat pse36 clflush dts acpi mmx fxsr sse sse2 ss ht tm pbe syscall nx pdpe1gb rdtscp lm constant_tsc art arch_perfmon pebs bts rep_good nopl xtopology nonstop_tsc cpuid aperfmperf pni pclmulqdq dtes64 monitor ds_cpl vmx smx est tm2 ssse3 sdbg fma cx16 xtpr pdcm pcid sse4_1 sse4_2 x2apic movbe popcnt tsc_deadline_timer aes xsave avx f16c rdrand lahf_lm abm 3dnowprefetch cpuid_fault epb invpcid_single pti ssbd ibrs ibpb stibp tpr_shadow vnmi flexpriority ept vpid ept_ad fsgsbase tsc_adjust bmi1 avx2 smep bmi2 erms invpcid mpx rdseed adx smap clflushopt intel_pt xsaveopt xsavec xgetbv1 xsaves dtherm ida arat pln pts hwp hwp_notify hwp_act_window hwp_epp md_clear flush_l1d arch_capabilities
Online cpus:
0-3
Offline cpus:

BIOS frequency limitation:
<Not Available>
Frequency switch latency (ns):
0
Available cpu frequencies:
<Not Available>
Current governor:
powersave
Core performance/turbo boost:
<Not Available>

Memory: 4k page, physical 19869448k(883968k free), swap 1003516k(1000532k free)

vm_info: OpenJDK 64-Bit Server VM (11.0.15+9-LTS) for linux-amd64 JRE (11.0.15+9-LTS), built on Apr 15 2022 22:17:05 by "jenkins" with gcc 7.3.1 20180303 (Red Hat 7.3.1-5)

END.
