#
# A fatal error has been detected by the Java Runtime Environment:
#
#  SIGSEGV (0xb) at pc=0x00007f0a9c440717, pid=46767, tid=46768
#
# JRE version: OpenJDK Runtime Environment Corretto-11.0.15.9.1 (11.0.15+9) (build 11.0.15+9-LTS)
# Java VM: OpenJDK 64-Bit Server VM Corretto-11.0.15.9.1 (11.0.15+9-LTS, mixed mode, tiered, compressed oops, g1 gc, linux-amd64)
# Problematic frame:
# C  [libc.so.6+0x188717]
#
# Core dump will be written. Default location: Core dumps may be processed with "/usr/share/apport/apport -p%p -s%s -c%c -d%d -P%P -u%u -g%g -- %E" (or dumping to /home/janel/Desktop/Studium/Semester_6/Bachelorarbeit/nochmalneu/core.46767)
#
# If you would like to submit a bug report, please visit:
#   https://github.com/corretto/corretto-11/issues/
# The crash happened outside the Java Virtual Machine in native code.
# See problematic frame for where to report the bug.
#

---------------  S U M M A R Y ------------

Command Line: -ea -Didea.test.cyclic.buffer.size=1048576 -javaagent:/snap/intellij-idea-community/460/lib/idea_rt.jar=32869:/snap/intellij-idea-community/460/bin -Dfile.encoding=UTF-8 com.intellij.rt.junit.JUnitStarter -ideVersion5 -junit4 org.sosy_lab.java_smt.test.NumeralFormulaManagerTest

Host: Intel(R) Core(TM) i7-6600U CPU @ 2.60GHz, 4 cores, 18G, Ubuntu 20.04.5 LTS
Time: Mon Oct 16 16:13:35 2023 CEST elapsed time: 1.006373 seconds (0d 0h 0m 1s)

---------------  T H R E A D  ---------------

Current thread (0x00007f0a94029800):  JavaThread "main" [_thread_in_native, id=46768, stack(0x00007f0a9aa9e000,0x00007f0a9ab9f000)]

Stack: [0x00007f0a9aa9e000,0x00007f0a9ab9f000],  sp=0x00007f0a9ab9ba38,  free space=1014k
Native frames: (J=compiled Java code, A=aot compiled Java code, j=interpreted, Vv=VM code, C=native code)
C  [libc.so.6+0x188717]

Java frames: (J=compiled Java code, j=interpreted, Vv=VM code)
j  org.sosy_lab.java_smt.solvers.mathsat5.Mathsat5NativeApi.msat_term_repr(J)Ljava/lang/String;+0
j  org.sosy_lab.java_smt.solvers.mathsat5.Mathsat5Formula.toString()Ljava/lang/String;+4
J 830 c1 java.lang.String.valueOf(Ljava/lang/Object;)Ljava/lang/String; java.base@11.0.15 (14 bytes) @ 0x00007f0a7cf12f1c [0x00007f0a7cf12de0+0x000000000000013c]
J 999 c1 java.lang.invoke.DirectMethodHandle$Holder.invokeStatic(Ljava/lang/Object;Ljava/lang/Object;)Ljava/lang/Object; java.base@11.0.15 (14 bytes) @ 0x00007f0a7cf6b4bc [0x00007f0a7cf6b0e0+0x00000000000003dc]
j  java.lang.invoke.LambdaForm$MH.invoke(Ljava/lang/Object;Ljava/lang/Object;)Ljava/lang/Object;+15 java.base@11.0.15
j  java.lang.invoke.LambdaForm$MH.invoke(Ljava/lang/Object;Ljava/lang/Object;)Ljava/lang/Object;+15 java.base@11.0.15
J 1063 c1 java.lang.invoke.Invokers$Holder.linkToTargetMethod(Ljava/lang/Object;Ljava/lang/Object;)Ljava/lang/Object; java.base@11.0.15 (9 bytes) @ 0x00007f0a7cf85f0c [0x00007f0a7cf85c60+0x00000000000002ac]
j  org.sosy_lab.java_smt.utils.Generator.logAddConstraint(Lorg/sosy_lab/java_smt/api/BooleanFormula;)V+127
j  org.sosy_lab.java_smt.basicimpl.AbstractProver.addConstraint(Lorg/sosy_lab/java_smt/api/BooleanFormula;)Ljava/lang/Object;+33
j  org.sosy_lab.java_smt.solvers.mathsat5.Mathsat5TheoremProver.addConstraint(Lorg/sosy_lab/java_smt/api/BooleanFormula;)Ljava/lang/Void;+17
j  org.sosy_lab.java_smt.solvers.mathsat5.Mathsat5TheoremProver.addConstraint(Lorg/sosy_lab/java_smt/api/BooleanFormula;)Ljava/lang/Object;+2
j  org.sosy_lab.java_smt.api.BasicProverEnvironment.push(Lorg/sosy_lab/java_smt/api/BooleanFormula;)Ljava/lang/Object;+8
j  org.sosy_lab.java_smt.test.BooleanFormulaSubject.checkIsUnsat(Lorg/sosy_lab/java_smt/api/BooleanFormula;Lcom/google/common/truth/Fact;)V+22
j  org.sosy_lab.java_smt.test.BooleanFormulaSubject.isUnsatisfiable()V+62
j  org.sosy_lab.java_smt.test.NumeralFormulaManagerTest.distinctTest3()V+170
v  ~StubRoutines::call_stub
j  jdk.internal.reflect.NativeMethodAccessorImpl.invoke0(Ljava/lang/reflect/Method;Ljava/lang/Object;[Ljava/lang/Object;)Ljava/lang/Object;+0 java.base@11.0.15
j  jdk.internal.reflect.NativeMethodAccessorImpl.invoke(Ljava/lang/Object;[Ljava/lang/Object;)Ljava/lang/Object;+100 java.base@11.0.15
j  jdk.internal.reflect.DelegatingMethodAccessorImpl.invoke(Ljava/lang/Object;[Ljava/lang/Object;)Ljava/lang/Object;+6 java.base@11.0.15
j  java.lang.reflect.Method.invoke(Ljava/lang/Object;[Ljava/lang/Object;)Ljava/lang/Object;+59 java.base@11.0.15
j  org.junit.runners.model.FrameworkMethod$1.runReflectiveCall()Ljava/lang/Object;+15
j  org.junit.internal.runners.model.ReflectiveCallable.run()Ljava/lang/Object;+1
j  org.junit.runners.model.FrameworkMethod.invokeExplosively(Ljava/lang/Object;[Ljava/lang/Object;)Ljava/lang/Object;+10
j  org.junit.internal.runners.statements.InvokeMethod.evaluate()V+12
j  org.junit.internal.runners.statements.RunBefores.evaluate()V+41
j  org.junit.internal.runners.statements.RunAfters.evaluate()V+12
j  org.junit.runners.ParentRunner$3.evaluate()V+4
j  org.junit.runners.BlockJUnit4ClassRunner$1.evaluate()V+11
j  org.junit.runners.ParentRunner.runLeaf(Lorg/junit/runners/model/Statement;Lorg/junit/runner/Description;Lorg/junit/runner/notification/RunNotifier;)V+17
j  org.junit.runners.BlockJUnit4ClassRunner.runChild(Lorg/junit/runners/model/FrameworkMethod;Lorg/junit/runner/notification/RunNotifier;)V+38
j  org.junit.runners.BlockJUnit4ClassRunner.runChild(Ljava/lang/Object;Lorg/junit/runner/notification/RunNotifier;)V+6
j  org.junit.runners.ParentRunner$4.run()V+12
j  org.junit.runners.ParentRunner$1.schedule(Ljava/lang/Runnable;)V+1
j  org.junit.runners.ParentRunner.runChildren(Lorg/junit/runner/notification/RunNotifier;)V+44
j  org.junit.runners.ParentRunner.access$100(Lorg/junit/runners/ParentRunner;Lorg/junit/runner/notification/RunNotifier;)V+2
j  org.junit.runners.ParentRunner$2.evaluate()V+8
j  org.junit.runners.ParentRunner.run(Lorg/junit/runner/notification/RunNotifier;)V+24
j  org.junit.runners.Suite.runChild(Lorg/junit/runner/Runner;Lorg/junit/runner/notification/RunNotifier;)V+2
j  org.junit.runners.Suite.runChild(Ljava/lang/Object;Lorg/junit/runner/notification/RunNotifier;)V+6
j  org.junit.runners.ParentRunner$4.run()V+12
j  org.junit.runners.ParentRunner$1.schedule(Ljava/lang/Runnable;)V+1
j  org.junit.runners.ParentRunner.runChildren(Lorg/junit/runner/notification/RunNotifier;)V+44
j  org.junit.runners.ParentRunner.access$100(Lorg/junit/runners/ParentRunner;Lorg/junit/runner/notification/RunNotifier;)V+2
j  org.junit.runners.ParentRunner$2.evaluate()V+8
j  org.junit.runners.ParentRunner$3.evaluate()V+4
j  org.junit.runners.ParentRunner.run(Lorg/junit/runner/notification/RunNotifier;)V+24
j  org.junit.runner.JUnitCore.run(Lorg/junit/runner/Runner;)Lorg/junit/runner/Result;+37
j  com.intellij.junit4.JUnit4IdeaTestRunner.startRunnerWithArgs([Ljava/lang/String;Ljava/lang/String;IZ)I+166
j  com.intellij.rt.junit.IdeaTestRunner$Repeater$1.execute(Z)I+17
j  com.intellij.rt.execution.junit.TestsRepeater.repeat(IZLcom/intellij/rt/execution/junit/TestsRepeater$TestRun;)I+7
j  com.intellij.rt.junit.IdeaTestRunner$Repeater.startRunnerWithArgs(Lcom/intellij/rt/junit/IdeaTestRunner;[Ljava/lang/String;Ljava/util/ArrayList;Ljava/lang/String;IZ)I+25
j  com.intellij.rt.junit.JUnitStarter.prepareStreamsAndStart([Ljava/lang/String;Ljava/lang/String;Ljava/util/ArrayList;Ljava/lang/String;)I+117
j  com.intellij.rt.junit.JUnitStarter.main([Ljava/lang/String;)V+97
v  ~StubRoutines::call_stub

siginfo: si_signo: 11 (SIGSEGV), si_code: 128 (SI_KERNEL), si_addr: 0x0000000000000000

Register to memory mapping:

RAX=0x00007f0a9482a7d0 points into unknown readable memory: 0x646f6d5f6c6f6f62 | 62 6f 6f 6c 5f 6d 6f 64
RBX=0x00007f0a9ab9baa0 is pointing into the stack for thread: 0x00007f0a94029800
RCX=0x0000000000000005 is an unknown value
RDX=0x72656e65675f6c65 is an unknown value
RSP=0x00007f0a9ab9ba38 is pointing into the stack for thread: 0x00007f0a94029800
RBP=0x00007f0a9ab9bc60 is pointing into the stack for thread: 0x00007f0a94029800
RSI=0x0 is NULL
RDI=0x72656e65675f6c60 is an unknown value
R8 =0x00007f0a65dfd760: <offset 0x0000000000b24760> in /home/janel/Desktop/Studium/Semester_6/Bachelorarbeit/nochmalneu/lib/java/runtime-mathsat/libmathsat5j.so at 0x00007f0a652d9000
R9 =0x00007f0a65de0208: _ZTINSt6locale5facetE+0x0000000000000000 in /home/janel/Desktop/Studium/Semester_6/Bachelorarbeit/nochmalneu/lib/java/runtime-mathsat/libmathsat5j.so at 0x00007f0a652d9000
R10=0x00007f0a7c82d9e1 is at code_begin+897 in an Interpreter codelet
method entry point (kind = native)  [0x00007f0a7c82d660, 0x00007f0a7c82dfe0]  2432 bytes
R11=0x00007f0a65dfd7c0: <offset 0x0000000000b247c0> in /home/janel/Desktop/Studium/Semester_6/Bachelorarbeit/nochmalneu/lib/java/runtime-mathsat/libmathsat5j.so at 0x00007f0a652d9000
R12=0x00007f0a947ad0a8 points into unknown readable memory: 0x7600746961776769 | 69 67 77 61 69 74 00 76
R13=0x72656e65675f6c65 is an unknown value
R14=0x00007f0a9ab9baa0 is pointing into the stack for thread: 0x00007f0a94029800
R15=0x00007f0a9ab9ba80 is pointing into the stack for thread: 0x00007f0a94029800


Registers:
RAX=0x00007f0a9482a7d0, RBX=0x00007f0a9ab9baa0, RCX=0x0000000000000005, RDX=0x72656e65675f6c65
RSP=0x00007f0a9ab9ba38, RBP=0x00007f0a9ab9bc60, RSI=0x0000000000000000, RDI=0x72656e65675f6c60
R8 =0x00007f0a65dfd760, R9 =0x00007f0a65de0208, R10=0x00007f0a7c82d9e1, R11=0x00007f0a65dfd7c0
R12=0x00007f0a947ad0a8, R13=0x72656e65675f6c65, R14=0x00007f0a9ab9baa0, R15=0x00007f0a9ab9ba80
RIP=0x00007f0a9c440717, EFLAGS=0x0000000000010206, CSGSFS=0x002b000000000033, ERR=0x0000000000000000
  TRAPNO=0x000000000000000d

Top of Stack: (sp=0x00007f0a9ab9ba38)
0x00007f0a9ab9ba38:   00007f0a65539d0f 00007f0a9ab9bc50
0x00007f0a9ab9ba48:   00007f0a9ab9ba90 00000006e39f6488
0x00007f0a9ab9ba58:   00000006e2b5ea00 000028000000000f
0x00007f0a9ab9ba68:   0000000000000000 00000006e39f6338 

Instructions: (pc=0x00007f0a9c440717)
0x00007f0a9c440617:   0f c5 fd 74 d1 48 83 c7 20 c5 dd 74 d9 c5 fd d7
0x00007f0a9c440627:   ca c5 fd d7 c3 09 c1 74 90 85 c0 75 1c 85 d2 0f
0x00007f0a9c440637:   84 84 00 00 00 89 d0 48 89 f7 0f bd c0 48 8d 44
0x00007f0a9c440647:   07 e0 c5 f8 77 c3 0f 1f 00 c5 fd d7 ca 85 c9 75
0x00007f0a9c440657:   18 89 c2 48 89 fe e9 5e ff ff ff 66 66 2e 0f 1f
0x00007f0a9c440667:   84 00 00 00 00 00 0f 1f 00 41 89 c8 41 83 e8 01
0x00007f0a9c440677:   41 31 c8 44 21 c0 85 c0 74 b3 0f bd c0 48 8d 44
0x00007f0a9c440687:   07 e0 c5 f8 77 c3 0f 1f 00 48 01 cf 89 d1 41 89
0x00007f0a9c440697:   c8 41 83 e8 01 41 31 c8 44 21 c0 85 c0 74 1a 0f
0x00007f0a9c4406a7:   bd c0 48 8d 44 07 e0 c5 f8 77 c3 66 66 2e 0f 1f
0x00007f0a9c4406b7:   84 00 00 00 00 00 0f 1f 00 31 c0 c5 f8 77 c3 66
0x00007f0a9c4406c7:   2e 0f 1f 84 00 00 00 00 00 f3 0f 1e fa 89 f9 48
0x00007f0a9c4406d7:   89 fa c5 f9 ef c0 83 e1 3f 83 f9 20 77 2b c5 fd
0x00007f0a9c4406e7:   74 0f c5 fd d7 c1 85 c0 0f 85 eb 00 00 00 48 83
0x00007f0a9c4406f7:   c7 20 83 e1 1f 48 83 e7 e0 eb 42 66 66 2e 0f 1f
0x00007f0a9c440707:   84 00 00 00 00 00 0f 1f 00 83 e1 1f 48 83 e7 e0
0x00007f0a9c440717:   c5 fd 74 0f c5 fd d7 c1 d3 f8 85 c0 74 1b f3 0f
0x00007f0a9c440727:   bc c0 48 01 f8 48 01 c8 48 29 d0 c5 f8 77 c3 66
0x00007f0a9c440737:   2e 0f 1f 84 00 00 00 00 00 48 83 c7 20 c5 fd 74
0x00007f0a9c440747:   0f c5 fd d7 c1 85 c0 0f 85 8c 00 00 00 c5 fd 74
0x00007f0a9c440757:   4f 20 c5 fd d7 c1 85 c0 0f 85 8b 00 00 00 c5 fd
0x00007f0a9c440767:   74 4f 40 c5 fd d7 c1 85 c0 0f 85 9a 00 00 00 c5
0x00007f0a9c440777:   fd 74 4f 60 c5 fd d7 c1 85 c0 0f 85 d5 00 00 00
0x00007f0a9c440787:   48 81 c7 80 00 00 00 48 89 f9 83 e1 7f 48 83 e7
0x00007f0a9c440797:   80 0f 1f 84 00 00 00 00 00 c5 fd 6f 0f c5 fd 6f
0x00007f0a9c4407a7:   57 20 c5 fd 6f 5f 40 c5 fd 6f 67 60 c5 ed da e9
0x00007f0a9c4407b7:   c5 dd da f3 c5 cd da ed c5 fd 74 ed c5 fd d7 c5
0x00007f0a9c4407c7:   85 c0 75 65 48 81 c7 80 00 00 00 eb cc 66 66 2e
0x00007f0a9c4407d7:   0f 1f 84 00 00 00 00 00 90 f3 0f bc c0 48 01 f8
0x00007f0a9c4407e7:   48 29 d0 c5 f8 77 c3 66 90 f3 0f bc c0 48 83 c0
0x00007f0a9c4407f7:   20 48 01 f8 48 29 d0 c5 f8 77 c3 66 66 2e 0f 1f
0x00007f0a9c440807:   84 00 00 00 00 00 0f 1f 00 f3 0f bc c0 48 83 c0 


Stack slot to memory mapping:
stack at sp + 0 slots: 0x00007f0a65539d0f: _ZNK4msat5Term_6to_strB5cxx11Ev+0x00000000000001af in /home/janel/Desktop/Studium/Semester_6/Bachelorarbeit/nochmalneu/lib/java/runtime-mathsat/libmathsat5j.so at 0x00007f0a652d9000
stack at sp + 1 slots: 0x00007f0a9ab9bc50 is pointing into the stack for thread: 0x00007f0a94029800
stack at sp + 2 slots: 0x00007f0a9ab9ba90 is pointing into the stack for thread: 0x00007f0a94029800
stack at sp + 3 slots: 0x00000006e39f6488 is pointing into object: [Ljava.lang.Object; 
{0x00000006e39f6478} - klass: 'java/lang/Object'[]
 - length: 22
stack at sp + 4 slots: 0x00000006e2b5ea00 is an oop: java.lang.Class 
{0x00000006e2b5ea00} - klass: 'java/lang/Class'
stack at sp + 5 slots: 0x000028000000000f is an unknown value
stack at sp + 6 slots: 0x0 is NULL
stack at sp + 7 slots: 0x00000006e39f6338 is pointing into object: [Ljava.lang.Object; 
{0x00000006e39f62f8} - klass: 'java/lang/Object'[]
 - length: 15


---------------  P R O C E S S  ---------------

Threads class SMR info:
_java_thread_list=0x00007f0a400df340, length=11, elements={
0x00007f0a94029800, 0x00007f0a942b0000, 0x00007f0a942b4000, 0x00007f0a942c9000,
0x00007f0a942cb000, 0x00007f0a942cd800, 0x00007f0a942cf800, 0x00007f0a942d1800,
0x00007f0a94365000, 0x00007f0a9444c000, 0x00007f0a400dd800
}

Java Threads: ( => current thread )
=>0x00007f0a94029800 JavaThread "main" [_thread_in_native, id=46768, stack(0x00007f0a9aa9e000,0x00007f0a9ab9f000)]
  0x00007f0a942b0000 JavaThread "Reference Handler" daemon [_thread_blocked, id=46781, stack(0x00007f0a7c295000,0x00007f0a7c396000)]
  0x00007f0a942b4000 JavaThread "Finalizer" daemon [_thread_blocked, id=46782, stack(0x00007f0a7c194000,0x00007f0a7c295000)]
  0x00007f0a942c9000 JavaThread "Signal Dispatcher" daemon [_thread_blocked, id=46790, stack(0x00007f0a7c093000,0x00007f0a7c194000)]
  0x00007f0a942cb000 JavaThread "Service Thread" daemon [_thread_blocked, id=46791, stack(0x00007f0a6d01b000,0x00007f0a6d11c000)]
  0x00007f0a942cd800 JavaThread "C2 CompilerThread0" daemon [_thread_in_native, id=46792, stack(0x00007f0a6cf1a000,0x00007f0a6d01b000)]
  0x00007f0a942cf800 JavaThread "C1 CompilerThread0" daemon [_thread_blocked, id=46793, stack(0x00007f0a6ce19000,0x00007f0a6cf1a000)]
  0x00007f0a942d1800 JavaThread "Sweeper thread" daemon [_thread_blocked, id=46794, stack(0x00007f0a6cd18000,0x00007f0a6ce19000)]
  0x00007f0a94365000 JavaThread "Common-Cleaner" daemon [_thread_blocked, id=46797, stack(0x00007f0a6cc17000,0x00007f0a6cd18000)]
  0x00007f0a9444c000 JavaThread "Monitor Ctrl-Break" daemon [_thread_in_native, id=46799, stack(0x00007f0a6c6ed000,0x00007f0a6c7ee000)]
  0x00007f0a400dd800 JavaThread "C2 CompilerThread1" daemon [_thread_blocked, id=46801, stack(0x00007f0a6c0e7000,0x00007f0a6c1e8000)]

Other Threads:
  0x00007f0a942a8000 VMThread "VM Thread" [stack: 0x00007f0a7c398000,0x00007f0a7c498000] [id=46779]
  0x00007f0a9444d800 WatcherThread [stack: 0x00007f0a6c5ed000,0x00007f0a6c6ed000] [id=46800]
  0x00007f0a94041000 GCTaskThread "GC Thread#0" [stack: 0x00007f0a99d2a000,0x00007f0a99e2a000] [id=46772]
  0x00007f0a58001000 GCTaskThread "GC Thread#1" [stack: 0x00007f0a650d9000,0x00007f0a651d9000] [id=46805]
  0x00007f0a58002800 GCTaskThread "GC Thread#2" [stack: 0x00007f0a64fd7000,0x00007f0a650d7000] [id=46806]
  0x00007f0a58004000 GCTaskThread "GC Thread#3" [stack: 0x00007f0a64ed5000,0x00007f0a64fd5000] [id=46807]
  0x00007f0a940b2800 ConcurrentGCThread "G1 Main Marker" [stack: 0x00007f0a9848e000,0x00007f0a9858e000] [id=46773]
  0x00007f0a940b4800 ConcurrentGCThread "G1 Conc#0" [stack: 0x00007f0a9838c000,0x00007f0a9848c000] [id=46774]
  0x00007f0a941db800 ConcurrentGCThread "G1 Refine#0" [stack: 0x00007f0a7c61d000,0x00007f0a7c71d000] [id=46775]
  0x00007f0a941dd800 ConcurrentGCThread "G1 Young RemSet Sampling" [stack: 0x00007f0a7c51b000,0x00007f0a7c61b000] [id=46776]

Threads with active compile tasks:
C2 CompilerThread0     1023  966       4       jdk.internal.org.objectweb.asm.Frame::execute (2264 bytes)

VM state:not at safepoint (normal execution)

VM Mutex/Monitor currently owned by a thread: None

Heap address: 0x00000006d0c00000, size: 4852 MB, Compressed Oops mode: Zero based, Oop shift amount: 3
Narrow klass base: 0x0000000800000000, Narrow klass shift: 0
Compressed class space size: 1073741824 Address: 0x0000000800000000

Heap:
 garbage-first heap   total 311296K, used 5031K [0x00000006d0c00000, 0x0000000800000000)
  region size 1024K, 5 young (5120K), 2 survivors (2048K)
 Metaspace       used 12663K, capacity 12987K, committed 13184K, reserved 1060864K
  class space    used 1285K, capacity 1391K, committed 1408K, reserved 1048576K
Heap Regions: E=young(eden), S=young(survivor), O=old, HS=humongous(starts), HC=humongous(continues), CS=collection set, F=free, A=archive, TAMS=top-at-mark-start (previous, next)
|   0|0x00000006d0c00000, 0x00000006d0ce9e00, 0x00000006d0d00000| 91%| O|  |TAMS 0x00000006d0c00000, 0x00000006d0c00000| Untracked 
|   1|0x00000006d0d00000, 0x00000006d0d00000, 0x00000006d0e00000|  0%| F|  |TAMS 0x00000006d0d00000, 0x00000006d0d00000| Untracked 
|   2|0x00000006d0e00000, 0x00000006d0e00000, 0x00000006d0f00000|  0%| F|  |TAMS 0x00000006d0e00000, 0x00000006d0e00000| Untracked 
|   3|0x00000006d0f00000, 0x00000006d0f00000, 0x00000006d1000000|  0%| F|  |TAMS 0x00000006d0f00000, 0x00000006d0f00000| Untracked 
|   4|0x00000006d1000000, 0x00000006d1000000, 0x00000006d1100000|  0%| F|  |TAMS 0x00000006d1000000, 0x00000006d1000000| Untracked 
|   5|0x00000006d1100000, 0x00000006d1100000, 0x00000006d1200000|  0%| F|  |TAMS 0x00000006d1100000, 0x00000006d1100000| Untracked 
|   6|0x00000006d1200000, 0x00000006d1200000, 0x00000006d1300000|  0%| F|  |TAMS 0x00000006d1200000, 0x00000006d1200000| Untracked 
|   7|0x00000006d1300000, 0x00000006d1300000, 0x00000006d1400000|  0%| F|  |TAMS 0x00000006d1300000, 0x00000006d1300000| Untracked 
|   8|0x00000006d1400000, 0x00000006d1400000, 0x00000006d1500000|  0%| F|  |TAMS 0x00000006d1400000, 0x00000006d1400000| Untracked 
|   9|0x00000006d1500000, 0x00000006d1500000, 0x00000006d1600000|  0%| F|  |TAMS 0x00000006d1500000, 0x00000006d1500000| Untracked 
|  10|0x00000006d1600000, 0x00000006d1600000, 0x00000006d1700000|  0%| F|  |TAMS 0x00000006d1600000, 0x00000006d1600000| Untracked 
|  11|0x00000006d1700000, 0x00000006d1700000, 0x00000006d1800000|  0%| F|  |TAMS 0x00000006d1700000, 0x00000006d1700000| Untracked 
|  12|0x00000006d1800000, 0x00000006d1800000, 0x00000006d1900000|  0%| F|  |TAMS 0x00000006d1800000, 0x00000006d1800000| Untracked 
|  13|0x00000006d1900000, 0x00000006d1900000, 0x00000006d1a00000|  0%| F|  |TAMS 0x00000006d1900000, 0x00000006d1900000| Untracked 
|  14|0x00000006d1a00000, 0x00000006d1a00000, 0x00000006d1b00000|  0%| F|  |TAMS 0x00000006d1a00000, 0x00000006d1a00000| Untracked 
|  15|0x00000006d1b00000, 0x00000006d1b00000, 0x00000006d1c00000|  0%| F|  |TAMS 0x00000006d1b00000, 0x00000006d1b00000| Untracked 
|  16|0x00000006d1c00000, 0x00000006d1c00000, 0x00000006d1d00000|  0%| F|  |TAMS 0x00000006d1c00000, 0x00000006d1c00000| Untracked 
|  17|0x00000006d1d00000, 0x00000006d1d00000, 0x00000006d1e00000|  0%| F|  |TAMS 0x00000006d1d00000, 0x00000006d1d00000| Untracked 
|  18|0x00000006d1e00000, 0x00000006d1e00000, 0x00000006d1f00000|  0%| F|  |TAMS 0x00000006d1e00000, 0x00000006d1e00000| Untracked 
|  19|0x00000006d1f00000, 0x00000006d1f00000, 0x00000006d2000000|  0%| F|  |TAMS 0x00000006d1f00000, 0x00000006d1f00000| Untracked 
|  20|0x00000006d2000000, 0x00000006d2000000, 0x00000006d2100000|  0%| F|  |TAMS 0x00000006d2000000, 0x00000006d2000000| Untracked 
|  21|0x00000006d2100000, 0x00000006d2100000, 0x00000006d2200000|  0%| F|  |TAMS 0x00000006d2100000, 0x00000006d2100000| Untracked 
|  22|0x00000006d2200000, 0x00000006d2200000, 0x00000006d2300000|  0%| F|  |TAMS 0x00000006d2200000, 0x00000006d2200000| Untracked 
|  23|0x00000006d2300000, 0x00000006d2300000, 0x00000006d2400000|  0%| F|  |TAMS 0x00000006d2300000, 0x00000006d2300000| Untracked 
|  24|0x00000006d2400000, 0x00000006d2400000, 0x00000006d2500000|  0%| F|  |TAMS 0x00000006d2400000, 0x00000006d2400000| Untracked 
|  25|0x00000006d2500000, 0x00000006d2500000, 0x00000006d2600000|  0%| F|  |TAMS 0x00000006d2500000, 0x00000006d2500000| Untracked 
|  26|0x00000006d2600000, 0x00000006d2600000, 0x00000006d2700000|  0%| F|  |TAMS 0x00000006d2600000, 0x00000006d2600000| Untracked 
|  27|0x00000006d2700000, 0x00000006d2700000, 0x00000006d2800000|  0%| F|  |TAMS 0x00000006d2700000, 0x00000006d2700000| Untracked 
|  28|0x00000006d2800000, 0x00000006d2800000, 0x00000006d2900000|  0%| F|  |TAMS 0x00000006d2800000, 0x00000006d2800000| Untracked 
|  29|0x00000006d2900000, 0x00000006d2900000, 0x00000006d2a00000|  0%| F|  |TAMS 0x00000006d2900000, 0x00000006d2900000| Untracked 
|  30|0x00000006d2a00000, 0x00000006d2a00000, 0x00000006d2b00000|  0%| F|  |TAMS 0x00000006d2a00000, 0x00000006d2a00000| Untracked 
|  31|0x00000006d2b00000, 0x00000006d2b00000, 0x00000006d2c00000|  0%| F|  |TAMS 0x00000006d2b00000, 0x00000006d2b00000| Untracked 
|  32|0x00000006d2c00000, 0x00000006d2c00000, 0x00000006d2d00000|  0%| F|  |TAMS 0x00000006d2c00000, 0x00000006d2c00000| Untracked 
|  33|0x00000006d2d00000, 0x00000006d2d00000, 0x00000006d2e00000|  0%| F|  |TAMS 0x00000006d2d00000, 0x00000006d2d00000| Untracked 
|  34|0x00000006d2e00000, 0x00000006d2e00000, 0x00000006d2f00000|  0%| F|  |TAMS 0x00000006d2e00000, 0x00000006d2e00000| Untracked 
|  35|0x00000006d2f00000, 0x00000006d2f00000, 0x00000006d3000000|  0%| F|  |TAMS 0x00000006d2f00000, 0x00000006d2f00000| Untracked 
|  36|0x00000006d3000000, 0x00000006d3000000, 0x00000006d3100000|  0%| F|  |TAMS 0x00000006d3000000, 0x00000006d3000000| Untracked 
|  37|0x00000006d3100000, 0x00000006d3100000, 0x00000006d3200000|  0%| F|  |TAMS 0x00000006d3100000, 0x00000006d3100000| Untracked 
|  38|0x00000006d3200000, 0x00000006d3200000, 0x00000006d3300000|  0%| F|  |TAMS 0x00000006d3200000, 0x00000006d3200000| Untracked 
|  39|0x00000006d3300000, 0x00000006d3300000, 0x00000006d3400000|  0%| F|  |TAMS 0x00000006d3300000, 0x00000006d3300000| Untracked 
|  40|0x00000006d3400000, 0x00000006d3400000, 0x00000006d3500000|  0%| F|  |TAMS 0x00000006d3400000, 0x00000006d3400000| Untracked 
|  41|0x00000006d3500000, 0x00000006d3500000, 0x00000006d3600000|  0%| F|  |TAMS 0x00000006d3500000, 0x00000006d3500000| Untracked 
|  42|0x00000006d3600000, 0x00000006d3600000, 0x00000006d3700000|  0%| F|  |TAMS 0x00000006d3600000, 0x00000006d3600000| Untracked 
|  43|0x00000006d3700000, 0x00000006d3700000, 0x00000006d3800000|  0%| F|  |TAMS 0x00000006d3700000, 0x00000006d3700000| Untracked 
|  44|0x00000006d3800000, 0x00000006d3800000, 0x00000006d3900000|  0%| F|  |TAMS 0x00000006d3800000, 0x00000006d3800000| Untracked 
|  45|0x00000006d3900000, 0x00000006d3900000, 0x00000006d3a00000|  0%| F|  |TAMS 0x00000006d3900000, 0x00000006d3900000| Untracked 
|  46|0x00000006d3a00000, 0x00000006d3a00000, 0x00000006d3b00000|  0%| F|  |TAMS 0x00000006d3a00000, 0x00000006d3a00000| Untracked 
|  47|0x00000006d3b00000, 0x00000006d3b00000, 0x00000006d3c00000|  0%| F|  |TAMS 0x00000006d3b00000, 0x00000006d3b00000| Untracked 
|  48|0x00000006d3c00000, 0x00000006d3c00000, 0x00000006d3d00000|  0%| F|  |TAMS 0x00000006d3c00000, 0x00000006d3c00000| Untracked 
|  49|0x00000006d3d00000, 0x00000006d3d00000, 0x00000006d3e00000|  0%| F|  |TAMS 0x00000006d3d00000, 0x00000006d3d00000| Untracked 
|  50|0x00000006d3e00000, 0x00000006d3e00000, 0x00000006d3f00000|  0%| F|  |TAMS 0x00000006d3e00000, 0x00000006d3e00000| Untracked 
|  51|0x00000006d3f00000, 0x00000006d3f00000, 0x00000006d4000000|  0%| F|  |TAMS 0x00000006d3f00000, 0x00000006d3f00000| Untracked 
|  52|0x00000006d4000000, 0x00000006d4000000, 0x00000006d4100000|  0%| F|  |TAMS 0x00000006d4000000, 0x00000006d4000000| Untracked 
|  53|0x00000006d4100000, 0x00000006d4100000, 0x00000006d4200000|  0%| F|  |TAMS 0x00000006d4100000, 0x00000006d4100000| Untracked 
|  54|0x00000006d4200000, 0x00000006d4200000, 0x00000006d4300000|  0%| F|  |TAMS 0x00000006d4200000, 0x00000006d4200000| Untracked 
|  55|0x00000006d4300000, 0x00000006d4300000, 0x00000006d4400000|  0%| F|  |TAMS 0x00000006d4300000, 0x00000006d4300000| Untracked 
|  56|0x00000006d4400000, 0x00000006d4400000, 0x00000006d4500000|  0%| F|  |TAMS 0x00000006d4400000, 0x00000006d4400000| Untracked 
|  57|0x00000006d4500000, 0x00000006d4500000, 0x00000006d4600000|  0%| F|  |TAMS 0x00000006d4500000, 0x00000006d4500000| Untracked 
|  58|0x00000006d4600000, 0x00000006d4600000, 0x00000006d4700000|  0%| F|  |TAMS 0x00000006d4600000, 0x00000006d4600000| Untracked 
|  59|0x00000006d4700000, 0x00000006d4700000, 0x00000006d4800000|  0%| F|  |TAMS 0x00000006d4700000, 0x00000006d4700000| Untracked 
|  60|0x00000006d4800000, 0x00000006d4800000, 0x00000006d4900000|  0%| F|  |TAMS 0x00000006d4800000, 0x00000006d4800000| Untracked 
|  61|0x00000006d4900000, 0x00000006d4900000, 0x00000006d4a00000|  0%| F|  |TAMS 0x00000006d4900000, 0x00000006d4900000| Untracked 
|  62|0x00000006d4a00000, 0x00000006d4a00000, 0x00000006d4b00000|  0%| F|  |TAMS 0x00000006d4a00000, 0x00000006d4a00000| Untracked 
|  63|0x00000006d4b00000, 0x00000006d4b00000, 0x00000006d4c00000|  0%| F|  |TAMS 0x00000006d4b00000, 0x00000006d4b00000| Untracked 
|  64|0x00000006d4c00000, 0x00000006d4c00000, 0x00000006d4d00000|  0%| F|  |TAMS 0x00000006d4c00000, 0x00000006d4c00000| Untracked 
|  65|0x00000006d4d00000, 0x00000006d4d00000, 0x00000006d4e00000|  0%| F|  |TAMS 0x00000006d4d00000, 0x00000006d4d00000| Untracked 
|  66|0x00000006d4e00000, 0x00000006d4e00000, 0x00000006d4f00000|  0%| F|  |TAMS 0x00000006d4e00000, 0x00000006d4e00000| Untracked 
|  67|0x00000006d4f00000, 0x00000006d4f00000, 0x00000006d5000000|  0%| F|  |TAMS 0x00000006d4f00000, 0x00000006d4f00000| Untracked 
|  68|0x00000006d5000000, 0x00000006d5000000, 0x00000006d5100000|  0%| F|  |TAMS 0x00000006d5000000, 0x00000006d5000000| Untracked 
|  69|0x00000006d5100000, 0x00000006d5100000, 0x00000006d5200000|  0%| F|  |TAMS 0x00000006d5100000, 0x00000006d5100000| Untracked 
|  70|0x00000006d5200000, 0x00000006d5200000, 0x00000006d5300000|  0%| F|  |TAMS 0x00000006d5200000, 0x00000006d5200000| Untracked 
|  71|0x00000006d5300000, 0x00000006d5300000, 0x00000006d5400000|  0%| F|  |TAMS 0x00000006d5300000, 0x00000006d5300000| Untracked 
|  72|0x00000006d5400000, 0x00000006d5400000, 0x00000006d5500000|  0%| F|  |TAMS 0x00000006d5400000, 0x00000006d5400000| Untracked 
|  73|0x00000006d5500000, 0x00000006d5500000, 0x00000006d5600000|  0%| F|  |TAMS 0x00000006d5500000, 0x00000006d5500000| Untracked 
|  74|0x00000006d5600000, 0x00000006d5600000, 0x00000006d5700000|  0%| F|  |TAMS 0x00000006d5600000, 0x00000006d5600000| Untracked 
|  75|0x00000006d5700000, 0x00000006d5700000, 0x00000006d5800000|  0%| F|  |TAMS 0x00000006d5700000, 0x00000006d5700000| Untracked 
|  76|0x00000006d5800000, 0x00000006d5800000, 0x00000006d5900000|  0%| F|  |TAMS 0x00000006d5800000, 0x00000006d5800000| Untracked 
|  77|0x00000006d5900000, 0x00000006d5900000, 0x00000006d5a00000|  0%| F|  |TAMS 0x00000006d5900000, 0x00000006d5900000| Untracked 
|  78|0x00000006d5a00000, 0x00000006d5a00000, 0x00000006d5b00000|  0%| F|  |TAMS 0x00000006d5a00000, 0x00000006d5a00000| Untracked 
|  79|0x00000006d5b00000, 0x00000006d5b00000, 0x00000006d5c00000|  0%| F|  |TAMS 0x00000006d5b00000, 0x00000006d5b00000| Untracked 
|  80|0x00000006d5c00000, 0x00000006d5c00000, 0x00000006d5d00000|  0%| F|  |TAMS 0x00000006d5c00000, 0x00000006d5c00000| Untracked 
|  81|0x00000006d5d00000, 0x00000006d5d00000, 0x00000006d5e00000|  0%| F|  |TAMS 0x00000006d5d00000, 0x00000006d5d00000| Untracked 
|  82|0x00000006d5e00000, 0x00000006d5e00000, 0x00000006d5f00000|  0%| F|  |TAMS 0x00000006d5e00000, 0x00000006d5e00000| Untracked 
|  83|0x00000006d5f00000, 0x00000006d5f00000, 0x00000006d6000000|  0%| F|  |TAMS 0x00000006d5f00000, 0x00000006d5f00000| Untracked 
|  84|0x00000006d6000000, 0x00000006d6000000, 0x00000006d6100000|  0%| F|  |TAMS 0x00000006d6000000, 0x00000006d6000000| Untracked 
|  85|0x00000006d6100000, 0x00000006d6100000, 0x00000006d6200000|  0%| F|  |TAMS 0x00000006d6100000, 0x00000006d6100000| Untracked 
|  86|0x00000006d6200000, 0x00000006d6200000, 0x00000006d6300000|  0%| F|  |TAMS 0x00000006d6200000, 0x00000006d6200000| Untracked 
|  87|0x00000006d6300000, 0x00000006d6300000, 0x00000006d6400000|  0%| F|  |TAMS 0x00000006d6300000, 0x00000006d6300000| Untracked 
|  88|0x00000006d6400000, 0x00000006d6400000, 0x00000006d6500000|  0%| F|  |TAMS 0x00000006d6400000, 0x00000006d6400000| Untracked 
|  89|0x00000006d6500000, 0x00000006d6500000, 0x00000006d6600000|  0%| F|  |TAMS 0x00000006d6500000, 0x00000006d6500000| Untracked 
|  90|0x00000006d6600000, 0x00000006d6600000, 0x00000006d6700000|  0%| F|  |TAMS 0x00000006d6600000, 0x00000006d6600000| Untracked 
|  91|0x00000006d6700000, 0x00000006d6700000, 0x00000006d6800000|  0%| F|  |TAMS 0x00000006d6700000, 0x00000006d6700000| Untracked 
|  92|0x00000006d6800000, 0x00000006d6800000, 0x00000006d6900000|  0%| F|  |TAMS 0x00000006d6800000, 0x00000006d6800000| Untracked 
|  93|0x00000006d6900000, 0x00000006d6900000, 0x00000006d6a00000|  0%| F|  |TAMS 0x00000006d6900000, 0x00000006d6900000| Untracked 
|  94|0x00000006d6a00000, 0x00000006d6a00000, 0x00000006d6b00000|  0%| F|  |TAMS 0x00000006d6a00000, 0x00000006d6a00000| Untracked 
|  95|0x00000006d6b00000, 0x00000006d6b00000, 0x00000006d6c00000|  0%| F|  |TAMS 0x00000006d6b00000, 0x00000006d6b00000| Untracked 
|  96|0x00000006d6c00000, 0x00000006d6c00000, 0x00000006d6d00000|  0%| F|  |TAMS 0x00000006d6c00000, 0x00000006d6c00000| Untracked 
|  97|0x00000006d6d00000, 0x00000006d6d00000, 0x00000006d6e00000|  0%| F|  |TAMS 0x00000006d6d00000, 0x00000006d6d00000| Untracked 
|  98|0x00000006d6e00000, 0x00000006d6e00000, 0x00000006d6f00000|  0%| F|  |TAMS 0x00000006d6e00000, 0x00000006d6e00000| Untracked 
|  99|0x00000006d6f00000, 0x00000006d6f00000, 0x00000006d7000000|  0%| F|  |TAMS 0x00000006d6f00000, 0x00000006d6f00000| Untracked 
| 100|0x00000006d7000000, 0x00000006d7000000, 0x00000006d7100000|  0%| F|  |TAMS 0x00000006d7000000, 0x00000006d7000000| Untracked 
| 101|0x00000006d7100000, 0x00000006d7100000, 0x00000006d7200000|  0%| F|  |TAMS 0x00000006d7100000, 0x00000006d7100000| Untracked 
| 102|0x00000006d7200000, 0x00000006d7200000, 0x00000006d7300000|  0%| F|  |TAMS 0x00000006d7200000, 0x00000006d7200000| Untracked 
| 103|0x00000006d7300000, 0x00000006d7300000, 0x00000006d7400000|  0%| F|  |TAMS 0x00000006d7300000, 0x00000006d7300000| Untracked 
| 104|0x00000006d7400000, 0x00000006d7400000, 0x00000006d7500000|  0%| F|  |TAMS 0x00000006d7400000, 0x00000006d7400000| Untracked 
| 105|0x00000006d7500000, 0x00000006d7500000, 0x00000006d7600000|  0%| F|  |TAMS 0x00000006d7500000, 0x00000006d7500000| Untracked 
| 106|0x00000006d7600000, 0x00000006d7600000, 0x00000006d7700000|  0%| F|  |TAMS 0x00000006d7600000, 0x00000006d7600000| Untracked 
| 107|0x00000006d7700000, 0x00000006d7700000, 0x00000006d7800000|  0%| F|  |TAMS 0x00000006d7700000, 0x00000006d7700000| Untracked 
| 108|0x00000006d7800000, 0x00000006d7800000, 0x00000006d7900000|  0%| F|  |TAMS 0x00000006d7800000, 0x00000006d7800000| Untracked 
| 109|0x00000006d7900000, 0x00000006d7900000, 0x00000006d7a00000|  0%| F|  |TAMS 0x00000006d7900000, 0x00000006d7900000| Untracked 
| 110|0x00000006d7a00000, 0x00000006d7a00000, 0x00000006d7b00000|  0%| F|  |TAMS 0x00000006d7a00000, 0x00000006d7a00000| Untracked 
| 111|0x00000006d7b00000, 0x00000006d7b00000, 0x00000006d7c00000|  0%| F|  |TAMS 0x00000006d7b00000, 0x00000006d7b00000| Untracked 
| 112|0x00000006d7c00000, 0x00000006d7c00000, 0x00000006d7d00000|  0%| F|  |TAMS 0x00000006d7c00000, 0x00000006d7c00000| Untracked 
| 113|0x00000006d7d00000, 0x00000006d7d00000, 0x00000006d7e00000|  0%| F|  |TAMS 0x00000006d7d00000, 0x00000006d7d00000| Untracked 
| 114|0x00000006d7e00000, 0x00000006d7e00000, 0x00000006d7f00000|  0%| F|  |TAMS 0x00000006d7e00000, 0x00000006d7e00000| Untracked 
| 115|0x00000006d7f00000, 0x00000006d7f00000, 0x00000006d8000000|  0%| F|  |TAMS 0x00000006d7f00000, 0x00000006d7f00000| Untracked 
| 116|0x00000006d8000000, 0x00000006d8000000, 0x00000006d8100000|  0%| F|  |TAMS 0x00000006d8000000, 0x00000006d8000000| Untracked 
| 117|0x00000006d8100000, 0x00000006d8100000, 0x00000006d8200000|  0%| F|  |TAMS 0x00000006d8100000, 0x00000006d8100000| Untracked 
| 118|0x00000006d8200000, 0x00000006d8200000, 0x00000006d8300000|  0%| F|  |TAMS 0x00000006d8200000, 0x00000006d8200000| Untracked 
| 119|0x00000006d8300000, 0x00000006d8300000, 0x00000006d8400000|  0%| F|  |TAMS 0x00000006d8300000, 0x00000006d8300000| Untracked 
| 120|0x00000006d8400000, 0x00000006d8400000, 0x00000006d8500000|  0%| F|  |TAMS 0x00000006d8400000, 0x00000006d8400000| Untracked 
| 121|0x00000006d8500000, 0x00000006d8500000, 0x00000006d8600000|  0%| F|  |TAMS 0x00000006d8500000, 0x00000006d8500000| Untracked 
| 122|0x00000006d8600000, 0x00000006d8600000, 0x00000006d8700000|  0%| F|  |TAMS 0x00000006d8600000, 0x00000006d8600000| Untracked 
| 123|0x00000006d8700000, 0x00000006d8700000, 0x00000006d8800000|  0%| F|  |TAMS 0x00000006d8700000, 0x00000006d8700000| Untracked 
| 124|0x00000006d8800000, 0x00000006d8800000, 0x00000006d8900000|  0%| F|  |TAMS 0x00000006d8800000, 0x00000006d8800000| Untracked 
| 125|0x00000006d8900000, 0x00000006d8900000, 0x00000006d8a00000|  0%| F|  |TAMS 0x00000006d8900000, 0x00000006d8900000| Untracked 
| 126|0x00000006d8a00000, 0x00000006d8a00000, 0x00000006d8b00000|  0%| F|  |TAMS 0x00000006d8a00000, 0x00000006d8a00000| Untracked 
| 127|0x00000006d8b00000, 0x00000006d8b00000, 0x00000006d8c00000|  0%| F|  |TAMS 0x00000006d8b00000, 0x00000006d8b00000| Untracked 
| 128|0x00000006d8c00000, 0x00000006d8c00000, 0x00000006d8d00000|  0%| F|  |TAMS 0x00000006d8c00000, 0x00000006d8c00000| Untracked 
| 129|0x00000006d8d00000, 0x00000006d8d00000, 0x00000006d8e00000|  0%| F|  |TAMS 0x00000006d8d00000, 0x00000006d8d00000| Untracked 
| 130|0x00000006d8e00000, 0x00000006d8e00000, 0x00000006d8f00000|  0%| F|  |TAMS 0x00000006d8e00000, 0x00000006d8e00000| Untracked 
| 131|0x00000006d8f00000, 0x00000006d8f00000, 0x00000006d9000000|  0%| F|  |TAMS 0x00000006d8f00000, 0x00000006d8f00000| Untracked 
| 132|0x00000006d9000000, 0x00000006d9000000, 0x00000006d9100000|  0%| F|  |TAMS 0x00000006d9000000, 0x00000006d9000000| Untracked 
| 133|0x00000006d9100000, 0x00000006d9100000, 0x00000006d9200000|  0%| F|  |TAMS 0x00000006d9100000, 0x00000006d9100000| Untracked 
| 134|0x00000006d9200000, 0x00000006d9200000, 0x00000006d9300000|  0%| F|  |TAMS 0x00000006d9200000, 0x00000006d9200000| Untracked 
| 135|0x00000006d9300000, 0x00000006d9300000, 0x00000006d9400000|  0%| F|  |TAMS 0x00000006d9300000, 0x00000006d9300000| Untracked 
| 136|0x00000006d9400000, 0x00000006d9400000, 0x00000006d9500000|  0%| F|  |TAMS 0x00000006d9400000, 0x00000006d9400000| Untracked 
| 137|0x00000006d9500000, 0x00000006d9500000, 0x00000006d9600000|  0%| F|  |TAMS 0x00000006d9500000, 0x00000006d9500000| Untracked 
| 138|0x00000006d9600000, 0x00000006d9600000, 0x00000006d9700000|  0%| F|  |TAMS 0x00000006d9600000, 0x00000006d9600000| Untracked 
| 139|0x00000006d9700000, 0x00000006d9700000, 0x00000006d9800000|  0%| F|  |TAMS 0x00000006d9700000, 0x00000006d9700000| Untracked 
| 140|0x00000006d9800000, 0x00000006d9800000, 0x00000006d9900000|  0%| F|  |TAMS 0x00000006d9800000, 0x00000006d9800000| Untracked 
| 141|0x00000006d9900000, 0x00000006d9900000, 0x00000006d9a00000|  0%| F|  |TAMS 0x00000006d9900000, 0x00000006d9900000| Untracked 
| 142|0x00000006d9a00000, 0x00000006d9a00000, 0x00000006d9b00000|  0%| F|  |TAMS 0x00000006d9a00000, 0x00000006d9a00000| Untracked 
| 143|0x00000006d9b00000, 0x00000006d9b00000, 0x00000006d9c00000|  0%| F|  |TAMS 0x00000006d9b00000, 0x00000006d9b00000| Untracked 
| 144|0x00000006d9c00000, 0x00000006d9c00000, 0x00000006d9d00000|  0%| F|  |TAMS 0x00000006d9c00000, 0x00000006d9c00000| Untracked 
| 145|0x00000006d9d00000, 0x00000006d9d00000, 0x00000006d9e00000|  0%| F|  |TAMS 0x00000006d9d00000, 0x00000006d9d00000| Untracked 
| 146|0x00000006d9e00000, 0x00000006d9e00000, 0x00000006d9f00000|  0%| F|  |TAMS 0x00000006d9e00000, 0x00000006d9e00000| Untracked 
| 147|0x00000006d9f00000, 0x00000006d9f00000, 0x00000006da000000|  0%| F|  |TAMS 0x00000006d9f00000, 0x00000006d9f00000| Untracked 
| 148|0x00000006da000000, 0x00000006da000000, 0x00000006da100000|  0%| F|  |TAMS 0x00000006da000000, 0x00000006da000000| Untracked 
| 149|0x00000006da100000, 0x00000006da100000, 0x00000006da200000|  0%| F|  |TAMS 0x00000006da100000, 0x00000006da100000| Untracked 
| 150|0x00000006da200000, 0x00000006da200000, 0x00000006da300000|  0%| F|  |TAMS 0x00000006da200000, 0x00000006da200000| Untracked 
| 151|0x00000006da300000, 0x00000006da300000, 0x00000006da400000|  0%| F|  |TAMS 0x00000006da300000, 0x00000006da300000| Untracked 
| 152|0x00000006da400000, 0x00000006da400000, 0x00000006da500000|  0%| F|  |TAMS 0x00000006da400000, 0x00000006da400000| Untracked 
| 153|0x00000006da500000, 0x00000006da500000, 0x00000006da600000|  0%| F|  |TAMS 0x00000006da500000, 0x00000006da500000| Untracked 
| 154|0x00000006da600000, 0x00000006da600000, 0x00000006da700000|  0%| F|  |TAMS 0x00000006da600000, 0x00000006da600000| Untracked 
| 155|0x00000006da700000, 0x00000006da700000, 0x00000006da800000|  0%| F|  |TAMS 0x00000006da700000, 0x00000006da700000| Untracked 
| 156|0x00000006da800000, 0x00000006da800000, 0x00000006da900000|  0%| F|  |TAMS 0x00000006da800000, 0x00000006da800000| Untracked 
| 157|0x00000006da900000, 0x00000006da900000, 0x00000006daa00000|  0%| F|  |TAMS 0x00000006da900000, 0x00000006da900000| Untracked 
| 158|0x00000006daa00000, 0x00000006daa00000, 0x00000006dab00000|  0%| F|  |TAMS 0x00000006daa00000, 0x00000006daa00000| Untracked 
| 159|0x00000006dab00000, 0x00000006dab00000, 0x00000006dac00000|  0%| F|  |TAMS 0x00000006dab00000, 0x00000006dab00000| Untracked 
| 160|0x00000006dac00000, 0x00000006dac00000, 0x00000006dad00000|  0%| F|  |TAMS 0x00000006dac00000, 0x00000006dac00000| Untracked 
| 161|0x00000006dad00000, 0x00000006dad00000, 0x00000006dae00000|  0%| F|  |TAMS 0x00000006dad00000, 0x00000006dad00000| Untracked 
| 162|0x00000006dae00000, 0x00000006dae00000, 0x00000006daf00000|  0%| F|  |TAMS 0x00000006dae00000, 0x00000006dae00000| Untracked 
| 163|0x00000006daf00000, 0x00000006daf00000, 0x00000006db000000|  0%| F|  |TAMS 0x00000006daf00000, 0x00000006daf00000| Untracked 
| 164|0x00000006db000000, 0x00000006db000000, 0x00000006db100000|  0%| F|  |TAMS 0x00000006db000000, 0x00000006db000000| Untracked 
| 165|0x00000006db100000, 0x00000006db100000, 0x00000006db200000|  0%| F|  |TAMS 0x00000006db100000, 0x00000006db100000| Untracked 
| 166|0x00000006db200000, 0x00000006db200000, 0x00000006db300000|  0%| F|  |TAMS 0x00000006db200000, 0x00000006db200000| Untracked 
| 167|0x00000006db300000, 0x00000006db300000, 0x00000006db400000|  0%| F|  |TAMS 0x00000006db300000, 0x00000006db300000| Untracked 
| 168|0x00000006db400000, 0x00000006db400000, 0x00000006db500000|  0%| F|  |TAMS 0x00000006db400000, 0x00000006db400000| Untracked 
| 169|0x00000006db500000, 0x00000006db500000, 0x00000006db600000|  0%| F|  |TAMS 0x00000006db500000, 0x00000006db500000| Untracked 
| 170|0x00000006db600000, 0x00000006db600000, 0x00000006db700000|  0%| F|  |TAMS 0x00000006db600000, 0x00000006db600000| Untracked 
| 171|0x00000006db700000, 0x00000006db700000, 0x00000006db800000|  0%| F|  |TAMS 0x00000006db700000, 0x00000006db700000| Untracked 
| 172|0x00000006db800000, 0x00000006db800000, 0x00000006db900000|  0%| F|  |TAMS 0x00000006db800000, 0x00000006db800000| Untracked 
| 173|0x00000006db900000, 0x00000006db900000, 0x00000006dba00000|  0%| F|  |TAMS 0x00000006db900000, 0x00000006db900000| Untracked 
| 174|0x00000006dba00000, 0x00000006dba00000, 0x00000006dbb00000|  0%| F|  |TAMS 0x00000006dba00000, 0x00000006dba00000| Untracked 
| 175|0x00000006dbb00000, 0x00000006dbb00000, 0x00000006dbc00000|  0%| F|  |TAMS 0x00000006dbb00000, 0x00000006dbb00000| Untracked 
| 176|0x00000006dbc00000, 0x00000006dbc00000, 0x00000006dbd00000|  0%| F|  |TAMS 0x00000006dbc00000, 0x00000006dbc00000| Untracked 
| 177|0x00000006dbd00000, 0x00000006dbd00000, 0x00000006dbe00000|  0%| F|  |TAMS 0x00000006dbd00000, 0x00000006dbd00000| Untracked 
| 178|0x00000006dbe00000, 0x00000006dbe00000, 0x00000006dbf00000|  0%| F|  |TAMS 0x00000006dbe00000, 0x00000006dbe00000| Untracked 
| 179|0x00000006dbf00000, 0x00000006dbf00000, 0x00000006dc000000|  0%| F|  |TAMS 0x00000006dbf00000, 0x00000006dbf00000| Untracked 
| 180|0x00000006dc000000, 0x00000006dc000000, 0x00000006dc100000|  0%| F|  |TAMS 0x00000006dc000000, 0x00000006dc000000| Untracked 
| 181|0x00000006dc100000, 0x00000006dc100000, 0x00000006dc200000|  0%| F|  |TAMS 0x00000006dc100000, 0x00000006dc100000| Untracked 
| 182|0x00000006dc200000, 0x00000006dc200000, 0x00000006dc300000|  0%| F|  |TAMS 0x00000006dc200000, 0x00000006dc200000| Untracked 
| 183|0x00000006dc300000, 0x00000006dc300000, 0x00000006dc400000|  0%| F|  |TAMS 0x00000006dc300000, 0x00000006dc300000| Untracked 
| 184|0x00000006dc400000, 0x00000006dc400000, 0x00000006dc500000|  0%| F|  |TAMS 0x00000006dc400000, 0x00000006dc400000| Untracked 
| 185|0x00000006dc500000, 0x00000006dc500000, 0x00000006dc600000|  0%| F|  |TAMS 0x00000006dc500000, 0x00000006dc500000| Untracked 
| 186|0x00000006dc600000, 0x00000006dc600000, 0x00000006dc700000|  0%| F|  |TAMS 0x00000006dc600000, 0x00000006dc600000| Untracked 
| 187|0x00000006dc700000, 0x00000006dc700000, 0x00000006dc800000|  0%| F|  |TAMS 0x00000006dc700000, 0x00000006dc700000| Untracked 
| 188|0x00000006dc800000, 0x00000006dc800000, 0x00000006dc900000|  0%| F|  |TAMS 0x00000006dc800000, 0x00000006dc800000| Untracked 
| 189|0x00000006dc900000, 0x00000006dc900000, 0x00000006dca00000|  0%| F|  |TAMS 0x00000006dc900000, 0x00000006dc900000| Untracked 
| 190|0x00000006dca00000, 0x00000006dca00000, 0x00000006dcb00000|  0%| F|  |TAMS 0x00000006dca00000, 0x00000006dca00000| Untracked 
| 191|0x00000006dcb00000, 0x00000006dcb00000, 0x00000006dcc00000|  0%| F|  |TAMS 0x00000006dcb00000, 0x00000006dcb00000| Untracked 
| 192|0x00000006dcc00000, 0x00000006dcc00000, 0x00000006dcd00000|  0%| F|  |TAMS 0x00000006dcc00000, 0x00000006dcc00000| Untracked 
| 193|0x00000006dcd00000, 0x00000006dcd00000, 0x00000006dce00000|  0%| F|  |TAMS 0x00000006dcd00000, 0x00000006dcd00000| Untracked 
| 194|0x00000006dce00000, 0x00000006dce00000, 0x00000006dcf00000|  0%| F|  |TAMS 0x00000006dce00000, 0x00000006dce00000| Untracked 
| 195|0x00000006dcf00000, 0x00000006dcf00000, 0x00000006dd000000|  0%| F|  |TAMS 0x00000006dcf00000, 0x00000006dcf00000| Untracked 
| 196|0x00000006dd000000, 0x00000006dd000000, 0x00000006dd100000|  0%| F|  |TAMS 0x00000006dd000000, 0x00000006dd000000| Untracked 
| 197|0x00000006dd100000, 0x00000006dd100000, 0x00000006dd200000|  0%| F|  |TAMS 0x00000006dd100000, 0x00000006dd100000| Untracked 
| 198|0x00000006dd200000, 0x00000006dd200000, 0x00000006dd300000|  0%| F|  |TAMS 0x00000006dd200000, 0x00000006dd200000| Untracked 
| 199|0x00000006dd300000, 0x00000006dd300000, 0x00000006dd400000|  0%| F|  |TAMS 0x00000006dd300000, 0x00000006dd300000| Untracked 
| 200|0x00000006dd400000, 0x00000006dd400000, 0x00000006dd500000|  0%| F|  |TAMS 0x00000006dd400000, 0x00000006dd400000| Untracked 
| 201|0x00000006dd500000, 0x00000006dd500000, 0x00000006dd600000|  0%| F|  |TAMS 0x00000006dd500000, 0x00000006dd500000| Untracked 
| 202|0x00000006dd600000, 0x00000006dd600000, 0x00000006dd700000|  0%| F|  |TAMS 0x00000006dd600000, 0x00000006dd600000| Untracked 
| 203|0x00000006dd700000, 0x00000006dd700000, 0x00000006dd800000|  0%| F|  |TAMS 0x00000006dd700000, 0x00000006dd700000| Untracked 
| 204|0x00000006dd800000, 0x00000006dd800000, 0x00000006dd900000|  0%| F|  |TAMS 0x00000006dd800000, 0x00000006dd800000| Untracked 
| 205|0x00000006dd900000, 0x00000006dd900000, 0x00000006dda00000|  0%| F|  |TAMS 0x00000006dd900000, 0x00000006dd900000| Untracked 
| 206|0x00000006dda00000, 0x00000006dda00000, 0x00000006ddb00000|  0%| F|  |TAMS 0x00000006dda00000, 0x00000006dda00000| Untracked 
| 207|0x00000006ddb00000, 0x00000006ddb00000, 0x00000006ddc00000|  0%| F|  |TAMS 0x00000006ddb00000, 0x00000006ddb00000| Untracked 
| 208|0x00000006ddc00000, 0x00000006ddc00000, 0x00000006ddd00000|  0%| F|  |TAMS 0x00000006ddc00000, 0x00000006ddc00000| Untracked 
| 209|0x00000006ddd00000, 0x00000006ddd00000, 0x00000006dde00000|  0%| F|  |TAMS 0x00000006ddd00000, 0x00000006ddd00000| Untracked 
| 210|0x00000006dde00000, 0x00000006dde00000, 0x00000006ddf00000|  0%| F|  |TAMS 0x00000006dde00000, 0x00000006dde00000| Untracked 
| 211|0x00000006ddf00000, 0x00000006ddf00000, 0x00000006de000000|  0%| F|  |TAMS 0x00000006ddf00000, 0x00000006ddf00000| Untracked 
| 212|0x00000006de000000, 0x00000006de000000, 0x00000006de100000|  0%| F|  |TAMS 0x00000006de000000, 0x00000006de000000| Untracked 
| 213|0x00000006de100000, 0x00000006de100000, 0x00000006de200000|  0%| F|  |TAMS 0x00000006de100000, 0x00000006de100000| Untracked 
| 214|0x00000006de200000, 0x00000006de200000, 0x00000006de300000|  0%| F|  |TAMS 0x00000006de200000, 0x00000006de200000| Untracked 
| 215|0x00000006de300000, 0x00000006de300000, 0x00000006de400000|  0%| F|  |TAMS 0x00000006de300000, 0x00000006de300000| Untracked 
| 216|0x00000006de400000, 0x00000006de400000, 0x00000006de500000|  0%| F|  |TAMS 0x00000006de400000, 0x00000006de400000| Untracked 
| 217|0x00000006de500000, 0x00000006de500000, 0x00000006de600000|  0%| F|  |TAMS 0x00000006de500000, 0x00000006de500000| Untracked 
| 218|0x00000006de600000, 0x00000006de600000, 0x00000006de700000|  0%| F|  |TAMS 0x00000006de600000, 0x00000006de600000| Untracked 
| 219|0x00000006de700000, 0x00000006de700000, 0x00000006de800000|  0%| F|  |TAMS 0x00000006de700000, 0x00000006de700000| Untracked 
| 220|0x00000006de800000, 0x00000006de800000, 0x00000006de900000|  0%| F|  |TAMS 0x00000006de800000, 0x00000006de800000| Untracked 
| 221|0x00000006de900000, 0x00000006de900000, 0x00000006dea00000|  0%| F|  |TAMS 0x00000006de900000, 0x00000006de900000| Untracked 
| 222|0x00000006dea00000, 0x00000006dea00000, 0x00000006deb00000|  0%| F|  |TAMS 0x00000006dea00000, 0x00000006dea00000| Untracked 
| 223|0x00000006deb00000, 0x00000006deb00000, 0x00000006dec00000|  0%| F|  |TAMS 0x00000006deb00000, 0x00000006deb00000| Untracked 
| 224|0x00000006dec00000, 0x00000006dec00000, 0x00000006ded00000|  0%| F|  |TAMS 0x00000006dec00000, 0x00000006dec00000| Untracked 
| 225|0x00000006ded00000, 0x00000006ded00000, 0x00000006dee00000|  0%| F|  |TAMS 0x00000006ded00000, 0x00000006ded00000| Untracked 
| 226|0x00000006dee00000, 0x00000006dee00000, 0x00000006def00000|  0%| F|  |TAMS 0x00000006dee00000, 0x00000006dee00000| Untracked 
| 227|0x00000006def00000, 0x00000006def00000, 0x00000006df000000|  0%| F|  |TAMS 0x00000006def00000, 0x00000006def00000| Untracked 
| 228|0x00000006df000000, 0x00000006df000000, 0x00000006df100000|  0%| F|  |TAMS 0x00000006df000000, 0x00000006df000000| Untracked 
| 229|0x00000006df100000, 0x00000006df100000, 0x00000006df200000|  0%| F|  |TAMS 0x00000006df100000, 0x00000006df100000| Untracked 
| 230|0x00000006df200000, 0x00000006df200000, 0x00000006df300000|  0%| F|  |TAMS 0x00000006df200000, 0x00000006df200000| Untracked 
| 231|0x00000006df300000, 0x00000006df300000, 0x00000006df400000|  0%| F|  |TAMS 0x00000006df300000, 0x00000006df300000| Untracked 
| 232|0x00000006df400000, 0x00000006df400000, 0x00000006df500000|  0%| F|  |TAMS 0x00000006df400000, 0x00000006df400000| Untracked 
| 233|0x00000006df500000, 0x00000006df500000, 0x00000006df600000|  0%| F|  |TAMS 0x00000006df500000, 0x00000006df500000| Untracked 
| 234|0x00000006df600000, 0x00000006df600000, 0x00000006df700000|  0%| F|  |TAMS 0x00000006df600000, 0x00000006df600000| Untracked 
| 235|0x00000006df700000, 0x00000006df700000, 0x00000006df800000|  0%| F|  |TAMS 0x00000006df700000, 0x00000006df700000| Untracked 
| 236|0x00000006df800000, 0x00000006df800000, 0x00000006df900000|  0%| F|  |TAMS 0x00000006df800000, 0x00000006df800000| Untracked 
| 237|0x00000006df900000, 0x00000006df900000, 0x00000006dfa00000|  0%| F|  |TAMS 0x00000006df900000, 0x00000006df900000| Untracked 
| 238|0x00000006dfa00000, 0x00000006dfa00000, 0x00000006dfb00000|  0%| F|  |TAMS 0x00000006dfa00000, 0x00000006dfa00000| Untracked 
| 239|0x00000006dfb00000, 0x00000006dfb00000, 0x00000006dfc00000|  0%| F|  |TAMS 0x00000006dfb00000, 0x00000006dfb00000| Untracked 
| 240|0x00000006dfc00000, 0x00000006dfc00000, 0x00000006dfd00000|  0%| F|  |TAMS 0x00000006dfc00000, 0x00000006dfc00000| Untracked 
| 241|0x00000006dfd00000, 0x00000006dfd00000, 0x00000006dfe00000|  0%| F|  |TAMS 0x00000006dfd00000, 0x00000006dfd00000| Untracked 
| 242|0x00000006dfe00000, 0x00000006dfe00000, 0x00000006dff00000|  0%| F|  |TAMS 0x00000006dfe00000, 0x00000006dfe00000| Untracked 
| 243|0x00000006dff00000, 0x00000006dff00000, 0x00000006e0000000|  0%| F|  |TAMS 0x00000006dff00000, 0x00000006dff00000| Untracked 
| 244|0x00000006e0000000, 0x00000006e0000000, 0x00000006e0100000|  0%| F|  |TAMS 0x00000006e0000000, 0x00000006e0000000| Untracked 
| 245|0x00000006e0100000, 0x00000006e0100000, 0x00000006e0200000|  0%| F|  |TAMS 0x00000006e0100000, 0x00000006e0100000| Untracked 
| 246|0x00000006e0200000, 0x00000006e0200000, 0x00000006e0300000|  0%| F|  |TAMS 0x00000006e0200000, 0x00000006e0200000| Untracked 
| 247|0x00000006e0300000, 0x00000006e0300000, 0x00000006e0400000|  0%| F|  |TAMS 0x00000006e0300000, 0x00000006e0300000| Untracked 
| 248|0x00000006e0400000, 0x00000006e0400000, 0x00000006e0500000|  0%| F|  |TAMS 0x00000006e0400000, 0x00000006e0400000| Untracked 
| 249|0x00000006e0500000, 0x00000006e0500000, 0x00000006e0600000|  0%| F|  |TAMS 0x00000006e0500000, 0x00000006e0500000| Untracked 
| 250|0x00000006e0600000, 0x00000006e0600000, 0x00000006e0700000|  0%| F|  |TAMS 0x00000006e0600000, 0x00000006e0600000| Untracked 
| 251|0x00000006e0700000, 0x00000006e0700000, 0x00000006e0800000|  0%| F|  |TAMS 0x00000006e0700000, 0x00000006e0700000| Untracked 
| 252|0x00000006e0800000, 0x00000006e0800000, 0x00000006e0900000|  0%| F|  |TAMS 0x00000006e0800000, 0x00000006e0800000| Untracked 
| 253|0x00000006e0900000, 0x00000006e0900000, 0x00000006e0a00000|  0%| F|  |TAMS 0x00000006e0900000, 0x00000006e0900000| Untracked 
| 254|0x00000006e0a00000, 0x00000006e0a00000, 0x00000006e0b00000|  0%| F|  |TAMS 0x00000006e0a00000, 0x00000006e0a00000| Untracked 
| 255|0x00000006e0b00000, 0x00000006e0b00000, 0x00000006e0c00000|  0%| F|  |TAMS 0x00000006e0b00000, 0x00000006e0b00000| Untracked 
| 256|0x00000006e0c00000, 0x00000006e0c00000, 0x00000006e0d00000|  0%| F|  |TAMS 0x00000006e0c00000, 0x00000006e0c00000| Untracked 
| 257|0x00000006e0d00000, 0x00000006e0d00000, 0x00000006e0e00000|  0%| F|  |TAMS 0x00000006e0d00000, 0x00000006e0d00000| Untracked 
| 258|0x00000006e0e00000, 0x00000006e0e00000, 0x00000006e0f00000|  0%| F|  |TAMS 0x00000006e0e00000, 0x00000006e0e00000| Untracked 
| 259|0x00000006e0f00000, 0x00000006e0f00000, 0x00000006e1000000|  0%| F|  |TAMS 0x00000006e0f00000, 0x00000006e0f00000| Untracked 
| 260|0x00000006e1000000, 0x00000006e1000000, 0x00000006e1100000|  0%| F|  |TAMS 0x00000006e1000000, 0x00000006e1000000| Untracked 
| 261|0x00000006e1100000, 0x00000006e1100000, 0x00000006e1200000|  0%| F|  |TAMS 0x00000006e1100000, 0x00000006e1100000| Untracked 
| 262|0x00000006e1200000, 0x00000006e1200000, 0x00000006e1300000|  0%| F|  |TAMS 0x00000006e1200000, 0x00000006e1200000| Untracked 
| 263|0x00000006e1300000, 0x00000006e1300000, 0x00000006e1400000|  0%| F|  |TAMS 0x00000006e1300000, 0x00000006e1300000| Untracked 
| 264|0x00000006e1400000, 0x00000006e1400000, 0x00000006e1500000|  0%| F|  |TAMS 0x00000006e1400000, 0x00000006e1400000| Untracked 
| 265|0x00000006e1500000, 0x00000006e1500000, 0x00000006e1600000|  0%| F|  |TAMS 0x00000006e1500000, 0x00000006e1500000| Untracked 
| 266|0x00000006e1600000, 0x00000006e1600000, 0x00000006e1700000|  0%| F|  |TAMS 0x00000006e1600000, 0x00000006e1600000| Untracked 
| 267|0x00000006e1700000, 0x00000006e1700000, 0x00000006e1800000|  0%| F|  |TAMS 0x00000006e1700000, 0x00000006e1700000| Untracked 
| 268|0x00000006e1800000, 0x00000006e1800000, 0x00000006e1900000|  0%| F|  |TAMS 0x00000006e1800000, 0x00000006e1800000| Untracked 
| 269|0x00000006e1900000, 0x00000006e1900000, 0x00000006e1a00000|  0%| F|  |TAMS 0x00000006e1900000, 0x00000006e1900000| Untracked 
| 270|0x00000006e1a00000, 0x00000006e1a00000, 0x00000006e1b00000|  0%| F|  |TAMS 0x00000006e1a00000, 0x00000006e1a00000| Untracked 
| 271|0x00000006e1b00000, 0x00000006e1b00000, 0x00000006e1c00000|  0%| F|  |TAMS 0x00000006e1b00000, 0x00000006e1b00000| Untracked 
| 272|0x00000006e1c00000, 0x00000006e1c00000, 0x00000006e1d00000|  0%| F|  |TAMS 0x00000006e1c00000, 0x00000006e1c00000| Untracked 
| 273|0x00000006e1d00000, 0x00000006e1d00000, 0x00000006e1e00000|  0%| F|  |TAMS 0x00000006e1d00000, 0x00000006e1d00000| Untracked 
| 274|0x00000006e1e00000, 0x00000006e1e00000, 0x00000006e1f00000|  0%| F|  |TAMS 0x00000006e1e00000, 0x00000006e1e00000| Untracked 
| 275|0x00000006e1f00000, 0x00000006e1f00000, 0x00000006e2000000|  0%| F|  |TAMS 0x00000006e1f00000, 0x00000006e1f00000| Untracked 
| 276|0x00000006e2000000, 0x00000006e2000000, 0x00000006e2100000|  0%| F|  |TAMS 0x00000006e2000000, 0x00000006e2000000| Untracked 
| 277|0x00000006e2100000, 0x00000006e2100000, 0x00000006e2200000|  0%| F|  |TAMS 0x00000006e2100000, 0x00000006e2100000| Untracked 
| 278|0x00000006e2200000, 0x00000006e2200000, 0x00000006e2300000|  0%| F|  |TAMS 0x00000006e2200000, 0x00000006e2200000| Untracked 
| 279|0x00000006e2300000, 0x00000006e2300000, 0x00000006e2400000|  0%| F|  |TAMS 0x00000006e2300000, 0x00000006e2300000| Untracked 
| 280|0x00000006e2400000, 0x00000006e2400000, 0x00000006e2500000|  0%| F|  |TAMS 0x00000006e2400000, 0x00000006e2400000| Untracked 
| 281|0x00000006e2500000, 0x00000006e2500000, 0x00000006e2600000|  0%| F|  |TAMS 0x00000006e2500000, 0x00000006e2500000| Untracked 
| 282|0x00000006e2600000, 0x00000006e2600000, 0x00000006e2700000|  0%| F|  |TAMS 0x00000006e2600000, 0x00000006e2600000| Untracked 
| 283|0x00000006e2700000, 0x00000006e2700000, 0x00000006e2800000|  0%| F|  |TAMS 0x00000006e2700000, 0x00000006e2700000| Untracked 
| 284|0x00000006e2800000, 0x00000006e2800000, 0x00000006e2900000|  0%| F|  |TAMS 0x00000006e2800000, 0x00000006e2800000| Untracked 
| 285|0x00000006e2900000, 0x00000006e2900000, 0x00000006e2a00000|  0%| F|  |TAMS 0x00000006e2900000, 0x00000006e2900000| Untracked 
| 286|0x00000006e2a00000, 0x00000006e2a00000, 0x00000006e2b00000|  0%| F|  |TAMS 0x00000006e2a00000, 0x00000006e2a00000| Untracked 
| 287|0x00000006e2b00000, 0x00000006e2c00000, 0x00000006e2c00000|100%| S|CS|TAMS 0x00000006e2b00000, 0x00000006e2b00000| Complete 
| 288|0x00000006e2c00000, 0x00000006e2d00000, 0x00000006e2d00000|100%| S|CS|TAMS 0x00000006e2c00000, 0x00000006e2c00000| Complete 
| 289|0x00000006e2d00000, 0x00000006e2d00000, 0x00000006e2e00000|  0%| F|  |TAMS 0x00000006e2d00000, 0x00000006e2d00000| Untracked 
| 290|0x00000006e2e00000, 0x00000006e2e00000, 0x00000006e2f00000|  0%| F|  |TAMS 0x00000006e2e00000, 0x00000006e2e00000| Untracked 
| 291|0x00000006e2f00000, 0x00000006e2f00000, 0x00000006e3000000|  0%| F|  |TAMS 0x00000006e2f00000, 0x00000006e2f00000| Untracked 
| 292|0x00000006e3000000, 0x00000006e3000000, 0x00000006e3100000|  0%| F|  |TAMS 0x00000006e3000000, 0x00000006e3000000| Untracked 
| 293|0x00000006e3100000, 0x00000006e3100000, 0x00000006e3200000|  0%| F|  |TAMS 0x00000006e3100000, 0x00000006e3100000| Untracked 
| 294|0x00000006e3200000, 0x00000006e3200000, 0x00000006e3300000|  0%| F|  |TAMS 0x00000006e3200000, 0x00000006e3200000| Untracked 
| 295|0x00000006e3300000, 0x00000006e3300000, 0x00000006e3400000|  0%| F|  |TAMS 0x00000006e3300000, 0x00000006e3300000| Untracked 
| 296|0x00000006e3400000, 0x00000006e3400000, 0x00000006e3500000|  0%| F|  |TAMS 0x00000006e3400000, 0x00000006e3400000| Untracked 
| 297|0x00000006e3500000, 0x00000006e3500000, 0x00000006e3600000|  0%| F|  |TAMS 0x00000006e3500000, 0x00000006e3500000| Untracked 
| 298|0x00000006e3600000, 0x00000006e3600000, 0x00000006e3700000|  0%| F|  |TAMS 0x00000006e3600000, 0x00000006e3600000| Untracked 
| 299|0x00000006e3700000, 0x00000006e3700000, 0x00000006e3800000|  0%| F|  |TAMS 0x00000006e3700000, 0x00000006e3700000| Untracked 
| 300|0x00000006e3800000, 0x00000006e3800000, 0x00000006e3900000|  0%| F|  |TAMS 0x00000006e3800000, 0x00000006e3800000| Untracked 
| 301|0x00000006e3900000, 0x00000006e3a00000, 0x00000006e3a00000|100%| E|  |TAMS 0x00000006e3900000, 0x00000006e3900000| Complete 
| 302|0x00000006e3a00000, 0x00000006e3b00000, 0x00000006e3b00000|100%| E|CS|TAMS 0x00000006e3a00000, 0x00000006e3a00000| Complete 
| 303|0x00000006e3b00000, 0x00000006e3c00000, 0x00000006e3c00000|100%| E|CS|TAMS 0x00000006e3b00000, 0x00000006e3b00000| Complete 

Card table byte_map: [0x00007f0a98630000,0x00007f0a98faa000] _byte_map_base: 0x00007f0a94faa000

Marking Bits (Prev, Next): (CMBitMap*) 0x00007f0a9409e9a8, (CMBitMap*) 0x00007f0a9409e9e0
 Prev Bits: [0x00007f0a72ab6000, 0x00007f0a77686000)
 Next Bits: [0x00007f0a6dee6000, 0x00007f0a72ab6000)

Polling page: 0x00007f0a9c708000

Metaspace:

Usage:
  Non-class:     11,32 MB capacity,    11,11 MB ( 98%) used,   188,41 KB (  2%) free+waste,    29,50 KB ( <1%) overhead. 
      Class:      1,36 MB capacity,     1,26 MB ( 92%) used,    91,61 KB (  7%) free+waste,    14,00 KB (  1%) overhead. 
       Both:     12,68 MB capacity,    12,37 MB ( 98%) used,   280,02 KB (  2%) free+waste,    43,50 KB ( <1%) overhead. 

Virtual space:
  Non-class space:       12,00 MB reserved,      11,50 MB ( 96%) committed 
      Class space:        1,00 GB reserved,       1,38 MB ( <1%) committed 
             Both:        1,01 GB reserved,      12,88 MB (  1%) committed 

Chunk freelists:
   Non-Class:  0 bytes
       Class:  0 bytes
        Both:  0 bytes

MaxMetaspaceSize: unlimited
CompressedClassSpaceSize: 1,00 GB
Initial GC threshold: 20,80 MB
Current GC threshold: 20,80 MB
CDS: off

CodeHeap 'non-profiled nmethods': size=120032Kb used=367Kb max_used=367Kb free=119664Kb
 bounds [0x00007f0a842e6000, 0x00007f0a84556000, 0x00007f0a8b81e000]
CodeHeap 'profiled nmethods': size=120032Kb used=1892Kb max_used=1892Kb free=118139Kb
 bounds [0x00007f0a7cdae000, 0x00007f0a7d01e000, 0x00007f0a842e6000]
CodeHeap 'non-nmethods': size=5696Kb used=1142Kb max_used=1158Kb free=4553Kb
 bounds [0x00007f0a7c81e000, 0x00007f0a7ca8e000, 0x00007f0a7cdae000]
 total_blobs=1468 nmethods=1066 adapters=316
 compilation: enabled
              stopped_count=0, restarted_count=0
 full_count=0

Compilation events (20 events):
Event: 0,972 Thread 0x00007f0a942cf800 1056       1       java.lang.reflect.Field::getDeclaringClass (5 bytes)
Event: 0,972 Thread 0x00007f0a942cf800 nmethod 1056 0x00007f0a8433fb10 code [0x00007f0a8433fcc0, 0x00007f0a8433fd70]
Event: 0,973 Thread 0x00007f0a942cf800 1059       3       java.util.Arrays::copyOfRange (89 bytes)
Event: 0,974 Thread 0x00007f0a942cf800 nmethod 1059 0x00007f0a7cf83d10 code [0x00007f0a7cf83fe0, 0x00007f0a7cf84ef0]
Event: 0,977 Thread 0x00007f0a942cf800 1060       1       org.sosy_lab.java_smt.basicimpl.AbstractBaseFormulaManager::getFormulaCreator (5 bytes)
Event: 0,978 Thread 0x00007f0a942cf800 nmethod 1060 0x00007f0a8433fe10 code [0x00007f0a8433ffc0, 0x00007f0a84340070]
Event: 0,978 Thread 0x00007f0a942cf800 1061       3       java.lang.Long::valueOf (40 bytes)
Event: 0,979 Thread 0x00007f0a942cf800 nmethod 1061 0x00007f0a7cf85410 code [0x00007f0a7cf855e0, 0x00007f0a7cf85910]
Event: 0,981 Thread 0x00007f0a942cf800 1062       1       java.util.ArrayList$ArrayListSpliterator::characteristics (4 bytes)
Event: 0,981 Thread 0x00007f0a942cf800 nmethod 1062 0x00007f0a84340110 code [0x00007f0a843402c0, 0x00007f0a84340370]
Event: 0,982 Thread 0x00007f0a942cf800 1063       3       java.lang.invoke.Invokers$Holder::linkToTargetMethod (9 bytes)
Event: 0,983 Thread 0x00007f0a942cf800 nmethod 1063 0x00007f0a7cf85a90 code [0x00007f0a7cf85c60, 0x00007f0a7cf86050]
Event: 0,983 Thread 0x00007f0a942cf800 1064       3       java.util.stream.PipelineHelper::<init> (5 bytes)
Event: 0,983 Thread 0x00007f0a942cf800 nmethod 1064 0x00007f0a7cf86110 code [0x00007f0a7cf862c0, 0x00007f0a7cf86410]
Event: 0,984 Thread 0x00007f0a942cf800 1065       3       java.util.stream.ReferencePipeline::forEachWithCancel (23 bytes)
Event: 0,984 Thread 0x00007f0a942cf800 nmethod 1065 0x00007f0a7cf86510 code [0x00007f0a7cf866e0, 0x00007f0a7cf86a90]
Event: 0,985 Thread 0x00007f0a942cf800 1066       3       java.util.stream.StreamOpFlag::combineOpFlags (9 bytes)
Event: 0,985 Thread 0x00007f0a942cf800 nmethod 1066 0x00007f0a7cf86c10 code [0x00007f0a7cf86dc0, 0x00007f0a7cf86f70]
Event: 0,985 Thread 0x00007f0a942cf800 1067       3       java.util.stream.AbstractPipeline::isParallel (8 bytes)
Event: 0,985 Thread 0x00007f0a942cf800 nmethod 1067 0x00007f0a7cf87010 code [0x00007f0a7cf871c0, 0x00007f0a7cf872d0]

GC Heap History (2 events):
Event: 0,813 GC heap before
{Heap before GC invocations=0 (full 0):
 garbage-first heap   total 311296K, used 15360K [0x00000006d0c00000, 0x0000000800000000)
  region size 1024K, 15 young (15360K), 0 survivors (0K)
 Metaspace       used 12027K, capacity 12283K, committed 12416K, reserved 1060864K
  class space    used 1194K, capacity 1282K, committed 1408K, reserved 1048576K
}
Event: 0,820 GC heap after
{Heap after GC invocations=1 (full 0):
 garbage-first heap   total 311296K, used 2983K [0x00000006d0c00000, 0x0000000800000000)
  region size 1024K, 2 young (2048K), 2 survivors (2048K)
 Metaspace       used 12027K, capacity 12283K, committed 12416K, reserved 1060864K
  class space    used 1194K, capacity 1282K, committed 1408K, reserved 1048576K
}

Deoptimization events (20 events):
Event: 0,440 Thread 0x00007f0a94029800 Uncommon trap: trap_request=0xffffff4d fr.pc=0x00007f0a842e7014 relative=0x0000000000000074
Event: 0,440 Thread 0x00007f0a94029800 Uncommon trap: reason=unstable_if action=reinterpret pc=0x00007f0a842e7014 method=java.lang.String.isLatin1()Z @ 10 c2
Event: 0,440 Thread 0x00007f0a94029800 DEOPT PACKING pc=0x00007f0a842e7014 sp=0x00007f0a9ab9cc80
Event: 0,440 Thread 0x00007f0a94029800 DEOPT UNPACKING pc=0x00007f0a7c867ea5 sp=0x00007f0a9ab9cbe0 mode 2
Event: 0,442 Thread 0x00007f0a94029800 Uncommon trap: trap_request=0xffffff4d fr.pc=0x00007f0a842ef1f8 relative=0x0000000000000058
Event: 0,442 Thread 0x00007f0a94029800 Uncommon trap: reason=unstable_if action=reinterpret pc=0x00007f0a842ef1f8 method=java.lang.String.isLatin1()Z @ 10 c2
Event: 0,442 Thread 0x00007f0a94029800 DEOPT PACKING pc=0x00007f0a842ef1f8 sp=0x00007f0a9ab9cc30
Event: 0,442 Thread 0x00007f0a94029800 DEOPT UNPACKING pc=0x00007f0a7c867ea5 sp=0x00007f0a9ab9cbe0 mode 2
Event: 0,459 Thread 0x00007f0a94029800 Uncommon trap: trap_request=0xffffff4d fr.pc=0x00007f0a84303b14 relative=0x00000000000002d4
Event: 0,459 Thread 0x00007f0a94029800 Uncommon trap: reason=unstable_if action=reinterpret pc=0x00007f0a84303b14 method=java.lang.StringLatin1.indexOf([BI[BII)I @ 80 c2
Event: 0,459 Thread 0x00007f0a94029800 DEOPT PACKING pc=0x00007f0a84303b14 sp=0x00007f0a9ab9d230
Event: 0,460 Thread 0x00007f0a94029800 DEOPT UNPACKING pc=0x00007f0a7c867ea5 sp=0x00007f0a9ab9d1b0 mode 2
Event: 0,557 Thread 0x00007f0a94029800 DEOPT PACKING pc=0x00007f0a7ce77688 sp=0x00007f0a9ab97c30
Event: 0,557 Thread 0x00007f0a94029800 DEOPT UNPACKING pc=0x00007f0a7c86864a sp=0x00007f0a9ab970a0 mode 0
Event: 0,571 Thread 0x00007f0a94029800 DEOPT PACKING pc=0x00007f0a7ce77688 sp=0x00007f0a9ab98be0
Event: 0,571 Thread 0x00007f0a94029800 DEOPT UNPACKING pc=0x00007f0a7c86864a sp=0x00007f0a9ab98050 mode 0
Event: 0,742 Thread 0x00007f0a94029800 Uncommon trap: trap_request=0xffffff4d fr.pc=0x00007f0a84303170 relative=0x0000000000000230
Event: 0,742 Thread 0x00007f0a94029800 Uncommon trap: reason=unstable_if action=reinterpret pc=0x00007f0a84303170 method=java.lang.String.startsWith(Ljava/lang/String;I)Z @ 14 c2
Event: 0,742 Thread 0x00007f0a94029800 DEOPT PACKING pc=0x00007f0a84303170 sp=0x00007f0a9ab9bbe0
Event: 0,742 Thread 0x00007f0a94029800 DEOPT UNPACKING pc=0x00007f0a7c867ea5 sp=0x00007f0a9ab9bb68 mode 2

Classes redefined (0 events):
No events

Internal exceptions (10 events):
Event: 0,246 Thread 0x00007f0a94029800 Exception <a 'java/io/FileNotFoundException'{0x00000006e3996108}> (0x00000006e3996108) thrown at [./src/hotspot/share/prims/jni.cpp, line 617]
Event: 0,584 Thread 0x00007f0a94029800 Exception <a 'java/lang/NoSuchMethodError'{0x00000006e319d8a8}: 'void java.lang.invoke.DirectMethodHandle$Holder.invokeStaticInit(java.lang.Object, java.lang.Object)'> (0x00000006e319d8a8) thrown at [./src/hotspot/share/interpreter/linkResolver.cpp, line 773]
Event: 0,645 Thread 0x00007f0a94029800 Exception <a 'java/lang/NoSuchMethodError'{0x00000006e3096188}: 'java.lang.Object java.lang.invoke.DirectMethodHandle$Holder.invokeStatic(java.lang.Object, java.lang.Object, java.lang.Object, java.lang.Object, java.lang.Object, java.lang.Object, java.lang.Object, java.lang.Object, java.lang.Object, java.lang.Object, java.lang.Object, int)'> (0x00000006e3096188) thrown at [./src/hotspot/share/interpreter/linkResolver.cpp, line 773]
Event: 0,649 Thread 0x00007f0a94029800 Exception <a 'java/lang/NoSuchMethodError'{0x00000006e30b4ab8}: 'java.lang.Object java.lang.invoke.DirectMethodHandle$Holder.invokeStatic(java.lang.Object, java.lang.Object, java.lang.Object, java.lang.Object, java.lang.Object, java.lang.Object, java.lang.Object, java.lang.Object, java.lang.Object, java.lang.Object, java.lang.Object, int, int)'> (0x00000006e30b4ab8) thrown at [./src/hotspot/share/interpreter/linkResolver.cpp, line 773]
Event: 0,653 Thread 0x00007f0a94029800 Exception <a 'java/lang/NoSuchMethodError'{0x00000006e30d4000}: 'java.lang.Object java.lang.invoke.DirectMethodHandle$Holder.invokeStatic(java.lang.Object, java.lang.Object, java.lang.Object, java.lang.Object, java.lang.Object, java.lang.Object, java.lang.Object, java.lang.Object, java.lang.Object, java.lang.Object, java.lang.Object, int, int, java.lang.Object)'> (0x00000006e30d4000) thrown at [./src/hotspot/share/interpreter/linkResolver.cpp, line 773]
Event: 0,663 Thread 0x00007f0a94029800 Exception <a 'java/lang/NoSuchMethodError'{0x00000006e30f4ff8}: 'java.lang.Object java.lang.invoke.DirectMethodHandle$Holder.invokeStatic(java.lang.Object, java.lang.Object, java.lang.Object, java.lang.Object, java.lang.Object, java.lang.Object, java.lang.Object, java.lang.Object, java.lang.Object, java.lang.Object, java.lang.Object, int, int, java.lang.Object, java.lang.Object)'> (0x00000006e30f4ff8) thrown at [./src/hotspot/share/interpreter/linkResolver.cpp, line 773]
Event: 0,741 Thread 0x00007f0a94029800 Exception <a 'java/lang/NoSuchMethodError'{0x00000006e2e960c0}: 'int java.lang.invoke.DirectMethodHandle$Holder.invokeStaticInit(java.lang.Object, java.lang.Object)'> (0x00000006e2e960c0) thrown at [./src/hotspot/share/interpreter/linkResolver.cpp, line 773]
Event: 0,799 Thread 0x00007f0a94029800 Exception <a 'java/lang/NoSuchMethodError'{0x00000006e2d90838}: 'java.lang.Object java.lang.invoke.DirectMethodHandle$Holder.invokeStatic(java.lang.Object, java.lang.Object, java.lang.Object, java.lang.Object, java.lang.Object, java.lang.Object, java.lang.Object, java.lang.Object, java.lang.Object, java.lang.Object, java.lang.Object, java.lang.Object, java.lang.Object, int)'> (0x00000006e2d90838) thrown at [./src/hotspot/share/interpreter/linkResolver.cpp, line 773]
Event: 0,801 Thread 0x00007f0a94029800 Exception <a 'java/lang/NoSuchMethodError'{0x00000006e2d9d420}: 'java.lang.Object java.lang.invoke.DirectMethodHandle$Holder.invokeStatic(java.lang.Object, java.lang.Object, java.lang.Object, java.lang.Object, java.lang.Object, java.lang.Object, java.lang.Object, java.lang.Object, java.lang.Object, java.lang.Object, java.lang.Object, java.lang.Object, java.lang.Object, int, int)'> (0x00000006e2d9d420) thrown at [./src/hotspot/share/interpreter/linkResolver.cpp, line 773]
Event: 0,950 Thread 0x00007f0a94029800 Exception <a 'java/lang/NoSuchMethodError'{0x00000006e39cb438}: 'void java.lang.invoke.DirectMethodHandle$Holder.invokeInterface(java.lang.Object, java.lang.Object)'> (0x00000006e39cb438) thrown at [./src/hotspot/share/interpreter/linkResolver.cpp, line 773]

Events (20 events):
Event: 0,917 loading class java/util/stream/DistinctOps$1$2
Event: 0,917 loading class java/util/stream/DistinctOps$1$2 done
Event: 0,922 loading class java/lang/invoke/BoundMethodHandle$Species_LLLLLLLI
Event: 0,922 loading class java/lang/invoke/BoundMethodHandle$Species_LLLLLLLI done
Event: 0,923 loading class java/lang/invoke/BoundMethodHandle$Species_LLLLLLLII
Event: 0,923 loading class java/lang/invoke/BoundMethodHandle$Species_LLLLLLLII done
Event: 0,924 loading class java/lang/invoke/BoundMethodHandle$Species_LLLLLLLIIL
Event: 0,924 loading class java/lang/invoke/BoundMethodHandle$Species_LLLLLLLIIL done
Event: 0,951 loading class org/sosy_lab/java_smt/api/Evaluator
Event: 0,951 loading class org/sosy_lab/java_smt/api/Evaluator done
Event: 0,962 loading class org/junit/runners/model/MultipleFailureException
Event: 0,962 loading class org/junit/runners/model/MultipleFailureException done
Event: 0,963 loading class org/junit/TestCouldNotBeSkippedException
Event: 0,963 loading class org/junit/TestCouldNotBeSkippedException done
Event: 0,963 loading class org/junit/internal/runners/model/MultipleFailureException
Event: 0,963 loading class org/junit/internal/runners/model/MultipleFailureException done
Event: 0,963 loading class org/junit/runner/notification/RunNotifier$9
Event: 0,963 loading class org/junit/runner/notification/RunNotifier$9 done
Event: 0,976 loading class com/google/common/truth/Fact
Event: 0,976 loading class com/google/common/truth/Fact done


Dynamic libraries:
6d0c00000-6e3c00000 rw-p 00000000 00:00 0 
6e3c00000-800000000 ---p 00000000 00:00 0 
800000000-800160000 rw-p 00000000 00:00 0 
800160000-840000000 ---p 00000000 00:00 0 
55901f400000-55901f401000 r-xp 00000000 fd:01 1705186                    /home/janel/.jdks/corretto-11.0.15/bin/java
55901f601000-55901f602000 r--p 00001000 fd:01 1705186                    /home/janel/.jdks/corretto-11.0.15/bin/java
55901f602000-55901f603000 rw-p 00002000 fd:01 1705186                    /home/janel/.jdks/corretto-11.0.15/bin/java
55901fd05000-55901fd26000 rw-p 00000000 00:00 0                          [heap]
7f0a1c000000-7f0a1c021000 rw-p 00000000 00:00 0 
7f0a1c021000-7f0a20000000 ---p 00000000 00:00 0 
7f0a20000000-7f0a20021000 rw-p 00000000 00:00 0 
7f0a20021000-7f0a24000000 ---p 00000000 00:00 0 
7f0a24000000-7f0a2429b000 rw-p 00000000 00:00 0 
7f0a2429b000-7f0a28000000 ---p 00000000 00:00 0 
7f0a28000000-7f0a28021000 rw-p 00000000 00:00 0 
7f0a28021000-7f0a2c000000 ---p 00000000 00:00 0 
7f0a2c000000-7f0a2c021000 rw-p 00000000 00:00 0 
7f0a2c021000-7f0a30000000 ---p 00000000 00:00 0 
7f0a30000000-7f0a30021000 rw-p 00000000 00:00 0 
7f0a30021000-7f0a34000000 ---p 00000000 00:00 0 
7f0a34000000-7f0a34021000 rw-p 00000000 00:00 0 
7f0a34021000-7f0a38000000 ---p 00000000 00:00 0 
7f0a38000000-7f0a38021000 rw-p 00000000 00:00 0 
7f0a38021000-7f0a3c000000 ---p 00000000 00:00 0 
7f0a3c000000-7f0a3c72b000 rw-p 00000000 00:00 0 
7f0a3c72b000-7f0a40000000 ---p 00000000 00:00 0 
7f0a40000000-7f0a40238000 rw-p 00000000 00:00 0 
7f0a40238000-7f0a44000000 ---p 00000000 00:00 0 
7f0a44000000-7f0a44021000 rw-p 00000000 00:00 0 
7f0a44021000-7f0a48000000 ---p 00000000 00:00 0 
7f0a48000000-7f0a48021000 rw-p 00000000 00:00 0 
7f0a48021000-7f0a4c000000 ---p 00000000 00:00 0 
7f0a4c000000-7f0a4c021000 rw-p 00000000 00:00 0 
7f0a4c021000-7f0a50000000 ---p 00000000 00:00 0 
7f0a50000000-7f0a50021000 rw-p 00000000 00:00 0 
7f0a50021000-7f0a54000000 ---p 00000000 00:00 0 
7f0a54000000-7f0a54021000 rw-p 00000000 00:00 0 
7f0a54021000-7f0a58000000 ---p 00000000 00:00 0 
7f0a58000000-7f0a58021000 rw-p 00000000 00:00 0 
7f0a58021000-7f0a5c000000 ---p 00000000 00:00 0 
7f0a5c000000-7f0a5c021000 rw-p 00000000 00:00 0 
7f0a5c021000-7f0a60000000 ---p 00000000 00:00 0 
7f0a60000000-7f0a60021000 rw-p 00000000 00:00 0 
7f0a60021000-7f0a64000000 ---p 00000000 00:00 0 
7f0a64ed3000-7f0a64ed4000 ---p 00000000 00:00 0 
7f0a64ed4000-7f0a64fd5000 rw-p 00000000 00:00 0 
7f0a64fd5000-7f0a64fd6000 ---p 00000000 00:00 0 
7f0a64fd6000-7f0a650d7000 rw-p 00000000 00:00 0 
7f0a650d7000-7f0a650d8000 ---p 00000000 00:00 0 
7f0a650d8000-7f0a651d9000 rw-p 00000000 00:00 0 
7f0a652d9000-7f0a65bce000 r-xp 00000000 fd:01 28199709                   /home/janel/Desktop/Studium/Semester_6/Bachelorarbeit/nochmalneu/lib/java/runtime-mathsat/libmathsat5j.so
7f0a65bce000-7f0a65dce000 ---p 008f5000 fd:01 28199709                   /home/janel/Desktop/Studium/Semester_6/Bachelorarbeit/nochmalneu/lib/java/runtime-mathsat/libmathsat5j.so
7f0a65dce000-7f0a65de9000 r--p 008f5000 fd:01 28199709                   /home/janel/Desktop/Studium/Semester_6/Bachelorarbeit/nochmalneu/lib/java/runtime-mathsat/libmathsat5j.so
7f0a65de9000-7f0a65dfd000 rw-p 00910000 fd:01 28199709                   /home/janel/Desktop/Studium/Semester_6/Bachelorarbeit/nochmalneu/lib/java/runtime-mathsat/libmathsat5j.so
7f0a65dfd000-7f0a65f80000 rw-p 00000000 00:00 0 
7f0a65f80000-7f0a66000000 ---p 00000000 00:00 0 
7f0a66000000-7f0a68000000 rw-p 00000000 00:00 0 
7f0a68000000-7f0a68021000 rw-p 00000000 00:00 0 
7f0a68021000-7f0a6c000000 ---p 00000000 00:00 0 
7f0a6c0e7000-7f0a6c0eb000 ---p 00000000 00:00 0 
7f0a6c0eb000-7f0a6c3e8000 rw-p 00000000 00:00 0 
7f0a6c3e8000-7f0a6c3ea000 r-xp 00000000 fd:01 1705166                    /home/janel/.jdks/corretto-11.0.15/lib/libextnet.so
7f0a6c3ea000-7f0a6c5e9000 ---p 00002000 fd:01 1705166                    /home/janel/.jdks/corretto-11.0.15/lib/libextnet.so
7f0a6c5e9000-7f0a6c5ea000 r--p 00001000 fd:01 1705166                    /home/janel/.jdks/corretto-11.0.15/lib/libextnet.so
7f0a6c5ea000-7f0a6c5eb000 rw-p 00000000 00:00 0 
7f0a6c5eb000-7f0a6c5ec000 ---p 00000000 00:00 0 
7f0a6c5ec000-7f0a6c6ed000 rw-p 00000000 00:00 0 
7f0a6c6ed000-7f0a6c6f1000 ---p 00000000 00:00 0 
7f0a6c6f1000-7f0a6c7ee000 rw-p 00000000 00:00 0 
7f0a6c7ee000-7f0a6c803000 r-xp 00000000 fd:01 1705145                    /home/janel/.jdks/corretto-11.0.15/lib/libnet.so
7f0a6c803000-7f0a6ca03000 ---p 00015000 fd:01 1705145                    /home/janel/.jdks/corretto-11.0.15/lib/libnet.so
7f0a6ca03000-7f0a6ca04000 r--p 00015000 fd:01 1705145                    /home/janel/.jdks/corretto-11.0.15/lib/libnet.so
7f0a6ca04000-7f0a6ca05000 rw-p 00016000 fd:01 1705145                    /home/janel/.jdks/corretto-11.0.15/lib/libnet.so
7f0a6ca05000-7f0a6ca15000 r-xp 00000000 fd:01 1705146                    /home/janel/.jdks/corretto-11.0.15/lib/libnio.so
7f0a6ca15000-7f0a6cc15000 ---p 00010000 fd:01 1705146                    /home/janel/.jdks/corretto-11.0.15/lib/libnio.so
7f0a6cc15000-7f0a6cc16000 r--p 00010000 fd:01 1705146                    /home/janel/.jdks/corretto-11.0.15/lib/libnio.so
7f0a6cc16000-7f0a6cc17000 rw-p 00011000 fd:01 1705146                    /home/janel/.jdks/corretto-11.0.15/lib/libnio.so
7f0a6cc17000-7f0a6cc1b000 ---p 00000000 00:00 0 
7f0a6cc1b000-7f0a6cd18000 rw-p 00000000 00:00 0 
7f0a6cd18000-7f0a6cd1c000 ---p 00000000 00:00 0 
7f0a6cd1c000-7f0a6ce19000 rw-p 00000000 00:00 0 
7f0a6ce19000-7f0a6ce1d000 ---p 00000000 00:00 0 
7f0a6ce1d000-7f0a6cf1a000 rw-p 00000000 00:00 0 
7f0a6cf1a000-7f0a6cf1e000 ---p 00000000 00:00 0 
7f0a6cf1e000-7f0a6d01b000 rw-p 00000000 00:00 0 
7f0a6d01b000-7f0a6d01f000 ---p 00000000 00:00 0 
7f0a6d01f000-7f0a6d11c000 rw-p 00000000 00:00 0 
7f0a6d11c000-7f0a6d6e6000 r--p 00000000 fd:01 8913749                    /usr/lib/locale/locale-archive
7f0a6d6e6000-7f0a6e3a6000 rw-p 00000000 00:00 0 
7f0a6e3a6000-7f0a72ab6000 ---p 00000000 00:00 0 
7f0a72ab6000-7f0a72f76000 rw-p 00000000 00:00 0 
7f0a72f76000-7f0a77686000 ---p 00000000 00:00 0 
7f0a77686000-7f0a7771e000 rw-p 00000000 00:00 0 
7f0a7771e000-7f0a78000000 ---p 00000000 00:00 0 
7f0a78000000-7f0a78021000 rw-p 00000000 00:00 0 
7f0a78021000-7f0a7c000000 ---p 00000000 00:00 0 
7f0a7c055000-7f0a7c058000 r--p 00000000 fd:01 8918008                    /usr/lib/x86_64-linux-gnu/libgcc_s.so.1
7f0a7c058000-7f0a7c06a000 r-xp 00003000 fd:01 8918008                    /usr/lib/x86_64-linux-gnu/libgcc_s.so.1
7f0a7c06a000-7f0a7c06e000 r--p 00015000 fd:01 8918008                    /usr/lib/x86_64-linux-gnu/libgcc_s.so.1
7f0a7c06e000-7f0a7c06f000 r--p 00018000 fd:01 8918008                    /usr/lib/x86_64-linux-gnu/libgcc_s.so.1
7f0a7c06f000-7f0a7c070000 rw-p 00019000 fd:01 8918008                    /usr/lib/x86_64-linux-gnu/libgcc_s.so.1
7f0a7c08c000-7f0a7c093000 r--s 00000000 fd:01 9573802                    /usr/lib/x86_64-linux-gnu/gconv/gconv-modules.cache
7f0a7c093000-7f0a7c097000 ---p 00000000 00:00 0 
7f0a7c097000-7f0a7c194000 rw-p 00000000 00:00 0 
7f0a7c194000-7f0a7c198000 ---p 00000000 00:00 0 
7f0a7c198000-7f0a7c295000 rw-p 00000000 00:00 0 
7f0a7c295000-7f0a7c299000 ---p 00000000 00:00 0 
7f0a7c299000-7f0a7c396000 rw-p 00000000 00:00 0 
7f0a7c396000-7f0a7c397000 ---p 00000000 00:00 0 
7f0a7c397000-7f0a7c519000 rw-p 00000000 00:00 0 
7f0a7c519000-7f0a7c51a000 ---p 00000000 00:00 0 
7f0a7c51a000-7f0a7c61b000 rw-p 00000000 00:00 0 
7f0a7c61b000-7f0a7c61c000 ---p 00000000 00:00 0 
7f0a7c61c000-7f0a7c81e000 rw-p 00000000 00:00 0 
7f0a7c81e000-7f0a7ca8e000 rwxp 00000000 00:00 0 
7f0a7ca8e000-7f0a7cdae000 ---p 00000000 00:00 0 
7f0a7cdae000-7f0a7d01e000 rwxp 00000000 00:00 0 
7f0a7d01e000-7f0a842e6000 ---p 00000000 00:00 0 
7f0a842e6000-7f0a84556000 rwxp 00000000 00:00 0 
7f0a84556000-7f0a8b81e000 ---p 00000000 00:00 0 
7f0a8b81e000-7f0a94000000 r--s 00000000 fd:01 1705122                    /home/janel/.jdks/corretto-11.0.15/lib/modules
7f0a94000000-7f0a94ac7000 rw-p 00000000 00:00 0 
7f0a94ac7000-7f0a98000000 ---p 00000000 00:00 0 
7f0a98006000-7f0a9802c000 r--p 00000000 fd:01 11414479                   /usr/share/locale-langpack/de/LC_MESSAGES/libc.mo
7f0a9802c000-7f0a9838a000 rw-p 00000000 00:00 0 
7f0a9838a000-7f0a9838b000 ---p 00000000 00:00 0 
7f0a9838b000-7f0a9848c000 rw-p 00000000 00:00 0 
7f0a9848c000-7f0a9848d000 ---p 00000000 00:00 0 
7f0a9848d000-7f0a986c8000 rw-p 00000000 00:00 0 
7f0a986c8000-7f0a98faa000 ---p 00000000 00:00 0 
7f0a98faa000-7f0a99042000 rw-p 00000000 00:00 0 
7f0a99042000-7f0a99924000 ---p 00000000 00:00 0 
7f0a99924000-7f0a99d28000 rw-p 00000000 00:00 0 
7f0a99d28000-7f0a99d29000 ---p 00000000 00:00 0 
7f0a99d29000-7f0a99e2f000 rw-p 00000000 00:00 0 
7f0a99e2f000-7f0a99f15000 ---p 00000000 00:00 0 
7f0a99f15000-7f0a99f1a000 rw-p 00000000 00:00 0 
7f0a99f1a000-7f0a9a000000 ---p 00000000 00:00 0 
7f0a9a000000-7f0a9a005000 rw-p 00000000 00:00 0 
7f0a9a005000-7f0a9a00c000 ---p 00000000 00:00 0 
7f0a9a00c000-7f0a9a026000 r-xp 00000000 fd:01 1705143                    /home/janel/.jdks/corretto-11.0.15/lib/libzip.so
7f0a9a026000-7f0a9a226000 ---p 0001a000 fd:01 1705143                    /home/janel/.jdks/corretto-11.0.15/lib/libzip.so
7f0a9a226000-7f0a9a227000 r--p 0001a000 fd:01 1705143                    /home/janel/.jdks/corretto-11.0.15/lib/libzip.so
7f0a9a227000-7f0a9a228000 rw-p 00000000 00:00 0 
7f0a9a228000-7f0a9a230000 rw-s 00000000 fd:01 11535056                   /tmp/hsperfdata_janel/46767
7f0a9a230000-7f0a9a23a000 r-xp 00000000 fd:01 1705176                    /home/janel/.jdks/corretto-11.0.15/lib/libinstrument.so
7f0a9a23a000-7f0a9a439000 ---p 0000a000 fd:01 1705176                    /home/janel/.jdks/corretto-11.0.15/lib/libinstrument.so
7f0a9a439000-7f0a9a43a000 r--p 00009000 fd:01 1705176                    /home/janel/.jdks/corretto-11.0.15/lib/libinstrument.so
7f0a9a43a000-7f0a9a43b000 rw-p 0000a000 fd:01 1705176                    /home/janel/.jdks/corretto-11.0.15/lib/libinstrument.so
7f0a9a43b000-7f0a9a456000 r-xp 00000000 fd:01 1705144                    /home/janel/.jdks/corretto-11.0.15/lib/libjimage.so
7f0a9a456000-7f0a9a656000 ---p 0001b000 fd:01 1705144                    /home/janel/.jdks/corretto-11.0.15/lib/libjimage.so
7f0a9a656000-7f0a9a658000 r--p 0001b000 fd:01 1705144                    /home/janel/.jdks/corretto-11.0.15/lib/libjimage.so
7f0a9a658000-7f0a9a659000 rw-p 0001d000 fd:01 1705144                    /home/janel/.jdks/corretto-11.0.15/lib/libjimage.so
7f0a9a659000-7f0a9a683000 r-xp 00000000 fd:01 1705142                    /home/janel/.jdks/corretto-11.0.15/lib/libjava.so
7f0a9a683000-7f0a9a882000 ---p 0002a000 fd:01 1705142                    /home/janel/.jdks/corretto-11.0.15/lib/libjava.so
7f0a9a882000-7f0a9a883000 r--p 00029000 fd:01 1705142                    /home/janel/.jdks/corretto-11.0.15/lib/libjava.so
7f0a9a883000-7f0a9a884000 rw-p 0002a000 fd:01 1705142                    /home/janel/.jdks/corretto-11.0.15/lib/libjava.so
7f0a9a884000-7f0a9a885000 rw-p 00000000 00:00 0 
7f0a9a885000-7f0a9a892000 r-xp 00000000 fd:01 1705140                    /home/janel/.jdks/corretto-11.0.15/lib/libverify.so
7f0a9a892000-7f0a9aa91000 ---p 0000d000 fd:01 1705140                    /home/janel/.jdks/corretto-11.0.15/lib/libverify.so
7f0a9aa91000-7f0a9aa93000 r--p 0000c000 fd:01 1705140                    /home/janel/.jdks/corretto-11.0.15/lib/libverify.so
7f0a9aa93000-7f0a9aa94000 rw-p 00000000 00:00 0 
7f0a9aa94000-7f0a9aa96000 r--p 00000000 fd:01 8915073                    /usr/lib/x86_64-linux-gnu/librt-2.31.so
7f0a9aa96000-7f0a9aa9a000 r-xp 00002000 fd:01 8915073                    /usr/lib/x86_64-linux-gnu/librt-2.31.so
7f0a9aa9a000-7f0a9aa9c000 r--p 00006000 fd:01 8915073                    /usr/lib/x86_64-linux-gnu/librt-2.31.so
7f0a9aa9c000-7f0a9aa9d000 r--p 00007000 fd:01 8915073                    /usr/lib/x86_64-linux-gnu/librt-2.31.so
7f0a9aa9d000-7f0a9aa9e000 rw-p 00008000 fd:01 8915073                    /usr/lib/x86_64-linux-gnu/librt-2.31.so
7f0a9aa9e000-7f0a9aaa2000 ---p 00000000 00:00 0 
7f0a9aaa2000-7f0a9ab9f000 rw-p 00000000 00:00 0 
7f0a9ab9f000-7f0a9abac000 r--p 00000000 fd:01 8915060                    /usr/lib/x86_64-linux-gnu/libm-2.31.so
7f0a9abac000-7f0a9ac53000 r-xp 0000d000 fd:01 8915060                    /usr/lib/x86_64-linux-gnu/libm-2.31.so
7f0a9ac53000-7f0a9acec000 r--p 000b4000 fd:01 8915060                    /usr/lib/x86_64-linux-gnu/libm-2.31.so
7f0a9acec000-7f0a9aced000 r--p 0014c000 fd:01 8915060                    /usr/lib/x86_64-linux-gnu/libm-2.31.so
7f0a9aced000-7f0a9acee000 rw-p 0014d000 fd:01 8915060                    /usr/lib/x86_64-linux-gnu/libm-2.31.so
7f0a9acee000-7f0a9bf5e000 r-xp 00000000 fd:01 1705134                    /home/janel/.jdks/corretto-11.0.15/lib/server/libjvm.so
7f0a9bf5e000-7f0a9c15e000 ---p 01270000 fd:01 1705134                    /home/janel/.jdks/corretto-11.0.15/lib/server/libjvm.so
7f0a9c15e000-7f0a9c223000 r--p 01270000 fd:01 1705134                    /home/janel/.jdks/corretto-11.0.15/lib/server/libjvm.so
7f0a9c223000-7f0a9c25e000 rw-p 01335000 fd:01 1705134                    /home/janel/.jdks/corretto-11.0.15/lib/server/libjvm.so
7f0a9c25e000-7f0a9c2b8000 rw-p 00000000 00:00 0 
7f0a9c2b8000-7f0a9c2da000 r--p 00000000 fd:01 8915058                    /usr/lib/x86_64-linux-gnu/libc-2.31.so
7f0a9c2da000-7f0a9c452000 r-xp 00022000 fd:01 8915058                    /usr/lib/x86_64-linux-gnu/libc-2.31.so
7f0a9c452000-7f0a9c4a0000 r--p 0019a000 fd:01 8915058                    /usr/lib/x86_64-linux-gnu/libc-2.31.so
7f0a9c4a0000-7f0a9c4a4000 r--p 001e7000 fd:01 8915058                    /usr/lib/x86_64-linux-gnu/libc-2.31.so
7f0a9c4a4000-7f0a9c4a6000 rw-p 001eb000 fd:01 8915058                    /usr/lib/x86_64-linux-gnu/libc-2.31.so
7f0a9c4a6000-7f0a9c4aa000 rw-p 00000000 00:00 0 
7f0a9c4aa000-7f0a9c4ab000 r--p 00000000 fd:01 8915059                    /usr/lib/x86_64-linux-gnu/libdl-2.31.so
7f0a9c4ab000-7f0a9c4ad000 r-xp 00001000 fd:01 8915059                    /usr/lib/x86_64-linux-gnu/libdl-2.31.so
7f0a9c4ad000-7f0a9c4ae000 r--p 00003000 fd:01 8915059                    /usr/lib/x86_64-linux-gnu/libdl-2.31.so
7f0a9c4ae000-7f0a9c4af000 r--p 00003000 fd:01 8915059                    /usr/lib/x86_64-linux-gnu/libdl-2.31.so
7f0a9c4af000-7f0a9c4b0000 rw-p 00004000 fd:01 8915059                    /usr/lib/x86_64-linux-gnu/libdl-2.31.so
7f0a9c4b0000-7f0a9c4ca000 r-xp 00000000 fd:01 1705139                    /home/janel/.jdks/corretto-11.0.15/lib/jli/libjli.so
7f0a9c4ca000-7f0a9c6c9000 ---p 0001a000 fd:01 1705139                    /home/janel/.jdks/corretto-11.0.15/lib/jli/libjli.so
7f0a9c6c9000-7f0a9c6ca000 r--p 00019000 fd:01 1705139                    /home/janel/.jdks/corretto-11.0.15/lib/jli/libjli.so
7f0a9c6ca000-7f0a9c6cb000 rw-p 0001a000 fd:01 1705139                    /home/janel/.jdks/corretto-11.0.15/lib/jli/libjli.so
7f0a9c6cb000-7f0a9c6d1000 r--p 00000000 fd:01 8915071                    /usr/lib/x86_64-linux-gnu/libpthread-2.31.so
7f0a9c6d1000-7f0a9c6e2000 r-xp 00006000 fd:01 8915071                    /usr/lib/x86_64-linux-gnu/libpthread-2.31.so
7f0a9c6e2000-7f0a9c6e8000 r--p 00017000 fd:01 8915071                    /usr/lib/x86_64-linux-gnu/libpthread-2.31.so
7f0a9c6e8000-7f0a9c6e9000 r--p 0001c000 fd:01 8915071                    /usr/lib/x86_64-linux-gnu/libpthread-2.31.so
7f0a9c6e9000-7f0a9c6ea000 rw-p 0001d000 fd:01 8915071                    /usr/lib/x86_64-linux-gnu/libpthread-2.31.so
7f0a9c6ea000-7f0a9c6ee000 rw-p 00000000 00:00 0 
7f0a9c6f4000-7f0a9c6f7000 r--p 00000000 fd:01 8915066                    /usr/lib/x86_64-linux-gnu/libnss_files-2.31.so
7f0a9c6f7000-7f0a9c6fe000 r-xp 00003000 fd:01 8915066                    /usr/lib/x86_64-linux-gnu/libnss_files-2.31.so
7f0a9c6fe000-7f0a9c700000 r--p 0000a000 fd:01 8915066                    /usr/lib/x86_64-linux-gnu/libnss_files-2.31.so
7f0a9c700000-7f0a9c701000 r--p 0000b000 fd:01 8915066                    /usr/lib/x86_64-linux-gnu/libnss_files-2.31.so
7f0a9c701000-7f0a9c702000 rw-p 0000c000 fd:01 8915066                    /usr/lib/x86_64-linux-gnu/libnss_files-2.31.so
7f0a9c702000-7f0a9c708000 rw-p 00000000 00:00 0 
7f0a9c708000-7f0a9c709000 ---p 00000000 00:00 0 
7f0a9c709000-7f0a9c70a000 r--p 00000000 00:00 0 
7f0a9c70a000-7f0a9c70c000 rw-p 00000000 00:00 0 
7f0a9c70c000-7f0a9c70d000 r--p 00000000 fd:01 8915051                    /usr/lib/x86_64-linux-gnu/ld-2.31.so
7f0a9c70d000-7f0a9c730000 r-xp 00001000 fd:01 8915051                    /usr/lib/x86_64-linux-gnu/ld-2.31.so
7f0a9c730000-7f0a9c738000 r--p 00024000 fd:01 8915051                    /usr/lib/x86_64-linux-gnu/ld-2.31.so
7f0a9c739000-7f0a9c73a000 r--p 0002c000 fd:01 8915051                    /usr/lib/x86_64-linux-gnu/ld-2.31.so
7f0a9c73a000-7f0a9c73b000 rw-p 0002d000 fd:01 8915051                    /usr/lib/x86_64-linux-gnu/ld-2.31.so
7f0a9c73b000-7f0a9c73c000 rw-p 00000000 00:00 0 
7ffef5eb8000-7ffef5eda000 rw-p 00000000 00:00 0                          [stack]
7ffef5ef2000-7ffef5ef6000 r--p 00000000 00:00 0                          [vvar]
7ffef5ef6000-7ffef5ef8000 r-xp 00000000 00:00 0                          [vdso]
ffffffffff600000-ffffffffff601000 --xp 00000000 00:00 0                  [vsyscall]


VM Arguments:
jvm_args: -ea -Didea.test.cyclic.buffer.size=1048576 -javaagent:/snap/intellij-idea-community/460/lib/idea_rt.jar=32869:/snap/intellij-idea-community/460/bin -Dfile.encoding=UTF-8 
java_command: com.intellij.rt.junit.JUnitStarter -ideVersion5 -junit4 org.sosy_lab.java_smt.test.NumeralFormulaManagerTest
java_class_path (initial): /snap/intellij-idea-community/460/lib/idea_rt.jar:/snap/intellij-idea-community/460/plugins/junit/lib/junit5-rt.jar:/snap/intellij-idea-community/460/plugins/junit/lib/junit-rt.jar:/home/janel/Desktop/Studium/Semester_6/Bachelorarbeit/nochmalneu/bin:/home/janel/Desktop/Studium/Semester_6/Bachelorarbeit/nochmalneu/lib/java/core/guava.jar:/home/janel/Desktop/Studium/Semester_6/Bachelorarbeit/nochmalneu/lib/java/core/common.jar:/home/janel/Desktop/Studium/Semester_6/Bachelorarbeit/nochmalneu/lib/java/build/auto-value-annotations.jar:/home/janel/Desktop/Studium/Semester_6/Bachelorarbeit/nochmalneu/lib/java/test/jsr305.jar:/home/janel/Desktop/Studium/Semester_6/Bachelorarbeit/nochmalneu/lib/java/test/junit.jar:/home/janel/Desktop/Studium/Semester_6/Bachelorarbeit/nochmalneu/lib/java/test/guava-testlib.jar:/home/janel/Desktop/Studium/Semester_6/Bachelorarbeit/nochmalneu/lib/java/test/truth.jar:/home/janel/Desktop/Studium/Semester_6/Bachelorarbeit/nochmalneu/lib/java/core/checker-qual.jar:/home/janel/Desktop/Studium/Semester_6/Bachelorarbeit/nochmalneu/lib/java/core/spotbugs-annotations.jar:/home/janel/Desktop/Studium/Semester_6/Bachelorarbeit/nochmalneu/lib/java/test/truth-java8-extension.jar:/home/janel/Desktop/Studium/Semester_6/Bachelorarbeit/nochmalneu/lib/java/runtime-smtinterpol/smtinterpol.jar:/home/janel/Desktop/Studium/Semester_6/Bachelorarbeit/nochmalneu/lib/java/runtime-princess/princess_2.13.jar:/home/janel/Desktop/Studium/Semester_6/Bachelorarbeit/nochmalneu/lib/java/runtime-princess/princess-parser_2.13.jar:/home/janel/Desktop/Studium/Semester_6/Bachelorarbeit/nochmalneu/lib/java/runtime-princess/princess-smt-parser_2.13.jar:/home/janel/Desktop/Studium/Semester_6/Bachelorarbeit/nochmalneu/lib/java/runtime-princess/scala-library.jar:/home/janel/Desktop/Studium/Semester_6/Bachelorarbeit/nochmalneu/lib/java/runtime-princess/java-cup-runtime.jar:/home/janel/Desktop/Studium/Semester_6/Bachelorarbeit/nochmalneu/lib/java/test/hamcrest-c
Launcher Type: SUN_STANDARD

[Global flags]
     intx CICompilerCount                          = 3                                         {product} {ergonomic}
     uint ConcGCThreads                            = 1                                         {product} {ergonomic}
     uint G1ConcRefinementThreads                  = 4                                         {product} {ergonomic}
   size_t G1HeapRegionSize                         = 1048576                                   {product} {ergonomic}
    uintx GCDrainStackTargetSize                   = 64                                        {product} {ergonomic}
   size_t InitialHeapSize                          = 318767104                                 {product} {ergonomic}
   size_t MarkStackSize                            = 4194304                                   {product} {ergonomic}
   size_t MaxHeapSize                              = 5087690752                                {product} {ergonomic}
   size_t MaxNewSize                               = 3052404736                                {product} {ergonomic}
   size_t MinHeapDeltaBytes                        = 1048576                                   {product} {ergonomic}
    uintx NonNMethodCodeHeapSize                   = 5830732                                {pd product} {ergonomic}
    uintx NonProfiledCodeHeapSize                  = 122913754                              {pd product} {ergonomic}
    uintx ProfiledCodeHeapSize                     = 122913754                              {pd product} {ergonomic}
    uintx ReservedCodeCacheSize                    = 251658240                              {pd product} {ergonomic}
     bool SegmentedCodeCache                       = true                                      {product} {ergonomic}
     bool UseCompressedClassPointers               = true                                 {lp64_product} {ergonomic}
     bool UseCompressedOops                        = true                                 {lp64_product} {ergonomic}
     bool UseG1GC                                  = true                                      {product} {ergonomic}

Logging:
Log output configuration:
 #0: stdout all=warning uptime,level,tags
 #1: stderr all=off uptime,level,tags

Environment Variables:
JAVA_HOME=/usr/lib/jvm/java-16-oracle
PATH=/home/janel/.opam/default/bin:/home/janel/.local/bin:/home/janel/bin:/usr/local/sbin:/usr/local/bin:/usr/sbin:/usr/bin:/sbin:/bin:/usr/games:/usr/local/games:/snap/bin:/usr/lib/jvm/java-16-oracle/bin:/usr/lib/jvm/java-16-oracle/db/bin:/home/janel/bin
USERNAME=janel
SHELL=/usr/bin/fish
DISPLAY=:0
LANG=de_DE.UTF-8

Signal Handlers:
SIGSEGV: [libjvm.so+0xf43c90], sa_mask[0]=11111111011111111101111111111110, sa_flags=SA_RESTART|SA_SIGINFO
SIGBUS: [libjvm.so+0xf43c90], sa_mask[0]=11111111011111111101111111111110, sa_flags=SA_RESTART|SA_SIGINFO
SIGFPE: [libjvm.so+0xf43c90], sa_mask[0]=11111111011111111101111111111110, sa_flags=SA_RESTART|SA_SIGINFO
SIGPIPE: [libjvm.so+0xc645d0], sa_mask[0]=11111111011111111101111111111110, sa_flags=SA_RESTART|SA_SIGINFO
SIGXFSZ: [libjvm.so+0xc645d0], sa_mask[0]=11111111011111111101111111111110, sa_flags=SA_RESTART|SA_SIGINFO
SIGILL: [libjvm.so+0xf43c90], sa_mask[0]=11111111011111111101111111111110, sa_flags=SA_RESTART|SA_SIGINFO
SIGUSR2: [libjvm.so+0xc64470], sa_mask[0]=00100000000000000000000000000000, sa_flags=SA_RESTART|SA_SIGINFO
SIGHUP: [libjvm.so+0xc647d0], sa_mask[0]=11111111011111111101111111111110, sa_flags=SA_RESTART|SA_SIGINFO
SIGINT: [libjvm.so+0xc647d0], sa_mask[0]=11111111011111111101111111111110, sa_flags=SA_RESTART|SA_SIGINFO
SIGTERM: [libjvm.so+0xc647d0], sa_mask[0]=11111111011111111101111111111110, sa_flags=SA_RESTART|SA_SIGINFO
SIGQUIT: [libjvm.so+0xc647d0], sa_mask[0]=11111111011111111101111111111110, sa_flags=SA_RESTART|SA_SIGINFO


---------------  S Y S T E M  ---------------

OS:DISTRIB_ID=Ubuntu
DISTRIB_RELEASE=20.04
DISTRIB_CODENAME=focal
DISTRIB_DESCRIPTION="Ubuntu 20.04.5 LTS"
uname:Linux 5.15.0-86-generic #96~20.04.1-Ubuntu SMP Thu Sep 21 13:23:37 UTC 2023 x86_64
OS uptime: 4 days 3:24 hours
libc:glibc 2.31 NPTL 2.31 
rlimit (soft/hard): STACK 8192k/infinity , CORE 0k/infinity , NPROC 77088/77088 , NOFILE 1048576/1048576 , AS infinity/infinity , CPU infinity/infinity , DATA infinity/infinity , FSIZE infinity/infinity , MEMLOCK 65536k/65536k
load average:2,52 1,86 1,41

/proc/meminfo:
MemTotal:       19869448 kB
MemFree:         2207768 kB
MemAvailable:   12071184 kB
Buffers:          943412 kB
Cached:          8575716 kB
SwapCached:            0 kB
Active:          3822524 kB
Inactive:       10478372 kB
Active(anon):       5716 kB
Inactive(anon):  5915080 kB
Active(file):    3816808 kB
Inactive(file):  4563292 kB
Unevictable:     1069212 kB
Mlocked:             236 kB
SwapTotal:       1003516 kB
SwapFree:        1003516 kB
Dirty:              3464 kB
Writeback:             0 kB
AnonPages:       5851016 kB
Mapped:          1678092 kB
Shmem:           1139028 kB
KReclaimable:    1846252 kB
Slab:            2080280 kB
SReclaimable:    1846252 kB
SUnreclaim:       234028 kB
KernelStack:       21088 kB
PageTables:        54652 kB
NFS_Unstable:          0 kB
Bounce:                0 kB
WritebackTmp:          0 kB
CommitLimit:    10938240 kB
Committed_AS:   13045588 kB
VmallocTotal:   34359738367 kB
VmallocUsed:       55444 kB
VmallocChunk:          0 kB
Percpu:             6400 kB
HardwareCorrupted:     0 kB
AnonHugePages:         0 kB
ShmemHugePages:        0 kB
ShmemPmdMapped:        0 kB
FileHugePages:         0 kB
FilePmdMapped:         0 kB
HugePages_Total:       0
HugePages_Free:        0
HugePages_Rsvd:        0
HugePages_Surp:        0
Hugepagesize:       2048 kB
Hugetlb:               0 kB
DirectMap4k:      557132 kB
DirectMap2M:    16654336 kB
DirectMap1G:     3145728 kB

/sys/kernel/mm/transparent_hugepage/enabled:
always [madvise] never
/sys/kernel/mm/transparent_hugepage/defrag (defrag/compaction efforts parameter):
always defer defer+madvise [madvise] never

Process Memory:
Virtual Size: 8104256K (peak: 8107808K)
Resident Set Size: 86608K (peak: 87808K) (anon: 59996K, file: 26612K, shmem: 0K)
Swapped out: 0K
C-Heap outstanding allocations: 21777K

/proc/sys/kernel/threads-max (system-wide limit on the number of threads):
154176
/proc/sys/vm/max_map_count (maximum number of memory map areas a process may have):
65530
/proc/sys/kernel/pid_max (system-wide limit on number of process identifiers):
4194304

container (cgroup) information:
container_type: cgroupv1
cpu_cpuset_cpus: 0-3
cpu_memory_nodes: 0
active_processor_count: 4
cpu_quota: -1
cpu_period: 100000
cpu_shares: -1
memory_limit_in_bytes: -1
memory_and_swap_limit_in_bytes: -1
memory_soft_limit_in_bytes: -1
memory_usage_in_bytes: 5497516032
memory_max_usage_in_bytes: 5698379776

Steal ticks since vm start: 0
Steal ticks percentage since vm start:  0,000

CPU:total 4 (initial active 4) (2 cores per cpu, 2 threads per core) family 6 model 78 stepping 3 microcode 0xf0, cmov, cx8, fxsr, mmx, sse, sse2, sse3, ssse3, sse4.1, sse4.2, popcnt, avx, avx2, aes, clmul, erms, 3dnowpref, lzcnt, ht, tsc, tscinvbit, bmi1, bmi2, adx, fma
CPU Model and flags from /proc/cpuinfo:
model name	: Intel(R) Core(TM) i7-6600U CPU @ 2.60GHz
flags		: fpu vme de pse tsc msr pae mce cx8 apic sep mtrr pge mca cmov pat pse36 clflush dts acpi mmx fxsr sse sse2 ss ht tm pbe syscall nx pdpe1gb rdtscp lm constant_tsc art arch_perfmon pebs bts rep_good nopl xtopology nonstop_tsc cpuid aperfmperf pni pclmulqdq dtes64 monitor ds_cpl vmx smx est tm2 ssse3 sdbg fma cx16 xtpr pdcm pcid sse4_1 sse4_2 x2apic movbe popcnt tsc_deadline_timer aes xsave avx f16c rdrand lahf_lm abm 3dnowprefetch cpuid_fault epb invpcid_single pti ssbd ibrs ibpb stibp tpr_shadow vnmi flexpriority ept vpid ept_ad fsgsbase tsc_adjust bmi1 avx2 smep bmi2 erms invpcid mpx rdseed adx smap clflushopt intel_pt xsaveopt xsavec xgetbv1 xsaves dtherm ida arat pln pts hwp hwp_notify hwp_act_window hwp_epp md_clear flush_l1d arch_capabilities
Online cpus:
0-3
Offline cpus:

BIOS frequency limitation:
<Not Available>
Frequency switch latency (ns):
0
Available cpu frequencies:
<Not Available>
Current governor:
powersave
Core performance/turbo boost:
<Not Available>

Memory: 4k page, physical 19869448k(2207768k free), swap 1003516k(1003516k free)

vm_info: OpenJDK 64-Bit Server VM (11.0.15+9-LTS) for linux-amd64 JRE (11.0.15+9-LTS), built on Apr 15 2022 22:17:05 by "jenkins" with gcc 7.3.1 20180303 (Red Hat 7.3.1-5)

END.
