#
# A fatal error has been detected by the Java Runtime Environment:
#
#  SIGSEGV (0xb) at pc=0x00007fa3f6db126e, pid=739701, tid=740017
#
# JRE version: Java(TM) SE Runtime Environment (16.0.1+9) (build 16.0.1+9-24)
# Java VM: Java HotSpot(TM) 64-Bit Server VM (16.0.1+9-24, mixed mode, sharing, tiered, compressed oops, compressed class ptrs, g1 gc, linux-amd64)
# Problematic frame:
# C  [libstdc++.so.6+0xc226e]  std::_Rb_tree_decrement(std::_Rb_tree_node_base*)+0xe
#
# Core dump will be written. Default location: Core dumps may be processed with "/usr/share/apport/apport -p%p -s%s -c%c -d%d -P%P -u%u -g%g -- %E" (or dumping to /home/janel/Desktop/Studium/Semester_6/Bachelorarbeit/nochmalneu/core.739701)
#
# If you would like to submit a bug report, please visit:
#   https://bugreport.java.com/bugreport/crash.jsp
# The crash happened outside the Java Virtual Machine in native code.
# See problematic frame for where to report the bug.
#

---------------  S U M M A R Y ------------

Command Line: -javaagent:/tmp/jacocoagent10250811838946638224.jar=destfile=/home/janel/Desktop/Studium/Semester_6/Bachelorarbeit/nochmalneu/junit/jacoco.exec,excludes=**/*Test*:**/Dummy* -Djava.awt.headless=true -ea org.apache.tools.ant.taskdefs.optional.junit.JUnitTestRunner org.sosy_lab.java_smt.test.SolverConcurrencyTest skipNonTests=false filtertrace=true haltOnError=false haltOnFailure=false formatter=org.apache.tools.ant.taskdefs.optional.junit.SummaryJUnitResultFormatter showoutput=false outputtoformatters=true logfailedtests=true threadid=0 logtestlistenerevents=false formatter=org.apache.tools.ant.taskdefs.optional.junit.XMLJUnitResultFormatter,/home/janel/Desktop/Studium/Semester_6/Bachelorarbeit/nochmalneu/junit/TEST-org.sosy_lab.java_smt.test.SolverConcurrencyTest.xml crashfile=/home/janel/Desktop/Studium/Semester_6/Bachelorarbeit/nochmalneu/junitvmwatcher4560712175186021326.properties propsfile=/home/janel/Desktop/Studium/Semester_6/Bachelorarbeit/nochmalneu/junit13614112869560928223.properties

Host: Intel(R) Core(TM) i7-6600U CPU @ 2.60GHz, 4 cores, 18G, Ubuntu 20.04.5 LTS
Time: Fri Nov 17 12:35:32 2023 CET elapsed time: 213.104201 seconds (0d 0h 3m 33s)

---------------  T H R E A D  ---------------

Current thread (0x00007fa3ce1e0fd0):  JavaThread "pool-37-thread-3" [_thread_in_native, id=740017, stack(0x00007fa3d96fb000,0x00007fa3d97fc000)]

Stack: [0x00007fa3d96fb000,0x00007fa3d97fc000],  sp=0x00007fa3d97fa368,  free space=1020k
Native frames: (J=compiled Java code, A=aot compiled Java code, j=interpreted, Vv=VM code, C=native code)
C  [libstdc++.so.6+0xc226e]  std::_Rb_tree_decrement(std::_Rb_tree_node_base*)+0xe

Java frames: (J=compiled Java code, j=interpreted, Vv=VM code)
j  io.github.cvc5.Solver.deletePointer(J)V+0
j  io.github.cvc5.Solver.deletePointer()V+31
j  org.sosy_lab.java_smt.solvers.cvc5.CVC5AbstractProver.close()V+31
j  org.sosy_lab.java_smt.basicimpl.withAssumptionsWrapper.BasicProverWithAssumptionsWrapper.close()V+10
j  org.sosy_lab.java_smt.test.SolverConcurrencyTest.intConcurrencyTest(Lorg/sosy_lab/java_smt/api/SolverContext;)V+140
j  org.sosy_lab.java_smt.test.SolverConcurrencyTest.lambda$testIntConcurrencyWithConcurrentContext$0()V+11
j  org.sosy_lab.java_smt.test.SolverConcurrencyTest$$Lambda$122+0x0000000800d16a60.run()V+4
j  org.sosy_lab.java_smt.test.SolverConcurrencyTest.lambda$assertConcurrency$8(Ljava/util/concurrent/CountDownLatch;Ljava/util/concurrent/CountDownLatch;Lorg/sosy_lab/java_smt/test/SolverConcurrencyTest$Run;Ljava/util/List;Ljava/util/concurrent/CountDownLatch;)V+9
j  org.sosy_lab.java_smt.test.SolverConcurrencyTest$$Lambda$79+0x0000000800cf7758.run()V+20
j  java.util.concurrent.Executors$RunnableAdapter.call()Ljava/lang/Object;+4 java.base@16.0.1
j  java.util.concurrent.FutureTask.run()V+39 java.base@16.0.1
j  java.util.concurrent.ThreadPoolExecutor.runWorker(Ljava/util/concurrent/ThreadPoolExecutor$Worker;)V+92 java.base@16.0.1
j  java.util.concurrent.ThreadPoolExecutor$Worker.run()V+5 java.base@16.0.1
j  java.lang.Thread.run()V+11 java.base@16.0.1
v  ~StubRoutines::call_stub

siginfo: si_signo: 11 (SIGSEGV), si_code: 1 (SEGV_MAPERR), si_addr: 0x0000000000000008

Register to memory mapping:

RAX=0x0 is NULL
RBX=0x00007fa3f6c5fdc8: <offset 0x0000000000055dc8> in /home/janel/Desktop/Studium/Semester_6/Bachelorarbeit/nochmalneu/lib/java/runtime-cvc5/libcvc5jni.so at 0x00007fa3f6c0a000
RCX=0x00007fa41413be00 points into unknown readable memory: 0x0000000000000000 | 00 00 00 00 00 00 00 00
RDX=0x00007fa41413be30 points into unknown readable memory: 0x00007fa414f4d0c0 | c0 d0 f4 14 a4 7f 00 00
RSP=0x00007fa3d97fa368 is pointing into the stack for thread: 0x00007fa3ce1e0fd0
RBP=0x00007fa3f6c5fdc8: <offset 0x0000000000055dc8> in /home/janel/Desktop/Studium/Semester_6/Bachelorarbeit/nochmalneu/lib/java/runtime-cvc5/libcvc5jni.so at 0x00007fa3f6c0a000
RSI=0x00007fa3f6c5fdc8: <offset 0x0000000000055dc8> in /home/janel/Desktop/Studium/Semester_6/Bachelorarbeit/nochmalneu/lib/java/runtime-cvc5/libcvc5jni.so at 0x00007fa3f6c0a000
RDI=0x00007fa3f6c5fdc8: <offset 0x0000000000055dc8> in /home/janel/Desktop/Studium/Semester_6/Bachelorarbeit/nochmalneu/lib/java/runtime-cvc5/libcvc5jni.so at 0x00007fa3f6c0a000
R8 =0x00007fa41413be10 points into unknown readable memory: 0x00007fa414000550 | 50 05 00 14 a4 7f 00 00
R9 =0x00007fa4140006d0 points into unknown readable memory: 0x00007fa4140006c0 | c0 06 00 14 a4 7f 00 00
R10=0xfffffffffffff068 is an unknown value
R11=0x00007fa3f6db1260: _ZSt18_Rb_tree_decrementPSt18_Rb_tree_node_base+0x0000000000000000 in /lib/x86_64-linux-gnu/libstdc++.so.6 at 0x00007fa3f6cef000
R12=0x00007fa3f6c5fdc0: <offset 0x0000000000055dc0> in /home/janel/Desktop/Studium/Semester_6/Bachelorarbeit/nochmalneu/lib/java/runtime-cvc5/libcvc5jni.so at 0x00007fa3f6c0a000
R13=0x00007fa41413be10 points into unknown readable memory: 0x00007fa414000550 | 50 05 00 14 a4 7f 00 00
R14=0x00007fa3f6c5fdc8: <offset 0x0000000000055dc8> in /home/janel/Desktop/Studium/Semester_6/Bachelorarbeit/nochmalneu/lib/java/runtime-cvc5/libcvc5jni.so at 0x00007fa3f6c0a000
R15=0x00007fa3ce1e0fd0 is a thread


Registers:
RAX=0x0000000000000000, RBX=0x00007fa3f6c5fdc8, RCX=0x00007fa41413be00, RDX=0x00007fa41413be30
RSP=0x00007fa3d97fa368, RBP=0x00007fa3f6c5fdc8, RSI=0x00007fa3f6c5fdc8, RDI=0x00007fa3f6c5fdc8
R8 =0x00007fa41413be10, R9 =0x00007fa4140006d0, R10=0xfffffffffffff068, R11=0x00007fa3f6db1260
R12=0x00007fa3f6c5fdc0, R13=0x00007fa41413be10, R14=0x00007fa3f6c5fdc8, R15=0x00007fa3ce1e0fd0
RIP=0x00007fa3f6db126e, EFLAGS=0x0000000000010246, CSGSFS=0x002b000000000033, ERR=0x0000000000000004
  TRAPNO=0x000000000000000e

Top of Stack: (sp=0x00007fa3d97fa368)
0x00007fa3d97fa368:   00007fa3f6c3e632 00007fa41413be30
0x00007fa3d97fa378:   00007fa3ce1e12e0 00007fa3ce1e0fd0
0x00007fa3d97fa388:   00007fa3f6c5fdc8 00007fa414f4d0c0
0x00007fa3d97fa398:   00007fa3f6c5fdc8 00007fa41413be10 

Instructions: (pc=0x00007fa3f6db126e)
0x00007fa3f6db116e:   1f 00 f3 0f 1e fa 48 8d 47 18 c3 0f 1f 80 00 00
0x00007fa3f6db117e:   00 00 f3 0f 1e fa 40 0f b6 f6 48 83 c7 18 e9 0f
0x00007fa3f6db118e:   b8 fd ff 66 2e 0f 1f 84 00 00 00 00 00 0f 1f 44
0x00007fa3f6db119e:   00 00 f3 0f 1e fa 48 83 c7 18 e9 d3 b0 fd ff 0f
0x00007fa3f6db11ae:   1f 00 f3 0f 1e fa 48 83 c7 18 e9 13 ad fd ff 0f
0x00007fa3f6db11be:   1f 00 f3 0f 1e fa 48 8b 47 18 48 85 c0 74 13 0f
0x00007fa3f6db11ce:   1f 00 49 89 c0 48 8b 40 10 48 85 c0 75 f4 4c 89
0x00007fa3f6db11de:   c0 c3 48 8b 47 08 48 3b 78 18 75 1f 66 0f 1f 44
0x00007fa3f6db11ee:   00 00 49 89 c0 48 8b 40 08 4c 39 40 18 74 f3 49
0x00007fa3f6db11fe:   3b 40 18 4c 0f 45 c0 4c 89 c0 c3 49 89 c0 eb ce
0x00007fa3f6db120e:   66 90 f3 0f 1e fa 48 8b 47 18 48 85 c0 74 13 0f
0x00007fa3f6db121e:   1f 00 49 89 c0 48 8b 40 10 48 85 c0 75 f4 4c 89
0x00007fa3f6db122e:   c0 c3 48 8b 47 08 48 3b 78 18 75 1f 66 0f 1f 44
0x00007fa3f6db123e:   00 00 49 89 c0 48 8b 40 08 4c 39 40 18 74 f3 49
0x00007fa3f6db124e:   3b 40 18 4c 0f 45 c0 4c 89 c0 c3 49 89 c0 eb ce
0x00007fa3f6db125e:   66 90 f3 0f 1e fa 8b 07 85 c0 75 0a 48 8b 47 08
0x00007fa3f6db126e:   48 3b 78 08 74 44 48 8b 47 10 48 85 c0 74 13 0f
0x00007fa3f6db127e:   1f 00 49 89 c0 48 8b 40 18 48 85 c0 75 f4 4c 89
0x00007fa3f6db128e:   c0 c3 4c 8b 47 08 49 3b 78 10 75 f2 66 0f 1f 44
0x00007fa3f6db129e:   00 00 4c 89 c0 4d 8b 40 08 49 39 40 10 74 f3 4c
0x00007fa3f6db12ae:   89 c0 c3 0f 1f 80 00 00 00 00 4c 8b 47 18 4c 89
0x00007fa3f6db12be:   c0 c3 f3 0f 1e fa 8b 07 85 c0 75 0a 48 8b 47 08
0x00007fa3f6db12ce:   48 3b 78 08 74 44 48 8b 47 10 48 85 c0 74 13 0f
0x00007fa3f6db12de:   1f 00 49 89 c0 48 8b 40 18 48 85 c0 75 f4 4c 89
0x00007fa3f6db12ee:   c0 c3 4c 8b 47 08 49 3b 78 10 75 f2 66 0f 1f 44
0x00007fa3f6db12fe:   00 00 4c 89 c0 4d 8b 40 08 49 3b 40 10 74 f3 4c
0x00007fa3f6db130e:   89 c0 c3 0f 1f 80 00 00 00 00 4c 8b 47 18 4c 89
0x00007fa3f6db131e:   c0 c3 f3 0f 1e fa 48 8b 47 18 48 8b 50 10 48 89
0x00007fa3f6db132e:   57 18 48 85 d2 74 04 48 89 7a 08 48 8b 57 08 48
0x00007fa3f6db133e:   89 50 08 48 3b 3e 74 2a 48 3b 7a 10 74 14 48 89
0x00007fa3f6db134e:   42 18 48 89 78 10 48 89 47 08 c3 0f 1f 80 00 00
0x00007fa3f6db135e:   00 00 48 89 42 10 48 89 78 10 48 89 47 08 c3 0f 


Stack slot to memory mapping:
stack at sp + 0 slots: 0x00007fa3f6c3e632: <offset 0x0000000000034632> in /home/janel/Desktop/Studium/Semester_6/Bachelorarbeit/nochmalneu/lib/java/runtime-cvc5/libcvc5jni.so at 0x00007fa3f6c0a000
stack at sp + 1 slots: 0x00007fa41413be30 points into unknown readable memory: 0x00007fa414f4d0c0 | c0 d0 f4 14 a4 7f 00 00
stack at sp + 2 slots: 0x00007fa3ce1e12e0 points into unknown readable memory: 0x00007fa46bd910a0 | a0 10 d9 6b a4 7f 00 00
stack at sp + 3 slots: 0x00007fa3ce1e0fd0 is a thread
stack at sp + 4 slots: 0x00007fa3f6c5fdc8: <offset 0x0000000000055dc8> in /home/janel/Desktop/Studium/Semester_6/Bachelorarbeit/nochmalneu/lib/java/runtime-cvc5/libcvc5jni.so at 0x00007fa3f6c0a000
stack at sp + 5 slots: 0x00007fa414f4d0c0 points into unknown readable memory: 0x00007fa415654350 | 50 43 65 15 a4 7f 00 00
stack at sp + 6 slots: 0x00007fa3f6c5fdc8: <offset 0x0000000000055dc8> in /home/janel/Desktop/Studium/Semester_6/Bachelorarbeit/nochmalneu/lib/java/runtime-cvc5/libcvc5jni.so at 0x00007fa3f6c0a000
stack at sp + 7 slots: 0x00007fa41413be10 points into unknown readable memory: 0x00007fa414000550 | 50 05 00 14 a4 7f 00 00


---------------  P R O C E S S  ---------------

Threads class SMR info:
_java_thread_list=0x00007fa3ce1aff60, length=45, elements={
0x00007fa464028160, 0x00007fa4641275a0, 0x00007fa464128b20, 0x00007fa46412d3e0,
0x00007fa46412e930, 0x00007fa46412fe50, 0x00007fa464131930, 0x00007fa464132f90,
0x00007fa464134530, 0x00007fa464158e20, 0x00007fa46476a910, 0x00007fa467d3a940,
0x00007fa3ce12cc70, 0x00007fa3c0000d60, 0x00007fa3c8002530, 0x00007fa3b4002490,
0x00007fa3bc002c10, 0x00007fa3bc00df00, 0x00007fa3b4033760, 0x00007fa3dd806730,
0x00007fa467c16f60, 0x00007fa464107800, 0x00007fa3ce12a410, 0x00007fa3c805aaa0,
0x00007fa3b40185a0, 0x00007fa3c002bc80, 0x00007fa3bc00e440, 0x00007fa4666cc1c0,
0x00007fa466969510, 0x00007fa42400fde0, 0x00007fa42c02ee30, 0x00007fa3bc022e70,
0x00007fa3c80597e0, 0x00007fa3d4559ed0, 0x00007fa3e15289c0, 0x00007fa3b42ac6e0,
0x00007fa40c001030, 0x00007fa4083b4db0, 0x00007fa46696c5c0, 0x00007fa466abb390,
0x00007fa4669708f0, 0x00007fa3ce1dfc50, 0x00007fa3ce1e0a90, 0x00007fa3ce1e0fd0,
0x00007fa3ce1e4560
}

Java Threads: ( => current thread )
  0x00007fa464028160 JavaThread "main" [_thread_blocked, id=739705, stack(0x00007fa46a97b000,0x00007fa46aa7c000)]
  0x00007fa4641275a0 JavaThread "Reference Handler" daemon [_thread_blocked, id=739712, stack(0x00007fa4351fd000,0x00007fa4352fe000)]
  0x00007fa464128b20 JavaThread "Finalizer" daemon [_thread_blocked, id=739713, stack(0x00007fa4350fc000,0x00007fa4351fd000)]
  0x00007fa46412d3e0 JavaThread "Signal Dispatcher" daemon [_thread_blocked, id=739714, stack(0x00007fa434a31000,0x00007fa434b32000)]
  0x00007fa46412e930 JavaThread "Service Thread" daemon [_thread_blocked, id=739715, stack(0x00007fa434930000,0x00007fa434a31000)]
  0x00007fa46412fe50 JavaThread "Monitor Deflation Thread" daemon [_thread_blocked, id=739716, stack(0x00007fa43482f000,0x00007fa434930000)]
  0x00007fa464131930 JavaThread "C2 CompilerThread0" daemon [_thread_blocked, id=739717, stack(0x00007fa43472e000,0x00007fa43482f000)]
  0x00007fa464132f90 JavaThread "C1 CompilerThread0" daemon [_thread_blocked, id=739718, stack(0x00007fa43462d000,0x00007fa43472e000)]
  0x00007fa464134530 JavaThread "Sweeper thread" daemon [_thread_blocked, id=739719, stack(0x00007fa43452c000,0x00007fa43462d000)]
  0x00007fa464158e20 JavaThread "Common-Cleaner" daemon [_thread_blocked, id=739720, stack(0x00007fa43442b000,0x00007fa43452c000)]
  0x00007fa46476a910 JavaThread "Notification Thread" daemon [_thread_blocked, id=739722, stack(0x00007fa434229000,0x00007fa43432a000)]
  0x00007fa467d3a940 JavaThread "Thread-4" daemon [_thread_blocked, id=739816, stack(0x00007fa3f6fd2000,0x00007fa3f70d3000)]
  0x00007fa3ce12cc70 JavaThread "Thread-5" daemon [_thread_blocked, id=739817, stack(0x00007fa3f70d3000,0x00007fa3f71d4000)]
  0x00007fa3c0000d60 JavaThread "Thread-14" daemon [_thread_blocked, id=739834, stack(0x00007fa3f6ed1000,0x00007fa3f6fd2000)]
  0x00007fa3c8002530 JavaThread "Thread-13" daemon [_thread_blocked, id=739835, stack(0x00007fa3daeff000,0x00007fa3db000000)]
  0x00007fa3b4002490 JavaThread "Thread-15" daemon [_thread_blocked, id=739836, stack(0x00007fa3f71d4000,0x00007fa3f72d5000)]
  0x00007fa3bc002c10 JavaThread "Thread-16" daemon [_thread_blocked, id=739837, stack(0x00007fa3f421d000,0x00007fa3f431e000)]
  0x00007fa3bc00df00 JavaThread "Thread-23" daemon [_thread_blocked, id=739848, stack(0x00007fa3dadfe000,0x00007fa3daeff000)]
  0x00007fa3b4033760 JavaThread "Thread-24" daemon [_thread_blocked, id=739849, stack(0x00007fa3f401b000,0x00007fa3f411c000)]
  0x00007fa3dd806730 JavaThread "Thread-25" daemon [_thread_blocked, id=739850, stack(0x00007fa43432a000,0x00007fa43442b000)]
  0x00007fa467c16f60 JavaThread "Thread-32" daemon [_thread_blocked, id=739858, stack(0x00007fa3f4621000,0x00007fa3f4722000)]
  0x00007fa464107800 JavaThread "Thread-35" daemon [_thread_blocked, id=739861, stack(0x00007fa3f431e000,0x00007fa3f441f000)]
  0x00007fa3ce12a410 JavaThread "Thread-46" daemon [_thread_blocked, id=739881, stack(0x00007fa3daafb000,0x00007fa3dabfc000)]
  0x00007fa3c805aaa0 JavaThread "Thread-49" daemon [_thread_blocked, id=739890, stack(0x00007fa3f4520000,0x00007fa3f4621000)]
  0x00007fa3b40185a0 JavaThread "Thread-50" daemon [_thread_blocked, id=739891, stack(0x00007fa3f411c000,0x00007fa3f421d000)]
  0x00007fa3c002bc80 JavaThread "Thread-51" daemon [_thread_blocked, id=739892, stack(0x00007fa3da7f8000,0x00007fa3da8f9000)]
  0x00007fa3bc00e440 JavaThread "Thread-52" daemon [_thread_blocked, id=739893, stack(0x00007fa3dacfd000,0x00007fa3dadfe000)]
  0x00007fa4666cc1c0 JavaThread "Thread-54" daemon [_thread_blocked, id=739895, stack(0x00007fa3f441f000,0x00007fa3f4520000)]
  0x00007fa466969510 JavaThread "Thread-55" daemon [_thread_blocked, id=739896, stack(0x00007fa3da6f7000,0x00007fa3da7f8000)]
  0x00007fa42400fde0 JavaThread "Thread-63" daemon [_thread_blocked, id=739913, stack(0x00007fa3d9aff000,0x00007fa3d9c00000)]
  0x00007fa42c02ee30 JavaThread "Thread-66" daemon [_thread_blocked, id=739916, stack(0x00007fa3da8f9000,0x00007fa3da9fa000)]
  0x00007fa3bc022e70 JavaThread "Thread-72" daemon [_thread_blocked, id=739927, stack(0x00007fa3da5f6000,0x00007fa3da6f7000)]
  0x00007fa3c80597e0 JavaThread "Thread-73" daemon [_thread_blocked, id=739928, stack(0x00007fa3d98fd000,0x00007fa3d99fe000)]
  0x00007fa3d4559ed0 JavaThread "Thread-74" daemon [_thread_blocked, id=739929, stack(0x00007fa3dabfc000,0x00007fa3dacfd000)]
  0x00007fa3e15289c0 JavaThread "Thread-75" daemon [_thread_blocked, id=739930, stack(0x00007fa3d97fc000,0x00007fa3d98fd000)]
  0x00007fa3b42ac6e0 JavaThread "Thread-82" daemon [_thread_blocked, id=739951, stack(0x00007fa3d95fa000,0x00007fa3d96fb000)]
  0x00007fa40c001030 JavaThread "Thread-84" daemon [_thread_blocked, id=739952, stack(0x00007fa3da9fa000,0x00007fa3daafb000)]
  0x00007fa4083b4db0 JavaThread "Thread-83" daemon [_thread_blocked, id=739953, stack(0x00007fa3d93f8000,0x00007fa3d94f9000)]
  0x00007fa46696c5c0 JavaThread "Thread-90" daemon [_thread_blocked, id=739961, stack(0x00007fa3d94f9000,0x00007fa3d95fa000)]
  0x00007fa466abb390 JavaThread "Thread-91" daemon [_thread_blocked, id=739962, stack(0x00007fa3d91f6000,0x00007fa3d92f7000)]
  0x00007fa4669708f0 JavaThread "Thread-93" daemon [_thread_blocked, id=739964, stack(0x00007fa3da4f5000,0x00007fa3da5f6000)]
  0x00007fa3ce1dfc50 JavaThread "pool-37-thread-1" [_thread_blocked, id=740015, stack(0x00007fa3d8ff4000,0x00007fa3d90f5000)]
  0x00007fa3ce1e0a90 JavaThread "pool-37-thread-2" [_thread_in_Java, id=740016, stack(0x00007fa3d8df2000,0x00007fa3d8ef3000)]
=>0x00007fa3ce1e0fd0 JavaThread "pool-37-thread-3" [_thread_in_native, id=740017, stack(0x00007fa3d96fb000,0x00007fa3d97fc000)]
  0x00007fa3ce1e4560 JavaThread "pool-37-thread-4" [_thread_blocked, id=740018, stack(0x00007fa3d8ef3000,0x00007fa3d8ff4000)]

Other Threads:
  0x00007fa464124eb0 VMThread "VM Thread" [stack: 0x00007fa435300000,0x00007fa435400000] [id=739711]
  0x00007fa46476bef0 WatcherThread [stack: 0x00007fa434129000,0x00007fa434229000] [id=739723]
  0x00007fa464079b20 GCTaskThread "GC Thread#0" [stack: 0x00007fa468587000,0x00007fa468687000] [id=739706]
  0x00007fa42c0044d0 GCTaskThread "GC Thread#1" [stack: 0x00007fa434027000,0x00007fa434127000] [id=739724]
  0x00007fa42c005050 GCTaskThread "GC Thread#2" [stack: 0x00007fa3f7f00000,0x00007fa3f8000000] [id=739725]
  0x00007fa42c005bd0 GCTaskThread "GC Thread#3" [stack: 0x00007fa3f7dfe000,0x00007fa3f7efe000] [id=739726]
  0x00007fa464084a00 ConcurrentGCThread "G1 Main Marker" [stack: 0x00007fa468485000,0x00007fa468585000] [id=739707]
  0x00007fa464085a90 ConcurrentGCThread "G1 Conc#0" [stack: 0x00007fa468383000,0x00007fa468483000] [id=739708]
  0x00007fa4640f0cc0 ConcurrentGCThread "G1 Refine#0" [stack: 0x00007fa435dff000,0x00007fa435eff000] [id=739709]
  0x00007fa4640f1ce0 ConcurrentGCThread "G1 Service" [stack: 0x00007fa435cfd000,0x00007fa435dfd000] [id=739710]

Threads with active compile tasks:

VM state: not at safepoint (normal execution)

VM Mutex/Monitor currently owned by a thread: None

OutOfMemory and StackOverflow Exception counts:
StackOverflowErrors=4
LinkageErrors=76

Heap address: 0x00000006d0c00000, size: 4852 MB, Compressed Oops mode: Zero based, Oop shift amount: 3

CDS archive(s) mapped at: [0x0000000800000000-0x0000000800bc3000-0x0000000800bc3000), size 12333056, SharedBaseAddress: 0x0000000800000000, ArchiveRelocationMode: 0.
Compressed class space mapped at: 0x0000000800c00000-0x0000000840c00000, reserved size: 1073741824
Narrow klass base: 0x0000000800000000, Narrow klass shift: 3, Narrow klass range: 0x100000000

GC Precious Log:
 CPUs: 4 total, 4 available
 Memory: 19403M
 Large Page Support: Disabled
 NUMA Support: Disabled
 Compressed Oops: Enabled (Zero based)
 Heap Region Size: 4M
 Heap Min Capacity: 8M
 Heap Initial Capacity: 304M
 Heap Max Capacity: 4852M
 Pre-touch: Disabled
 Parallel Workers: 4
 Concurrent Workers: 1
 Concurrent Refinement Workers: 4
 Periodic GC: Disabled

Heap:
 garbage-first heap   total 311296K, used 194698K [0x00000006d0c00000, 0x0000000800000000)
  region size 4096K, 42 young (172032K), 1 survivors (4096K)
 Metaspace       used 43365K, committed 43712K, reserved 1089536K
  class space    used 4248K, committed 4416K, reserved 1048576K

Heap Regions: E=young(eden), S=young(survivor), O=old, HS=humongous(starts), HC=humongous(continues), CS=collection set, F=free, OA=open archive, CA=closed archive, TAMS=top-at-mark-start (previous, next)
|   0|0x00000006d0c00000, 0x00000006d1000000, 0x00000006d1000000|100%| O|  |TAMS 0x00000006d1000000, 0x00000006d0c00000| Untracked 
|   1|0x00000006d1000000, 0x00000006d1149800, 0x00000006d1400000| 32%| O|  |TAMS 0x00000006d1149800, 0x00000006d1000000| Untracked 
|   2|0x00000006d1400000, 0x00000006d1800000, 0x00000006d1800000|100%| O|  |TAMS 0x00000006d1800000, 0x00000006d1400000| Untracked 
|   3|0x00000006d1800000, 0x00000006d1c00000, 0x00000006d1c00000|100%| O|  |TAMS 0x00000006d1c00000, 0x00000006d1800000| Untracked 
|   4|0x00000006d1c00000, 0x00000006d2000000, 0x00000006d2000000|100%| O|  |TAMS 0x00000006d2000000, 0x00000006d1c00000| Untracked 
|   5|0x00000006d2000000, 0x00000006d2400000, 0x00000006d2400000|100%| O|  |TAMS 0x00000006d2228800, 0x00000006d2000000| Untracked 
|   6|0x00000006d2400000, 0x00000006d260a000, 0x00000006d2800000| 50%| O|  |TAMS 0x00000006d2400000, 0x00000006d2400000| Untracked 
|   7|0x00000006d2800000, 0x00000006d2800000, 0x00000006d2c00000|  0%| F|  |TAMS 0x00000006d2800000, 0x00000006d2800000| Untracked 
|   8|0x00000006d2c00000, 0x00000006d2c00000, 0x00000006d3000000|  0%| F|  |TAMS 0x00000006d2c00000, 0x00000006d2c00000| Untracked 
|   9|0x00000006d3000000, 0x00000006d3000000, 0x00000006d3400000|  0%| F|  |TAMS 0x00000006d3000000, 0x00000006d3000000| Untracked 
|  10|0x00000006d3400000, 0x00000006d3400000, 0x00000006d3800000|  0%| F|  |TAMS 0x00000006d3400000, 0x00000006d3400000| Untracked 
|  11|0x00000006d3800000, 0x00000006d3800000, 0x00000006d3c00000|  0%| F|  |TAMS 0x00000006d3800000, 0x00000006d3800000| Untracked 
|  12|0x00000006d3c00000, 0x00000006d3c00000, 0x00000006d4000000|  0%| F|  |TAMS 0x00000006d3c00000, 0x00000006d3c00000| Untracked 
|  13|0x00000006d4000000, 0x00000006d4000000, 0x00000006d4400000|  0%| F|  |TAMS 0x00000006d4000000, 0x00000006d4000000| Untracked 
|  14|0x00000006d4400000, 0x00000006d4400000, 0x00000006d4800000|  0%| F|  |TAMS 0x00000006d4400000, 0x00000006d4400000| Untracked 
|  15|0x00000006d4800000, 0x00000006d4800000, 0x00000006d4c00000|  0%| F|  |TAMS 0x00000006d4800000, 0x00000006d4800000| Untracked 
|  16|0x00000006d4c00000, 0x00000006d4c00000, 0x00000006d5000000|  0%| F|  |TAMS 0x00000006d4c00000, 0x00000006d4c00000| Untracked 
|  17|0x00000006d5000000, 0x00000006d5000000, 0x00000006d5400000|  0%| F|  |TAMS 0x00000006d5000000, 0x00000006d5000000| Untracked 
|  18|0x00000006d5400000, 0x00000006d5400000, 0x00000006d5800000|  0%| F|  |TAMS 0x00000006d5400000, 0x00000006d5400000| Untracked 
|  19|0x00000006d5800000, 0x00000006d5800000, 0x00000006d5c00000|  0%| F|  |TAMS 0x00000006d5800000, 0x00000006d5800000| Untracked 
|  20|0x00000006d5c00000, 0x00000006d5c00000, 0x00000006d6000000|  0%| F|  |TAMS 0x00000006d5c00000, 0x00000006d5c00000| Untracked 
|  21|0x00000006d6000000, 0x00000006d6000000, 0x00000006d6400000|  0%| F|  |TAMS 0x00000006d6000000, 0x00000006d6000000| Untracked 
|  22|0x00000006d6400000, 0x00000006d6400000, 0x00000006d6800000|  0%| F|  |TAMS 0x00000006d6400000, 0x00000006d6400000| Untracked 
|  23|0x00000006d6800000, 0x00000006d6800000, 0x00000006d6c00000|  0%| F|  |TAMS 0x00000006d6800000, 0x00000006d6800000| Untracked 
|  24|0x00000006d6c00000, 0x00000006d6c00000, 0x00000006d7000000|  0%| F|  |TAMS 0x00000006d6c00000, 0x00000006d6c00000| Untracked 
|  25|0x00000006d7000000, 0x00000006d7000000, 0x00000006d7400000|  0%| F|  |TAMS 0x00000006d7000000, 0x00000006d7000000| Untracked 
|  26|0x00000006d7400000, 0x00000006d7400000, 0x00000006d7800000|  0%| F|  |TAMS 0x00000006d7400000, 0x00000006d7400000| Untracked 
|  27|0x00000006d7800000, 0x00000006d7800000, 0x00000006d7c00000|  0%| F|  |TAMS 0x00000006d7800000, 0x00000006d7800000| Untracked 
|  28|0x00000006d7c00000, 0x00000006d7c00000, 0x00000006d8000000|  0%| F|  |TAMS 0x00000006d7c00000, 0x00000006d7c00000| Untracked 
|  29|0x00000006d8000000, 0x00000006d82d9190, 0x00000006d8400000| 71%| S|CS|TAMS 0x00000006d8000000, 0x00000006d8000000| Complete 
|  30|0x00000006d8400000, 0x00000006d8400000, 0x00000006d8800000|  0%| F|  |TAMS 0x00000006d8400000, 0x00000006d8400000| Untracked 
|  31|0x00000006d8800000, 0x00000006d8800000, 0x00000006d8c00000|  0%| F|  |TAMS 0x00000006d8800000, 0x00000006d8800000| Untracked 
|  32|0x00000006d8c00000, 0x00000006d8c00000, 0x00000006d9000000|  0%| F|  |TAMS 0x00000006d8c00000, 0x00000006d8c00000| Untracked 
|  33|0x00000006d9000000, 0x00000006d9096b10, 0x00000006d9400000| 14%| E|  |TAMS 0x00000006d9000000, 0x00000006d9000000| Complete 
|  34|0x00000006d9400000, 0x00000006d9800000, 0x00000006d9800000|100%| E|CS|TAMS 0x00000006d9400000, 0x00000006d9400000| Complete 
|  35|0x00000006d9800000, 0x00000006d9c00000, 0x00000006d9c00000|100%| E|CS|TAMS 0x00000006d9800000, 0x00000006d9800000| Complete 
|  36|0x00000006d9c00000, 0x00000006da000000, 0x00000006da000000|100%| E|CS|TAMS 0x00000006d9c00000, 0x00000006d9c00000| Complete 
|  37|0x00000006da000000, 0x00000006da400000, 0x00000006da400000|100%| E|CS|TAMS 0x00000006da000000, 0x00000006da000000| Complete 
|  38|0x00000006da400000, 0x00000006da800000, 0x00000006da800000|100%| E|CS|TAMS 0x00000006da400000, 0x00000006da400000| Complete 
|  39|0x00000006da800000, 0x00000006dac00000, 0x00000006dac00000|100%| E|CS|TAMS 0x00000006da800000, 0x00000006da800000| Complete 
|  40|0x00000006dac00000, 0x00000006db000000, 0x00000006db000000|100%| E|CS|TAMS 0x00000006dac00000, 0x00000006dac00000| Complete 
|  41|0x00000006db000000, 0x00000006db400000, 0x00000006db400000|100%| E|CS|TAMS 0x00000006db000000, 0x00000006db000000| Complete 
|  42|0x00000006db400000, 0x00000006db800000, 0x00000006db800000|100%| E|CS|TAMS 0x00000006db400000, 0x00000006db400000| Complete 
|  43|0x00000006db800000, 0x00000006dbc00000, 0x00000006dbc00000|100%| E|CS|TAMS 0x00000006db800000, 0x00000006db800000| Complete 
|  44|0x00000006dbc00000, 0x00000006dc000000, 0x00000006dc000000|100%| E|CS|TAMS 0x00000006dbc00000, 0x00000006dbc00000| Complete 
|  45|0x00000006dc000000, 0x00000006dc400000, 0x00000006dc400000|100%| E|CS|TAMS 0x00000006dc000000, 0x00000006dc000000| Complete 
|  46|0x00000006dc400000, 0x00000006dc800000, 0x00000006dc800000|100%| E|CS|TAMS 0x00000006dc400000, 0x00000006dc400000| Complete 
|  47|0x00000006dc800000, 0x00000006dcc00000, 0x00000006dcc00000|100%| E|CS|TAMS 0x00000006dc800000, 0x00000006dc800000| Complete 
|  48|0x00000006dcc00000, 0x00000006dd000000, 0x00000006dd000000|100%| E|CS|TAMS 0x00000006dcc00000, 0x00000006dcc00000| Complete 
|  49|0x00000006dd000000, 0x00000006dd400000, 0x00000006dd400000|100%| E|CS|TAMS 0x00000006dd000000, 0x00000006dd000000| Complete 
|  50|0x00000006dd400000, 0x00000006dd800000, 0x00000006dd800000|100%| E|CS|TAMS 0x00000006dd400000, 0x00000006dd400000| Complete 
|  51|0x00000006dd800000, 0x00000006ddc00000, 0x00000006ddc00000|100%| E|CS|TAMS 0x00000006dd800000, 0x00000006dd800000| Complete 
|  52|0x00000006ddc00000, 0x00000006de000000, 0x00000006de000000|100%| E|CS|TAMS 0x00000006ddc00000, 0x00000006ddc00000| Complete 
|  53|0x00000006de000000, 0x00000006de400000, 0x00000006de400000|100%| E|CS|TAMS 0x00000006de000000, 0x00000006de000000| Complete 
|  54|0x00000006de400000, 0x00000006de800000, 0x00000006de800000|100%| E|CS|TAMS 0x00000006de400000, 0x00000006de400000| Complete 
|  55|0x00000006de800000, 0x00000006dec00000, 0x00000006dec00000|100%| E|CS|TAMS 0x00000006de800000, 0x00000006de800000| Complete 
|  56|0x00000006dec00000, 0x00000006df000000, 0x00000006df000000|100%| E|CS|TAMS 0x00000006dec00000, 0x00000006dec00000| Complete 
|  57|0x00000006df000000, 0x00000006df400000, 0x00000006df400000|100%| E|CS|TAMS 0x00000006df000000, 0x00000006df000000| Complete 
|  58|0x00000006df400000, 0x00000006df800000, 0x00000006df800000|100%| E|CS|TAMS 0x00000006df400000, 0x00000006df400000| Complete 
|  59|0x00000006df800000, 0x00000006dfc00000, 0x00000006dfc00000|100%| E|CS|TAMS 0x00000006df800000, 0x00000006df800000| Complete 
|  60|0x00000006dfc00000, 0x00000006e0000000, 0x00000006e0000000|100%| E|CS|TAMS 0x00000006dfc00000, 0x00000006dfc00000| Complete 
|  61|0x00000006e0000000, 0x00000006e0400000, 0x00000006e0400000|100%| E|CS|TAMS 0x00000006e0000000, 0x00000006e0000000| Complete 
|  62|0x00000006e0400000, 0x00000006e0800000, 0x00000006e0800000|100%| E|CS|TAMS 0x00000006e0400000, 0x00000006e0400000| Complete 
|  63|0x00000006e0800000, 0x00000006e0c00000, 0x00000006e0c00000|100%| E|CS|TAMS 0x00000006e0800000, 0x00000006e0800000| Complete 
|  64|0x00000006e0c00000, 0x00000006e1000000, 0x00000006e1000000|100%| E|CS|TAMS 0x00000006e0c00000, 0x00000006e0c00000| Complete 
|  65|0x00000006e1000000, 0x00000006e1400000, 0x00000006e1400000|100%| E|CS|TAMS 0x00000006e1000000, 0x00000006e1000000| Complete 
|  66|0x00000006e1400000, 0x00000006e1800000, 0x00000006e1800000|100%| E|CS|TAMS 0x00000006e1400000, 0x00000006e1400000| Complete 
|  67|0x00000006e1800000, 0x00000006e1c00000, 0x00000006e1c00000|100%| E|CS|TAMS 0x00000006e1800000, 0x00000006e1800000| Complete 
|  68|0x00000006e1c00000, 0x00000006e2000000, 0x00000006e2000000|100%| E|CS|TAMS 0x00000006e1c00000, 0x00000006e1c00000| Complete 
|  76|0x00000006e3c00000, 0x00000006e4000000, 0x00000006e4000000|100%| E|CS|TAMS 0x00000006e3c00000, 0x00000006e3c00000| Complete 
|  77|0x00000006e4000000, 0x00000006e4400000, 0x00000006e4400000|100%| E|CS|TAMS 0x00000006e4000000, 0x00000006e4000000| Complete 
|  78|0x00000006e4400000, 0x00000006e4800000, 0x00000006e4800000|100%| E|CS|TAMS 0x00000006e4400000, 0x00000006e4400000| Complete 
|  79|0x00000006e4800000, 0x00000006e4c00000, 0x00000006e4c00000|100%| E|CS|TAMS 0x00000006e4800000, 0x00000006e4800000| Complete 
|  94|0x00000006e8400000, 0x00000006e8800000, 0x00000006e8800000|100%| E|CS|TAMS 0x00000006e8400000, 0x00000006e8400000| Complete 
|1211|0x00000007ff800000, 0x00000007ffb75000, 0x00000007ffc00000| 86%|OA|  |TAMS 0x00000007ffb75000, 0x00000007ff800000| Untracked 
|1212|0x00000007ffc00000, 0x00000007ffc81000, 0x0000000800000000| 12%|CA|  |TAMS 0x00000007ffc81000, 0x00000007ffc00000| Untracked 

Card table byte_map: [0x00007fa46902a000,0x00007fa4699a4000] _byte_map_base: 0x00007fa4659a4000

Marking Bits (Prev, Next): (CMBitMap*) 0x00007fa46407a6d0, (CMBitMap*) 0x00007fa46407a710
 Prev Bits: [0x00007fa448c0d000, 0x00007fa44d7dd000)
 Next Bits: [0x00007fa44403d000, 0x00007fa448c0d000)

Polling page: 0x00007fa46c081000

Metaspace:

Usage:
  Non-class:     38,20 MB used.
      Class:      4,15 MB used.
       Both:     42,35 MB used.

Virtual space:
  Non-class space:       40,00 MB reserved,      38,38 MB ( 96%) committed,  5 nodes.
      Class space:        1,00 GB reserved,       4,31 MB ( <1%) committed,  1 nodes.
              Both:        1,04 GB reserved,      42,69 MB (  4%) committed. 

Chunk freelists:
   Non-Class:  1,33 MB
       Class:  3,62 MB
        Both:  4,95 MB

MaxMetaspaceSize: 17179869184,00 GB
CompressedClassSpaceSize: 1,00 GB
 - commit_granule_bytes: 65536.
 - commit_granule_words: 8192.
 - virtual_space_node_default_size: 1048576.
 - enlarge_chunks_in_place: 1.
 - new_chunks_are_fully_committed: 0.
 - uncommit_free_chunks: 1.
 - use_allocation_guard: 0.
 - handle_deallocations: 1.


Internal statistics:

num_allocs_failed_limit: 6.
num_arena_births: 402.
num_arena_deaths: 8.
num_vsnodes_births: 6.
num_vsnodes_deaths: 0.
num_space_committed: 678.
num_space_uncommitted: 0.
num_chunks_returned_to_freelist: 17.
num_chunks_taken_from_freelist: 1966.
num_chunk_merges: 3.
num_chunk_splits: 1432.
num_chunks_enlarged: 1159.
num_purges: 2.

CodeHeap 'non-profiled nmethods': size=120032Kb used=12252Kb max_used=12252Kb free=107779Kb
 bounds [0x00007fa4552a5000, 0x00007fa455ea5000, 0x00007fa45c7dd000]
CodeHeap 'profiled nmethods': size=120028Kb used=17841Kb max_used=18964Kb free=102186Kb
 bounds [0x00007fa44dd6e000, 0x00007fa44f03e000, 0x00007fa4552a5000]
CodeHeap 'non-nmethods': size=5700Kb used=1358Kb max_used=1443Kb free=4341Kb
 bounds [0x00007fa44d7dd000, 0x00007fa44da4d000, 0x00007fa44dd6e000]
 total_blobs=11249 nmethods=10559 adapters=602
 compilation: enabled
              stopped_count=0, restarted_count=0
 full_count=0

Compilation events (20 events):
Event: 213,073 Thread 0x00007fa464132f90 16440  s    3       java.lang.Throwable::getOurStackTrace (55 bytes)
Event: 213,074 Thread 0x00007fa464132f90 nmethod 16440 0x00007fa44ed1e090 code [0x00007fa44ed1e260, 0x00007fa44ed1e640]
Event: 213,074 Thread 0x00007fa464132f90 16447       3       io.github.cvc5.Solver::mkTerm (52 bytes)
Event: 213,075 Thread 0x00007fa464132f90 nmethod 16447 0x00007fa44ed46510 code [0x00007fa44ed46700, 0x00007fa44ed46aa0]
Event: 213,080 Thread 0x00007fa464132f90 16451       3       org.sosy_lab.java_smt.solvers.cvc5.CVC5BooleanFormulaManager::isFalse (58 bytes)
Event: 213,080 Thread 0x00007fa464132f90 nmethod 16451 0x00007fa44ed45d10 code [0x00007fa44ed45f00, 0x00007fa44ed46330]
Event: 213,080 Thread 0x00007fa464132f90 16448       3       org.sosy_lab.java_smt.solvers.cvc5.CVC5FormulaCreator::encapsulateBoolean (22 bytes)
Event: 213,080 Thread 0x00007fa464132f90 nmethod 16448 0x00007fa44eb70790 code [0x00007fa44eb70940, 0x00007fa44eb70be0]
Event: 213,080 Thread 0x00007fa464132f90 16449       3       org.sosy_lab.java_smt.solvers.cvc5.CVC5FormulaCreator::encapsulateBoolean (105 bytes)
Event: 213,081 Thread 0x00007fa464132f90 nmethod 16449 0x00007fa44ec37490 code [0x00007fa44ec377a0, 0x00007fa44ec38af0]
Event: 213,081 Thread 0x00007fa464132f90 16450       3       org.sosy_lab.java_smt.solvers.cvc5.CVC5Formula$CVC5BooleanFormula::<init> (16 bytes)
Event: 213,082 Thread 0x00007fa464132f90 nmethod 16450 0x00007fa44eb95d90 code [0x00007fa44eb95f40, 0x00007fa44eb960e0]
Event: 213,082 Thread 0x00007fa464132f90 16452       3       io.github.cvc5.Sort::equals (93 bytes)
Event: 213,082 Thread 0x00007fa464132f90 nmethod 16452 0x00007fa44ef60e10 code [0x00007fa44ef61020, 0x00007fa44ef616f0]
Event: 213,082 Thread 0x00007fa464132f90 16455       3       org.sosy_lab.java_smt.solvers.cvc5.CVC5FormulaCreator::makeVariable (84 bytes)
Event: 213,083 Thread 0x00007fa464132f90 nmethod 16455 0x00007fa44e20f990 code [0x00007fa44e20fc00, 0x00007fa44e210780]
Event: 213,083 Thread 0x00007fa464132f90 16456       3       org.sosy_lab.java_smt.solvers.cvc5.CVC5FormulaCreator$$Lambda$1359/0x000000080105b7c8::<init> (20 bytes)
Event: 213,083 Thread 0x00007fa464132f90 nmethod 16456 0x00007fa44e20f490 code [0x00007fa44e20f640, 0x00007fa44e20f8d0]
Event: 213,083 Thread 0x00007fa464132f90 16454       3       org.sosy_lab.java_smt.solvers.cvc5.CVC5FormulaCreator::makeVariable (23 bytes)
Event: 213,083 Thread 0x00007fa464132f90 nmethod 16454 0x00007fa44ed1db10 code [0x00007fa44ed1dcc0, 0x00007fa44ed1df60]

GC Heap History (20 events):
Event: 160,054 GC heap before
{Heap before GC invocations=25 (full 0):
 garbage-first heap   total 184320K, used 131258K [0x00000006d0c00000, 0x0000000800000000)
  region size 4096K, 27 young (110592K), 2 survivors (8192K)
 Metaspace       used 41172K, committed 41600K, reserved 1089536K
  class space    used 4150K, committed 4352K, reserved 1048576K
}
Event: 160,068 GC heap after
{Heap after GC invocations=26 (full 0):
 garbage-first heap   total 184320K, used 29637K [0x00000006d0c00000, 0x0000000800000000)
  region size 4096K, 2 young (8192K), 2 survivors (8192K)
 Metaspace       used 41172K, committed 41600K, reserved 1089536K
  class space    used 4150K, committed 4352K, reserved 1048576K
}
Event: 160,972 GC heap before
{Heap before GC invocations=26 (full 0):
 garbage-first heap   total 184320K, used 132037K [0x00000006d0c00000, 0x0000000800000000)
  region size 4096K, 27 young (110592K), 2 survivors (8192K)
 Metaspace       used 41332K, committed 41728K, reserved 1089536K
  class space    used 4150K, committed 4352K, reserved 1048576K
}
Event: 160,983 GC heap after
{Heap after GC invocations=27 (full 0):
 garbage-first heap   total 184320K, used 29693K [0x00000006d0c00000, 0x0000000800000000)
  region size 4096K, 2 young (8192K), 2 survivors (8192K)
 Metaspace       used 41332K, committed 41728K, reserved 1089536K
  class space    used 4150K, committed 4352K, reserved 1048576K
}
Event: 161,816 GC heap before
{Heap before GC invocations=27 (full 0):
 garbage-first heap   total 184320K, used 132093K [0x00000006d0c00000, 0x0000000800000000)
  region size 4096K, 27 young (110592K), 2 survivors (8192K)
 Metaspace       used 41370K, committed 41792K, reserved 1089536K
  class space    used 4150K, committed 4352K, reserved 1048576K
}
Event: 161,825 GC heap after
{Heap after GC invocations=28 (full 0):
 garbage-first heap   total 311296K, used 29890K [0x00000006d0c00000, 0x0000000800000000)
  region size 4096K, 2 young (8192K), 2 survivors (8192K)
 Metaspace       used 41370K, committed 41792K, reserved 1089536K
  class space    used 4150K, committed 4352K, reserved 1048576K
}
Event: 163,200 GC heap before
{Heap before GC invocations=28 (full 0):
 garbage-first heap   total 311296K, used 206018K [0x00000006d0c00000, 0x0000000800000000)
  region size 4096K, 45 young (184320K), 2 survivors (8192K)
 Metaspace       used 41390K, committed 41792K, reserved 1089536K
  class space    used 4150K, committed 4352K, reserved 1048576K
}
Event: 163,209 GC heap after
{Heap after GC invocations=29 (full 0):
 garbage-first heap   total 311296K, used 29998K [0x00000006d0c00000, 0x0000000800000000)
  region size 4096K, 2 young (8192K), 2 survivors (8192K)
 Metaspace       used 41390K, committed 41792K, reserved 1089536K
  class space    used 4150K, committed 4352K, reserved 1048576K
}
Event: 166,360 GC heap before
{Heap before GC invocations=29 (full 0):
 garbage-first heap   total 311296K, used 206126K [0x00000006d0c00000, 0x0000000800000000)
  region size 4096K, 45 young (184320K), 2 survivors (8192K)
 Metaspace       used 41451K, committed 41856K, reserved 1089536K
  class space    used 4151K, committed 4352K, reserved 1048576K
}
Event: 166,366 GC heap after
{Heap after GC invocations=30 (full 0):
 garbage-first heap   total 311296K, used 29862K [0x00000006d0c00000, 0x0000000800000000)
  region size 4096K, 1 young (4096K), 1 survivors (4096K)
 Metaspace       used 41451K, committed 41856K, reserved 1089536K
  class space    used 4151K, committed 4352K, reserved 1048576K
}
Event: 194,317 GC heap before
{Heap before GC invocations=30 (full 0):
 garbage-first heap   total 311296K, used 205990K [0x00000006d0c00000, 0x0000000800000000)
  region size 4096K, 45 young (184320K), 1 survivors (4096K)
 Metaspace       used 41541K, committed 41920K, reserved 1089536K
  class space    used 4153K, committed 4352K, reserved 1048576K
}
Event: 194,322 GC heap after
{Heap after GC invocations=31 (full 0):
 garbage-first heap   total 311296K, used 30002K [0x00000006d0c00000, 0x0000000800000000)
  region size 4096K, 1 young (4096K), 1 survivors (4096K)
 Metaspace       used 41541K, committed 41920K, reserved 1089536K
  class space    used 4153K, committed 4352K, reserved 1048576K
}
Event: 199,404 GC heap before
{Heap before GC invocations=31 (full 0):
 garbage-first heap   total 311296K, used 210226K [0x00000006d0c00000, 0x0000000800000000)
  region size 4096K, 45 young (184320K), 1 survivors (4096K)
 Metaspace       used 41611K, committed 41984K, reserved 1089536K
  class space    used 4153K, committed 4352K, reserved 1048576K
}
Event: 199,409 GC heap after
{Heap after GC invocations=32 (full 0):
 garbage-first heap   total 311296K, used 30596K [0x00000006d0c00000, 0x0000000800000000)
  region size 4096K, 1 young (4096K), 1 survivors (4096K)
 Metaspace       used 41611K, committed 41984K, reserved 1089536K
  class space    used 4153K, committed 4352K, reserved 1048576K
}
Event: 201,183 GC heap before
{Heap before GC invocations=32 (full 0):
 garbage-first heap   total 311296K, used 210820K [0x00000006d0c00000, 0x0000000800000000)
  region size 4096K, 45 young (184320K), 1 survivors (4096K)
 Metaspace       used 41617K, committed 41984K, reserved 1089536K
  class space    used 4153K, committed 4352K, reserved 1048576K
}
Event: 201,188 GC heap after
{Heap after GC invocations=33 (full 0):
 garbage-first heap   total 311296K, used 30636K [0x00000006d0c00000, 0x0000000800000000)
  region size 4096K, 1 young (4096K), 1 survivors (4096K)
 Metaspace       used 41617K, committed 41984K, reserved 1089536K
  class space    used 4153K, committed 4352K, reserved 1048576K
}
Event: 206,126 GC heap before
{Heap before GC invocations=33 (full 0):
 garbage-first heap   total 311296K, used 210860K [0x00000006d0c00000, 0x0000000800000000)
  region size 4096K, 45 young (184320K), 1 survivors (4096K)
 Metaspace       used 41648K, committed 42048K, reserved 1089536K
  class space    used 4153K, committed 4352K, reserved 1048576K
}
Event: 206,132 GC heap after
{Heap after GC invocations=34 (full 0):
 garbage-first heap   total 311296K, used 30857K [0x00000006d0c00000, 0x0000000800000000)
  region size 4096K, 1 young (4096K), 1 survivors (4096K)
 Metaspace       used 41648K, committed 42048K, reserved 1089536K
  class space    used 4153K, committed 4352K, reserved 1048576K
}
Event: 206,789 GC heap before
{Heap before GC invocations=34 (full 0):
 garbage-first heap   total 311296K, used 211081K [0x00000006d0c00000, 0x0000000800000000)
  region size 4096K, 45 young (184320K), 1 survivors (4096K)
 Metaspace       used 41653K, committed 42048K, reserved 1089536K
  class space    used 4153K, committed 4352K, reserved 1048576K
}
Event: 206,794 GC heap after
{Heap after GC invocations=35 (full 0):
 garbage-first heap   total 311296K, used 30858K [0x00000006d0c00000, 0x0000000800000000)
  region size 4096K, 1 young (4096K), 1 survivors (4096K)
 Metaspace       used 41653K, committed 42048K, reserved 1089536K
  class space    used 4153K, committed 4352K, reserved 1048576K
}

Deoptimization events (20 events):
Event: 210,654 Thread 0x00007fa4667e8870 DEOPT UNPACKING pc=0x00007fa44d82a424 sp=0x00007fa3d97fa190 mode 2
Event: 210,654 Thread 0x00007fa4667e9340 Uncommon trap: trap_request=0xffffff45 fr.pc=0x00007fa455454780 relative=0x00000000000008e0
Event: 210,654 Thread 0x00007fa4667e9e00 Uncommon trap: trap_request=0xffffff45 fr.pc=0x00007fa455454780 relative=0x00000000000008e0
Event: 210,654 Thread 0x00007fa4667e9e00 Uncommon trap: reason=unstable_if action=reinterpret pc=0x00007fa455454780 method=java.util.regex.Pattern$GroupTail.match(Ljava/util/regex/Matcher;ILjava/lang/CharSequence;)Z @ 13 c2
Event: 210,654 Thread 0x00007fa4667e9340 Uncommon trap: reason=unstable_if action=reinterpret pc=0x00007fa455454780 method=java.util.regex.Pattern$GroupTail.match(Ljava/util/regex/Matcher;ILjava/lang/CharSequence;)Z @ 13 c2
Event: 210,654 Thread 0x00007fa4667e9e00 DEOPT PACKING pc=0x00007fa455454780 sp=0x00007fa3d8ff1ff0
Event: 210,654 Thread 0x00007fa4667e9340 DEOPT PACKING pc=0x00007fa455454780 sp=0x00007fa3d8defff0
Event: 210,654 Thread 0x00007fa4667e9e00 DEOPT UNPACKING pc=0x00007fa44d82a424 sp=0x00007fa3d8ff1fe8 mode 2
Event: 210,654 Thread 0x00007fa4667e9340 DEOPT UNPACKING pc=0x00007fa44d82a424 sp=0x00007fa3d8deffe8 mode 2
Event: 210,654 Thread 0x00007fa4667ead50 DEOPT UNPACKING pc=0x00007fa44d82a424 sp=0x00007fa3d8cef190 mode 2
Event: 210,659 Thread 0x00007fa4667e9340 DEOPT PACKING pc=0x00007fa44ddb13f2 sp=0x00007fa3d8defff0
Event: 210,659 Thread 0x00007fa4667e9340 DEOPT UNPACKING pc=0x00007fa44d82abba sp=0x00007fa3d8def4b8 mode 0
Event: 210,690 Thread 0x00007fa4669e5c20 DEOPT PACKING pc=0x00007fa44ee38896 sp=0x00007fa3d8cecba0
Event: 210,690 Thread 0x00007fa4669e5c20 DEOPT UNPACKING pc=0x00007fa44d82abba sp=0x00007fa3d8cec2d0 mode 0
Event: 210,755 Thread 0x00007fa464028160 Uncommon trap: trap_request=0xffffff45 fr.pc=0x00007fa4553b9b08 relative=0x0000000000000368
Event: 210,755 Thread 0x00007fa464028160 Uncommon trap: reason=unstable_if action=reinterpret pc=0x00007fa4553b9b08 method=java.lang.String.contains(Ljava/lang/CharSequence;)Z @ 10 c2
Event: 210,755 Thread 0x00007fa464028160 DEOPT PACKING pc=0x00007fa4553b9b08 sp=0x00007fa46aa79780
Event: 210,755 Thread 0x00007fa464028160 DEOPT UNPACKING pc=0x00007fa44d82a424 sp=0x00007fa46aa796c8 mode 2
Event: 210,794 Thread 0x00007fa464028160 DEOPT PACKING pc=0x00007fa44ee38896 sp=0x00007fa46aa76f80
Event: 210,794 Thread 0x00007fa464028160 DEOPT UNPACKING pc=0x00007fa44d82abba sp=0x00007fa46aa766b0 mode 0

Classes unloaded (4 events):
Event: 132,402 Thread 0x00007fa464124eb0 Unloading class 0x0000000800d19400 'java/lang/invoke/LambdaForm$DMH+0x0000000800d19400'
Event: 132,402 Thread 0x00007fa464124eb0 Unloading class 0x0000000800cfac00 'java/lang/invoke/LambdaForm$MH+0x0000000800cfac00'
Event: 132,402 Thread 0x00007fa464124eb0 Unloading class 0x0000000800cfa400 'java/lang/invoke/LambdaForm$MH+0x0000000800cfa400'
Event: 132,402 Thread 0x00007fa464124eb0 Unloading class 0x0000000800cf9800 'java/lang/invoke/LambdaForm$MH+0x0000000800cf9800'

Classes redefined (0 events):
No events

Internal exceptions (20 events):
Event: 210,701 Thread 0x00007fa4669e7140 Exception <a 'edu/stanford/CVC4/Exception'{0x00000006da4d7ae0}: Error in option parsing: random-seed: failed to parse 42 as an integer of the appropriate type.> (0x00000006da4d7ae0) 
thrown [open/src/hotspot/share/prims/jni.cpp, line 600]
Event: 210,703 Thread 0x00007fa464028160 Exception <a 'java/lang/reflect/InvocationTargetException'{0x00000006dabab038}> (0x00000006dabab038) 
thrown [open/src/hotspot/share/runtime/reflection.cpp, line 1155]
Event: 210,707 Thread 0x00007fa464028160 Exception <a 'java/lang/reflect/InvocationTargetException'{0x00000006da673ff0}> (0x00000006da673ff0) 
thrown [open/src/hotspot/share/runtime/reflection.cpp, line 1155]
Event: 210,717 Thread 0x00007fa4669e5c20 Exception <a 'edu/stanford/CVC4/Exception'{0x00000006da03dea8}: Error in option parsing: random-seed: failed to parse 42 as an integer of the appropriate type.> (0x00000006da03dea8) 
thrown [open/src/hotspot/share/prims/jni.cpp, line 600]
Event: 210,721 Thread 0x00007fa467cd11c0 Exception <a 'edu/stanford/CVC4/Exception'{0x00000006da785498}: Error in option parsing: random-seed: failed to parse 42 as an integer of the appropriate type.> (0x00000006da785498) 
thrown [open/src/hotspot/share/prims/jni.cpp, line 600]
Event: 210,722 Thread 0x00007fa467cd1dd0 Exception <a 'edu/stanford/CVC4/Exception'{0x00000006da0b2520}: Error in option parsing: random-seed: failed to parse 42 as an integer of the appropriate type.> (0x00000006da0b2520) 
thrown [open/src/hotspot/share/prims/jni.cpp, line 600]
Event: 210,724 Thread 0x00007fa467cd0720 Exception <a 'edu/stanford/CVC4/Exception'{0x00000006da6ef1a0}: Error in option parsing: random-seed: failed to parse 42 as an integer of the appropriate type.> (0x00000006da6ef1a0) 
thrown [open/src/hotspot/share/prims/jni.cpp, line 600]
Event: 210,726 Thread 0x00007fa464028160 Exception <a 'java/lang/reflect/InvocationTargetException'{0x00000006da6a80f0}> (0x00000006da6a80f0) 
thrown [open/src/hotspot/share/runtime/reflection.cpp, line 1155]
Event: 210,737 Thread 0x00007fa467c35820 Exception <a 'edu/stanford/CVC4/Exception'{0x00000006da3756f0}: Error in option parsing: random-seed: failed to parse 42 as an integer of the appropriate type.> (0x00000006da3756f0) 
thrown [open/src/hotspot/share/prims/jni.cpp, line 600]
Event: 210,743 Thread 0x00007fa467c34d60 Exception <a 'edu/stanford/CVC4/Exception'{0x00000006da1b2de8}: Error in option parsing: random-seed: failed to parse 42 as an integer of the appropriate type.> (0x00000006da1b2de8) 
thrown [open/src/hotspot/share/prims/jni.cpp, line 600]
Event: 210,745 Thread 0x00007fa467c36d40 Exception <a 'edu/stanford/CVC4/Exception'{0x00000006da2490e0}: Error in option parsing: random-seed: failed to parse 42 as an integer of the appropriate type.> (0x00000006da2490e0) 
thrown [open/src/hotspot/share/prims/jni.cpp, line 600]
Event: 210,746 Thread 0x00007fa467c362b0 Exception <a 'edu/stanford/CVC4/Exception'{0x00000006da2df668}: Error in option parsing: random-seed: failed to parse 42 as an integer of the appropriate type.> (0x00000006da2df668) 
thrown [open/src/hotspot/share/prims/jni.cpp, line 600]
Event: 210,748 Thread 0x00007fa464028160 Exception <a 'java/lang/reflect/InvocationTargetException'{0x00000006da3db020}> (0x00000006da3db020) 
thrown [open/src/hotspot/share/runtime/reflection.cpp, line 1155]
Event: 210,755 Thread 0x00007fa464028160 Exception <a 'edu/stanford/CVC4/Exception'{0x00000006d9c30ef0}: Error in option parsing: random-seed: failed to parse 42 as an integer of the appropriate type.> (0x00000006d9c30ef0) 
thrown [open/src/hotspot/share/prims/jni.cpp, line 600]
Event: 210,755 Thread 0x00007fa464028160 Exception <a 'java/lang/reflect/InvocationTargetException'{0x00000006d9c31498}> (0x00000006d9c31498) 
thrown [open/src/hotspot/share/runtime/reflection.cpp, line 1155]
Event: 210,806 Thread 0x00007fa464028160 Exception <a 'java/lang/reflect/InvocationTargetException'{0x00000006d9b25b18}> (0x00000006d9b25b18) 
thrown [open/src/hotspot/share/runtime/reflection.cpp, line 1155]
Event: 210,809 Thread 0x00007fa464028160 Exception <a 'java/lang/reflect/InvocationTargetException'{0x00000006d9b51c80}> (0x00000006d9b51c80) 
thrown [open/src/hotspot/share/runtime/reflection.cpp, line 1155]
Event: 210,812 Thread 0x00007fa464028160 Exception <a 'java/lang/reflect/InvocationTargetException'{0x00000006d9b7ea08}> (0x00000006d9b7ea08) 
thrown [open/src/hotspot/share/runtime/reflection.cpp, line 1155]
Event: 213,060 Thread 0x00007fa464028160 Exception <a 'java/lang/reflect/InvocationTargetException'{0x00000006d9bb15c8}> (0x00000006d9bb15c8) 
thrown [open/src/hotspot/share/runtime/reflection.cpp, line 1155]
Event: 213,069 Thread 0x00007fa464028160 Exception <a 'java/lang/reflect/InvocationTargetException'{0x00000006d9687fc8}> (0x00000006d9687fc8) 
thrown [open/src/hotspot/share/runtime/reflection.cpp, line 1155]

Events (20 events):
Event: 210,815 Protecting memory [0x00007fa3d8ff4000,0x00007fa3d8ff8000] with protection modes 0
Event: 210,815 Thread 0x00007fa3ce1cfd50 Thread added: 0x00007fa3ce1cfd50
Event: 210,815 Protecting memory [0x00007fa3d96fb000,0x00007fa3d96ff000] with protection modes 0
Event: 210,815 Thread 0x00007fa3ce17fba0 Thread added: 0x00007fa3ce17fba0
Event: 210,815 Protecting memory [0x00007fa3d8cf1000,0x00007fa3d8cf5000] with protection modes 0
Event: 211,678 Executing  VM operation: Cleanup
Event: 211,678 Executing  VM operation: Cleanup done
Event: 213,058 Thread 0x00007fa3ce1dfc50 Thread exited: 0x00007fa3ce1dfc50
Event: 213,058 Thread 0x00007fa3ce17fba0 Thread exited: 0x00007fa3ce17fba0
Event: 213,058 Thread 0x00007fa3ce1cfd50 Thread exited: 0x00007fa3ce1cfd50
Event: 213,059 Thread 0x00007fa3ce1c4f30 Thread exited: 0x00007fa3ce1c4f30
Event: 213,059 Thread 0x00007fa4088341c0 Thread exited: 0x00007fa4088341c0
Event: 213,071 Thread 0x00007fa3ce1dfc50 Thread added: 0x00007fa3ce1dfc50
Event: 213,071 Protecting memory [0x00007fa3d8ff4000,0x00007fa3d8ff8000] with protection modes 0
Event: 213,071 Thread 0x00007fa3ce1e0a90 Thread added: 0x00007fa3ce1e0a90
Event: 213,071 Protecting memory [0x00007fa3d8df2000,0x00007fa3d8df6000] with protection modes 0
Event: 213,071 Thread 0x00007fa3ce1e0fd0 Thread added: 0x00007fa3ce1e0fd0
Event: 213,072 Thread 0x00007fa3ce1e4560 Thread added: 0x00007fa3ce1e4560
Event: 213,072 Protecting memory [0x00007fa3d8ef3000,0x00007fa3d8ef7000] with protection modes 0
Event: 213,072 Protecting memory [0x00007fa3d96fb000,0x00007fa3d96ff000] with protection modes 0


Dynamic libraries:
6d0c00000-6e2000000 rw-p 00000000 00:00 0 
6e2000000-6e3c00000 ---p 00000000 00:00 0 
6e3c00000-6e4c00000 rw-p 00000000 00:00 0 
6e4c00000-6e8400000 ---p 00000000 00:00 0 
6e8400000-6e8800000 rw-p 00000000 00:00 0 
6e8800000-7ff800000 ---p 00000000 00:00 0 
7ff800000-7ffb00000 rw-p 00000000 00:00 0 
7ffb00000-7ffb75000 rw-p 00c7c000 fd:01 15074841                         /usr/lib/jvm/java-16-oracle/lib/server/classes.jsa
7ffb75000-7ffc00000 rw-p 00000000 00:00 0 
7ffc00000-7ffc81000 rw-p 00bfb000 fd:01 15074841                         /usr/lib/jvm/java-16-oracle/lib/server/classes.jsa
7ffc81000-800000000 rw-p 00000000 00:00 0 
800000000-800003000 rwxp 00001000 fd:01 15074841                         /usr/lib/jvm/java-16-oracle/lib/server/classes.jsa
800003000-800412000 rw-p 00004000 fd:01 15074841                         /usr/lib/jvm/java-16-oracle/lib/server/classes.jsa
800412000-800bc3000 r--p 00413000 fd:01 15074841                         /usr/lib/jvm/java-16-oracle/lib/server/classes.jsa
800bc3000-800c00000 ---p 00000000 00:00 0 
800c00000-800c40000 rw-p 00000000 00:00 0 
800c40000-800cb0000 rw-p 00000000 00:00 0 
800cb0000-800cc0000 ---p 00000000 00:00 0 
800cc0000-801060000 rw-p 00000000 00:00 0 
801060000-840c00000 ---p 00000000 00:00 0 
564928b29000-564928b2a000 r-xp 00000000 fd:01 14028480                   /usr/lib/jvm/java-16-oracle/bin/java
564928b2b000-564928b2c000 r--p 00001000 fd:01 14028480                   /usr/lib/jvm/java-16-oracle/bin/java
564928b2c000-564928b2d000 rw-p 00002000 fd:01 14028480                   /usr/lib/jvm/java-16-oracle/bin/java
564929bb2000-56492ac74000 rw-p 00000000 00:00 0                          [heap]
7fa3b2de0000-7fa3b3fc8000 r-xp 00000000 fd:01 28199606                   /home/janel/Desktop/Studium/Semester_6/Bachelorarbeit/nochmalneu/lib/java/runtime-cvc4/libcvc4.so
7fa3b3fc8000-7fa3b3fdc000 r--p 011e7000 fd:01 28199606                   /home/janel/Desktop/Studium/Semester_6/Bachelorarbeit/nochmalneu/lib/java/runtime-cvc4/libcvc4.so
7fa3b3fdc000-7fa3b3ffe000 rw-p 011fb000 fd:01 28199606                   /home/janel/Desktop/Studium/Semester_6/Bachelorarbeit/nochmalneu/lib/java/runtime-cvc4/libcvc4.so
7fa3b3ffe000-7fa3b4000000 rw-p 00000000 00:00 0 
7fa3b4000000-7fa3b542b000 rw-p 00000000 00:00 0 
7fa3b542b000-7fa3b8000000 ---p 00000000 00:00 0 
7fa3b8000000-7fa3b8097000 rw-p 00000000 00:00 0 
7fa3b8097000-7fa3bc000000 ---p 00000000 00:00 0 
7fa3bc000000-7fa3bc08d000 rw-p 00000000 00:00 0 
7fa3bc08d000-7fa3c0000000 ---p 00000000 00:00 0 
7fa3c0000000-7fa3c0091000 rw-p 00000000 00:00 0 
7fa3c0091000-7fa3c4000000 ---p 00000000 00:00 0 
7fa3c4000000-7fa3c4eb6000 rw-p 00000000 00:00 0 
7fa3c4eb6000-7fa3c8000000 ---p 00000000 00:00 0 
7fa3c8000000-7fa3c80c8000 rw-p 00000000 00:00 0 
7fa3c80c8000-7fa3cc000000 ---p 00000000 00:00 0 
7fa3cc000000-7fa3cf0c1000 rw-p 00000000 00:00 0 
7fa3cf0c1000-7fa3d0000000 ---p 00000000 00:00 0 
7fa3d2830000-7fa3d2892000 r-xp 00000000 fd:01 28199855                   /home/janel/Desktop/Studium/Semester_6/Bachelorarbeit/nochmalneu/lib/java/runtime-cvc5/libpoly.so
7fa3d2892000-7fa3d2a91000 ---p 00062000 fd:01 28199855                   /home/janel/Desktop/Studium/Semester_6/Bachelorarbeit/nochmalneu/lib/java/runtime-cvc5/libpoly.so
7fa3d2a91000-7fa3d2a92000 r--p 00061000 fd:01 28199855                   /home/janel/Desktop/Studium/Semester_6/Bachelorarbeit/nochmalneu/lib/java/runtime-cvc5/libpoly.so
7fa3d2a92000-7fa3d2a94000 rw-p 00062000 fd:01 28199855                   /home/janel/Desktop/Studium/Semester_6/Bachelorarbeit/nochmalneu/lib/java/runtime-cvc5/libpoly.so
7fa3d2a94000-7fa3d2a96000 rw-p 00000000 00:00 0 
7fa3d2a96000-7fa3d2a9c000 rw-p 00064000 fd:01 28199855                   /home/janel/Desktop/Studium/Semester_6/Bachelorarbeit/nochmalneu/lib/java/runtime-cvc5/libpoly.so
7fa3d2a9c000-7fa3d2ad0000 r-xp 00000000 fd:01 28199707                   /home/janel/Desktop/Studium/Semester_6/Bachelorarbeit/nochmalneu/lib/java/runtime-cvc5/libpolyxx.so
7fa3d2ad0000-7fa3d2ccf000 ---p 00034000 fd:01 28199707                   /home/janel/Desktop/Studium/Semester_6/Bachelorarbeit/nochmalneu/lib/java/runtime-cvc5/libpolyxx.so
7fa3d2ccf000-7fa3d2cd0000 r--p 00033000 fd:01 28199707                   /home/janel/Desktop/Studium/Semester_6/Bachelorarbeit/nochmalneu/lib/java/runtime-cvc5/libpolyxx.so
7fa3d2cd0000-7fa3d2cea000 rw-p 00034000 fd:01 28199707                   /home/janel/Desktop/Studium/Semester_6/Bachelorarbeit/nochmalneu/lib/java/runtime-cvc5/libpolyxx.so
7fa3d2cea000-7fa3d3fad000 r-xp 00000000 fd:01 28199781                   /home/janel/Desktop/Studium/Semester_6/Bachelorarbeit/nochmalneu/lib/java/runtime-cvc5/libcvc5.so
7fa3d3fad000-7fa3d3fae000 ---p 012c3000 fd:01 28199781                   /home/janel/Desktop/Studium/Semester_6/Bachelorarbeit/nochmalneu/lib/java/runtime-cvc5/libcvc5.so
7fa3d3fae000-7fa3d3fc2000 r--p 012c3000 fd:01 28199781                   /home/janel/Desktop/Studium/Semester_6/Bachelorarbeit/nochmalneu/lib/java/runtime-cvc5/libcvc5.so
7fa3d3fc2000-7fa3d3fcf000 rw-p 012d7000 fd:01 28199781                   /home/janel/Desktop/Studium/Semester_6/Bachelorarbeit/nochmalneu/lib/java/runtime-cvc5/libcvc5.so
7fa3d3fcf000-7fa3d3fd0000 rw-p 00000000 00:00 0 
7fa3d3fd0000-7fa3d4000000 rw-p 012e4000 fd:01 28199781                   /home/janel/Desktop/Studium/Semester_6/Bachelorarbeit/nochmalneu/lib/java/runtime-cvc5/libcvc5.so
7fa3d4000000-7fa3d7baf000 rw-p 00000000 00:00 0 
7fa3d7baf000-7fa3d8000000 ---p 00000000 00:00 0 
7fa3d8062000-7fa3d8152000 r-xp 00000000 fd:01 28199789                   /home/janel/Desktop/Studium/Semester_6/Bachelorarbeit/nochmalneu/lib/java/runtime-cvc4/libcvc4jni.so
7fa3d8152000-7fa3d8153000 ---p 000f0000 fd:01 28199789                   /home/janel/Desktop/Studium/Semester_6/Bachelorarbeit/nochmalneu/lib/java/runtime-cvc4/libcvc4jni.so
7fa3d8153000-7fa3d8154000 r--p 000f0000 fd:01 28199789                   /home/janel/Desktop/Studium/Semester_6/Bachelorarbeit/nochmalneu/lib/java/runtime-cvc4/libcvc4jni.so
7fa3d8154000-7fa3d817d000 rw-p 000f1000 fd:01 28199789                   /home/janel/Desktop/Studium/Semester_6/Bachelorarbeit/nochmalneu/lib/java/runtime-cvc4/libcvc4jni.so
7fa3d817d000-7fa3d8197000 r-xp 00000000 fd:01 28199722                   /home/janel/Desktop/Studium/Semester_6/Bachelorarbeit/nochmalneu/lib/java/runtime-boolector/libminisat.so
7fa3d8197000-7fa3d8396000 ---p 0001a000 fd:01 28199722                   /home/janel/Desktop/Studium/Semester_6/Bachelorarbeit/nochmalneu/lib/java/runtime-boolector/libminisat.so
7fa3d8396000-7fa3d8397000 r--p 00019000 fd:01 28199722                   /home/janel/Desktop/Studium/Semester_6/Bachelorarbeit/nochmalneu/lib/java/runtime-boolector/libminisat.so
7fa3d8397000-7fa3d8398000 rw-p 0001a000 fd:01 28199722                   /home/janel/Desktop/Studium/Semester_6/Bachelorarbeit/nochmalneu/lib/java/runtime-boolector/libminisat.so
7fa3d8398000-7fa3d83ac000 r-xp 00000000 fd:01 28199649                   /home/janel/Desktop/Studium/Semester_6/Bachelorarbeit/nochmalneu/lib/java/runtime-boolector/libpicosat.so
7fa3d83ac000-7fa3d85ab000 ---p 00014000 fd:01 28199649                   /home/janel/Desktop/Studium/Semester_6/Bachelorarbeit/nochmalneu/lib/java/runtime-boolector/libpicosat.so
7fa3d85ab000-7fa3d85ac000 r--p 00013000 fd:01 28199649                   /home/janel/Desktop/Studium/Semester_6/Bachelorarbeit/nochmalneu/lib/java/runtime-boolector/libpicosat.so
7fa3d85ac000-7fa3d85ad000 rw-p 00014000 fd:01 28199649                   /home/janel/Desktop/Studium/Semester_6/Bachelorarbeit/nochmalneu/lib/java/runtime-boolector/libpicosat.so
7fa3d85ad000-7fa3d88c2000 r-xp 00000000 fd:01 28199769                   /home/janel/Desktop/Studium/Semester_6/Bachelorarbeit/nochmalneu/lib/java/runtime-boolector/libboolector.so
7fa3d88c2000-7fa3d8ac2000 ---p 00315000 fd:01 28199769                   /home/janel/Desktop/Studium/Semester_6/Bachelorarbeit/nochmalneu/lib/java/runtime-boolector/libboolector.so
7fa3d8ac2000-7fa3d8ac4000 r--p 00315000 fd:01 28199769                   /home/janel/Desktop/Studium/Semester_6/Bachelorarbeit/nochmalneu/lib/java/runtime-boolector/libboolector.so
7fa3d8ac4000-7fa3d8aef000 rw-p 00317000 fd:01 28199769                   /home/janel/Desktop/Studium/Semester_6/Bachelorarbeit/nochmalneu/lib/java/runtime-boolector/libboolector.so
7fa3d8aef000-7fa3d8af3000 ---p 00000000 00:00 0 
7fa3d8af3000-7fa3d8bf0000 rw-p 00000000 00:00 0 
7fa3d8bf0000-7fa3d8bf4000 ---p 00000000 00:00 0 
7fa3d8bf4000-7fa3d8cf1000 rw-p 00000000 00:00 0 
7fa3d8cf1000-7fa3d8cf5000 ---p 00000000 00:00 0 
7fa3d8cf5000-7fa3d8df2000 rw-p 00000000 00:00 0 
7fa3d8df2000-7fa3d8df6000 ---p 00000000 00:00 0 
7fa3d8df6000-7fa3d8ef3000 rw-p 00000000 00:00 0 
7fa3d8ef3000-7fa3d8ef7000 ---p 00000000 00:00 0 
7fa3d8ef7000-7fa3d8ff4000 rw-p 00000000 00:00 0 
7fa3d8ff4000-7fa3d8ff8000 ---p 00000000 00:00 0 
7fa3d8ff8000-7fa3d90f5000 rw-p 00000000 00:00 0 
7fa3d90f5000-7fa3d90f9000 ---p 00000000 00:00 0 
7fa3d90f9000-7fa3d91f6000 rw-p 00000000 00:00 0 
7fa3d91f6000-7fa3d91fa000 ---p 00000000 00:00 0 
7fa3d91fa000-7fa3d92f7000 rw-p 00000000 00:00 0 
7fa3d92f7000-7fa3d92fb000 ---p 00000000 00:00 0 
7fa3d92fb000-7fa3d93f8000 rw-p 00000000 00:00 0 
7fa3d93f8000-7fa3d93fc000 ---p 00000000 00:00 0 
7fa3d93fc000-7fa3d94f9000 rw-p 00000000 00:00 0 
7fa3d94f9000-7fa3d94fd000 ---p 00000000 00:00 0 
7fa3d94fd000-7fa3d95fa000 rw-p 00000000 00:00 0 
7fa3d95fa000-7fa3d95fe000 ---p 00000000 00:00 0 
7fa3d95fe000-7fa3d96fb000 rw-p 00000000 00:00 0 
7fa3d96fb000-7fa3d96ff000 ---p 00000000 00:00 0 
7fa3d96ff000-7fa3d97fc000 rw-p 00000000 00:00 0 
7fa3d97fc000-7fa3d9800000 ---p 00000000 00:00 0 
7fa3d9800000-7fa3d98fd000 rw-p 00000000 00:00 0 
7fa3d98fd000-7fa3d9901000 ---p 00000000 00:00 0 
7fa3d9901000-7fa3d99fe000 rw-p 00000000 00:00 0 
7fa3d99fe000-7fa3d9a02000 ---p 00000000 00:00 0 
7fa3d9a02000-7fa3d9aff000 rw-p 00000000 00:00 0 
7fa3d9aff000-7fa3d9b03000 ---p 00000000 00:00 0 
7fa3d9b03000-7fa3d9ee0000 rw-p 00000000 00:00 0 
7fa3d9ee0000-7fa3da2b0000 rw-p 00000000 00:00 0 
7fa3da2b0000-7fa3da400000 ---p 00000000 00:00 0 
7fa3da4f5000-7fa3da4f9000 ---p 00000000 00:00 0 
7fa3da4f9000-7fa3da5f6000 rw-p 00000000 00:00 0 
7fa3da5f6000-7fa3da5fa000 ---p 00000000 00:00 0 
7fa3da5fa000-7fa3da6f7000 rw-p 00000000 00:00 0 
7fa3da6f7000-7fa3da6fb000 ---p 00000000 00:00 0 
7fa3da6fb000-7fa3da7f8000 rw-p 00000000 00:00 0 
7fa3da7f8000-7fa3da7fc000 ---p 00000000 00:00 0 
7fa3da7fc000-7fa3da8f9000 rw-p 00000000 00:00 0 
7fa3da8f9000-7fa3da8fd000 ---p 00000000 00:00 0 
7fa3da8fd000-7fa3da9fa000 rw-p 00000000 00:00 0 
7fa3da9fa000-7fa3da9fe000 ---p 00000000 00:00 0 
7fa3da9fe000-7fa3daafb000 rw-p 00000000 00:00 0 
7fa3daafb000-7fa3daaff000 ---p 00000000 00:00 0 
7fa3daaff000-7fa3dabfc000 rw-p 00000000 00:00 0 
7fa3dabfc000-7fa3dac00000 ---p 00000000 00:00 0 
7fa3dac00000-7fa3dacfd000 rw-p 00000000 00:00 0 
7fa3dacfd000-7fa3dad01000 ---p 00000000 00:00 0 
7fa3dad01000-7fa3dadfe000 rw-p 00000000 00:00 0 
7fa3dadfe000-7fa3dae02000 ---p 00000000 00:00 0 
7fa3dae02000-7fa3daeff000 rw-p 00000000 00:00 0 
7fa3daeff000-7fa3daf03000 ---p 00000000 00:00 0 
7fa3daf03000-7fa3db800000 rw-p 00000000 00:00 0 
7fa3db800000-7fa3dbf00000 rw-p 00000000 00:00 0 
7fa3dbf00000-7fa3dbfb0000 rw-p 00000000 00:00 0 
7fa3dbfb0000-7fa3dc000000 ---p 00000000 00:00 0 
7fa3dc000000-7fa3dffc0000 rw-p 00000000 00:00 0 
7fa3dffc0000-7fa3e0000000 ---p 00000000 00:00 0 
7fa3e0000000-7fa3e1681000 rw-p 00000000 00:00 0 
7fa3e1681000-7fa3e4000000 ---p 00000000 00:00 0 
7fa3e4000000-7fa3e41f6000 rw-p 00000000 00:00 0 
7fa3e41f6000-7fa3e8000000 ---p 00000000 00:00 0 
7fa3e8000000-7fa3ebfb8000 rw-p 00000000 00:00 0 
7fa3ebfb8000-7fa3ec000000 ---p 00000000 00:00 0 
7fa3ec000000-7fa3ec04e000 rw-p 00000000 00:00 0 
7fa3ec04e000-7fa3f0000000 ---p 00000000 00:00 0 
7fa3f0000000-7fa3f004c000 rw-p 00000000 00:00 0 
7fa3f004c000-7fa3f4000000 ---p 00000000 00:00 0 
7fa3f401b000-7fa3f401f000 ---p 00000000 00:00 0 
7fa3f401f000-7fa3f411c000 rw-p 00000000 00:00 0 
7fa3f411c000-7fa3f4120000 ---p 00000000 00:00 0 
7fa3f4120000-7fa3f421d000 rw-p 00000000 00:00 0 
7fa3f421d000-7fa3f4221000 ---p 00000000 00:00 0 
7fa3f4221000-7fa3f431e000 rw-p 00000000 00:00 0 
7fa3f431e000-7fa3f4322000 ---p 00000000 00:00 0 
7fa3f4322000-7fa3f441f000 rw-p 00000000 00:00 0 
7fa3f441f000-7fa3f4423000 ---p 00000000 00:00 0 
7fa3f4423000-7fa3f4520000 rw-p 00000000 00:00 0 
7fa3f4520000-7fa3f4524000 ---p 00000000 00:00 0 
7fa3f4524000-7fa3f4621000 rw-p 00000000 00:00 0 
7fa3f4621000-7fa3f4625000 ---p 00000000 00:00 0 
7fa3f4625000-7fa3f4722000 rw-p 00000000 00:00 0 
7fa3f4722000-7fa3f4751000 r-xp 00000000 fd:01 28199716                   /home/janel/Desktop/Studium/Semester_6/Bachelorarbeit/nochmalneu/lib/java/runtime-z3/libz3java.so
7fa3f4751000-7fa3f4950000 ---p 0002f000 fd:01 28199716                   /home/janel/Desktop/Studium/Semester_6/Bachelorarbeit/nochmalneu/lib/java/runtime-z3/libz3java.so
7fa3f4950000-7fa3f4951000 r--p 0002e000 fd:01 28199716                   /home/janel/Desktop/Studium/Semester_6/Bachelorarbeit/nochmalneu/lib/java/runtime-z3/libz3java.so
7fa3f4951000-7fa3f4953000 rw-p 0002f000 fd:01 28199716                   /home/janel/Desktop/Studium/Semester_6/Bachelorarbeit/nochmalneu/lib/java/runtime-z3/libz3java.so
7fa3f4953000-7fa3f61d0000 r-xp 00000000 fd:01 28199838                   /home/janel/Desktop/Studium/Semester_6/Bachelorarbeit/nochmalneu/lib/java/runtime-z3/libz3.so
7fa3f61d0000-7fa3f63cf000 ---p 0187d000 fd:01 28199838                   /home/janel/Desktop/Studium/Semester_6/Bachelorarbeit/nochmalneu/lib/java/runtime-z3/libz3.so
7fa3f63cf000-7fa3f63fc000 r--p 0187c000 fd:01 28199838                   /home/janel/Desktop/Studium/Semester_6/Bachelorarbeit/nochmalneu/lib/java/runtime-z3/libz3.so
7fa3f63fc000-7fa3f63ff000 rw-p 018a9000 fd:01 28199838                   /home/janel/Desktop/Studium/Semester_6/Bachelorarbeit/nochmalneu/lib/java/runtime-z3/libz3.so
7fa3f63ff000-7fa3f66c0000 rw-p 00000000 00:00 0 
7fa3f66c0000-7fa3f6780000 rw-p 00000000 00:00 0 
7fa3f6780000-7fa3f6800000 rw-p 00000000 00:00 0 
7fa3f6800000-7fa3f6c00000 rw-p 00000000 00:00 0 
7fa3f6c0a000-7fa3f6c5e000 r-xp 00000000 fd:01 28199608                   /home/janel/Desktop/Studium/Semester_6/Bachelorarbeit/nochmalneu/lib/java/runtime-cvc5/libcvc5jni.so
7fa3f6c5e000-7fa3f6c5f000 r--p 00053000 fd:01 28199608                   /home/janel/Desktop/Studium/Semester_6/Bachelorarbeit/nochmalneu/lib/java/runtime-cvc5/libcvc5jni.so
7fa3f6c5f000-7fa3f6c60000 rw-p 00054000 fd:01 28199608                   /home/janel/Desktop/Studium/Semester_6/Bachelorarbeit/nochmalneu/lib/java/runtime-cvc5/libcvc5jni.so
7fa3f6c60000-7fa3f6c6b000 rw-p 00056000 fd:01 28199608                   /home/janel/Desktop/Studium/Semester_6/Bachelorarbeit/nochmalneu/lib/java/runtime-cvc5/libcvc5jni.so
7fa3f6c6b000-7fa3f6c75000 r--p 00000000 fd:01 8917043                    /usr/lib/x86_64-linux-gnu/libgmp.so.10.4.0
7fa3f6c75000-7fa3f6cd5000 r-xp 0000a000 fd:01 8917043                    /usr/lib/x86_64-linux-gnu/libgmp.so.10.4.0
7fa3f6cd5000-7fa3f6cec000 r--p 0006a000 fd:01 8917043                    /usr/lib/x86_64-linux-gnu/libgmp.so.10.4.0
7fa3f6cec000-7fa3f6ced000 ---p 00081000 fd:01 8917043                    /usr/lib/x86_64-linux-gnu/libgmp.so.10.4.0
7fa3f6ced000-7fa3f6cee000 r--p 00081000 fd:01 8917043                    /usr/lib/x86_64-linux-gnu/libgmp.so.10.4.0
7fa3f6cee000-7fa3f6cef000 rw-p 00082000 fd:01 8917043                    /usr/lib/x86_64-linux-gnu/libgmp.so.10.4.0
7fa3f6cef000-7fa3f6d85000 r--p 00000000 fd:01 8917931                    /usr/lib/x86_64-linux-gnu/libstdc++.so.6.0.28
7fa3f6d85000-7fa3f6e76000 r-xp 00096000 fd:01 8917931                    /usr/lib/x86_64-linux-gnu/libstdc++.so.6.0.28
7fa3f6e76000-7fa3f6ebf000 r--p 00187000 fd:01 8917931                    /usr/lib/x86_64-linux-gnu/libstdc++.so.6.0.28
7fa3f6ebf000-7fa3f6ec0000 ---p 001d0000 fd:01 8917931                    /usr/lib/x86_64-linux-gnu/libstdc++.so.6.0.28
7fa3f6ec0000-7fa3f6ecb000 r--p 001d0000 fd:01 8917931                    /usr/lib/x86_64-linux-gnu/libstdc++.so.6.0.28
7fa3f6ecb000-7fa3f6ece000 rw-p 001db000 fd:01 8917931                    /usr/lib/x86_64-linux-gnu/libstdc++.so.6.0.28
7fa3f6ece000-7fa3f6ed1000 rw-p 00000000 00:00 0 
7fa3f6ed1000-7fa3f6ed5000 ---p 00000000 00:00 0 
7fa3f6ed5000-7fa3f6fd2000 rw-p 00000000 00:00 0 
7fa3f6fd2000-7fa3f6fd6000 ---p 00000000 00:00 0 
7fa3f6fd6000-7fa3f70d3000 rw-p 00000000 00:00 0 
7fa3f70d3000-7fa3f70d7000 ---p 00000000 00:00 0 
7fa3f70d7000-7fa3f71d4000 rw-p 00000000 00:00 0 
7fa3f71d4000-7fa3f71d8000 ---p 00000000 00:00 0 
7fa3f71d8000-7fa3f72d5000 rw-p 00000000 00:00 0 
7fa3f72d5000-7fa3f7bca000 r-xp 00000000 fd:01 28199709                   /home/janel/Desktop/Studium/Semester_6/Bachelorarbeit/nochmalneu/lib/java/runtime-mathsat/libmathsat5j.so
7fa3f7bca000-7fa3f7dca000 ---p 008f5000 fd:01 28199709                   /home/janel/Desktop/Studium/Semester_6/Bachelorarbeit/nochmalneu/lib/java/runtime-mathsat/libmathsat5j.so
7fa3f7dca000-7fa3f7de5000 r--p 008f5000 fd:01 28199709                   /home/janel/Desktop/Studium/Semester_6/Bachelorarbeit/nochmalneu/lib/java/runtime-mathsat/libmathsat5j.so
7fa3f7de5000-7fa3f7df9000 rw-p 00910000 fd:01 28199709                   /home/janel/Desktop/Studium/Semester_6/Bachelorarbeit/nochmalneu/lib/java/runtime-mathsat/libmathsat5j.so
7fa3f7df9000-7fa3f7dfc000 rw-p 00000000 00:00 0 
7fa3f7dfc000-7fa3f7dfd000 ---p 00000000 00:00 0 
7fa3f7dfd000-7fa3f7efe000 rw-p 00000000 00:00 0 
7fa3f7efe000-7fa3f7eff000 ---p 00000000 00:00 0 
7fa3f7eff000-7fa3f8000000 rw-p 00000000 00:00 0 
7fa3f8000000-7fa3f89d6000 rw-p 00000000 00:00 0 
7fa3f89d6000-7fa3fc000000 ---p 00000000 00:00 0 
7fa3fc000000-7fa3fc6cc000 rw-p 00000000 00:00 0 
7fa3fc6cc000-7fa400000000 ---p 00000000 00:00 0 
7fa400000000-7fa4006cf000 rw-p 00000000 00:00 0 
7fa4006cf000-7fa404000000 ---p 00000000 00:00 0 
7fa404000000-7fa407f45000 rw-p 00000000 00:00 0 
7fa407f45000-7fa408000000 ---p 00000000 00:00 0 
7fa408000000-7fa4092d5000 rw-p 00000000 00:00 0 
7fa4092d5000-7fa40c000000 ---p 00000000 00:00 0 
7fa40c000000-7fa40c6c8000 rw-p 00000000 00:00 0 
7fa40c6c8000-7fa410000000 ---p 00000000 00:00 0 
7fa410000000-7fa410724000 rw-p 00000000 00:00 0 
7fa410724000-7fa414000000 ---p 00000000 00:00 0 
7fa414000000-7fa41680b000 rw-p 00000000 00:00 0 
7fa41680b000-7fa418000000 ---p 00000000 00:00 0 
7fa418000000-7fa418046000 rw-p 00000000 00:00 0 
7fa418046000-7fa41c000000 ---p 00000000 00:00 0 
7fa41c000000-7fa41c04f000 rw-p 00000000 00:00 0 
7fa41c04f000-7fa420000000 ---p 00000000 00:00 0 
7fa420000000-7fa4208c2000 rw-p 00000000 00:00 0 
7fa4208c2000-7fa424000000 ---p 00000000 00:00 0 
7fa424000000-7fa424044000 rw-p 00000000 00:00 0 
7fa424044000-7fa428000000 ---p 00000000 00:00 0 
7fa428000000-7fa428e69000 rw-p 00000000 00:00 0 
7fa428e69000-7fa42c000000 ---p 00000000 00:00 0 
7fa42c000000-7fa42c07a000 rw-p 00000000 00:00 0 
7fa42c07a000-7fa430000000 ---p 00000000 00:00 0 
7fa430000000-7fa430091000 rw-p 00000000 00:00 0 
7fa430091000-7fa434000000 ---p 00000000 00:00 0 
7fa434025000-7fa434026000 ---p 00000000 00:00 0 
7fa434026000-7fa434127000 rw-p 00000000 00:00 0 
7fa434127000-7fa434128000 ---p 00000000 00:00 0 
7fa434128000-7fa434229000 rw-p 00000000 00:00 0 
7fa434229000-7fa43422d000 ---p 00000000 00:00 0 
7fa43422d000-7fa43432a000 rw-p 00000000 00:00 0 
7fa43432a000-7fa43432e000 ---p 00000000 00:00 0 
7fa43432e000-7fa43442b000 rw-p 00000000 00:00 0 
7fa43442b000-7fa43442f000 ---p 00000000 00:00 0 
7fa43442f000-7fa43452c000 rw-p 00000000 00:00 0 
7fa43452c000-7fa434530000 ---p 00000000 00:00 0 
7fa434530000-7fa43462d000 rw-p 00000000 00:00 0 
7fa43462d000-7fa434631000 ---p 00000000 00:00 0 
7fa434631000-7fa43472e000 rw-p 00000000 00:00 0 
7fa43472e000-7fa434732000 ---p 00000000 00:00 0 
7fa434732000-7fa43482f000 rw-p 00000000 00:00 0 
7fa43482f000-7fa434833000 ---p 00000000 00:00 0 
7fa434833000-7fa434930000 rw-p 00000000 00:00 0 
7fa434930000-7fa434934000 ---p 00000000 00:00 0 
7fa434934000-7fa434a31000 rw-p 00000000 00:00 0 
7fa434a31000-7fa434a35000 ---p 00000000 00:00 0 
7fa434a35000-7fa434b32000 rw-p 00000000 00:00 0 
7fa434b32000-7fa4350fc000 r--p 00000000 fd:01 8913749                    /usr/lib/locale/locale-archive
7fa4350fc000-7fa435100000 ---p 00000000 00:00 0 
7fa435100000-7fa4351fd000 rw-p 00000000 00:00 0 
7fa4351fd000-7fa435201000 ---p 00000000 00:00 0 
7fa435201000-7fa4352fe000 rw-p 00000000 00:00 0 
7fa4352fe000-7fa4352ff000 ---p 00000000 00:00 0 
7fa4352ff000-7fa435800000 rw-p 00000000 00:00 0 
7fa435800000-7fa435c00000 rw-p 00000000 00:00 0 
7fa435c1f000-7fa435cfb000 rw-p 00000000 00:00 0 
7fa435cfb000-7fa435cfc000 ---p 00000000 00:00 0 
7fa435cfc000-7fa435dfd000 rw-p 00000000 00:00 0 
7fa435dfd000-7fa435dfe000 ---p 00000000 00:00 0 
7fa435dfe000-7fa438000000 rw-p 00000000 00:00 0 
7fa438000000-7fa438049000 rw-p 00000000 00:00 0 
7fa438049000-7fa43c000000 ---p 00000000 00:00 0 
7fa43c000000-7fa43c1ce000 rw-p 00000000 00:00 0 
7fa43c1ce000-7fa440000000 ---p 00000000 00:00 0 
7fa440000000-7fa44005a000 rw-p 00000000 00:00 0 
7fa44005a000-7fa444000000 ---p 00000000 00:00 0 
7fa444004000-7fa444007000 r--p 00000000 fd:01 8918008                    /usr/lib/x86_64-linux-gnu/libgcc_s.so.1
7fa444007000-7fa444019000 r-xp 00003000 fd:01 8918008                    /usr/lib/x86_64-linux-gnu/libgcc_s.so.1
7fa444019000-7fa44401d000 r--p 00015000 fd:01 8918008                    /usr/lib/x86_64-linux-gnu/libgcc_s.so.1
7fa44401d000-7fa44401e000 r--p 00018000 fd:01 8918008                    /usr/lib/x86_64-linux-gnu/libgcc_s.so.1
7fa44401e000-7fa44401f000 rw-p 00019000 fd:01 8918008                    /usr/lib/x86_64-linux-gnu/libgcc_s.so.1
7fa44403d000-7fa44448d000 rw-p 00000000 00:00 0 
7fa44448d000-7fa4444fd000 ---p 00000000 00:00 0 
7fa4444fd000-7fa44453d000 rw-p 00000000 00:00 0 
7fa44453d000-7fa44461d000 ---p 00000000 00:00 0 
7fa44461d000-7fa44462d000 rw-p 00000000 00:00 0 
7fa44462d000-7fa448bed000 ---p 00000000 00:00 0 
7fa448bed000-7fa44905d000 rw-p 00000000 00:00 0 
7fa44905d000-7fa4490cd000 ---p 00000000 00:00 0 
7fa4490cd000-7fa44910d000 rw-p 00000000 00:00 0 
7fa44910d000-7fa4491ed000 ---p 00000000 00:00 0 
7fa4491ed000-7fa4491fd000 rw-p 00000000 00:00 0 
7fa4491fd000-7fa44d7bd000 ---p 00000000 00:00 0 
7fa44d7bd000-7fa44d7dd000 rw-p 00000000 00:00 0 
7fa44d7dd000-7fa44da4d000 rwxp 00000000 00:00 0 
7fa44da4d000-7fa44dd6e000 ---p 00000000 00:00 0 
7fa44dd6e000-7fa44f03e000 rwxp 00000000 00:00 0 
7fa44f03e000-7fa4552a5000 ---p 00000000 00:00 0 
7fa4552a5000-7fa455ea5000 rwxp 00000000 00:00 0 
7fa455ea5000-7fa45c7dd000 ---p 00000000 00:00 0 
7fa45c7dd000-7fa464000000 r--s 00000000 fd:01 15074832                   /usr/lib/jvm/java-16-oracle/lib/modules
7fa464000000-7fa467d59000 rw-p 00000000 00:00 0 
7fa467d59000-7fa468000000 ---p 00000000 00:00 0 
7fa468001000-7fa46800e000 r-xp 00000000 fd:01 15074830                   /usr/lib/jvm/java-16-oracle/lib/libverify.so
7fa46800e000-7fa468010000 r--p 0000c000 fd:01 15074830                   /usr/lib/jvm/java-16-oracle/lib/libverify.so
7fa468010000-7fa468011000 rw-p 0000e000 fd:01 15074830                   /usr/lib/jvm/java-16-oracle/lib/libverify.so
7fa468011000-7fa468026000 r-xp 00000000 fd:01 15074823                   /usr/lib/jvm/java-16-oracle/lib/libnet.so
7fa468026000-7fa468027000 r--p 00014000 fd:01 15074823                   /usr/lib/jvm/java-16-oracle/lib/libnet.so
7fa468027000-7fa468028000 rw-p 00015000 fd:01 15074823                   /usr/lib/jvm/java-16-oracle/lib/libnet.so
7fa468028000-7fa46803b000 r-xp 00000000 fd:01 15074824                   /usr/lib/jvm/java-16-oracle/lib/libnio.so
7fa46803b000-7fa46803c000 r--p 00012000 fd:01 15074824                   /usr/lib/jvm/java-16-oracle/lib/libnio.so
7fa46803c000-7fa46803d000 rw-p 00013000 fd:01 15074824                   /usr/lib/jvm/java-16-oracle/lib/libnio.so
7fa46803d000-7fa468381000 rw-p 00000000 00:00 0 
7fa468381000-7fa468382000 ---p 00000000 00:00 0 
7fa468382000-7fa468483000 rw-p 00000000 00:00 0 
7fa468483000-7fa468484000 ---p 00000000 00:00 0 
7fa468484000-7fa468585000 rw-p 00000000 00:00 0 
7fa468585000-7fa468586000 ---p 00000000 00:00 0 
7fa468586000-7fa46873a000 rw-p 00000000 00:00 0 
7fa46873a000-7fa468748000 ---p 00000000 00:00 0 
7fa468748000-7fa468750000 rw-p 00000000 00:00 0 
7fa468750000-7fa46876c000 ---p 00000000 00:00 0 
7fa46876c000-7fa46876e000 rw-p 00000000 00:00 0 
7fa46876e000-7fa469026000 ---p 00000000 00:00 0 
7fa469026000-7fa4690b4000 rw-p 00000000 00:00 0 
7fa4690b4000-7fa4690c2000 ---p 00000000 00:00 0 
7fa4690c2000-7fa4690ca000 rw-p 00000000 00:00 0 
7fa4690ca000-7fa4690e6000 ---p 00000000 00:00 0 
7fa4690e6000-7fa4690e8000 rw-p 00000000 00:00 0 
7fa4690e8000-7fa4699a0000 ---p 00000000 00:00 0 
7fa4699a0000-7fa469a2e000 rw-p 00000000 00:00 0 
7fa469a2e000-7fa469a3c000 ---p 00000000 00:00 0 
7fa469a3c000-7fa469a44000 rw-p 00000000 00:00 0 
7fa469a44000-7fa469a60000 ---p 00000000 00:00 0 
7fa469a60000-7fa469a62000 rw-p 00000000 00:00 0 
7fa469a62000-7fa46a31a000 ---p 00000000 00:00 0 
7fa46a31a000-7fa46a73a000 rw-p 00000000 00:00 0 
7fa46a73a000-7fa46a80d000 ---p 00000000 00:00 0 
7fa46a80d000-7fa46a833000 rw-p 00000000 00:00 0 
7fa46a833000-7fa46a8f8000 ---p 00000000 00:00 0 
7fa46a8f8000-7fa46a8fb000 r--p 00000000 fd:01 8915066                    /usr/lib/x86_64-linux-gnu/libnss_files-2.31.so
7fa46a8fb000-7fa46a902000 r-xp 00003000 fd:01 8915066                    /usr/lib/x86_64-linux-gnu/libnss_files-2.31.so
7fa46a902000-7fa46a904000 r--p 0000a000 fd:01 8915066                    /usr/lib/x86_64-linux-gnu/libnss_files-2.31.so
7fa46a904000-7fa46a905000 r--p 0000b000 fd:01 8915066                    /usr/lib/x86_64-linux-gnu/libnss_files-2.31.so
7fa46a905000-7fa46a906000 rw-p 0000c000 fd:01 8915066                    /usr/lib/x86_64-linux-gnu/libnss_files-2.31.so
7fa46a906000-7fa46a90c000 rw-p 00000000 00:00 0 
7fa46a914000-7fa46a91b000 r-xp 00000000 fd:01 15074831                   /usr/lib/jvm/java-16-oracle/lib/libzip.so
7fa46a91b000-7fa46a91c000 ---p 00007000 fd:01 15074831                   /usr/lib/jvm/java-16-oracle/lib/libzip.so
7fa46a91c000-7fa46a91d000 r--p 00007000 fd:01 15074831                   /usr/lib/jvm/java-16-oracle/lib/libzip.so
7fa46a91d000-7fa46a91e000 rw-p 00008000 fd:01 15074831                   /usr/lib/jvm/java-16-oracle/lib/libzip.so
7fa46a91e000-7fa46a923000 rw-p 00000000 00:00 0 
7fa46a923000-7fa46a92a000 ---p 00000000 00:00 0 
7fa46a92a000-7fa46a94e000 r-xp 00000000 fd:01 15074810                   /usr/lib/jvm/java-16-oracle/lib/libjava.so
7fa46a94e000-7fa46a94f000 ---p 00024000 fd:01 15074810                   /usr/lib/jvm/java-16-oracle/lib/libjava.so
7fa46a94f000-7fa46a950000 r--p 00024000 fd:01 15074810                   /usr/lib/jvm/java-16-oracle/lib/libjava.so
7fa46a950000-7fa46a951000 rw-p 00025000 fd:01 15074810                   /usr/lib/jvm/java-16-oracle/lib/libjava.so
7fa46a951000-7fa46a952000 rw-p 00000000 00:00 0 
7fa46a952000-7fa46a96d000 r-xp 00000000 fd:01 15074814                   /usr/lib/jvm/java-16-oracle/lib/libjimage.so
7fa46a96d000-7fa46a96e000 ---p 0001b000 fd:01 15074814                   /usr/lib/jvm/java-16-oracle/lib/libjimage.so
7fa46a96e000-7fa46a970000 r--p 0001b000 fd:01 15074814                   /usr/lib/jvm/java-16-oracle/lib/libjimage.so
7fa46a970000-7fa46a971000 rw-p 0001d000 fd:01 15074814                   /usr/lib/jvm/java-16-oracle/lib/libjimage.so
7fa46a971000-7fa46a973000 r--p 00000000 fd:01 8915073                    /usr/lib/x86_64-linux-gnu/librt-2.31.so
7fa46a973000-7fa46a977000 r-xp 00002000 fd:01 8915073                    /usr/lib/x86_64-linux-gnu/librt-2.31.so
7fa46a977000-7fa46a979000 r--p 00006000 fd:01 8915073                    /usr/lib/x86_64-linux-gnu/librt-2.31.so
7fa46a979000-7fa46a97a000 r--p 00007000 fd:01 8915073                    /usr/lib/x86_64-linux-gnu/librt-2.31.so
7fa46a97a000-7fa46a97b000 rw-p 00008000 fd:01 8915073                    /usr/lib/x86_64-linux-gnu/librt-2.31.so
7fa46a97b000-7fa46a97f000 ---p 00000000 00:00 0 
7fa46a97f000-7fa46aa7c000 rw-p 00000000 00:00 0 
7fa46aa7c000-7fa46aa89000 r--p 00000000 fd:01 8915060                    /usr/lib/x86_64-linux-gnu/libm-2.31.so
7fa46aa89000-7fa46ab30000 r-xp 0000d000 fd:01 8915060                    /usr/lib/x86_64-linux-gnu/libm-2.31.so
7fa46ab30000-7fa46abc9000 r--p 000b4000 fd:01 8915060                    /usr/lib/x86_64-linux-gnu/libm-2.31.so
7fa46abc9000-7fa46abca000 r--p 0014c000 fd:01 8915060                    /usr/lib/x86_64-linux-gnu/libm-2.31.so
7fa46abca000-7fa46abcb000 rw-p 0014d000 fd:01 8915060                    /usr/lib/x86_64-linux-gnu/libm-2.31.so
7fa46abcb000-7fa46bcd9000 r-xp 00000000 fd:01 15074844                   /usr/lib/jvm/java-16-oracle/lib/server/libjvm.so
7fa46bcd9000-7fa46bcda000 ---p 0110e000 fd:01 15074844                   /usr/lib/jvm/java-16-oracle/lib/server/libjvm.so
7fa46bcda000-7fa46bd8b000 r--p 0110e000 fd:01 15074844                   /usr/lib/jvm/java-16-oracle/lib/server/libjvm.so
7fa46bd8b000-7fa46bdbe000 rw-p 011bf000 fd:01 15074844                   /usr/lib/jvm/java-16-oracle/lib/server/libjvm.so
7fa46bdbe000-7fa46be1b000 rw-p 00000000 00:00 0 
7fa46be1b000-7fa46be3d000 r--p 00000000 fd:01 8915058                    /usr/lib/x86_64-linux-gnu/libc-2.31.so
7fa46be3d000-7fa46bfb5000 r-xp 00022000 fd:01 8915058                    /usr/lib/x86_64-linux-gnu/libc-2.31.so
7fa46bfb5000-7fa46c003000 r--p 0019a000 fd:01 8915058                    /usr/lib/x86_64-linux-gnu/libc-2.31.so
7fa46c003000-7fa46c007000 r--p 001e7000 fd:01 8915058                    /usr/lib/x86_64-linux-gnu/libc-2.31.so
7fa46c007000-7fa46c009000 rw-p 001eb000 fd:01 8915058                    /usr/lib/x86_64-linux-gnu/libc-2.31.so
7fa46c009000-7fa46c00d000 rw-p 00000000 00:00 0 
7fa46c00d000-7fa46c00e000 r--p 00000000 fd:01 8915059                    /usr/lib/x86_64-linux-gnu/libdl-2.31.so
7fa46c00e000-7fa46c010000 r-xp 00001000 fd:01 8915059                    /usr/lib/x86_64-linux-gnu/libdl-2.31.so
7fa46c010000-7fa46c011000 r--p 00003000 fd:01 8915059                    /usr/lib/x86_64-linux-gnu/libdl-2.31.so
7fa46c011000-7fa46c012000 r--p 00003000 fd:01 8915059                    /usr/lib/x86_64-linux-gnu/libdl-2.31.so
7fa46c012000-7fa46c013000 rw-p 00004000 fd:01 8915059                    /usr/lib/x86_64-linux-gnu/libdl-2.31.so
7fa46c013000-7fa46c019000 r--p 00000000 fd:01 8915071                    /usr/lib/x86_64-linux-gnu/libpthread-2.31.so
7fa46c019000-7fa46c02a000 r-xp 00006000 fd:01 8915071                    /usr/lib/x86_64-linux-gnu/libpthread-2.31.so
7fa46c02a000-7fa46c030000 r--p 00017000 fd:01 8915071                    /usr/lib/x86_64-linux-gnu/libpthread-2.31.so
7fa46c030000-7fa46c031000 r--p 0001c000 fd:01 8915071                    /usr/lib/x86_64-linux-gnu/libpthread-2.31.so
7fa46c031000-7fa46c032000 rw-p 0001d000 fd:01 8915071                    /usr/lib/x86_64-linux-gnu/libpthread-2.31.so
7fa46c032000-7fa46c036000 rw-p 00000000 00:00 0 
7fa46c036000-7fa46c045000 r-xp 00000000 fd:01 15074815                   /usr/lib/jvm/java-16-oracle/lib/libjli.so
7fa46c045000-7fa46c046000 r--p 0000e000 fd:01 15074815                   /usr/lib/jvm/java-16-oracle/lib/libjli.so
7fa46c046000-7fa46c047000 rw-p 0000f000 fd:01 15074815                   /usr/lib/jvm/java-16-oracle/lib/libjli.so
7fa46c047000-7fa46c049000 r--p 00000000 fd:01 8917240                    /usr/lib/x86_64-linux-gnu/libz.so.1.2.11
7fa46c049000-7fa46c05a000 r-xp 00002000 fd:01 8917240                    /usr/lib/x86_64-linux-gnu/libz.so.1.2.11
7fa46c05a000-7fa46c060000 r--p 00013000 fd:01 8917240                    /usr/lib/x86_64-linux-gnu/libz.so.1.2.11
7fa46c060000-7fa46c061000 ---p 00019000 fd:01 8917240                    /usr/lib/x86_64-linux-gnu/libz.so.1.2.11
7fa46c061000-7fa46c062000 r--p 00019000 fd:01 8917240                    /usr/lib/x86_64-linux-gnu/libz.so.1.2.11
7fa46c062000-7fa46c063000 rw-p 0001a000 fd:01 8917240                    /usr/lib/x86_64-linux-gnu/libz.so.1.2.11
7fa46c063000-7fa46c065000 rw-p 00000000 00:00 0 
7fa46c066000-7fa46c06d000 r--s 00000000 fd:01 9573802                    /usr/lib/x86_64-linux-gnu/gconv/gconv-modules.cache
7fa46c06d000-7fa46c075000 rw-s 00000000 fd:01 11547440                   /tmp/hsperfdata_janel/739701
7fa46c075000-7fa46c07f000 r-xp 00000000 fd:01 15074805                   /usr/lib/jvm/java-16-oracle/lib/libinstrument.so
7fa46c07f000-7fa46c080000 r--p 00009000 fd:01 15074805                   /usr/lib/jvm/java-16-oracle/lib/libinstrument.so
7fa46c080000-7fa46c081000 rw-p 0000a000 fd:01 15074805                   /usr/lib/jvm/java-16-oracle/lib/libinstrument.so
7fa46c081000-7fa46c082000 ---p 00000000 00:00 0 
7fa46c082000-7fa46c083000 r--p 00000000 00:00 0 
7fa46c083000-7fa46c084000 r--p 00000000 fd:01 8915051                    /usr/lib/x86_64-linux-gnu/ld-2.31.so
7fa46c084000-7fa46c0a7000 r-xp 00001000 fd:01 8915051                    /usr/lib/x86_64-linux-gnu/ld-2.31.so
7fa46c0a7000-7fa46c0af000 r--p 00024000 fd:01 8915051                    /usr/lib/x86_64-linux-gnu/ld-2.31.so
7fa46c0af000-7fa46c0b0000 ---p 00000000 00:00 0 
7fa46c0b0000-7fa46c0b1000 r--p 0002c000 fd:01 8915051                    /usr/lib/x86_64-linux-gnu/ld-2.31.so
7fa46c0b1000-7fa46c0b2000 rw-p 0002d000 fd:01 8915051                    /usr/lib/x86_64-linux-gnu/ld-2.31.so
7fa46c0b2000-7fa46c0b3000 rw-p 00000000 00:00 0 
7ffcd7cba000-7ffcd7cdf000 rw-p 00000000 00:00 0                          [stack]
7ffcd7d63000-7ffcd7d67000 r--p 00000000 00:00 0                          [vvar]
7ffcd7d67000-7ffcd7d69000 r-xp 00000000 00:00 0                          [vdso]
ffffffffff600000-ffffffffff601000 --xp 00000000 00:00 0                  [vsyscall]


VM Arguments:
jvm_args: -javaagent:/tmp/jacocoagent10250811838946638224.jar=destfile=/home/janel/Desktop/Studium/Semester_6/Bachelorarbeit/nochmalneu/junit/jacoco.exec,excludes=**/*Test*:**/Dummy* -Djava.awt.headless=true -ea 
java_command: org.apache.tools.ant.taskdefs.optional.junit.JUnitTestRunner org.sosy_lab.java_smt.test.SolverConcurrencyTest skipNonTests=false filtertrace=true haltOnError=false haltOnFailure=false formatter=org.apache.tools.ant.taskdefs.optional.junit.SummaryJUnitResultFormatter showoutput=false outputtoformatters=true logfailedtests=true threadid=0 logtestlistenerevents=false formatter=org.apache.tools.ant.taskdefs.optional.junit.XMLJUnitResultFormatter,/home/janel/Desktop/Studium/Semester_6/Bachelorarbeit/nochmalneu/junit/TEST-org.sosy_lab.java_smt.test.SolverConcurrencyTest.xml crashfile=/home/janel/Desktop/Studium/Semester_6/Bachelorarbeit/nochmalneu/junitvmwatcher4560712175186021326.properties propsfile=/home/janel/Desktop/Studium/Semester_6/Bachelorarbeit/nochmalneu/junit13614112869560928223.properties
java_class_path (initial): /home/janel/Desktop/Studium/Semester_6/Bachelorarbeit/nochmalneu/bin:/home/janel/Desktop/Studium/Semester_6/Bachelorarbeit/nochmalneu/lib/java/build/auto-value-annotations.jar:/home/janel/Desktop/Studium/Semester_6/Bachelorarbeit/nochmalneu/lib/java/build/error_prone_annotations.jar:/home/janel/Desktop/Studium/Semester_6/Bachelorarbeit/nochmalneu/lib/java/runtime-boolector/animal-sniffer-annotations.jar:/home/janel/Desktop/Studium/Semester_6/Bachelorarbeit/nochmalneu/lib/java/runtime-boolector/antlr4-runtime.jar:/home/janel/Desktop/Studium/Semester_6/Bachelorarbeit/nochmalneu/lib/java/runtime-boolector/checker-qual.jar:/home/janel/Desktop/Studium/Semester_6/Bachelorarbeit/nochmalneu/lib/java/runtime-boolector/common.jar:/home/janel/Desktop/Studium/Semester_6/Bachelorarbeit/nochmalneu/lib/java/runtime-boolector/error_prone_annotations.jar:/home/janel/Desktop/Studium/Semester_6/Bachelorarbeit/nochmalneu/lib/java/runtime-boolector/failureaccess.jar:/home/janel/Desktop/Studium/Semester_6/Bachelorarbeit/nochmalneu/lib/java/runtime-boolector/guava.jar:/home/janel/Desktop/Studium/Semester_6/Bachelorarbeit/nochmalneu/lib/java/runtime-boolector/j2objc-annotations.jar:/home/janel/Desktop/Studium/Semester_6/Bachelorarbeit/nochmalneu/lib/java/runtime-boolector/jsr305.jar:/home/janel/Desktop/Studium/Semester_6/Bachelorarbeit/nochmalneu/lib/java/runtime-boolector/listenablefuture.jar:/home/janel/Desktop/Studium/Semester_6/Bachelorarbeit/nochmalneu/lib/java/runtime-boolector/spotbugs-annotations.jar:/home/janel/Desktop/Studium/Semester_6/Bachelorarbeit/nochmalneu/lib/java/runtime-cvc4/CVC4.jar:/home/janel/Desktop/Studium/Semester_6/Bachelorarbeit/nochmalneu/lib/java/runtime-cvc4/animal-sniffer-annotations.jar:/home/janel/Desktop/Studium/Semester_6/Bachelorarbeit/nochmalneu/lib/java/runtime-cvc4/antlr4-runtime.jar:/home/janel/Desktop/Studium/Semester_6/Bachelorarbeit/nochmalneu/lib/java/runtime-cvc4/checker-qual.jar:/home/janel/Desktop/Studium/Semester_
Launcher Type: SUN_STANDARD

[Global flags]
     intx CICompilerCount                          = 3                                         {product} {ergonomic}
     uint ConcGCThreads                            = 1                                         {product} {ergonomic}
     uint G1ConcRefinementThreads                  = 4                                         {product} {ergonomic}
   size_t G1HeapRegionSize                         = 4194304                                   {product} {ergonomic}
    uintx GCDrainStackTargetSize                   = 64                                        {product} {ergonomic}
   size_t InitialHeapSize                          = 318767104                                 {product} {ergonomic}
   size_t MarkStackSize                            = 4194304                                   {product} {ergonomic}
   size_t MaxHeapSize                              = 5087690752                                {product} {ergonomic}
   size_t MaxNewSize                               = 3049259008                                {product} {ergonomic}
   size_t MinHeapDeltaBytes                        = 4194304                                   {product} {ergonomic}
   size_t MinHeapSize                              = 8388608                                   {product} {ergonomic}
    uintx NonNMethodCodeHeapSize                   = 5832780                                {pd product} {ergonomic}
    uintx NonProfiledCodeHeapSize                  = 122912730                              {pd product} {ergonomic}
    uintx ProfiledCodeHeapSize                     = 122912730                              {pd product} {ergonomic}
    uintx ReservedCodeCacheSize                    = 251658240                              {pd product} {ergonomic}
     bool SegmentedCodeCache                       = true                                      {product} {ergonomic}
   size_t SoftMaxHeapSize                          = 5087690752                             {manageable} {ergonomic}
     bool UseCompressedClassPointers               = true                           {product lp64_product} {ergonomic}
     bool UseCompressedOops                        = true                           {product lp64_product} {ergonomic}
     bool UseG1GC                                  = true                                      {product} {ergonomic}

Logging:
Log output configuration:
 #0: stdout all=warning uptime,level,tags
 #1: stderr all=off uptime,level,tags

Environment Variables:
JAVA_HOME=/usr/lib/jvm/java-16-oracle
PATH=/home/janel/.opam/default/bin:/home/janel/.local/bin:/home/janel/bin:/usr/local/sbin:/usr/local/bin:/usr/sbin:/usr/bin:/sbin:/bin:/usr/games:/usr/local/games:/snap/bin:/usr/lib/jvm/java-16-oracle/bin:/usr/lib/jvm/java-16-oracle/db/bin:/home/janel/bin
USERNAME=janel
SHELL=/usr/bin/fish
DISPLAY=:0
LANG=de_DE.UTF-8

Signal Handlers:
SIGSEGV: [libjvm.so+0xdfef20], sa_mask[0]=11100100010111111101111111111110, sa_flags=SA_RESTART|SA_SIGINFO
SIGBUS: [libjvm.so+0xdfef20], sa_mask[0]=11100100010111111101111111111110, sa_flags=SA_RESTART|SA_SIGINFO
SIGFPE: [libjvm.so+0xdfef20], sa_mask[0]=11100100010111111101111111111110, sa_flags=SA_RESTART|SA_SIGINFO
SIGPIPE: [libjvm.so+0xca8980], sa_mask[0]=11100100010111111101111111111110, sa_flags=SA_RESTART|SA_SIGINFO
SIGXFSZ: [libjvm.so+0xca8980], sa_mask[0]=11100100010111111101111111111110, sa_flags=SA_RESTART|SA_SIGINFO
SIGILL: [libjvm.so+0xdfef20], sa_mask[0]=11100100010111111101111111111110, sa_flags=SA_RESTART|SA_SIGINFO
SIGUSR2: [libjvm.so+0xca8070], sa_mask[0]=00100000000000000000000000000000, sa_flags=SA_RESTART|SA_SIGINFO
SIGHUP: [libjvm.so+0xca7fa0], sa_mask[0]=11100100010111111101111111111110, sa_flags=SA_RESTART|SA_SIGINFO
SIGINT: [libz3.so+0x154fc10], sa_mask[0]=01000000000000000000000000000000, sa_flags=SA_RESTART
SIGTERM: [libjvm.so+0xca7fa0], sa_mask[0]=11100100010111111101111111111110, sa_flags=SA_RESTART|SA_SIGINFO
SIGQUIT: [libjvm.so+0xca7fa0], sa_mask[0]=11100100010111111101111111111110, sa_flags=SA_RESTART|SA_SIGINFO
SIGTRAP: [libjvm.so+0xdfef20], sa_mask[0]=11100100010111111101111111111110, sa_flags=SA_RESTART|SA_SIGINFO


---------------  S Y S T E M  ---------------

OS:
DISTRIB_ID=Ubuntu
DISTRIB_RELEASE=20.04
DISTRIB_CODENAME=focal
DISTRIB_DESCRIPTION="Ubuntu 20.04.5 LTS"
uname: Linux 5.15.0-87-generic #97~20.04.1-Ubuntu SMP Thu Oct 5 08:25:28 UTC 2023 x86_64
OS uptime: 18 days 21:21 hours
libc: glibc 2.31 NPTL 2.31 
rlimit (soft/hard): STACK 8192k/infinity , CORE 0k/infinity , NPROC 77088/77088 , NOFILE 1048576/1048576 , AS infinity/infinity , CPU infinity/infinity , DATA infinity/infinity , FSIZE infinity/infinity , MEMLOCK 65536k/65536k
load average: 2,05 1,81 1,65

/proc/meminfo:
MemTotal:       19869448 kB
MemFree:         1023920 kB
MemAvailable:    8352812 kB
Buffers:         1223656 kB
Cached:          5556192 kB
SwapCached:        71580 kB
Active:          6228100 kB
Inactive:        9696304 kB
Active(anon):    1905772 kB
Inactive(anon):  8594576 kB
Active(file):    4322328 kB
Inactive(file):  1101728 kB
Unevictable:      134788 kB
Mlocked:             484 kB
SwapTotal:       1003516 kB
SwapFree:         419156 kB
Dirty:                92 kB
Writeback:             8 kB
AnonPages:       9207860 kB
Mapped:           999980 kB
Shmem:           1355792 kB
KReclaimable:    2267772 kB
Slab:            2561392 kB
SReclaimable:    2267772 kB
SUnreclaim:       293620 kB
KernelStack:       23088 kB
PageTables:        69756 kB
NFS_Unstable:          0 kB
Bounce:                0 kB
WritebackTmp:          0 kB
CommitLimit:    10938240 kB
Committed_AS:   17912408 kB
VmallocTotal:   34359738367 kB
VmallocUsed:       67688 kB
VmallocChunk:          0 kB
Percpu:             6240 kB
HardwareCorrupted:     0 kB
AnonHugePages:         0 kB
ShmemHugePages:        0 kB
ShmemPmdMapped:        0 kB
FileHugePages:         0 kB
FilePmdMapped:         0 kB
HugePages_Total:       0
HugePages_Free:        0
HugePages_Rsvd:        0
HugePages_Surp:        0
Hugepagesize:       2048 kB
Hugetlb:               0 kB
DirectMap4k:     1204300 kB
DirectMap2M:    19152896 kB
DirectMap1G:           0 kB

/sys/kernel/mm/transparent_hugepage/enabled: always [madvise] never
/sys/kernel/mm/transparent_hugepage/defrag (defrag/compaction efforts parameter): always defer defer+madvise [madvise] never

Process Memory:
Virtual Size: 9037468K (peak: 9078204K)
Resident Set Size: 974408K (peak: 974408K) (anon: 898824K, file: 75584K, shmem: 0K)
Swapped out: 0K
C-Heap outstanding allocations: 376148K

/proc/sys/kernel/threads-max (system-wide limit on the number of threads): 154176
/proc/sys/vm/max_map_count (maximum number of memory map areas a process may have): 65530
/proc/sys/kernel/pid_max (system-wide limit on number of process identifiers): 4194304

container (cgroup) information:
container_type: cgroupv1
cpu_cpuset_cpus: 0-3
cpu_memory_nodes: 0
active_processor_count: 4
cpu_quota: no quota
cpu_period: 100000
cpu_shares: no shares
memory_limit_in_bytes: unlimited
memory_and_swap_limit_in_bytes: unlimited
memory_soft_limit_in_bytes: unlimited
memory_usage_in_bytes: 6657462272
memory_max_usage_in_bytes: 13135265792

Steal ticks since vm start: 0
Steal ticks percentage since vm start:  0,000

CPU: total 4 (initial active 4) (2 cores per cpu, 2 threads per core) family 6 model 78 stepping 3 microcode 0xf0, cx8, cmov, fxsr, ht, mmx, 3dnowpref, sse, sse2, sse3, ssse3, sse4.1, sse4.2, popcnt, lzcnt, tsc, tscinvbit, avx, avx2, aes, erms, clmul, bmi1, bmi2, adx, fma, vzeroupper, clflush, clflushopt
CPU Model and flags from /proc/cpuinfo:
model name	: Intel(R) Core(TM) i7-6600U CPU @ 2.60GHz
flags		: fpu vme de pse tsc msr pae mce cx8 apic sep mtrr pge mca cmov pat pse36 clflush dts acpi mmx fxsr sse sse2 ss ht tm pbe syscall nx pdpe1gb rdtscp lm constant_tsc art arch_perfmon pebs bts rep_good nopl xtopology nonstop_tsc cpuid aperfmperf pni pclmulqdq dtes64 monitor ds_cpl vmx smx est tm2 ssse3 sdbg fma cx16 xtpr pdcm pcid sse4_1 sse4_2 x2apic movbe popcnt tsc_deadline_timer aes xsave avx f16c rdrand lahf_lm abm 3dnowprefetch cpuid_fault epb invpcid_single pti ssbd ibrs ibpb stibp tpr_shadow vnmi flexpriority ept vpid ept_ad fsgsbase tsc_adjust bmi1 avx2 smep bmi2 erms invpcid mpx rdseed adx smap clflushopt intel_pt xsaveopt xsavec xgetbv1 xsaves dtherm ida arat pln pts hwp hwp_notify hwp_act_window hwp_epp md_clear flush_l1d arch_capabilities

Online cpus: 0-3
Offline cpus: 
BIOS frequency limitation: <Not Available>
Frequency switch latency (ns): 0
Available cpu frequencies: <Not Available>
Current governor: powersave
Core performance/turbo boost: <Not Available>

Memory: 4k page, physical 19869448k(1023920k free), swap 1003516k(419156k free)

vm_info: Java HotSpot(TM) 64-Bit Server VM (16.0.1+9-24) for linux-amd64 JRE (16.0.1+9-24), built on Mar 26 2021 18:11:45 by "mach5one" with gcc 10.2.0

END.
