#
# A fatal error has been detected by the Java Runtime Environment:
#
#  SIGSEGV (0xb) at pc=0x00007fbf782fcb8b, pid=94309, tid=94310
#
# JRE version: OpenJDK Runtime Environment Corretto-11.0.15.9.1 (11.0.15+9) (build 11.0.15+9-LTS)
# Java VM: OpenJDK 64-Bit Server VM Corretto-11.0.15.9.1 (11.0.15+9-LTS, mixed mode, tiered, compressed oops, g1 gc, linux-amd64)
# Problematic frame:
# C  [libmathsat5j.so+0x260b8b]  msat::Term_::to_str[abi:cxx11]() const+0x2b
#
# Core dump will be written. Default location: Core dumps may be processed with "/usr/share/apport/apport -p%p -s%s -c%c -d%d -P%P -u%u -g%g -- %E" (or dumping to /home/janel/Desktop/Studium/Semester_6/Bachelorarbeit/nochmalneu/core.94309)
#
# If you would like to submit a bug report, please visit:
#   https://github.com/corretto/corretto-11/issues/
# The crash happened outside the Java Virtual Machine in native code.
# See problematic frame for where to report the bug.
#

---------------  S U M M A R Y ------------

Command Line: -agentlib:jdwp=transport=dt_socket,address=127.0.0.1:60881,suspend=y,server=n -ea -Didea.test.cyclic.buffer.size=1048576 -javaagent:/snap/intellij-idea-community/464/plugins/java/lib/rt/debugger-agent.jar -Dfile.encoding=UTF-8 com.intellij.rt.junit.JUnitStarter -ideVersion5 -junit4 org.sosy_lab.java_smt.test.BooleanGeneratorTest

Host: Intel(R) Core(TM) i7-6600U CPU @ 2.60GHz, 4 cores, 18G, Ubuntu 20.04.5 LTS
Time: Wed Nov  1 16:33:24 2023 CET elapsed time: 9.421636 seconds (0d 0h 0m 9s)

---------------  T H R E A D  ---------------

Current thread (0x00007fbfa802b800):  JavaThread "main" [_thread_in_native, id=94310, stack(0x00007fbfadfb5000,0x00007fbfae0b6000)]

Stack: [0x00007fbfadfb5000,0x00007fbfae0b6000],  sp=0x00007fbfae0b2a90,  free space=1014k
Native frames: (J=compiled Java code, A=aot compiled Java code, j=interpreted, Vv=VM code, C=native code)
C  [libmathsat5j.so+0x260b8b]  msat::Term_::to_str[abi:cxx11]() const+0x2b
C  0x0000000000000004

Java frames: (J=compiled Java code, j=interpreted, Vv=VM code)
j  org.sosy_lab.java_smt.solvers.mathsat5.Mathsat5NativeApi.msat_term_repr(J)Ljava/lang/String;+0
j  org.sosy_lab.java_smt.solvers.mathsat5.Mathsat5Formula.toString()Ljava/lang/String;+4
j  java.lang.String.valueOf(Ljava/lang/Object;)Ljava/lang/String;+10 java.base@11.0.15
j  java.lang.invoke.DirectMethodHandle$Holder.invokeStatic(Ljava/lang/Object;Ljava/lang/Object;)Ljava/lang/Object;+10 java.base@11.0.15
j  java.lang.invoke.LambdaForm$MH.invoke(Ljava/lang/Object;Ljava/lang/Object;)Ljava/lang/Object;+15 java.base@11.0.15
j  java.lang.invoke.LambdaForm$MH.invoke(Ljava/lang/Object;Ljava/lang/Object;)Ljava/lang/Object;+15 java.base@11.0.15
j  java.lang.invoke.Invokers$Holder.linkToTargetMethod(Ljava/lang/Object;Ljava/lang/Object;)Ljava/lang/Object;+5 java.base@11.0.15
j  org.sosy_lab.java_smt.utils.Generators.Generator.logAddConstraint(Lorg/sosy_lab/java_smt/api/BooleanFormula;)V+81
j  org.sosy_lab.java_smt.test.BooleanGeneratorTest.testMakeVariable()V+47
v  ~StubRoutines::call_stub
j  jdk.internal.reflect.NativeMethodAccessorImpl.invoke0(Ljava/lang/reflect/Method;Ljava/lang/Object;[Ljava/lang/Object;)Ljava/lang/Object;+0 java.base@11.0.15
j  jdk.internal.reflect.NativeMethodAccessorImpl.invoke(Ljava/lang/Object;[Ljava/lang/Object;)Ljava/lang/Object;+100 java.base@11.0.15
j  jdk.internal.reflect.DelegatingMethodAccessorImpl.invoke(Ljava/lang/Object;[Ljava/lang/Object;)Ljava/lang/Object;+6 java.base@11.0.15
j  java.lang.reflect.Method.invoke(Ljava/lang/Object;[Ljava/lang/Object;)Ljava/lang/Object;+59 java.base@11.0.15
j  org.junit.runners.model.FrameworkMethod$1.runReflectiveCall()Ljava/lang/Object;+15
j  org.junit.internal.runners.model.ReflectiveCallable.run()Ljava/lang/Object;+1
j  org.junit.runners.model.FrameworkMethod.invokeExplosively(Ljava/lang/Object;[Ljava/lang/Object;)Ljava/lang/Object;+10
j  org.junit.internal.runners.statements.InvokeMethod.evaluate()V+12
j  org.junit.internal.runners.statements.RunBefores.evaluate()V+41
j  org.junit.internal.runners.statements.RunAfters.evaluate()V+12
j  org.junit.runners.ParentRunner$3.evaluate()V+4
j  org.junit.runners.BlockJUnit4ClassRunner$1.evaluate()V+11
j  org.junit.runners.ParentRunner.runLeaf(Lorg/junit/runners/model/Statement;Lorg/junit/runner/Description;Lorg/junit/runner/notification/RunNotifier;)V+17
j  org.junit.runners.BlockJUnit4ClassRunner.runChild(Lorg/junit/runners/model/FrameworkMethod;Lorg/junit/runner/notification/RunNotifier;)V+38
j  org.junit.runners.BlockJUnit4ClassRunner.runChild(Ljava/lang/Object;Lorg/junit/runner/notification/RunNotifier;)V+6
j  org.junit.runners.ParentRunner$4.run()V+12
j  org.junit.runners.ParentRunner$1.schedule(Ljava/lang/Runnable;)V+1
j  org.junit.runners.ParentRunner.runChildren(Lorg/junit/runner/notification/RunNotifier;)V+44
j  org.junit.runners.ParentRunner.access$100(Lorg/junit/runners/ParentRunner;Lorg/junit/runner/notification/RunNotifier;)V+2
j  org.junit.runners.ParentRunner$2.evaluate()V+8
j  org.junit.runners.ParentRunner.run(Lorg/junit/runner/notification/RunNotifier;)V+24
j  org.junit.runners.Suite.runChild(Lorg/junit/runner/Runner;Lorg/junit/runner/notification/RunNotifier;)V+2
j  org.junit.runners.Suite.runChild(Ljava/lang/Object;Lorg/junit/runner/notification/RunNotifier;)V+6
j  org.junit.runners.ParentRunner$4.run()V+12
j  org.junit.runners.ParentRunner$1.schedule(Ljava/lang/Runnable;)V+1
j  org.junit.runners.ParentRunner.runChildren(Lorg/junit/runner/notification/RunNotifier;)V+44
j  org.junit.runners.ParentRunner.access$100(Lorg/junit/runners/ParentRunner;Lorg/junit/runner/notification/RunNotifier;)V+2
j  org.junit.runners.ParentRunner$2.evaluate()V+8
j  org.junit.runners.ParentRunner$3.evaluate()V+4
j  org.junit.runners.ParentRunner.run(Lorg/junit/runner/notification/RunNotifier;)V+24
j  org.junit.runner.JUnitCore.run(Lorg/junit/runner/Runner;)Lorg/junit/runner/Result;+37
j  com.intellij.junit4.JUnit4IdeaTestRunner.startRunnerWithArgs([Ljava/lang/String;Ljava/lang/String;IZ)I+166
j  com.intellij.rt.junit.IdeaTestRunner$Repeater$1.execute(Z)I+17
j  com.intellij.rt.execution.junit.TestsRepeater.repeat(IZLcom/intellij/rt/execution/junit/TestsRepeater$TestRun;)I+7
j  com.intellij.rt.junit.IdeaTestRunner$Repeater.startRunnerWithArgs(Lcom/intellij/rt/junit/IdeaTestRunner;[Ljava/lang/String;Ljava/util/ArrayList;Ljava/lang/String;IZ)I+25
j  com.intellij.rt.junit.JUnitStarter.prepareStreamsAndStart([Ljava/lang/String;Ljava/lang/String;Ljava/util/ArrayList;Ljava/lang/String;)I+117
j  com.intellij.rt.junit.JUnitStarter.main([Ljava/lang/String;)V+97
v  ~StubRoutines::call_stub

siginfo: si_signo: 11 (SIGSEGV), si_code: 1 (SEGV_MAPERR), si_addr: 0x0000000000000010

Register to memory mapping:

RAX=0x0 is NULL
RBX=0x00007fbfae0b2d10 is pointing into the stack for thread: 0x00007fbfa802b800
RCX=0x0000000000000020 is an unknown value
RDX=0x00007fbf78ba3b80: _ZTVNSt7__cxx1119basic_ostringstreamIcSt11char_traitsIcESaIcEEE+0x0000000000000018 in /home/janel/Desktop/Studium/Semester_6/Bachelorarbeit/nochmalneu/lib/java/runtime-mathsat/libmathsat5j.so at 0x00007fbf7809c000
RSP=0x00007fbfae0b2a90 is pointing into the stack for thread: 0x00007fbfa802b800
RBP=0x00007fbfae0b2cf0 is pointing into the stack for thread: 0x00007fbfa802b800
RSI=0x00007fbfa87f15d8 points into unknown readable memory: 0x00007fbfa87f15e8 | e8 15 7f a8 bf 7f 00 00
RDI=0x00007fbfae0b2cf0 is pointing into the stack for thread: 0x00007fbfa802b800
R8 =0x00007fbf78bc0760: <offset 0x0000000000b24760> in /home/janel/Desktop/Studium/Semester_6/Bachelorarbeit/nochmalneu/lib/java/runtime-mathsat/libmathsat5j.so at 0x00007fbf7809c000
R9 =0x00007fbf78ba3208: _ZTINSt6locale5facetE+0x0000000000000000 in /home/janel/Desktop/Studium/Semester_6/Bachelorarbeit/nochmalneu/lib/java/runtime-mathsat/libmathsat5j.so at 0x00007fbf7809c000
R10=0x00007fbf908334b4 is at code_begin+1652 in an Interpreter codelet
method entry point (kind = native)  [0x00007fbf90832e40, 0x00007fbf90833e40]  4096 bytes
R11=0x00007fbf78bc07c0: <offset 0x0000000000b247c0> in /home/janel/Desktop/Studium/Semester_6/Bachelorarbeit/nochmalneu/lib/java/runtime-mathsat/libmathsat5j.so at 0x00007fbf7809c000
R12=0x00007fbfa87f15b8 points into unknown readable memory: 0x00007fbfa87f1558 | 58 15 7f a8 bf 7f 00 00
R13=0x0 is NULL
R14=0x00007fbfae0b2d10 is pointing into the stack for thread: 0x00007fbfa802b800
R15=0x00007fbfae0b2cf0 is pointing into the stack for thread: 0x00007fbfa802b800


Registers:
RAX=0x0000000000000000, RBX=0x00007fbfae0b2d10, RCX=0x0000000000000020, RDX=0x00007fbf78ba3b80
RSP=0x00007fbfae0b2a90, RBP=0x00007fbfae0b2cf0, RSI=0x00007fbfa87f15d8, RDI=0x00007fbfae0b2cf0
R8 =0x00007fbf78bc0760, R9 =0x00007fbf78ba3208, R10=0x00007fbf908334b4, R11=0x00007fbf78bc07c0
R12=0x00007fbfa87f15b8, R13=0x0000000000000000, R14=0x00007fbfae0b2d10, R15=0x00007fbfae0b2cf0
RIP=0x00007fbf782fcb8b, EFLAGS=0x0000000000010246, CSGSFS=0x002b000000000033, ERR=0x0000000000000004
  TRAPNO=0x000000000000000e

Top of Stack: (sp=0x00007fbfae0b2a90)
0x00007fbfae0b2a90:   0000000000000000 00007fbfa802b800
0x00007fbfae0b2aa0:   00007fbfaf739fc0 0000000000000002
0x00007fbfae0b2ab0:   0000000000000000 00007fbfa802b800
0x00007fbfae0b2ac0:   0000000000000032 0000000000000002 

Instructions: (pc=0x00007fbf782fcb8b)
0x00007fbf782fca8b:   6c 24 10 48 83 c4 18 5b 5d 41 5c 41 5d 41 5e 41
0x00007fbf782fca9b:   5f c3 0f 1f 00 49 c7 c5 f8 ff ff ff e9 97 fe ff
0x00007fbf782fcaab:   ff 0f 1f 40 00 48 89 d9 e9 e9 fe ff ff 0f 1f 84
0x00007fbf782fcabb:   00 00 00 00 00 4d 89 e9 48 89 de e9 99 fc ff ff
0x00007fbf782fcacb:   0f 1f 44 00 00 48 89 ef e9 68 fd ff ff 0f 1f 84
0x00007fbf782fcadb:   00 00 00 00 00 49 89 e8 e9 a2 fb ff ff 0f 1f 84
0x00007fbf782fcaeb:   00 00 00 00 00 4c 89 ef e9 e4 fc ff ff 0f 1f 84
0x00007fbf782fcafb:   00 00 00 00 00 48 89 d9 e9 ec fe ff ff 0f 1f 84
0x00007fbf782fcb0b:   00 00 00 00 00 4c 89 e9 48 89 d8 e9 8c fc ff ff
0x00007fbf782fcb1b:   0f 1f 44 00 00 4d 89 d1 45 31 ed 45 31 c0 e9 44
0x00007fbf782fcb2b:   fe ff ff 48 8d 3d 1c 99 52 00 e8 96 7b f9 ff 66
0x00007fbf782fcb3b:   0f 1f 44 00 00 48 89 37 48 89 57 08 c3 0f 1f 84
0x00007fbf782fcb4b:   00 00 00 00 00 48 89 54 f7 10 c3 66 2e 0f 1f 84
0x00007fbf782fcb5b:   00 00 00 00 00 41 57 41 56 41 55 41 54 55 53 48
0x00007fbf782fcb6b:   89 fd 48 81 ec e8 01 00 00 64 48 8b 04 25 28 00
0x00007fbf782fcb7b:   00 00 48 89 84 24 d8 01 00 00 31 c0 48 8b 46 08
0x00007fbf782fcb8b:   48 83 78 10 00 0f 84 1a 03 00 00 48 8d 5c 24 60
0x00007fbf782fcb9b:   49 89 f4 48 8d 7b 70 e8 a9 7b f9 ff 48 8b 05 ea
0x00007fbf782fcbab:   d2 8a 00 c6 84 24 b0 01 00 00 00 31 f6 48 c7 84
0x00007fbf782fcbbb:   24 a8 01 00 00 00 00 00 00 c6 84 24 b1 01 00 00
0x00007fbf782fcbcb:   00 48 c7 84 24 b8 01 00 00 00 00 00 00 48 c7 84
0x00007fbf782fcbdb:   24 c0 01 00 00 00 00 00 00 48 83 c0 10 48 c7 84
0x00007fbf782fcbeb:   24 c8 01 00 00 00 00 00 00 48 c7 84 24 d0 01 00
0x00007fbf782fcbfb:   00 00 00 00 00 48 89 84 24 d0 00 00 00 48 8b 05
0x00007fbf782fcc0b:   21 cf 8a 00 4c 8b 68 08 4c 8b 70 10 49 8b 7d e8
0x00007fbf782fcc1b:   4c 89 6c 24 60 48 01 df 4c 89 37 e8 15 2f fa ff
0x00007fbf782fcc2b:   48 8b 05 66 d5 8a 00 66 0f ef c0 48 8d 7b 40 48
0x00007fbf782fcc3b:   83 c0 18 48 89 44 24 60 48 8b 05 4e d5 8a 00 0f
0x00007fbf782fcc4b:   29 44 24 70 48 83 c0 40 0f 29 84 24 80 00 00 00
0x00007fbf782fcc5b:   48 89 84 24 d0 00 00 00 48 8b 05 7e df 8a 00 0f
0x00007fbf782fcc6b:   29 84 24 90 00 00 00 48 83 c0 10 48 89 44 24 68
0x00007fbf782fcc7b:   e8 30 96 f9 ff 48 8b 05 81 cc 8a 00 48 8d 73 08 


Stack slot to memory mapping:
stack at sp + 0 slots: 0x0 is NULL
stack at sp + 1 slots: 0x00007fbfa802b800 is a thread
stack at sp + 2 slots: 0x00007fbfaf739fc0: <offset 0x0000000001534fc0> in /home/janel/.jdks/corretto-11.0.15/lib/server/libjvm.so at 0x00007fbfae205000
stack at sp + 3 slots: 0x0000000000000002 is an unknown value
stack at sp + 4 slots: 0x0 is NULL
stack at sp + 5 slots: 0x00007fbfa802b800 is a thread
stack at sp + 6 slots: 0x0000000000000032 is an unknown value
stack at sp + 7 slots: 0x0000000000000002 is an unknown value


---------------  P R O C E S S  ---------------

Threads class SMR info:
_java_thread_list=0x00007fbf30045e70, length=12, elements={
0x00007fbfa802b800, 0x00007fbfa82b3000, 0x00007fbfa82b7800, 0x00007fbfa82cb000,
0x00007fbfa82cd000, 0x00007fbfa82cf800, 0x00007fbfa82d1800, 0x00007fbfa82d3800,
0x00007fbfa8387800, 0x00007fbfa83f6000, 0x00007fbfa83fa000, 0x00007fbf40001800
}

Java Threads: ( => current thread )
=>0x00007fbfa802b800 JavaThread "main" [_thread_in_native, id=94310, stack(0x00007fbfadfb5000,0x00007fbfae0b6000)]
  0x00007fbfa82b3000 JavaThread "Reference Handler" daemon [_thread_blocked, id=94330, stack(0x00007fbf90295000,0x00007fbf90396000)]
  0x00007fbfa82b7800 JavaThread "Finalizer" daemon [_thread_blocked, id=94331, stack(0x00007fbf90194000,0x00007fbf90295000)]
  0x00007fbfa82cb000 JavaThread "Signal Dispatcher" daemon [_thread_blocked, id=94332, stack(0x00007fbf90093000,0x00007fbf90194000)]
  0x00007fbfa82cd000 JavaThread "Service Thread" daemon [_thread_blocked, id=94333, stack(0x00007fbf802f1000,0x00007fbf803f2000)]
  0x00007fbfa82cf800 JavaThread "C2 CompilerThread0" daemon [_thread_blocked, id=94334, stack(0x00007fbf801f0000,0x00007fbf802f1000)]
  0x00007fbfa82d1800 JavaThread "C1 CompilerThread0" daemon [_thread_blocked, id=94335, stack(0x00007fbf800ef000,0x00007fbf801f0000)]
  0x00007fbfa82d3800 JavaThread "Sweeper thread" daemon [_thread_blocked, id=94336, stack(0x00007fbf79eff000,0x00007fbf7a000000)]
  0x00007fbfa8387800 JavaThread "Common-Cleaner" daemon [_thread_blocked, id=94339, stack(0x00007fbf79dfe000,0x00007fbf79eff000)]
  0x00007fbfa83f6000 JavaThread "JDWP Transport Listener: dt_socket" daemon [_thread_blocked, id=94340, stack(0x00007fbf79af7000,0x00007fbf79bf8000)]
  0x00007fbfa83fa000 JavaThread "JDWP Event Helper Thread" daemon [_thread_blocked, id=94342, stack(0x00007fbf799f6000,0x00007fbf79af7000)]
  0x00007fbf40001800 JavaThread "JDWP Command Reader" daemon [_thread_in_native, id=94344, stack(0x00007fbf798f5000,0x00007fbf799f6000)]

Other Threads:
  0x00007fbfa82ab000 VMThread "VM Thread" [stack: 0x00007fbf90398000,0x00007fbf90498000] [id=94329]
  0x00007fbfa8440000 WatcherThread [stack: 0x00007fbf797f5000,0x00007fbf798f5000] [id=94346]
  0x00007fbfa8044800 GCTaskThread "GC Thread#0" [stack: 0x00007fbfaca3c000,0x00007fbfacb3c000] [id=94316]
  0x00007fbf6c001000 GCTaskThread "GC Thread#1" [stack: 0x00007fbf78fc9000,0x00007fbf790c9000] [id=94348]
  0x00007fbf6c002800 GCTaskThread "GC Thread#2" [stack: 0x00007fbf78ec7000,0x00007fbf78fc7000] [id=94349]
  0x00007fbf6c004000 GCTaskThread "GC Thread#3" [stack: 0x00007fbf78dc5000,0x00007fbf78ec5000] [id=94350]
  0x00007fbfa80b5800 ConcurrentGCThread "G1 Main Marker" [stack: 0x00007fbfac494000,0x00007fbfac594000] [id=94317]
  0x00007fbfa80b7800 ConcurrentGCThread "G1 Conc#0" [stack: 0x00007fbfac392000,0x00007fbfac492000] [id=94318]
  0x00007fbfa81de800 ConcurrentGCThread "G1 Refine#0" [stack: 0x00007fbf9061d000,0x00007fbf9071d000] [id=94320]
  0x00007fbfa81e0800 ConcurrentGCThread "G1 Young RemSet Sampling" [stack: 0x00007fbf9051b000,0x00007fbf9061b000] [id=94321]

Threads with active compile tasks:

VM state:not at safepoint (normal execution)

VM Mutex/Monitor currently owned by a thread: None

Heap address: 0x00000006d0c00000, size: 4852 MB, Compressed Oops mode: Zero based, Oop shift amount: 3
Narrow klass base: 0x0000000800000000, Narrow klass shift: 0
Compressed class space size: 1073741824 Address: 0x0000000800000000

Heap:
 garbage-first heap   total 311296K, used 17052K [0x00000006d0c00000, 0x0000000800000000)
  region size 1024K, 17 young (17408K), 2 survivors (2048K)
 Metaspace       used 13964K, capacity 14313K, committed 14336K, reserved 1062912K
  class space    used 1405K, capacity 1528K, committed 1536K, reserved 1048576K
Heap Regions: E=young(eden), S=young(survivor), O=old, HS=humongous(starts), HC=humongous(continues), CS=collection set, F=free, A=archive, TAMS=top-at-mark-start (previous, next)
|   0|0x00000006d0c00000, 0x00000006d0ca7200, 0x00000006d0d00000| 65%| O|  |TAMS 0x00000006d0c00000, 0x00000006d0c00000| Untracked 
|   1|0x00000006d0d00000, 0x00000006d0d00000, 0x00000006d0e00000|  0%| F|  |TAMS 0x00000006d0d00000, 0x00000006d0d00000| Untracked 
|   2|0x00000006d0e00000, 0x00000006d0e00000, 0x00000006d0f00000|  0%| F|  |TAMS 0x00000006d0e00000, 0x00000006d0e00000| Untracked 
|   3|0x00000006d0f00000, 0x00000006d0f00000, 0x00000006d1000000|  0%| F|  |TAMS 0x00000006d0f00000, 0x00000006d0f00000| Untracked 
|   4|0x00000006d1000000, 0x00000006d1000000, 0x00000006d1100000|  0%| F|  |TAMS 0x00000006d1000000, 0x00000006d1000000| Untracked 
|   5|0x00000006d1100000, 0x00000006d1100000, 0x00000006d1200000|  0%| F|  |TAMS 0x00000006d1100000, 0x00000006d1100000| Untracked 
|   6|0x00000006d1200000, 0x00000006d1200000, 0x00000006d1300000|  0%| F|  |TAMS 0x00000006d1200000, 0x00000006d1200000| Untracked 
|   7|0x00000006d1300000, 0x00000006d1300000, 0x00000006d1400000|  0%| F|  |TAMS 0x00000006d1300000, 0x00000006d1300000| Untracked 
|   8|0x00000006d1400000, 0x00000006d1400000, 0x00000006d1500000|  0%| F|  |TAMS 0x00000006d1400000, 0x00000006d1400000| Untracked 
|   9|0x00000006d1500000, 0x00000006d1500000, 0x00000006d1600000|  0%| F|  |TAMS 0x00000006d1500000, 0x00000006d1500000| Untracked 
|  10|0x00000006d1600000, 0x00000006d1600000, 0x00000006d1700000|  0%| F|  |TAMS 0x00000006d1600000, 0x00000006d1600000| Untracked 
|  11|0x00000006d1700000, 0x00000006d1700000, 0x00000006d1800000|  0%| F|  |TAMS 0x00000006d1700000, 0x00000006d1700000| Untracked 
|  12|0x00000006d1800000, 0x00000006d1800000, 0x00000006d1900000|  0%| F|  |TAMS 0x00000006d1800000, 0x00000006d1800000| Untracked 
|  13|0x00000006d1900000, 0x00000006d1900000, 0x00000006d1a00000|  0%| F|  |TAMS 0x00000006d1900000, 0x00000006d1900000| Untracked 
|  14|0x00000006d1a00000, 0x00000006d1a00000, 0x00000006d1b00000|  0%| F|  |TAMS 0x00000006d1a00000, 0x00000006d1a00000| Untracked 
|  15|0x00000006d1b00000, 0x00000006d1b00000, 0x00000006d1c00000|  0%| F|  |TAMS 0x00000006d1b00000, 0x00000006d1b00000| Untracked 
|  16|0x00000006d1c00000, 0x00000006d1c00000, 0x00000006d1d00000|  0%| F|  |TAMS 0x00000006d1c00000, 0x00000006d1c00000| Untracked 
|  17|0x00000006d1d00000, 0x00000006d1d00000, 0x00000006d1e00000|  0%| F|  |TAMS 0x00000006d1d00000, 0x00000006d1d00000| Untracked 
|  18|0x00000006d1e00000, 0x00000006d1e00000, 0x00000006d1f00000|  0%| F|  |TAMS 0x00000006d1e00000, 0x00000006d1e00000| Untracked 
|  19|0x00000006d1f00000, 0x00000006d1f00000, 0x00000006d2000000|  0%| F|  |TAMS 0x00000006d1f00000, 0x00000006d1f00000| Untracked 
|  20|0x00000006d2000000, 0x00000006d2000000, 0x00000006d2100000|  0%| F|  |TAMS 0x00000006d2000000, 0x00000006d2000000| Untracked 
|  21|0x00000006d2100000, 0x00000006d2100000, 0x00000006d2200000|  0%| F|  |TAMS 0x00000006d2100000, 0x00000006d2100000| Untracked 
|  22|0x00000006d2200000, 0x00000006d2200000, 0x00000006d2300000|  0%| F|  |TAMS 0x00000006d2200000, 0x00000006d2200000| Untracked 
|  23|0x00000006d2300000, 0x00000006d2300000, 0x00000006d2400000|  0%| F|  |TAMS 0x00000006d2300000, 0x00000006d2300000| Untracked 
|  24|0x00000006d2400000, 0x00000006d2400000, 0x00000006d2500000|  0%| F|  |TAMS 0x00000006d2400000, 0x00000006d2400000| Untracked 
|  25|0x00000006d2500000, 0x00000006d2500000, 0x00000006d2600000|  0%| F|  |TAMS 0x00000006d2500000, 0x00000006d2500000| Untracked 
|  26|0x00000006d2600000, 0x00000006d2600000, 0x00000006d2700000|  0%| F|  |TAMS 0x00000006d2600000, 0x00000006d2600000| Untracked 
|  27|0x00000006d2700000, 0x00000006d2700000, 0x00000006d2800000|  0%| F|  |TAMS 0x00000006d2700000, 0x00000006d2700000| Untracked 
|  28|0x00000006d2800000, 0x00000006d2800000, 0x00000006d2900000|  0%| F|  |TAMS 0x00000006d2800000, 0x00000006d2800000| Untracked 
|  29|0x00000006d2900000, 0x00000006d2900000, 0x00000006d2a00000|  0%| F|  |TAMS 0x00000006d2900000, 0x00000006d2900000| Untracked 
|  30|0x00000006d2a00000, 0x00000006d2a00000, 0x00000006d2b00000|  0%| F|  |TAMS 0x00000006d2a00000, 0x00000006d2a00000| Untracked 
|  31|0x00000006d2b00000, 0x00000006d2b00000, 0x00000006d2c00000|  0%| F|  |TAMS 0x00000006d2b00000, 0x00000006d2b00000| Untracked 
|  32|0x00000006d2c00000, 0x00000006d2c00000, 0x00000006d2d00000|  0%| F|  |TAMS 0x00000006d2c00000, 0x00000006d2c00000| Untracked 
|  33|0x00000006d2d00000, 0x00000006d2d00000, 0x00000006d2e00000|  0%| F|  |TAMS 0x00000006d2d00000, 0x00000006d2d00000| Untracked 
|  34|0x00000006d2e00000, 0x00000006d2e00000, 0x00000006d2f00000|  0%| F|  |TAMS 0x00000006d2e00000, 0x00000006d2e00000| Untracked 
|  35|0x00000006d2f00000, 0x00000006d2f00000, 0x00000006d3000000|  0%| F|  |TAMS 0x00000006d2f00000, 0x00000006d2f00000| Untracked 
|  36|0x00000006d3000000, 0x00000006d3000000, 0x00000006d3100000|  0%| F|  |TAMS 0x00000006d3000000, 0x00000006d3000000| Untracked 
|  37|0x00000006d3100000, 0x00000006d3100000, 0x00000006d3200000|  0%| F|  |TAMS 0x00000006d3100000, 0x00000006d3100000| Untracked 
|  38|0x00000006d3200000, 0x00000006d3200000, 0x00000006d3300000|  0%| F|  |TAMS 0x00000006d3200000, 0x00000006d3200000| Untracked 
|  39|0x00000006d3300000, 0x00000006d3300000, 0x00000006d3400000|  0%| F|  |TAMS 0x00000006d3300000, 0x00000006d3300000| Untracked 
|  40|0x00000006d3400000, 0x00000006d3400000, 0x00000006d3500000|  0%| F|  |TAMS 0x00000006d3400000, 0x00000006d3400000| Untracked 
|  41|0x00000006d3500000, 0x00000006d3500000, 0x00000006d3600000|  0%| F|  |TAMS 0x00000006d3500000, 0x00000006d3500000| Untracked 
|  42|0x00000006d3600000, 0x00000006d3600000, 0x00000006d3700000|  0%| F|  |TAMS 0x00000006d3600000, 0x00000006d3600000| Untracked 
|  43|0x00000006d3700000, 0x00000006d3700000, 0x00000006d3800000|  0%| F|  |TAMS 0x00000006d3700000, 0x00000006d3700000| Untracked 
|  44|0x00000006d3800000, 0x00000006d3800000, 0x00000006d3900000|  0%| F|  |TAMS 0x00000006d3800000, 0x00000006d3800000| Untracked 
|  45|0x00000006d3900000, 0x00000006d3900000, 0x00000006d3a00000|  0%| F|  |TAMS 0x00000006d3900000, 0x00000006d3900000| Untracked 
|  46|0x00000006d3a00000, 0x00000006d3a00000, 0x00000006d3b00000|  0%| F|  |TAMS 0x00000006d3a00000, 0x00000006d3a00000| Untracked 
|  47|0x00000006d3b00000, 0x00000006d3b00000, 0x00000006d3c00000|  0%| F|  |TAMS 0x00000006d3b00000, 0x00000006d3b00000| Untracked 
|  48|0x00000006d3c00000, 0x00000006d3c00000, 0x00000006d3d00000|  0%| F|  |TAMS 0x00000006d3c00000, 0x00000006d3c00000| Untracked 
|  49|0x00000006d3d00000, 0x00000006d3d00000, 0x00000006d3e00000|  0%| F|  |TAMS 0x00000006d3d00000, 0x00000006d3d00000| Untracked 
|  50|0x00000006d3e00000, 0x00000006d3e00000, 0x00000006d3f00000|  0%| F|  |TAMS 0x00000006d3e00000, 0x00000006d3e00000| Untracked 
|  51|0x00000006d3f00000, 0x00000006d3f00000, 0x00000006d4000000|  0%| F|  |TAMS 0x00000006d3f00000, 0x00000006d3f00000| Untracked 
|  52|0x00000006d4000000, 0x00000006d4000000, 0x00000006d4100000|  0%| F|  |TAMS 0x00000006d4000000, 0x00000006d4000000| Untracked 
|  53|0x00000006d4100000, 0x00000006d4100000, 0x00000006d4200000|  0%| F|  |TAMS 0x00000006d4100000, 0x00000006d4100000| Untracked 
|  54|0x00000006d4200000, 0x00000006d4200000, 0x00000006d4300000|  0%| F|  |TAMS 0x00000006d4200000, 0x00000006d4200000| Untracked 
|  55|0x00000006d4300000, 0x00000006d4300000, 0x00000006d4400000|  0%| F|  |TAMS 0x00000006d4300000, 0x00000006d4300000| Untracked 
|  56|0x00000006d4400000, 0x00000006d4400000, 0x00000006d4500000|  0%| F|  |TAMS 0x00000006d4400000, 0x00000006d4400000| Untracked 
|  57|0x00000006d4500000, 0x00000006d4500000, 0x00000006d4600000|  0%| F|  |TAMS 0x00000006d4500000, 0x00000006d4500000| Untracked 
|  58|0x00000006d4600000, 0x00000006d4600000, 0x00000006d4700000|  0%| F|  |TAMS 0x00000006d4600000, 0x00000006d4600000| Untracked 
|  59|0x00000006d4700000, 0x00000006d4700000, 0x00000006d4800000|  0%| F|  |TAMS 0x00000006d4700000, 0x00000006d4700000| Untracked 
|  60|0x00000006d4800000, 0x00000006d4800000, 0x00000006d4900000|  0%| F|  |TAMS 0x00000006d4800000, 0x00000006d4800000| Untracked 
|  61|0x00000006d4900000, 0x00000006d4900000, 0x00000006d4a00000|  0%| F|  |TAMS 0x00000006d4900000, 0x00000006d4900000| Untracked 
|  62|0x00000006d4a00000, 0x00000006d4a00000, 0x00000006d4b00000|  0%| F|  |TAMS 0x00000006d4a00000, 0x00000006d4a00000| Untracked 
|  63|0x00000006d4b00000, 0x00000006d4b00000, 0x00000006d4c00000|  0%| F|  |TAMS 0x00000006d4b00000, 0x00000006d4b00000| Untracked 
|  64|0x00000006d4c00000, 0x00000006d4c00000, 0x00000006d4d00000|  0%| F|  |TAMS 0x00000006d4c00000, 0x00000006d4c00000| Untracked 
|  65|0x00000006d4d00000, 0x00000006d4d00000, 0x00000006d4e00000|  0%| F|  |TAMS 0x00000006d4d00000, 0x00000006d4d00000| Untracked 
|  66|0x00000006d4e00000, 0x00000006d4e00000, 0x00000006d4f00000|  0%| F|  |TAMS 0x00000006d4e00000, 0x00000006d4e00000| Untracked 
|  67|0x00000006d4f00000, 0x00000006d4f00000, 0x00000006d5000000|  0%| F|  |TAMS 0x00000006d4f00000, 0x00000006d4f00000| Untracked 
|  68|0x00000006d5000000, 0x00000006d5000000, 0x00000006d5100000|  0%| F|  |TAMS 0x00000006d5000000, 0x00000006d5000000| Untracked 
|  69|0x00000006d5100000, 0x00000006d5100000, 0x00000006d5200000|  0%| F|  |TAMS 0x00000006d5100000, 0x00000006d5100000| Untracked 
|  70|0x00000006d5200000, 0x00000006d5200000, 0x00000006d5300000|  0%| F|  |TAMS 0x00000006d5200000, 0x00000006d5200000| Untracked 
|  71|0x00000006d5300000, 0x00000006d5300000, 0x00000006d5400000|  0%| F|  |TAMS 0x00000006d5300000, 0x00000006d5300000| Untracked 
|  72|0x00000006d5400000, 0x00000006d5400000, 0x00000006d5500000|  0%| F|  |TAMS 0x00000006d5400000, 0x00000006d5400000| Untracked 
|  73|0x00000006d5500000, 0x00000006d5500000, 0x00000006d5600000|  0%| F|  |TAMS 0x00000006d5500000, 0x00000006d5500000| Untracked 
|  74|0x00000006d5600000, 0x00000006d5600000, 0x00000006d5700000|  0%| F|  |TAMS 0x00000006d5600000, 0x00000006d5600000| Untracked 
|  75|0x00000006d5700000, 0x00000006d5700000, 0x00000006d5800000|  0%| F|  |TAMS 0x00000006d5700000, 0x00000006d5700000| Untracked 
|  76|0x00000006d5800000, 0x00000006d5800000, 0x00000006d5900000|  0%| F|  |TAMS 0x00000006d5800000, 0x00000006d5800000| Untracked 
|  77|0x00000006d5900000, 0x00000006d5900000, 0x00000006d5a00000|  0%| F|  |TAMS 0x00000006d5900000, 0x00000006d5900000| Untracked 
|  78|0x00000006d5a00000, 0x00000006d5a00000, 0x00000006d5b00000|  0%| F|  |TAMS 0x00000006d5a00000, 0x00000006d5a00000| Untracked 
|  79|0x00000006d5b00000, 0x00000006d5b00000, 0x00000006d5c00000|  0%| F|  |TAMS 0x00000006d5b00000, 0x00000006d5b00000| Untracked 
|  80|0x00000006d5c00000, 0x00000006d5c00000, 0x00000006d5d00000|  0%| F|  |TAMS 0x00000006d5c00000, 0x00000006d5c00000| Untracked 
|  81|0x00000006d5d00000, 0x00000006d5d00000, 0x00000006d5e00000|  0%| F|  |TAMS 0x00000006d5d00000, 0x00000006d5d00000| Untracked 
|  82|0x00000006d5e00000, 0x00000006d5e00000, 0x00000006d5f00000|  0%| F|  |TAMS 0x00000006d5e00000, 0x00000006d5e00000| Untracked 
|  83|0x00000006d5f00000, 0x00000006d5f00000, 0x00000006d6000000|  0%| F|  |TAMS 0x00000006d5f00000, 0x00000006d5f00000| Untracked 
|  84|0x00000006d6000000, 0x00000006d6000000, 0x00000006d6100000|  0%| F|  |TAMS 0x00000006d6000000, 0x00000006d6000000| Untracked 
|  85|0x00000006d6100000, 0x00000006d6100000, 0x00000006d6200000|  0%| F|  |TAMS 0x00000006d6100000, 0x00000006d6100000| Untracked 
|  86|0x00000006d6200000, 0x00000006d6200000, 0x00000006d6300000|  0%| F|  |TAMS 0x00000006d6200000, 0x00000006d6200000| Untracked 
|  87|0x00000006d6300000, 0x00000006d6300000, 0x00000006d6400000|  0%| F|  |TAMS 0x00000006d6300000, 0x00000006d6300000| Untracked 
|  88|0x00000006d6400000, 0x00000006d6400000, 0x00000006d6500000|  0%| F|  |TAMS 0x00000006d6400000, 0x00000006d6400000| Untracked 
|  89|0x00000006d6500000, 0x00000006d6500000, 0x00000006d6600000|  0%| F|  |TAMS 0x00000006d6500000, 0x00000006d6500000| Untracked 
|  90|0x00000006d6600000, 0x00000006d6600000, 0x00000006d6700000|  0%| F|  |TAMS 0x00000006d6600000, 0x00000006d6600000| Untracked 
|  91|0x00000006d6700000, 0x00000006d6700000, 0x00000006d6800000|  0%| F|  |TAMS 0x00000006d6700000, 0x00000006d6700000| Untracked 
|  92|0x00000006d6800000, 0x00000006d6800000, 0x00000006d6900000|  0%| F|  |TAMS 0x00000006d6800000, 0x00000006d6800000| Untracked 
|  93|0x00000006d6900000, 0x00000006d6900000, 0x00000006d6a00000|  0%| F|  |TAMS 0x00000006d6900000, 0x00000006d6900000| Untracked 
|  94|0x00000006d6a00000, 0x00000006d6a00000, 0x00000006d6b00000|  0%| F|  |TAMS 0x00000006d6a00000, 0x00000006d6a00000| Untracked 
|  95|0x00000006d6b00000, 0x00000006d6b00000, 0x00000006d6c00000|  0%| F|  |TAMS 0x00000006d6b00000, 0x00000006d6b00000| Untracked 
|  96|0x00000006d6c00000, 0x00000006d6c00000, 0x00000006d6d00000|  0%| F|  |TAMS 0x00000006d6c00000, 0x00000006d6c00000| Untracked 
|  97|0x00000006d6d00000, 0x00000006d6d00000, 0x00000006d6e00000|  0%| F|  |TAMS 0x00000006d6d00000, 0x00000006d6d00000| Untracked 
|  98|0x00000006d6e00000, 0x00000006d6e00000, 0x00000006d6f00000|  0%| F|  |TAMS 0x00000006d6e00000, 0x00000006d6e00000| Untracked 
|  99|0x00000006d6f00000, 0x00000006d6f00000, 0x00000006d7000000|  0%| F|  |TAMS 0x00000006d6f00000, 0x00000006d6f00000| Untracked 
| 100|0x00000006d7000000, 0x00000006d7000000, 0x00000006d7100000|  0%| F|  |TAMS 0x00000006d7000000, 0x00000006d7000000| Untracked 
| 101|0x00000006d7100000, 0x00000006d7100000, 0x00000006d7200000|  0%| F|  |TAMS 0x00000006d7100000, 0x00000006d7100000| Untracked 
| 102|0x00000006d7200000, 0x00000006d7200000, 0x00000006d7300000|  0%| F|  |TAMS 0x00000006d7200000, 0x00000006d7200000| Untracked 
| 103|0x00000006d7300000, 0x00000006d7300000, 0x00000006d7400000|  0%| F|  |TAMS 0x00000006d7300000, 0x00000006d7300000| Untracked 
| 104|0x00000006d7400000, 0x00000006d7400000, 0x00000006d7500000|  0%| F|  |TAMS 0x00000006d7400000, 0x00000006d7400000| Untracked 
| 105|0x00000006d7500000, 0x00000006d7500000, 0x00000006d7600000|  0%| F|  |TAMS 0x00000006d7500000, 0x00000006d7500000| Untracked 
| 106|0x00000006d7600000, 0x00000006d7600000, 0x00000006d7700000|  0%| F|  |TAMS 0x00000006d7600000, 0x00000006d7600000| Untracked 
| 107|0x00000006d7700000, 0x00000006d7700000, 0x00000006d7800000|  0%| F|  |TAMS 0x00000006d7700000, 0x00000006d7700000| Untracked 
| 108|0x00000006d7800000, 0x00000006d7800000, 0x00000006d7900000|  0%| F|  |TAMS 0x00000006d7800000, 0x00000006d7800000| Untracked 
| 109|0x00000006d7900000, 0x00000006d7900000, 0x00000006d7a00000|  0%| F|  |TAMS 0x00000006d7900000, 0x00000006d7900000| Untracked 
| 110|0x00000006d7a00000, 0x00000006d7a00000, 0x00000006d7b00000|  0%| F|  |TAMS 0x00000006d7a00000, 0x00000006d7a00000| Untracked 
| 111|0x00000006d7b00000, 0x00000006d7b00000, 0x00000006d7c00000|  0%| F|  |TAMS 0x00000006d7b00000, 0x00000006d7b00000| Untracked 
| 112|0x00000006d7c00000, 0x00000006d7c00000, 0x00000006d7d00000|  0%| F|  |TAMS 0x00000006d7c00000, 0x00000006d7c00000| Untracked 
| 113|0x00000006d7d00000, 0x00000006d7d00000, 0x00000006d7e00000|  0%| F|  |TAMS 0x00000006d7d00000, 0x00000006d7d00000| Untracked 
| 114|0x00000006d7e00000, 0x00000006d7e00000, 0x00000006d7f00000|  0%| F|  |TAMS 0x00000006d7e00000, 0x00000006d7e00000| Untracked 
| 115|0x00000006d7f00000, 0x00000006d7f00000, 0x00000006d8000000|  0%| F|  |TAMS 0x00000006d7f00000, 0x00000006d7f00000| Untracked 
| 116|0x00000006d8000000, 0x00000006d8000000, 0x00000006d8100000|  0%| F|  |TAMS 0x00000006d8000000, 0x00000006d8000000| Untracked 
| 117|0x00000006d8100000, 0x00000006d8100000, 0x00000006d8200000|  0%| F|  |TAMS 0x00000006d8100000, 0x00000006d8100000| Untracked 
| 118|0x00000006d8200000, 0x00000006d8200000, 0x00000006d8300000|  0%| F|  |TAMS 0x00000006d8200000, 0x00000006d8200000| Untracked 
| 119|0x00000006d8300000, 0x00000006d8300000, 0x00000006d8400000|  0%| F|  |TAMS 0x00000006d8300000, 0x00000006d8300000| Untracked 
| 120|0x00000006d8400000, 0x00000006d8400000, 0x00000006d8500000|  0%| F|  |TAMS 0x00000006d8400000, 0x00000006d8400000| Untracked 
| 121|0x00000006d8500000, 0x00000006d8500000, 0x00000006d8600000|  0%| F|  |TAMS 0x00000006d8500000, 0x00000006d8500000| Untracked 
| 122|0x00000006d8600000, 0x00000006d8600000, 0x00000006d8700000|  0%| F|  |TAMS 0x00000006d8600000, 0x00000006d8600000| Untracked 
| 123|0x00000006d8700000, 0x00000006d8700000, 0x00000006d8800000|  0%| F|  |TAMS 0x00000006d8700000, 0x00000006d8700000| Untracked 
| 124|0x00000006d8800000, 0x00000006d8800000, 0x00000006d8900000|  0%| F|  |TAMS 0x00000006d8800000, 0x00000006d8800000| Untracked 
| 125|0x00000006d8900000, 0x00000006d8900000, 0x00000006d8a00000|  0%| F|  |TAMS 0x00000006d8900000, 0x00000006d8900000| Untracked 
| 126|0x00000006d8a00000, 0x00000006d8a00000, 0x00000006d8b00000|  0%| F|  |TAMS 0x00000006d8a00000, 0x00000006d8a00000| Untracked 
| 127|0x00000006d8b00000, 0x00000006d8b00000, 0x00000006d8c00000|  0%| F|  |TAMS 0x00000006d8b00000, 0x00000006d8b00000| Untracked 
| 128|0x00000006d8c00000, 0x00000006d8c00000, 0x00000006d8d00000|  0%| F|  |TAMS 0x00000006d8c00000, 0x00000006d8c00000| Untracked 
| 129|0x00000006d8d00000, 0x00000006d8d00000, 0x00000006d8e00000|  0%| F|  |TAMS 0x00000006d8d00000, 0x00000006d8d00000| Untracked 
| 130|0x00000006d8e00000, 0x00000006d8e00000, 0x00000006d8f00000|  0%| F|  |TAMS 0x00000006d8e00000, 0x00000006d8e00000| Untracked 
| 131|0x00000006d8f00000, 0x00000006d8f00000, 0x00000006d9000000|  0%| F|  |TAMS 0x00000006d8f00000, 0x00000006d8f00000| Untracked 
| 132|0x00000006d9000000, 0x00000006d9000000, 0x00000006d9100000|  0%| F|  |TAMS 0x00000006d9000000, 0x00000006d9000000| Untracked 
| 133|0x00000006d9100000, 0x00000006d9100000, 0x00000006d9200000|  0%| F|  |TAMS 0x00000006d9100000, 0x00000006d9100000| Untracked 
| 134|0x00000006d9200000, 0x00000006d9200000, 0x00000006d9300000|  0%| F|  |TAMS 0x00000006d9200000, 0x00000006d9200000| Untracked 
| 135|0x00000006d9300000, 0x00000006d9300000, 0x00000006d9400000|  0%| F|  |TAMS 0x00000006d9300000, 0x00000006d9300000| Untracked 
| 136|0x00000006d9400000, 0x00000006d9400000, 0x00000006d9500000|  0%| F|  |TAMS 0x00000006d9400000, 0x00000006d9400000| Untracked 
| 137|0x00000006d9500000, 0x00000006d9500000, 0x00000006d9600000|  0%| F|  |TAMS 0x00000006d9500000, 0x00000006d9500000| Untracked 
| 138|0x00000006d9600000, 0x00000006d9600000, 0x00000006d9700000|  0%| F|  |TAMS 0x00000006d9600000, 0x00000006d9600000| Untracked 
| 139|0x00000006d9700000, 0x00000006d9700000, 0x00000006d9800000|  0%| F|  |TAMS 0x00000006d9700000, 0x00000006d9700000| Untracked 
| 140|0x00000006d9800000, 0x00000006d9800000, 0x00000006d9900000|  0%| F|  |TAMS 0x00000006d9800000, 0x00000006d9800000| Untracked 
| 141|0x00000006d9900000, 0x00000006d9900000, 0x00000006d9a00000|  0%| F|  |TAMS 0x00000006d9900000, 0x00000006d9900000| Untracked 
| 142|0x00000006d9a00000, 0x00000006d9a00000, 0x00000006d9b00000|  0%| F|  |TAMS 0x00000006d9a00000, 0x00000006d9a00000| Untracked 
| 143|0x00000006d9b00000, 0x00000006d9b00000, 0x00000006d9c00000|  0%| F|  |TAMS 0x00000006d9b00000, 0x00000006d9b00000| Untracked 
| 144|0x00000006d9c00000, 0x00000006d9c00000, 0x00000006d9d00000|  0%| F|  |TAMS 0x00000006d9c00000, 0x00000006d9c00000| Untracked 
| 145|0x00000006d9d00000, 0x00000006d9d00000, 0x00000006d9e00000|  0%| F|  |TAMS 0x00000006d9d00000, 0x00000006d9d00000| Untracked 
| 146|0x00000006d9e00000, 0x00000006d9e00000, 0x00000006d9f00000|  0%| F|  |TAMS 0x00000006d9e00000, 0x00000006d9e00000| Untracked 
| 147|0x00000006d9f00000, 0x00000006d9f00000, 0x00000006da000000|  0%| F|  |TAMS 0x00000006d9f00000, 0x00000006d9f00000| Untracked 
| 148|0x00000006da000000, 0x00000006da000000, 0x00000006da100000|  0%| F|  |TAMS 0x00000006da000000, 0x00000006da000000| Untracked 
| 149|0x00000006da100000, 0x00000006da100000, 0x00000006da200000|  0%| F|  |TAMS 0x00000006da100000, 0x00000006da100000| Untracked 
| 150|0x00000006da200000, 0x00000006da200000, 0x00000006da300000|  0%| F|  |TAMS 0x00000006da200000, 0x00000006da200000| Untracked 
| 151|0x00000006da300000, 0x00000006da300000, 0x00000006da400000|  0%| F|  |TAMS 0x00000006da300000, 0x00000006da300000| Untracked 
| 152|0x00000006da400000, 0x00000006da400000, 0x00000006da500000|  0%| F|  |TAMS 0x00000006da400000, 0x00000006da400000| Untracked 
| 153|0x00000006da500000, 0x00000006da500000, 0x00000006da600000|  0%| F|  |TAMS 0x00000006da500000, 0x00000006da500000| Untracked 
| 154|0x00000006da600000, 0x00000006da600000, 0x00000006da700000|  0%| F|  |TAMS 0x00000006da600000, 0x00000006da600000| Untracked 
| 155|0x00000006da700000, 0x00000006da700000, 0x00000006da800000|  0%| F|  |TAMS 0x00000006da700000, 0x00000006da700000| Untracked 
| 156|0x00000006da800000, 0x00000006da800000, 0x00000006da900000|  0%| F|  |TAMS 0x00000006da800000, 0x00000006da800000| Untracked 
| 157|0x00000006da900000, 0x00000006da900000, 0x00000006daa00000|  0%| F|  |TAMS 0x00000006da900000, 0x00000006da900000| Untracked 
| 158|0x00000006daa00000, 0x00000006daa00000, 0x00000006dab00000|  0%| F|  |TAMS 0x00000006daa00000, 0x00000006daa00000| Untracked 
| 159|0x00000006dab00000, 0x00000006dab00000, 0x00000006dac00000|  0%| F|  |TAMS 0x00000006dab00000, 0x00000006dab00000| Untracked 
| 160|0x00000006dac00000, 0x00000006dac00000, 0x00000006dad00000|  0%| F|  |TAMS 0x00000006dac00000, 0x00000006dac00000| Untracked 
| 161|0x00000006dad00000, 0x00000006dad00000, 0x00000006dae00000|  0%| F|  |TAMS 0x00000006dad00000, 0x00000006dad00000| Untracked 
| 162|0x00000006dae00000, 0x00000006dae00000, 0x00000006daf00000|  0%| F|  |TAMS 0x00000006dae00000, 0x00000006dae00000| Untracked 
| 163|0x00000006daf00000, 0x00000006daf00000, 0x00000006db000000|  0%| F|  |TAMS 0x00000006daf00000, 0x00000006daf00000| Untracked 
| 164|0x00000006db000000, 0x00000006db000000, 0x00000006db100000|  0%| F|  |TAMS 0x00000006db000000, 0x00000006db000000| Untracked 
| 165|0x00000006db100000, 0x00000006db100000, 0x00000006db200000|  0%| F|  |TAMS 0x00000006db100000, 0x00000006db100000| Untracked 
| 166|0x00000006db200000, 0x00000006db200000, 0x00000006db300000|  0%| F|  |TAMS 0x00000006db200000, 0x00000006db200000| Untracked 
| 167|0x00000006db300000, 0x00000006db300000, 0x00000006db400000|  0%| F|  |TAMS 0x00000006db300000, 0x00000006db300000| Untracked 
| 168|0x00000006db400000, 0x00000006db400000, 0x00000006db500000|  0%| F|  |TAMS 0x00000006db400000, 0x00000006db400000| Untracked 
| 169|0x00000006db500000, 0x00000006db500000, 0x00000006db600000|  0%| F|  |TAMS 0x00000006db500000, 0x00000006db500000| Untracked 
| 170|0x00000006db600000, 0x00000006db600000, 0x00000006db700000|  0%| F|  |TAMS 0x00000006db600000, 0x00000006db600000| Untracked 
| 171|0x00000006db700000, 0x00000006db700000, 0x00000006db800000|  0%| F|  |TAMS 0x00000006db700000, 0x00000006db700000| Untracked 
| 172|0x00000006db800000, 0x00000006db800000, 0x00000006db900000|  0%| F|  |TAMS 0x00000006db800000, 0x00000006db800000| Untracked 
| 173|0x00000006db900000, 0x00000006db900000, 0x00000006dba00000|  0%| F|  |TAMS 0x00000006db900000, 0x00000006db900000| Untracked 
| 174|0x00000006dba00000, 0x00000006dba00000, 0x00000006dbb00000|  0%| F|  |TAMS 0x00000006dba00000, 0x00000006dba00000| Untracked 
| 175|0x00000006dbb00000, 0x00000006dbb00000, 0x00000006dbc00000|  0%| F|  |TAMS 0x00000006dbb00000, 0x00000006dbb00000| Untracked 
| 176|0x00000006dbc00000, 0x00000006dbc00000, 0x00000006dbd00000|  0%| F|  |TAMS 0x00000006dbc00000, 0x00000006dbc00000| Untracked 
| 177|0x00000006dbd00000, 0x00000006dbd00000, 0x00000006dbe00000|  0%| F|  |TAMS 0x00000006dbd00000, 0x00000006dbd00000| Untracked 
| 178|0x00000006dbe00000, 0x00000006dbe00000, 0x00000006dbf00000|  0%| F|  |TAMS 0x00000006dbe00000, 0x00000006dbe00000| Untracked 
| 179|0x00000006dbf00000, 0x00000006dbf00000, 0x00000006dc000000|  0%| F|  |TAMS 0x00000006dbf00000, 0x00000006dbf00000| Untracked 
| 180|0x00000006dc000000, 0x00000006dc000000, 0x00000006dc100000|  0%| F|  |TAMS 0x00000006dc000000, 0x00000006dc000000| Untracked 
| 181|0x00000006dc100000, 0x00000006dc100000, 0x00000006dc200000|  0%| F|  |TAMS 0x00000006dc100000, 0x00000006dc100000| Untracked 
| 182|0x00000006dc200000, 0x00000006dc200000, 0x00000006dc300000|  0%| F|  |TAMS 0x00000006dc200000, 0x00000006dc200000| Untracked 
| 183|0x00000006dc300000, 0x00000006dc300000, 0x00000006dc400000|  0%| F|  |TAMS 0x00000006dc300000, 0x00000006dc300000| Untracked 
| 184|0x00000006dc400000, 0x00000006dc400000, 0x00000006dc500000|  0%| F|  |TAMS 0x00000006dc400000, 0x00000006dc400000| Untracked 
| 185|0x00000006dc500000, 0x00000006dc500000, 0x00000006dc600000|  0%| F|  |TAMS 0x00000006dc500000, 0x00000006dc500000| Untracked 
| 186|0x00000006dc600000, 0x00000006dc600000, 0x00000006dc700000|  0%| F|  |TAMS 0x00000006dc600000, 0x00000006dc600000| Untracked 
| 187|0x00000006dc700000, 0x00000006dc700000, 0x00000006dc800000|  0%| F|  |TAMS 0x00000006dc700000, 0x00000006dc700000| Untracked 
| 188|0x00000006dc800000, 0x00000006dc800000, 0x00000006dc900000|  0%| F|  |TAMS 0x00000006dc800000, 0x00000006dc800000| Untracked 
| 189|0x00000006dc900000, 0x00000006dc900000, 0x00000006dca00000|  0%| F|  |TAMS 0x00000006dc900000, 0x00000006dc900000| Untracked 
| 190|0x00000006dca00000, 0x00000006dca00000, 0x00000006dcb00000|  0%| F|  |TAMS 0x00000006dca00000, 0x00000006dca00000| Untracked 
| 191|0x00000006dcb00000, 0x00000006dcb00000, 0x00000006dcc00000|  0%| F|  |TAMS 0x00000006dcb00000, 0x00000006dcb00000| Untracked 
| 192|0x00000006dcc00000, 0x00000006dcc00000, 0x00000006dcd00000|  0%| F|  |TAMS 0x00000006dcc00000, 0x00000006dcc00000| Untracked 
| 193|0x00000006dcd00000, 0x00000006dcd00000, 0x00000006dce00000|  0%| F|  |TAMS 0x00000006dcd00000, 0x00000006dcd00000| Untracked 
| 194|0x00000006dce00000, 0x00000006dce00000, 0x00000006dcf00000|  0%| F|  |TAMS 0x00000006dce00000, 0x00000006dce00000| Untracked 
| 195|0x00000006dcf00000, 0x00000006dcf00000, 0x00000006dd000000|  0%| F|  |TAMS 0x00000006dcf00000, 0x00000006dcf00000| Untracked 
| 196|0x00000006dd000000, 0x00000006dd000000, 0x00000006dd100000|  0%| F|  |TAMS 0x00000006dd000000, 0x00000006dd000000| Untracked 
| 197|0x00000006dd100000, 0x00000006dd100000, 0x00000006dd200000|  0%| F|  |TAMS 0x00000006dd100000, 0x00000006dd100000| Untracked 
| 198|0x00000006dd200000, 0x00000006dd200000, 0x00000006dd300000|  0%| F|  |TAMS 0x00000006dd200000, 0x00000006dd200000| Untracked 
| 199|0x00000006dd300000, 0x00000006dd300000, 0x00000006dd400000|  0%| F|  |TAMS 0x00000006dd300000, 0x00000006dd300000| Untracked 
| 200|0x00000006dd400000, 0x00000006dd400000, 0x00000006dd500000|  0%| F|  |TAMS 0x00000006dd400000, 0x00000006dd400000| Untracked 
| 201|0x00000006dd500000, 0x00000006dd500000, 0x00000006dd600000|  0%| F|  |TAMS 0x00000006dd500000, 0x00000006dd500000| Untracked 
| 202|0x00000006dd600000, 0x00000006dd600000, 0x00000006dd700000|  0%| F|  |TAMS 0x00000006dd600000, 0x00000006dd600000| Untracked 
| 203|0x00000006dd700000, 0x00000006dd700000, 0x00000006dd800000|  0%| F|  |TAMS 0x00000006dd700000, 0x00000006dd700000| Untracked 
| 204|0x00000006dd800000, 0x00000006dd800000, 0x00000006dd900000|  0%| F|  |TAMS 0x00000006dd800000, 0x00000006dd800000| Untracked 
| 205|0x00000006dd900000, 0x00000006dd900000, 0x00000006dda00000|  0%| F|  |TAMS 0x00000006dd900000, 0x00000006dd900000| Untracked 
| 206|0x00000006dda00000, 0x00000006dda00000, 0x00000006ddb00000|  0%| F|  |TAMS 0x00000006dda00000, 0x00000006dda00000| Untracked 
| 207|0x00000006ddb00000, 0x00000006ddb00000, 0x00000006ddc00000|  0%| F|  |TAMS 0x00000006ddb00000, 0x00000006ddb00000| Untracked 
| 208|0x00000006ddc00000, 0x00000006ddc00000, 0x00000006ddd00000|  0%| F|  |TAMS 0x00000006ddc00000, 0x00000006ddc00000| Untracked 
| 209|0x00000006ddd00000, 0x00000006ddd00000, 0x00000006dde00000|  0%| F|  |TAMS 0x00000006ddd00000, 0x00000006ddd00000| Untracked 
| 210|0x00000006dde00000, 0x00000006dde00000, 0x00000006ddf00000|  0%| F|  |TAMS 0x00000006dde00000, 0x00000006dde00000| Untracked 
| 211|0x00000006ddf00000, 0x00000006ddf00000, 0x00000006de000000|  0%| F|  |TAMS 0x00000006ddf00000, 0x00000006ddf00000| Untracked 
| 212|0x00000006de000000, 0x00000006de000000, 0x00000006de100000|  0%| F|  |TAMS 0x00000006de000000, 0x00000006de000000| Untracked 
| 213|0x00000006de100000, 0x00000006de100000, 0x00000006de200000|  0%| F|  |TAMS 0x00000006de100000, 0x00000006de100000| Untracked 
| 214|0x00000006de200000, 0x00000006de200000, 0x00000006de300000|  0%| F|  |TAMS 0x00000006de200000, 0x00000006de200000| Untracked 
| 215|0x00000006de300000, 0x00000006de300000, 0x00000006de400000|  0%| F|  |TAMS 0x00000006de300000, 0x00000006de300000| Untracked 
| 216|0x00000006de400000, 0x00000006de400000, 0x00000006de500000|  0%| F|  |TAMS 0x00000006de400000, 0x00000006de400000| Untracked 
| 217|0x00000006de500000, 0x00000006de500000, 0x00000006de600000|  0%| F|  |TAMS 0x00000006de500000, 0x00000006de500000| Untracked 
| 218|0x00000006de600000, 0x00000006de600000, 0x00000006de700000|  0%| F|  |TAMS 0x00000006de600000, 0x00000006de600000| Untracked 
| 219|0x00000006de700000, 0x00000006de700000, 0x00000006de800000|  0%| F|  |TAMS 0x00000006de700000, 0x00000006de700000| Untracked 
| 220|0x00000006de800000, 0x00000006de800000, 0x00000006de900000|  0%| F|  |TAMS 0x00000006de800000, 0x00000006de800000| Untracked 
| 221|0x00000006de900000, 0x00000006de900000, 0x00000006dea00000|  0%| F|  |TAMS 0x00000006de900000, 0x00000006de900000| Untracked 
| 222|0x00000006dea00000, 0x00000006dea00000, 0x00000006deb00000|  0%| F|  |TAMS 0x00000006dea00000, 0x00000006dea00000| Untracked 
| 223|0x00000006deb00000, 0x00000006deb00000, 0x00000006dec00000|  0%| F|  |TAMS 0x00000006deb00000, 0x00000006deb00000| Untracked 
| 224|0x00000006dec00000, 0x00000006dec00000, 0x00000006ded00000|  0%| F|  |TAMS 0x00000006dec00000, 0x00000006dec00000| Untracked 
| 225|0x00000006ded00000, 0x00000006ded00000, 0x00000006dee00000|  0%| F|  |TAMS 0x00000006ded00000, 0x00000006ded00000| Untracked 
| 226|0x00000006dee00000, 0x00000006dee00000, 0x00000006def00000|  0%| F|  |TAMS 0x00000006dee00000, 0x00000006dee00000| Untracked 
| 227|0x00000006def00000, 0x00000006def00000, 0x00000006df000000|  0%| F|  |TAMS 0x00000006def00000, 0x00000006def00000| Untracked 
| 228|0x00000006df000000, 0x00000006df000000, 0x00000006df100000|  0%| F|  |TAMS 0x00000006df000000, 0x00000006df000000| Untracked 
| 229|0x00000006df100000, 0x00000006df100000, 0x00000006df200000|  0%| F|  |TAMS 0x00000006df100000, 0x00000006df100000| Untracked 
| 230|0x00000006df200000, 0x00000006df200000, 0x00000006df300000|  0%| F|  |TAMS 0x00000006df200000, 0x00000006df200000| Untracked 
| 231|0x00000006df300000, 0x00000006df300000, 0x00000006df400000|  0%| F|  |TAMS 0x00000006df300000, 0x00000006df300000| Untracked 
| 232|0x00000006df400000, 0x00000006df400000, 0x00000006df500000|  0%| F|  |TAMS 0x00000006df400000, 0x00000006df400000| Untracked 
| 233|0x00000006df500000, 0x00000006df500000, 0x00000006df600000|  0%| F|  |TAMS 0x00000006df500000, 0x00000006df500000| Untracked 
| 234|0x00000006df600000, 0x00000006df600000, 0x00000006df700000|  0%| F|  |TAMS 0x00000006df600000, 0x00000006df600000| Untracked 
| 235|0x00000006df700000, 0x00000006df700000, 0x00000006df800000|  0%| F|  |TAMS 0x00000006df700000, 0x00000006df700000| Untracked 
| 236|0x00000006df800000, 0x00000006df800000, 0x00000006df900000|  0%| F|  |TAMS 0x00000006df800000, 0x00000006df800000| Untracked 
| 237|0x00000006df900000, 0x00000006df900000, 0x00000006dfa00000|  0%| F|  |TAMS 0x00000006df900000, 0x00000006df900000| Untracked 
| 238|0x00000006dfa00000, 0x00000006dfa00000, 0x00000006dfb00000|  0%| F|  |TAMS 0x00000006dfa00000, 0x00000006dfa00000| Untracked 
| 239|0x00000006dfb00000, 0x00000006dfb00000, 0x00000006dfc00000|  0%| F|  |TAMS 0x00000006dfb00000, 0x00000006dfb00000| Untracked 
| 240|0x00000006dfc00000, 0x00000006dfc00000, 0x00000006dfd00000|  0%| F|  |TAMS 0x00000006dfc00000, 0x00000006dfc00000| Untracked 
| 241|0x00000006dfd00000, 0x00000006dfd00000, 0x00000006dfe00000|  0%| F|  |TAMS 0x00000006dfd00000, 0x00000006dfd00000| Untracked 
| 242|0x00000006dfe00000, 0x00000006dfe00000, 0x00000006dff00000|  0%| F|  |TAMS 0x00000006dfe00000, 0x00000006dfe00000| Untracked 
| 243|0x00000006dff00000, 0x00000006dff00000, 0x00000006e0000000|  0%| F|  |TAMS 0x00000006dff00000, 0x00000006dff00000| Untracked 
| 244|0x00000006e0000000, 0x00000006e0000000, 0x00000006e0100000|  0%| F|  |TAMS 0x00000006e0000000, 0x00000006e0000000| Untracked 
| 245|0x00000006e0100000, 0x00000006e0100000, 0x00000006e0200000|  0%| F|  |TAMS 0x00000006e0100000, 0x00000006e0100000| Untracked 
| 246|0x00000006e0200000, 0x00000006e0200000, 0x00000006e0300000|  0%| F|  |TAMS 0x00000006e0200000, 0x00000006e0200000| Untracked 
| 247|0x00000006e0300000, 0x00000006e0300000, 0x00000006e0400000|  0%| F|  |TAMS 0x00000006e0300000, 0x00000006e0300000| Untracked 
| 248|0x00000006e0400000, 0x00000006e0400000, 0x00000006e0500000|  0%| F|  |TAMS 0x00000006e0400000, 0x00000006e0400000| Untracked 
| 249|0x00000006e0500000, 0x00000006e0500000, 0x00000006e0600000|  0%| F|  |TAMS 0x00000006e0500000, 0x00000006e0500000| Untracked 
| 250|0x00000006e0600000, 0x00000006e0600000, 0x00000006e0700000|  0%| F|  |TAMS 0x00000006e0600000, 0x00000006e0600000| Untracked 
| 251|0x00000006e0700000, 0x00000006e0700000, 0x00000006e0800000|  0%| F|  |TAMS 0x00000006e0700000, 0x00000006e0700000| Untracked 
| 252|0x00000006e0800000, 0x00000006e0800000, 0x00000006e0900000|  0%| F|  |TAMS 0x00000006e0800000, 0x00000006e0800000| Untracked 
| 253|0x00000006e0900000, 0x00000006e0900000, 0x00000006e0a00000|  0%| F|  |TAMS 0x00000006e0900000, 0x00000006e0900000| Untracked 
| 254|0x00000006e0a00000, 0x00000006e0a00000, 0x00000006e0b00000|  0%| F|  |TAMS 0x00000006e0a00000, 0x00000006e0a00000| Untracked 
| 255|0x00000006e0b00000, 0x00000006e0b00000, 0x00000006e0c00000|  0%| F|  |TAMS 0x00000006e0b00000, 0x00000006e0b00000| Untracked 
| 256|0x00000006e0c00000, 0x00000006e0c00000, 0x00000006e0d00000|  0%| F|  |TAMS 0x00000006e0c00000, 0x00000006e0c00000| Untracked 
| 257|0x00000006e0d00000, 0x00000006e0d00000, 0x00000006e0e00000|  0%| F|  |TAMS 0x00000006e0d00000, 0x00000006e0d00000| Untracked 
| 258|0x00000006e0e00000, 0x00000006e0e00000, 0x00000006e0f00000|  0%| F|  |TAMS 0x00000006e0e00000, 0x00000006e0e00000| Untracked 
| 259|0x00000006e0f00000, 0x00000006e0f00000, 0x00000006e1000000|  0%| F|  |TAMS 0x00000006e0f00000, 0x00000006e0f00000| Untracked 
| 260|0x00000006e1000000, 0x00000006e1000000, 0x00000006e1100000|  0%| F|  |TAMS 0x00000006e1000000, 0x00000006e1000000| Untracked 
| 261|0x00000006e1100000, 0x00000006e1100000, 0x00000006e1200000|  0%| F|  |TAMS 0x00000006e1100000, 0x00000006e1100000| Untracked 
| 262|0x00000006e1200000, 0x00000006e1200000, 0x00000006e1300000|  0%| F|  |TAMS 0x00000006e1200000, 0x00000006e1200000| Untracked 
| 263|0x00000006e1300000, 0x00000006e1300000, 0x00000006e1400000|  0%| F|  |TAMS 0x00000006e1300000, 0x00000006e1300000| Untracked 
| 264|0x00000006e1400000, 0x00000006e1400000, 0x00000006e1500000|  0%| F|  |TAMS 0x00000006e1400000, 0x00000006e1400000| Untracked 
| 265|0x00000006e1500000, 0x00000006e1500000, 0x00000006e1600000|  0%| F|  |TAMS 0x00000006e1500000, 0x00000006e1500000| Untracked 
| 266|0x00000006e1600000, 0x00000006e1600000, 0x00000006e1700000|  0%| F|  |TAMS 0x00000006e1600000, 0x00000006e1600000| Untracked 
| 267|0x00000006e1700000, 0x00000006e1700000, 0x00000006e1800000|  0%| F|  |TAMS 0x00000006e1700000, 0x00000006e1700000| Untracked 
| 268|0x00000006e1800000, 0x00000006e1800000, 0x00000006e1900000|  0%| F|  |TAMS 0x00000006e1800000, 0x00000006e1800000| Untracked 
| 269|0x00000006e1900000, 0x00000006e1900000, 0x00000006e1a00000|  0%| F|  |TAMS 0x00000006e1900000, 0x00000006e1900000| Untracked 
| 270|0x00000006e1a00000, 0x00000006e1a00000, 0x00000006e1b00000|  0%| F|  |TAMS 0x00000006e1a00000, 0x00000006e1a00000| Untracked 
| 271|0x00000006e1b00000, 0x00000006e1b00000, 0x00000006e1c00000|  0%| F|  |TAMS 0x00000006e1b00000, 0x00000006e1b00000| Untracked 
| 272|0x00000006e1c00000, 0x00000006e1c00000, 0x00000006e1d00000|  0%| F|  |TAMS 0x00000006e1c00000, 0x00000006e1c00000| Untracked 
| 273|0x00000006e1d00000, 0x00000006e1d00000, 0x00000006e1e00000|  0%| F|  |TAMS 0x00000006e1d00000, 0x00000006e1d00000| Untracked 
| 274|0x00000006e1e00000, 0x00000006e1e00000, 0x00000006e1f00000|  0%| F|  |TAMS 0x00000006e1e00000, 0x00000006e1e00000| Untracked 
| 275|0x00000006e1f00000, 0x00000006e1f00000, 0x00000006e2000000|  0%| F|  |TAMS 0x00000006e1f00000, 0x00000006e1f00000| Untracked 
| 276|0x00000006e2000000, 0x00000006e2000000, 0x00000006e2100000|  0%| F|  |TAMS 0x00000006e2000000, 0x00000006e2000000| Untracked 
| 277|0x00000006e2100000, 0x00000006e2100000, 0x00000006e2200000|  0%| F|  |TAMS 0x00000006e2100000, 0x00000006e2100000| Untracked 
| 278|0x00000006e2200000, 0x00000006e2200000, 0x00000006e2300000|  0%| F|  |TAMS 0x00000006e2200000, 0x00000006e2200000| Untracked 
| 279|0x00000006e2300000, 0x00000006e2300000, 0x00000006e2400000|  0%| F|  |TAMS 0x00000006e2300000, 0x00000006e2300000| Untracked 
| 280|0x00000006e2400000, 0x00000006e2400000, 0x00000006e2500000|  0%| F|  |TAMS 0x00000006e2400000, 0x00000006e2400000| Untracked 
| 281|0x00000006e2500000, 0x00000006e2500000, 0x00000006e2600000|  0%| F|  |TAMS 0x00000006e2500000, 0x00000006e2500000| Untracked 
| 282|0x00000006e2600000, 0x00000006e2600000, 0x00000006e2700000|  0%| F|  |TAMS 0x00000006e2600000, 0x00000006e2600000| Untracked 
| 283|0x00000006e2700000, 0x00000006e2700000, 0x00000006e2800000|  0%| F|  |TAMS 0x00000006e2700000, 0x00000006e2700000| Untracked 
| 284|0x00000006e2800000, 0x00000006e2800000, 0x00000006e2900000|  0%| F|  |TAMS 0x00000006e2800000, 0x00000006e2800000| Untracked 
| 285|0x00000006e2900000, 0x00000006e2900000, 0x00000006e2a00000|  0%| F|  |TAMS 0x00000006e2900000, 0x00000006e2900000| Untracked 
| 286|0x00000006e2a00000, 0x00000006e2a00000, 0x00000006e2b00000|  0%| F|  |TAMS 0x00000006e2a00000, 0x00000006e2a00000| Untracked 
| 287|0x00000006e2b00000, 0x00000006e2c00000, 0x00000006e2c00000|100%| S|CS|TAMS 0x00000006e2b00000, 0x00000006e2b00000| Complete 
| 288|0x00000006e2c00000, 0x00000006e2d00000, 0x00000006e2d00000|100%| S|CS|TAMS 0x00000006e2c00000, 0x00000006e2c00000| Complete 
| 289|0x00000006e2d00000, 0x00000006e2e00000, 0x00000006e2e00000|100%| E|  |TAMS 0x00000006e2d00000, 0x00000006e2d00000| Complete 
| 290|0x00000006e2e00000, 0x00000006e2f00000, 0x00000006e2f00000|100%| E|CS|TAMS 0x00000006e2e00000, 0x00000006e2e00000| Complete 
| 291|0x00000006e2f00000, 0x00000006e3000000, 0x00000006e3000000|100%| E|CS|TAMS 0x00000006e2f00000, 0x00000006e2f00000| Complete 
| 292|0x00000006e3000000, 0x00000006e3100000, 0x00000006e3100000|100%| E|CS|TAMS 0x00000006e3000000, 0x00000006e3000000| Complete 
| 293|0x00000006e3100000, 0x00000006e3200000, 0x00000006e3200000|100%| E|CS|TAMS 0x00000006e3100000, 0x00000006e3100000| Complete 
| 294|0x00000006e3200000, 0x00000006e3300000, 0x00000006e3300000|100%| E|CS|TAMS 0x00000006e3200000, 0x00000006e3200000| Complete 
| 295|0x00000006e3300000, 0x00000006e3400000, 0x00000006e3400000|100%| E|CS|TAMS 0x00000006e3300000, 0x00000006e3300000| Complete 
| 296|0x00000006e3400000, 0x00000006e3500000, 0x00000006e3500000|100%| E|CS|TAMS 0x00000006e3400000, 0x00000006e3400000| Complete 
| 297|0x00000006e3500000, 0x00000006e3600000, 0x00000006e3600000|100%| E|CS|TAMS 0x00000006e3500000, 0x00000006e3500000| Complete 
| 298|0x00000006e3600000, 0x00000006e3700000, 0x00000006e3700000|100%| E|CS|TAMS 0x00000006e3600000, 0x00000006e3600000| Complete 
| 299|0x00000006e3700000, 0x00000006e3800000, 0x00000006e3800000|100%| E|CS|TAMS 0x00000006e3700000, 0x00000006e3700000| Complete 
| 300|0x00000006e3800000, 0x00000006e3900000, 0x00000006e3900000|100%| E|CS|TAMS 0x00000006e3800000, 0x00000006e3800000| Complete 
| 301|0x00000006e3900000, 0x00000006e3a00000, 0x00000006e3a00000|100%| E|CS|TAMS 0x00000006e3900000, 0x00000006e3900000| Complete 
| 302|0x00000006e3a00000, 0x00000006e3b00000, 0x00000006e3b00000|100%| E|CS|TAMS 0x00000006e3a00000, 0x00000006e3a00000| Complete 
| 303|0x00000006e3b00000, 0x00000006e3c00000, 0x00000006e3c00000|100%| E|CS|TAMS 0x00000006e3b00000, 0x00000006e3b00000| Complete 

Card table byte_map: [0x00007fbf8ad0c000,0x00007fbf8b686000] _byte_map_base: 0x00007fbf87686000

Marking Bits (Prev, Next): (CMBitMap*) 0x00007fbfa80a1c28, (CMBitMap*) 0x00007fbfa80a1c60
 Prev Bits: [0x00007fbf857c2000, 0x00007fbf8a392000)
 Next Bits: [0x00007fbf80bf2000, 0x00007fbf857c2000)

Polling page: 0x00007fbfafc21000

Metaspace:

Usage:
  Non-class:     12,49 MB capacity,    12,27 MB ( 98%) used,   196,41 KB (  2%) free+waste,    29,00 KB ( <1%) overhead. 
      Class:      1,49 MB capacity,     1,37 MB ( 92%) used,   109,94 KB (  7%) free+waste,    12,88 KB ( <1%) overhead. 
       Both:     13,98 MB capacity,    13,64 MB ( 98%) used,   306,34 KB (  2%) free+waste,    41,88 KB ( <1%) overhead. 

Virtual space:
  Non-class space:       14,00 MB reserved,      12,50 MB ( 89%) committed 
      Class space:        1,00 GB reserved,       1,50 MB ( <1%) committed 
             Both:        1,01 GB reserved,      14,00 MB (  1%) committed 

Chunk freelists:
   Non-Class:  15,00 KB
       Class:  8,00 KB
        Both:  23,00 KB

MaxMetaspaceSize: unlimited
CompressedClassSpaceSize: 1,00 GB
Initial GC threshold: 20,80 MB
Current GC threshold: 20,80 MB
CDS: off

CodeHeap 'non-profiled nmethods': size=120032Kb used=341Kb max_used=341Kb free=119690Kb
 bounds [0x00007fbf982e6000, 0x00007fbf98556000, 0x00007fbf9f81e000]
CodeHeap 'profiled nmethods': size=120032Kb used=1740Kb max_used=1740Kb free=118291Kb
 bounds [0x00007fbf90dae000, 0x00007fbf9101e000, 0x00007fbf982e6000]
CodeHeap 'non-nmethods': size=5696Kb used=1217Kb max_used=1217Kb free=4479Kb
 bounds [0x00007fbf9081e000, 0x00007fbf90a8e000, 0x00007fbf90dae000]
 total_blobs=1368 nmethods=955 adapters=335
 compilation: enabled
              stopped_count=0, restarted_count=0
 full_count=0

Compilation events (20 events):
Event: 1,106 Thread 0x00007fbfa82d1800 nmethod 935 0x00007fbf90f58e90 code [0x00007fbf90f59060, 0x00007fbf90f59400]
Event: 1,106 Thread 0x00007fbfa82d1800  942       3       java.lang.invoke.ClassSpecializer$Factory$1Var::slotSize (8 bytes)
Event: 1,106 Thread 0x00007fbfa82d1800 nmethod 942 0x00007fbf90f59590 code [0x00007fbf90f59740, 0x00007fbf90f59910]
Event: 1,106 Thread 0x00007fbfa82d1800  938       3       sun.invoke.util.BytecodeDescriptor::unparse (37 bytes)
Event: 1,107 Thread 0x00007fbfa82d1800 nmethod 938 0x00007fbf90f59a10 code [0x00007fbf90f59c40, 0x00007fbf90f5a350]
Event: 1,107 Thread 0x00007fbfa82d1800  943       3       sun.invoke.util.Wrapper::isDoubleWord (15 bytes)
Event: 1,107 Thread 0x00007fbfa82d1800 nmethod 943 0x00007fbf90f5a590 code [0x00007fbf90f5a740, 0x00007fbf90f5a890]
Event: 1,107 Thread 0x00007fbfa82d1800  936       3       java.lang.invoke.InvokerBytecodeGenerator::isStaticallyNameable (148 bytes)
Event: 1,111 Thread 0x00007fbfa82d1800 nmethod 936 0x00007fbf90f5a910 code [0x00007fbf90f5ae20, 0x00007fbf90f5d6b0]
Event: 1,111 Thread 0x00007fbfa82d1800  937       3       java.lang.invoke.InvokerBytecodeGenerator::assertStaticType (58 bytes)
Event: 1,112 Thread 0x00007fbfa82d1800 nmethod 937 0x00007fbf90f5e310 code [0x00007fbf90f5e500, 0x00007fbf90f5ea10]
Event: 1,112 Thread 0x00007fbfa82d1800  941       3       java.util.ArrayList::<init> (61 bytes)
Event: 1,113 Thread 0x00007fbfa82d1800 nmethod 941 0x00007fbf90f5ec10 code [0x00007fbf90f5eea0, 0x00007fbf90f5fa70]
Event: 1,113 Thread 0x00007fbfa82d1800  933       3       java.util.Arrays::rangeCheck (74 bytes)
Event: 1,114 Thread 0x00007fbfa82d1800 nmethod 933 0x00007fbf90f5fe90 code [0x00007fbf90f60180, 0x00007fbf90f60e40]
Event: 1,138 Thread 0x00007fbfa82cf800 nmethod 932 0x00007fbf98336b90 code [0x00007fbf98336dc0, 0x00007fbf98338280]
Event: 1,138 Thread 0x00007fbfa82cf800  934       4       java.lang.invoke.LambdaForm$Name::useCount (42 bytes)
Event: 1,140 Thread 0x00007fbfa82cf800 nmethod 934 0x00007fbf98338f90 code [0x00007fbf98339120, 0x00007fbf98339218]
Event: 1,140 Thread 0x00007fbfa82cf800  946       4       jdk.internal.org.objectweb.asm.Item::isEqualTo (354 bytes)
Event: 1,148 Thread 0x00007fbfa82cf800 nmethod 946 0x00007fbf98339310 code [0x00007fbf983394e0, 0x00007fbf98339d18]

GC Heap History (2 events):
Event: 0,759 GC heap before
{Heap before GC invocations=0 (full 0):
 garbage-first heap   total 311296K, used 14336K [0x00000006d0c00000, 0x0000000800000000)
  region size 1024K, 15 young (15360K), 0 survivors (0K)
 Metaspace       used 10306K, capacity 10531K, committed 10624K, reserved 1058816K
  class space    used 1010K, capacity 1079K, committed 1152K, reserved 1048576K
}
Event: 0,777 GC heap after
{Heap after GC invocations=1 (full 0):
 garbage-first heap   total 311296K, used 2716K [0x00000006d0c00000, 0x0000000800000000)
  region size 1024K, 2 young (2048K), 2 survivors (2048K)
 Metaspace       used 10306K, capacity 10531K, committed 10624K, reserved 1058816K
  class space    used 1010K, capacity 1079K, committed 1152K, reserved 1048576K
}

Deoptimization events (20 events):
Event: 0,723 Thread 0x00007fbfa802b800 Uncommon trap: trap_request=0xffffffc6 fr.pc=0x00007fbf982f0614 relative=0x0000000000000074
Event: 0,723 Thread 0x00007fbfa802b800 Uncommon trap: reason=bimorphic_or_optimized_type_check action=maybe_recompile pc=0x00007fbf982f0614 method=java.util.AbstractCollection.isEmpty()Z @ 1 c2
Event: 0,723 Thread 0x00007fbfa802b800 DEOPT PACKING pc=0x00007fbf982f0614 sp=0x00007fbfae0b1cb0
Event: 0,723 Thread 0x00007fbfa802b800 DEOPT UNPACKING pc=0x00007fbf90867ea5 sp=0x00007fbfae0b1c70 mode 2
Event: 0,723 Thread 0x00007fbfa802b800 Uncommon trap: trap_request=0xffffffc6 fr.pc=0x00007fbf982f0614 relative=0x0000000000000074
Event: 0,723 Thread 0x00007fbfa802b800 Uncommon trap: reason=bimorphic_or_optimized_type_check action=maybe_recompile pc=0x00007fbf982f0614 method=java.util.AbstractCollection.isEmpty()Z @ 1 c2
Event: 0,723 Thread 0x00007fbfa802b800 DEOPT PACKING pc=0x00007fbf982f0614 sp=0x00007fbfae0b1e80
Event: 0,723 Thread 0x00007fbfa802b800 DEOPT UNPACKING pc=0x00007fbf90867ea5 sp=0x00007fbfae0b1e40 mode 2
Event: 0,725 Thread 0x00007fbfa802b800 Uncommon trap: trap_request=0xffffffc6 fr.pc=0x00007fbf982f0614 relative=0x0000000000000074
Event: 0,725 Thread 0x00007fbfa802b800 Uncommon trap: reason=bimorphic_or_optimized_type_check action=maybe_recompile pc=0x00007fbf982f0614 method=java.util.AbstractCollection.isEmpty()Z @ 1 c2
Event: 0,725 Thread 0x00007fbfa802b800 DEOPT PACKING pc=0x00007fbf982f0614 sp=0x00007fbfae0b1ea0
Event: 0,725 Thread 0x00007fbfa802b800 DEOPT UNPACKING pc=0x00007fbf90867ea5 sp=0x00007fbfae0b1e60 mode 2
Event: 0,843 Thread 0x00007fbfa802b800 Uncommon trap: trap_request=0xffffffc6 fr.pc=0x00007fbf98304178 relative=0x00000000000005f8
Event: 0,843 Thread 0x00007fbfa802b800 Uncommon trap: reason=bimorphic_or_optimized_type_check action=maybe_recompile pc=0x00007fbf98304178 method=java.util.HashMap.getNode(ILjava/lang/Object;)Ljava/util/HashMap$Node; @ 59 c2
Event: 0,843 Thread 0x00007fbfa802b800 DEOPT PACKING pc=0x00007fbf98304178 sp=0x00007fbfae0ab300
Event: 0,843 Thread 0x00007fbfa802b800 DEOPT UNPACKING pc=0x00007fbf90867ea5 sp=0x00007fbfae0ab268 mode 2
Event: 0,861 Thread 0x00007fbfa802b800 Uncommon trap: trap_request=0xffffff4d fr.pc=0x00007fbf98306ffc relative=0x000000000000023c
Event: 0,861 Thread 0x00007fbfa802b800 Uncommon trap: reason=unstable_if action=reinterpret pc=0x00007fbf98306ffc method=java.lang.String.startsWith(Ljava/lang/String;I)Z @ 14 c2
Event: 0,861 Thread 0x00007fbfa802b800 DEOPT PACKING pc=0x00007fbf98306ffc sp=0x00007fbfae0b2bc0
Event: 0,861 Thread 0x00007fbfa802b800 DEOPT UNPACKING pc=0x00007fbf90867ea5 sp=0x00007fbfae0b2b58 mode 2

Classes redefined (0 events):
No events

Internal exceptions (10 events):
Event: 0,315 Thread 0x00007fbfa802b800 Exception <a 'java/io/FileNotFoundException'{0x00000006e389efe8}> (0x00000006e389efe8) thrown at [./src/hotspot/share/prims/jni.cpp, line 617]
Event: 0,702 Thread 0x00007fbfa802b800 Exception <a 'java/lang/NoSuchMethodError'{0x00000006e2ec0550}: 'void java.lang.invoke.DirectMethodHandle$Holder.invokeStaticInit(java.lang.Object, java.lang.Object)'> (0x00000006e2ec0550) thrown at [./src/hotspot/share/interpreter/linkResolver.cpp, line 773]
Event: 0,755 Thread 0x00007fbfa802b800 Exception <a 'java/lang/NoSuchMethodError'{0x00000006e2de6a48}: 'java.lang.Object java.lang.invoke.DirectMethodHandle$Holder.invokeStatic(java.lang.Object, java.lang.Object, java.lang.Object, java.lang.Object, java.lang.Object, java.lang.Object, java.lang.Object, java.lang.Object, java.lang.Object, java.lang.Object, java.lang.Object, int)'> (0x00000006e2de6a48) thrown at [./src/hotspot/share/interpreter/linkResolver.cpp, line 773]
Event: 0,780 Thread 0x00007fbfa802b800 Exception <a 'java/lang/NoSuchMethodError'{0x00000006e3b076c8}: 'java.lang.Object java.lang.invoke.DirectMethodHandle$Holder.invokeStatic(java.lang.Object, java.lang.Object, java.lang.Object, java.lang.Object, java.lang.Object, java.lang.Object, java.lang.Object, java.lang.Object, java.lang.Object, java.lang.Object, java.lang.Object, int, int)'> (0x00000006e3b076c8) thrown at [./src/hotspot/share/interpreter/linkResolver.cpp, line 773]
Event: 0,784 Thread 0x00007fbfa802b800 Exception <a 'java/lang/NoSuchMethodError'{0x00000006e3b282e0}: 'java.lang.Object java.lang.invoke.DirectMethodHandle$Holder.invokeStatic(java.lang.Object, java.lang.Object, java.lang.Object, java.lang.Object, java.lang.Object, java.lang.Object, java.lang.Object, java.lang.Object, java.lang.Object, java.lang.Object, java.lang.Object, int, int, java.lang.Object)'> (0x00000006e3b282e0) thrown at [./src/hotspot/share/interpreter/linkResolver.cpp, line 773]
Event: 0,789 Thread 0x00007fbfa802b800 Exception <a 'java/lang/NoSuchMethodError'{0x00000006e3b4a018}: 'java.lang.Object java.lang.invoke.DirectMethodHandle$Holder.invokeStatic(java.lang.Object, java.lang.Object, java.lang.Object, java.lang.Object, java.lang.Object, java.lang.Object, java.lang.Object, java.lang.Object, java.lang.Object, java.lang.Object, java.lang.Object, int, int, java.lang.Object, java.lang.Object)'> (0x00000006e3b4a018) thrown at [./src/hotspot/share/interpreter/linkResolver.cpp, line 773]
Event: 0,860 Thread 0x00007fbfa802b800 Exception <a 'java/lang/NoSuchMethodError'{0x00000006e383d860}: 'int java.lang.invoke.DirectMethodHandle$Holder.invokeStaticInit(java.lang.Object, java.lang.Object)'> (0x00000006e383d860) thrown at [./src/hotspot/share/interpreter/linkResolver.cpp, line 773]
Event: 0,911 Thread 0x00007fbfa802b800 Exception <a 'java/lang/NoSuchMethodError'{0x00000006e3776ba0}: 'java.lang.Object java.lang.invoke.DirectMethodHandle$Holder.invokeStatic(java.lang.Object, java.lang.Object, java.lang.Object, java.lang.Object, java.lang.Object, java.lang.Object, java.lang.Object, java.lang.Object, java.lang.Object, java.lang.Object, java.lang.Object, java.lang.Object, java.lang.Object, int)'> (0x00000006e3776ba0) thrown at [./src/hotspot/share/interpreter/linkResolver.cpp, line 773]
Event: 0,913 Thread 0x00007fbfa802b800 Exception <a 'java/lang/NoSuchMethodError'{0x00000006e37849f0}: 'java.lang.Object java.lang.invoke.DirectMethodHandle$Holder.invokeStatic(java.lang.Object, java.lang.Object, java.lang.Object, java.lang.Object, java.lang.Object, java.lang.Object, java.lang.Object, java.lang.Object, java.lang.Object, java.lang.Object, java.lang.Object, java.lang.Object, java.lang.Object, int, int)'> (0x00000006e37849f0) thrown at [./src/hotspot/share/interpreter/linkResolver.cpp, line 773]
Event: 4,075 Thread 0x00007fbfa802b800 Exception <a 'java/lang/NoSuchMethodError'{0x00000006e35fd328}: 'void java.lang.invoke.DirectMethodHandle$Holder.invokeInterface(java.lang.Object, java.lang.Object)'> (0x00000006e35fd328) thrown at [./src/hotspot/share/interpreter/linkResolver.cpp, line 773]

Events (20 events):
Event: 8,196 Executing VM operation: GetFrameCount
Event: 8,197 Executing VM operation: GetFrameCount done
Event: 8,197 Executing VM operation: GetStackTrace
Event: 8,197 Executing VM operation: GetStackTrace done
Event: 8,198 Executing VM operation: GetFrameCount
Event: 8,198 Executing VM operation: GetFrameCount done
Event: 8,198 Executing VM operation: GetStackTrace
Event: 8,198 Executing VM operation: GetStackTrace done
Event: 9,401 Executing VM operation: GetFrameCount
Event: 9,402 Executing VM operation: GetFrameCount done
Event: 9,402 Executing VM operation: SetFramePop
Event: 9,402 Executing VM operation: SetFramePop done
Event: 9,402 Executing VM operation: GetFrameLocation
Event: 9,402 Executing VM operation: GetFrameLocation done
Event: 9,402 Executing VM operation: GetCurrentLocation
Event: 9,402 Executing VM operation: GetCurrentLocation done
Event: 9,402 Executing VM operation: ChangeSingleStep
Event: 9,402 Executing VM operation: ChangeSingleStep done
Event: 9,402 Executing VM operation: ChangeSingleStep
Event: 9,402 Executing VM operation: ChangeSingleStep done


Dynamic libraries:
6d0c00000-6e3c00000 rw-p 00000000 00:00 0 
6e3c00000-800000000 ---p 00000000 00:00 0 
800000000-800180000 rw-p 00000000 00:00 0 
800180000-840000000 ---p 00000000 00:00 0 
55a065000000-55a065001000 r-xp 00000000 fd:01 1705186                    /home/janel/.jdks/corretto-11.0.15/bin/java
55a065201000-55a065202000 r--p 00001000 fd:01 1705186                    /home/janel/.jdks/corretto-11.0.15/bin/java
55a065202000-55a065203000 rw-p 00002000 fd:01 1705186                    /home/janel/.jdks/corretto-11.0.15/bin/java
55a0653c8000-55a0653e9000 rw-p 00000000 00:00 0                          [heap]
7fbf27e00000-7fbf27e80000 rw-p 00000000 00:00 0 
7fbf27e80000-7fbf28000000 ---p 00000000 00:00 0 
7fbf28000000-7fbf28021000 rw-p 00000000 00:00 0 
7fbf28021000-7fbf2c000000 ---p 00000000 00:00 0 
7fbf2c000000-7fbf2c021000 rw-p 00000000 00:00 0 
7fbf2c021000-7fbf30000000 ---p 00000000 00:00 0 
7fbf30000000-7fbf301a8000 rw-p 00000000 00:00 0 
7fbf301a8000-7fbf34000000 ---p 00000000 00:00 0 
7fbf34000000-7fbf34021000 rw-p 00000000 00:00 0 
7fbf34021000-7fbf38000000 ---p 00000000 00:00 0 
7fbf38000000-7fbf38021000 rw-p 00000000 00:00 0 
7fbf38021000-7fbf3c000000 ---p 00000000 00:00 0 
7fbf3c000000-7fbf3c021000 rw-p 00000000 00:00 0 
7fbf3c021000-7fbf40000000 ---p 00000000 00:00 0 
7fbf40000000-7fbf4002c000 rw-p 00000000 00:00 0 
7fbf4002c000-7fbf44000000 ---p 00000000 00:00 0 
7fbf44000000-7fbf4402e000 rw-p 00000000 00:00 0 
7fbf4402e000-7fbf48000000 ---p 00000000 00:00 0 
7fbf48000000-7fbf48021000 rw-p 00000000 00:00 0 
7fbf48021000-7fbf4c000000 ---p 00000000 00:00 0 
7fbf4c000000-7fbf4c021000 rw-p 00000000 00:00 0 
7fbf4c021000-7fbf50000000 ---p 00000000 00:00 0 
7fbf50000000-7fbf50457000 rw-p 00000000 00:00 0 
7fbf50457000-7fbf54000000 ---p 00000000 00:00 0 
7fbf54000000-7fbf5433b000 rw-p 00000000 00:00 0 
7fbf5433b000-7fbf58000000 ---p 00000000 00:00 0 
7fbf58000000-7fbf58021000 rw-p 00000000 00:00 0 
7fbf58021000-7fbf5c000000 ---p 00000000 00:00 0 
7fbf5c000000-7fbf5c021000 rw-p 00000000 00:00 0 
7fbf5c021000-7fbf60000000 ---p 00000000 00:00 0 
7fbf60000000-7fbf60021000 rw-p 00000000 00:00 0 
7fbf60021000-7fbf64000000 ---p 00000000 00:00 0 
7fbf64000000-7fbf64021000 rw-p 00000000 00:00 0 
7fbf64021000-7fbf68000000 ---p 00000000 00:00 0 
7fbf68000000-7fbf68021000 rw-p 00000000 00:00 0 
7fbf68021000-7fbf6c000000 ---p 00000000 00:00 0 
7fbf6c000000-7fbf6c021000 rw-p 00000000 00:00 0 
7fbf6c021000-7fbf70000000 ---p 00000000 00:00 0 
7fbf70000000-7fbf70021000 rw-p 00000000 00:00 0 
7fbf70021000-7fbf74000000 ---p 00000000 00:00 0 
7fbf74000000-7fbf74021000 rw-p 00000000 00:00 0 
7fbf74021000-7fbf78000000 ---p 00000000 00:00 0 
7fbf7809c000-7fbf78991000 r-xp 00000000 fd:01 28199709                   /home/janel/Desktop/Studium/Semester_6/Bachelorarbeit/nochmalneu/lib/java/runtime-mathsat/libmathsat5j.so
7fbf78991000-7fbf78b91000 ---p 008f5000 fd:01 28199709                   /home/janel/Desktop/Studium/Semester_6/Bachelorarbeit/nochmalneu/lib/java/runtime-mathsat/libmathsat5j.so
7fbf78b91000-7fbf78bac000 r--p 008f5000 fd:01 28199709                   /home/janel/Desktop/Studium/Semester_6/Bachelorarbeit/nochmalneu/lib/java/runtime-mathsat/libmathsat5j.so
7fbf78bac000-7fbf78bc0000 rw-p 00910000 fd:01 28199709                   /home/janel/Desktop/Studium/Semester_6/Bachelorarbeit/nochmalneu/lib/java/runtime-mathsat/libmathsat5j.so
7fbf78bc0000-7fbf78dc3000 rw-p 00000000 00:00 0 
7fbf78dc3000-7fbf78dc4000 ---p 00000000 00:00 0 
7fbf78dc4000-7fbf78ec5000 rw-p 00000000 00:00 0 
7fbf78ec5000-7fbf78ec6000 ---p 00000000 00:00 0 
7fbf78ec6000-7fbf78fc7000 rw-p 00000000 00:00 0 
7fbf78fc7000-7fbf78fc8000 ---p 00000000 00:00 0 
7fbf78fc8000-7fbf792c9000 rw-p 00000000 00:00 0 
7fbf792c9000-7fbf792cd000 ---p 00000000 00:00 0 
7fbf792cd000-7fbf793ca000 rw-p 00000000 00:00 0 
7fbf793ca000-7fbf793df000 r-xp 00000000 fd:01 1705145                    /home/janel/.jdks/corretto-11.0.15/lib/libnet.so
7fbf793df000-7fbf795df000 ---p 00015000 fd:01 1705145                    /home/janel/.jdks/corretto-11.0.15/lib/libnet.so
7fbf795df000-7fbf795e0000 r--p 00015000 fd:01 1705145                    /home/janel/.jdks/corretto-11.0.15/lib/libnet.so
7fbf795e0000-7fbf795e1000 rw-p 00016000 fd:01 1705145                    /home/janel/.jdks/corretto-11.0.15/lib/libnet.so
7fbf795e1000-7fbf795f1000 r-xp 00000000 fd:01 1705146                    /home/janel/.jdks/corretto-11.0.15/lib/libnio.so
7fbf795f1000-7fbf797f1000 ---p 00010000 fd:01 1705146                    /home/janel/.jdks/corretto-11.0.15/lib/libnio.so
7fbf797f1000-7fbf797f2000 r--p 00010000 fd:01 1705146                    /home/janel/.jdks/corretto-11.0.15/lib/libnio.so
7fbf797f2000-7fbf797f3000 rw-p 00011000 fd:01 1705146                    /home/janel/.jdks/corretto-11.0.15/lib/libnio.so
7fbf797f3000-7fbf797f4000 ---p 00000000 00:00 0 
7fbf797f4000-7fbf798f5000 rw-p 00000000 00:00 0 
7fbf798f5000-7fbf798f9000 ---p 00000000 00:00 0 
7fbf798f9000-7fbf799f6000 rw-p 00000000 00:00 0 
7fbf799f6000-7fbf799fa000 ---p 00000000 00:00 0 
7fbf799fa000-7fbf79af7000 rw-p 00000000 00:00 0 
7fbf79af7000-7fbf79afb000 ---p 00000000 00:00 0 
7fbf79afb000-7fbf79bf8000 rw-p 00000000 00:00 0 
7fbf79bf8000-7fbf79bfc000 r-xp 00000000 fd:01 1705167                    /home/janel/.jdks/corretto-11.0.15/lib/libdt_socket.so
7fbf79bfc000-7fbf79dfc000 ---p 00004000 fd:01 1705167                    /home/janel/.jdks/corretto-11.0.15/lib/libdt_socket.so
7fbf79dfc000-7fbf79dfd000 r--p 00004000 fd:01 1705167                    /home/janel/.jdks/corretto-11.0.15/lib/libdt_socket.so
7fbf79dfd000-7fbf79dfe000 rw-p 00005000 fd:01 1705167                    /home/janel/.jdks/corretto-11.0.15/lib/libdt_socket.so
7fbf79dfe000-7fbf79e02000 ---p 00000000 00:00 0 
7fbf79e02000-7fbf79eff000 rw-p 00000000 00:00 0 
7fbf79eff000-7fbf79f03000 ---p 00000000 00:00 0 
7fbf79f03000-7fbf7c000000 rw-p 00000000 00:00 0 
7fbf7c000000-7fbf7c021000 rw-p 00000000 00:00 0 
7fbf7c021000-7fbf80000000 ---p 00000000 00:00 0 
7fbf800ef000-7fbf800f3000 ---p 00000000 00:00 0 
7fbf800f3000-7fbf801f0000 rw-p 00000000 00:00 0 
7fbf801f0000-7fbf801f4000 ---p 00000000 00:00 0 
7fbf801f4000-7fbf802f1000 rw-p 00000000 00:00 0 
7fbf802f1000-7fbf802f5000 ---p 00000000 00:00 0 
7fbf802f5000-7fbf810b2000 rw-p 00000000 00:00 0 
7fbf810b2000-7fbf857c2000 ---p 00000000 00:00 0 
7fbf857c2000-7fbf85c82000 rw-p 00000000 00:00 0 
7fbf85c82000-7fbf8a392000 ---p 00000000 00:00 0 
7fbf8a392000-7fbf8a42a000 rw-p 00000000 00:00 0 
7fbf8a42a000-7fbf8ad0c000 ---p 00000000 00:00 0 
7fbf8ad0c000-7fbf8ada4000 rw-p 00000000 00:00 0 
7fbf8ada4000-7fbf8b686000 ---p 00000000 00:00 0 
7fbf8b686000-7fbf8b71e000 rw-p 00000000 00:00 0 
7fbf8b71e000-7fbf8c000000 ---p 00000000 00:00 0 
7fbf8c000000-7fbf8c021000 rw-p 00000000 00:00 0 
7fbf8c021000-7fbf90000000 ---p 00000000 00:00 0 
7fbf9005a000-7fbf9005d000 r--p 00000000 fd:01 8918008                    /usr/lib/x86_64-linux-gnu/libgcc_s.so.1
7fbf9005d000-7fbf9006f000 r-xp 00003000 fd:01 8918008                    /usr/lib/x86_64-linux-gnu/libgcc_s.so.1
7fbf9006f000-7fbf90073000 r--p 00015000 fd:01 8918008                    /usr/lib/x86_64-linux-gnu/libgcc_s.so.1
7fbf90073000-7fbf90074000 r--p 00018000 fd:01 8918008                    /usr/lib/x86_64-linux-gnu/libgcc_s.so.1
7fbf90074000-7fbf90075000 rw-p 00019000 fd:01 8918008                    /usr/lib/x86_64-linux-gnu/libgcc_s.so.1
7fbf90093000-7fbf90097000 ---p 00000000 00:00 0 
7fbf90097000-7fbf90194000 rw-p 00000000 00:00 0 
7fbf90194000-7fbf90198000 ---p 00000000 00:00 0 
7fbf90198000-7fbf90295000 rw-p 00000000 00:00 0 
7fbf90295000-7fbf90299000 ---p 00000000 00:00 0 
7fbf90299000-7fbf90396000 rw-p 00000000 00:00 0 
7fbf90396000-7fbf90397000 ---p 00000000 00:00 0 
7fbf90397000-7fbf90519000 rw-p 00000000 00:00 0 
7fbf90519000-7fbf9051a000 ---p 00000000 00:00 0 
7fbf9051a000-7fbf9061b000 rw-p 00000000 00:00 0 
7fbf9061b000-7fbf9061c000 ---p 00000000 00:00 0 
7fbf9061c000-7fbf9081e000 rw-p 00000000 00:00 0 
7fbf9081e000-7fbf90a8e000 rwxp 00000000 00:00 0 
7fbf90a8e000-7fbf90dae000 ---p 00000000 00:00 0 
7fbf90dae000-7fbf9101e000 rwxp 00000000 00:00 0 
7fbf9101e000-7fbf982e6000 ---p 00000000 00:00 0 
7fbf982e6000-7fbf98556000 rwxp 00000000 00:00 0 
7fbf98556000-7fbf9f81e000 ---p 00000000 00:00 0 
7fbf9f81e000-7fbfa8000000 r--s 00000000 fd:01 1705122                    /home/janel/.jdks/corretto-11.0.15/lib/modules
7fbfa8000000-7fbfa88e4000 rw-p 00000000 00:00 0 
7fbfa88e4000-7fbfac000000 ---p 00000000 00:00 0 
7fbfac005000-7fbfac02b000 r--p 00000000 fd:01 11414479                   /usr/share/locale-langpack/de/LC_MESSAGES/libc.mo
7fbfac02b000-7fbfac032000 r--s 00000000 fd:01 9573802                    /usr/lib/x86_64-linux-gnu/gconv/gconv-modules.cache
7fbfac032000-7fbfac390000 rw-p 00000000 00:00 0 
7fbfac390000-7fbfac391000 ---p 00000000 00:00 0 
7fbfac391000-7fbfac492000 rw-p 00000000 00:00 0 
7fbfac492000-7fbfac493000 ---p 00000000 00:00 0 
7fbfac493000-7fbfaca3a000 rw-p 00000000 00:00 0 
7fbfaca3a000-7fbfaca3b000 ---p 00000000 00:00 0 
7fbfaca3b000-7fbfacb41000 rw-p 00000000 00:00 0 
7fbfacb41000-7fbfacc27000 ---p 00000000 00:00 0 
7fbfacc27000-7fbfacc2c000 rw-p 00000000 00:00 0 
7fbfacc2c000-7fbfacd12000 ---p 00000000 00:00 0 
7fbfacd12000-7fbfacd17000 rw-p 00000000 00:00 0 
7fbfacd17000-7fbfacd1e000 ---p 00000000 00:00 0 
7fbfacd1e000-7fbfacd24000 r--s 000f8000 07:2a 1312                       /snap/intellij-idea-community/464/plugins/java/lib/rt/debugger-agent.jar
7fbfacd24000-7fbfacd3e000 r-xp 00000000 fd:01 1705143                    /home/janel/.jdks/corretto-11.0.15/lib/libzip.so
7fbfacd3e000-7fbfacf3e000 ---p 0001a000 fd:01 1705143                    /home/janel/.jdks/corretto-11.0.15/lib/libzip.so
7fbfacf3e000-7fbfacf3f000 r--p 0001a000 fd:01 1705143                    /home/janel/.jdks/corretto-11.0.15/lib/libzip.so
7fbfacf3f000-7fbfacf40000 rw-p 00000000 00:00 0 
7fbfacf40000-7fbfad50a000 r--p 00000000 fd:01 8913749                    /usr/lib/locale/locale-archive
7fbfad50a000-7fbfad514000 r-xp 00000000 fd:01 1705176                    /home/janel/.jdks/corretto-11.0.15/lib/libinstrument.so
7fbfad514000-7fbfad713000 ---p 0000a000 fd:01 1705176                    /home/janel/.jdks/corretto-11.0.15/lib/libinstrument.so
7fbfad713000-7fbfad714000 r--p 00009000 fd:01 1705176                    /home/janel/.jdks/corretto-11.0.15/lib/libinstrument.so
7fbfad714000-7fbfad715000 rw-p 0000a000 fd:01 1705176                    /home/janel/.jdks/corretto-11.0.15/lib/libinstrument.so
7fbfad715000-7fbfad751000 r-xp 00000000 fd:01 1705168                    /home/janel/.jdks/corretto-11.0.15/lib/libjdwp.so
7fbfad751000-7fbfad950000 ---p 0003c000 fd:01 1705168                    /home/janel/.jdks/corretto-11.0.15/lib/libjdwp.so
7fbfad950000-7fbfad951000 r--p 0003b000 fd:01 1705168                    /home/janel/.jdks/corretto-11.0.15/lib/libjdwp.so
7fbfad951000-7fbfad952000 rw-p 0003c000 fd:01 1705168                    /home/janel/.jdks/corretto-11.0.15/lib/libjdwp.so
7fbfad952000-7fbfad96d000 r-xp 00000000 fd:01 1705144                    /home/janel/.jdks/corretto-11.0.15/lib/libjimage.so
7fbfad96d000-7fbfadb6d000 ---p 0001b000 fd:01 1705144                    /home/janel/.jdks/corretto-11.0.15/lib/libjimage.so
7fbfadb6d000-7fbfadb6f000 r--p 0001b000 fd:01 1705144                    /home/janel/.jdks/corretto-11.0.15/lib/libjimage.so
7fbfadb6f000-7fbfadb70000 rw-p 0001d000 fd:01 1705144                    /home/janel/.jdks/corretto-11.0.15/lib/libjimage.so
7fbfadb70000-7fbfadb9a000 r-xp 00000000 fd:01 1705142                    /home/janel/.jdks/corretto-11.0.15/lib/libjava.so
7fbfadb9a000-7fbfadd99000 ---p 0002a000 fd:01 1705142                    /home/janel/.jdks/corretto-11.0.15/lib/libjava.so
7fbfadd99000-7fbfadd9a000 r--p 00029000 fd:01 1705142                    /home/janel/.jdks/corretto-11.0.15/lib/libjava.so
7fbfadd9a000-7fbfadd9b000 rw-p 0002a000 fd:01 1705142                    /home/janel/.jdks/corretto-11.0.15/lib/libjava.so
7fbfadd9b000-7fbfadd9c000 rw-p 00000000 00:00 0 
7fbfadd9c000-7fbfadda9000 r-xp 00000000 fd:01 1705140                    /home/janel/.jdks/corretto-11.0.15/lib/libverify.so
7fbfadda9000-7fbfadfa8000 ---p 0000d000 fd:01 1705140                    /home/janel/.jdks/corretto-11.0.15/lib/libverify.so
7fbfadfa8000-7fbfadfaa000 r--p 0000c000 fd:01 1705140                    /home/janel/.jdks/corretto-11.0.15/lib/libverify.so
7fbfadfaa000-7fbfadfab000 rw-p 00000000 00:00 0 
7fbfadfab000-7fbfadfad000 r--p 00000000 fd:01 8915073                    /usr/lib/x86_64-linux-gnu/librt-2.31.so
7fbfadfad000-7fbfadfb1000 r-xp 00002000 fd:01 8915073                    /usr/lib/x86_64-linux-gnu/librt-2.31.so
7fbfadfb1000-7fbfadfb3000 r--p 00006000 fd:01 8915073                    /usr/lib/x86_64-linux-gnu/librt-2.31.so
7fbfadfb3000-7fbfadfb4000 r--p 00007000 fd:01 8915073                    /usr/lib/x86_64-linux-gnu/librt-2.31.so
7fbfadfb4000-7fbfadfb5000 rw-p 00008000 fd:01 8915073                    /usr/lib/x86_64-linux-gnu/librt-2.31.so
7fbfadfb5000-7fbfadfb9000 ---p 00000000 00:00 0 
7fbfadfb9000-7fbfae0b6000 rw-p 00000000 00:00 0 
7fbfae0b6000-7fbfae0c3000 r--p 00000000 fd:01 8915060                    /usr/lib/x86_64-linux-gnu/libm-2.31.so
7fbfae0c3000-7fbfae16a000 r-xp 0000d000 fd:01 8915060                    /usr/lib/x86_64-linux-gnu/libm-2.31.so
7fbfae16a000-7fbfae203000 r--p 000b4000 fd:01 8915060                    /usr/lib/x86_64-linux-gnu/libm-2.31.so
7fbfae203000-7fbfae204000 r--p 0014c000 fd:01 8915060                    /usr/lib/x86_64-linux-gnu/libm-2.31.so
7fbfae204000-7fbfae205000 rw-p 0014d000 fd:01 8915060                    /usr/lib/x86_64-linux-gnu/libm-2.31.so
7fbfae205000-7fbfaf475000 r-xp 00000000 fd:01 1705134                    /home/janel/.jdks/corretto-11.0.15/lib/server/libjvm.so
7fbfaf475000-7fbfaf675000 ---p 01270000 fd:01 1705134                    /home/janel/.jdks/corretto-11.0.15/lib/server/libjvm.so
7fbfaf675000-7fbfaf73a000 r--p 01270000 fd:01 1705134                    /home/janel/.jdks/corretto-11.0.15/lib/server/libjvm.so
7fbfaf73a000-7fbfaf775000 rw-p 01335000 fd:01 1705134                    /home/janel/.jdks/corretto-11.0.15/lib/server/libjvm.so
7fbfaf775000-7fbfaf7cf000 rw-p 00000000 00:00 0 
7fbfaf7cf000-7fbfaf7f1000 r--p 00000000 fd:01 8915058                    /usr/lib/x86_64-linux-gnu/libc-2.31.so
7fbfaf7f1000-7fbfaf969000 r-xp 00022000 fd:01 8915058                    /usr/lib/x86_64-linux-gnu/libc-2.31.so
7fbfaf969000-7fbfaf9b7000 r--p 0019a000 fd:01 8915058                    /usr/lib/x86_64-linux-gnu/libc-2.31.so
7fbfaf9b7000-7fbfaf9bb000 r--p 001e7000 fd:01 8915058                    /usr/lib/x86_64-linux-gnu/libc-2.31.so
7fbfaf9bb000-7fbfaf9bd000 rw-p 001eb000 fd:01 8915058                    /usr/lib/x86_64-linux-gnu/libc-2.31.so
7fbfaf9bd000-7fbfaf9c1000 rw-p 00000000 00:00 0 
7fbfaf9c1000-7fbfaf9c2000 r--p 00000000 fd:01 8915059                    /usr/lib/x86_64-linux-gnu/libdl-2.31.so
7fbfaf9c2000-7fbfaf9c4000 r-xp 00001000 fd:01 8915059                    /usr/lib/x86_64-linux-gnu/libdl-2.31.so
7fbfaf9c4000-7fbfaf9c5000 r--p 00003000 fd:01 8915059                    /usr/lib/x86_64-linux-gnu/libdl-2.31.so
7fbfaf9c5000-7fbfaf9c6000 r--p 00003000 fd:01 8915059                    /usr/lib/x86_64-linux-gnu/libdl-2.31.so
7fbfaf9c6000-7fbfaf9c7000 rw-p 00004000 fd:01 8915059                    /usr/lib/x86_64-linux-gnu/libdl-2.31.so
7fbfaf9c7000-7fbfaf9e1000 r-xp 00000000 fd:01 1705139                    /home/janel/.jdks/corretto-11.0.15/lib/jli/libjli.so
7fbfaf9e1000-7fbfafbe0000 ---p 0001a000 fd:01 1705139                    /home/janel/.jdks/corretto-11.0.15/lib/jli/libjli.so
7fbfafbe0000-7fbfafbe1000 r--p 00019000 fd:01 1705139                    /home/janel/.jdks/corretto-11.0.15/lib/jli/libjli.so
7fbfafbe1000-7fbfafbe2000 rw-p 0001a000 fd:01 1705139                    /home/janel/.jdks/corretto-11.0.15/lib/jli/libjli.so
7fbfafbe2000-7fbfafbe8000 r--p 00000000 fd:01 8915071                    /usr/lib/x86_64-linux-gnu/libpthread-2.31.so
7fbfafbe8000-7fbfafbf9000 r-xp 00006000 fd:01 8915071                    /usr/lib/x86_64-linux-gnu/libpthread-2.31.so
7fbfafbf9000-7fbfafbff000 r--p 00017000 fd:01 8915071                    /usr/lib/x86_64-linux-gnu/libpthread-2.31.so
7fbfafbff000-7fbfafc00000 r--p 0001c000 fd:01 8915071                    /usr/lib/x86_64-linux-gnu/libpthread-2.31.so
7fbfafc00000-7fbfafc01000 rw-p 0001d000 fd:01 8915071                    /usr/lib/x86_64-linux-gnu/libpthread-2.31.so
7fbfafc01000-7fbfafc05000 rw-p 00000000 00:00 0 
7fbfafc05000-7fbfafc0d000 rw-s 00000000 fd:01 11535277                   /tmp/hsperfdata_janel/94309
7fbfafc0d000-7fbfafc10000 r--p 00000000 fd:01 8915066                    /usr/lib/x86_64-linux-gnu/libnss_files-2.31.so
7fbfafc10000-7fbfafc17000 r-xp 00003000 fd:01 8915066                    /usr/lib/x86_64-linux-gnu/libnss_files-2.31.so
7fbfafc17000-7fbfafc19000 r--p 0000a000 fd:01 8915066                    /usr/lib/x86_64-linux-gnu/libnss_files-2.31.so
7fbfafc19000-7fbfafc1a000 r--p 0000b000 fd:01 8915066                    /usr/lib/x86_64-linux-gnu/libnss_files-2.31.so
7fbfafc1a000-7fbfafc1b000 rw-p 0000c000 fd:01 8915066                    /usr/lib/x86_64-linux-gnu/libnss_files-2.31.so
7fbfafc1b000-7fbfafc21000 rw-p 00000000 00:00 0 
7fbfafc21000-7fbfafc22000 ---p 00000000 00:00 0 
7fbfafc22000-7fbfafc23000 r--p 00000000 00:00 0 
7fbfafc23000-7fbfafc25000 rw-p 00000000 00:00 0 
7fbfafc25000-7fbfafc26000 r--p 00000000 fd:01 8915051                    /usr/lib/x86_64-linux-gnu/ld-2.31.so
7fbfafc26000-7fbfafc49000 r-xp 00001000 fd:01 8915051                    /usr/lib/x86_64-linux-gnu/ld-2.31.so
7fbfafc49000-7fbfafc51000 r--p 00024000 fd:01 8915051                    /usr/lib/x86_64-linux-gnu/ld-2.31.so
7fbfafc52000-7fbfafc53000 r--p 0002c000 fd:01 8915051                    /usr/lib/x86_64-linux-gnu/ld-2.31.so
7fbfafc53000-7fbfafc54000 rw-p 0002d000 fd:01 8915051                    /usr/lib/x86_64-linux-gnu/ld-2.31.so
7fbfafc54000-7fbfafc55000 rw-p 00000000 00:00 0 
7ffc453c7000-7ffc453e9000 rw-p 00000000 00:00 0                          [stack]
7ffc453f4000-7ffc453f8000 r--p 00000000 00:00 0                          [vvar]
7ffc453f8000-7ffc453fa000 r-xp 00000000 00:00 0                          [vdso]
ffffffffff600000-ffffffffff601000 --xp 00000000 00:00 0                  [vsyscall]


VM Arguments:
jvm_args: -agentlib:jdwp=transport=dt_socket,address=127.0.0.1:60881,suspend=y,server=n -ea -Didea.test.cyclic.buffer.size=1048576 -javaagent:/snap/intellij-idea-community/464/plugins/java/lib/rt/debugger-agent.jar -Dfile.encoding=UTF-8 
java_command: com.intellij.rt.junit.JUnitStarter -ideVersion5 -junit4 org.sosy_lab.java_smt.test.BooleanGeneratorTest
java_class_path (initial): /snap/intellij-idea-community/464/lib/idea_rt.jar:/snap/intellij-idea-community/464/plugins/junit/lib/junit5-rt.jar:/snap/intellij-idea-community/464/plugins/junit/lib/junit-rt.jar:/home/janel/Desktop/Studium/Semester_6/Bachelorarbeit/nochmalneu/bin:/home/janel/Desktop/Studium/Semester_6/Bachelorarbeit/nochmalneu/lib/java/core/guava.jar:/home/janel/Desktop/Studium/Semester_6/Bachelorarbeit/nochmalneu/lib/java/core/common.jar:/home/janel/Desktop/Studium/Semester_6/Bachelorarbeit/nochmalneu/lib/java/build/auto-value-annotations.jar:/home/janel/Desktop/Studium/Semester_6/Bachelorarbeit/nochmalneu/lib/java/test/jsr305.jar:/home/janel/Desktop/Studium/Semester_6/Bachelorarbeit/nochmalneu/lib/java/test/junit.jar:/home/janel/Desktop/Studium/Semester_6/Bachelorarbeit/nochmalneu/lib/java/test/guava-testlib.jar:/home/janel/Desktop/Studium/Semester_6/Bachelorarbeit/nochmalneu/lib/java/test/truth.jar:/home/janel/Desktop/Studium/Semester_6/Bachelorarbeit/nochmalneu/lib/java/core/checker-qual.jar:/home/janel/Desktop/Studium/Semester_6/Bachelorarbeit/nochmalneu/lib/java/core/spotbugs-annotations.jar:/home/janel/Desktop/Studium/Semester_6/Bachelorarbeit/nochmalneu/lib/java/test/truth-java8-extension.jar:/home/janel/Desktop/Studium/Semester_6/Bachelorarbeit/nochmalneu/lib/java/runtime-smtinterpol/smtinterpol.jar:/home/janel/Desktop/Studium/Semester_6/Bachelorarbeit/nochmalneu/lib/java/runtime-princess/princess_2.13.jar:/home/janel/Desktop/Studium/Semester_6/Bachelorarbeit/nochmalneu/lib/java/runtime-princess/princess-parser_2.13.jar:/home/janel/Desktop/Studium/Semester_6/Bachelorarbeit/nochmalneu/lib/java/runtime-princess/princess-smt-parser_2.13.jar:/home/janel/Desktop/Studium/Semester_6/Bachelorarbeit/nochmalneu/lib/java/runtime-princess/scala-library.jar:/home/janel/Desktop/Studium/Semester_6/Bachelorarbeit/nochmalneu/lib/java/runtime-princess/java-cup-runtime.jar:/home/janel/Desktop/Studium/Semester_6/Bachelorarbeit/nochmalneu/lib/java/test/hamcrest-c
Launcher Type: SUN_STANDARD

[Global flags]
     intx CICompilerCount                          = 3                                         {product} {ergonomic}
     uint ConcGCThreads                            = 1                                         {product} {ergonomic}
     uint G1ConcRefinementThreads                  = 4                                         {product} {ergonomic}
   size_t G1HeapRegionSize                         = 1048576                                   {product} {ergonomic}
    uintx GCDrainStackTargetSize                   = 64                                        {product} {ergonomic}
   size_t InitialHeapSize                          = 318767104                                 {product} {ergonomic}
   size_t MarkStackSize                            = 4194304                                   {product} {ergonomic}
   size_t MaxHeapSize                              = 5087690752                                {product} {ergonomic}
   size_t MaxNewSize                               = 3052404736                                {product} {ergonomic}
   size_t MinHeapDeltaBytes                        = 1048576                                   {product} {ergonomic}
    uintx NonNMethodCodeHeapSize                   = 5830732                                {pd product} {ergonomic}
    uintx NonProfiledCodeHeapSize                  = 122913754                              {pd product} {ergonomic}
    uintx ProfiledCodeHeapSize                     = 122913754                              {pd product} {ergonomic}
    uintx ReservedCodeCacheSize                    = 251658240                              {pd product} {ergonomic}
     bool SegmentedCodeCache                       = true                                      {product} {ergonomic}
     bool UseCompressedClassPointers               = true                                 {lp64_product} {ergonomic}
     bool UseCompressedOops                        = true                                 {lp64_product} {ergonomic}
     bool UseG1GC                                  = true                                      {product} {ergonomic}

Logging:
Log output configuration:
 #0: stdout all=warning uptime,level,tags
 #1: stderr all=off uptime,level,tags

Environment Variables:
JAVA_HOME=/usr/lib/jvm/java-16-oracle
PATH=/home/janel/.opam/default/bin:/home/janel/.local/bin:/home/janel/bin:/usr/local/sbin:/usr/local/bin:/usr/sbin:/usr/bin:/sbin:/bin:/usr/games:/usr/local/games:/snap/bin:/usr/lib/jvm/java-16-oracle/bin:/usr/lib/jvm/java-16-oracle/db/bin:/home/janel/bin
USERNAME=janel
SHELL=/usr/bin/fish
DISPLAY=:0
LANG=de_DE.UTF-8

Signal Handlers:
SIGSEGV: [libjvm.so+0xf43c90], sa_mask[0]=11111111011111111101111111111110, sa_flags=SA_RESTART|SA_SIGINFO
SIGBUS: [libjvm.so+0xf43c90], sa_mask[0]=11111111011111111101111111111110, sa_flags=SA_RESTART|SA_SIGINFO
SIGFPE: [libjvm.so+0xf43c90], sa_mask[0]=11111111011111111101111111111110, sa_flags=SA_RESTART|SA_SIGINFO
SIGPIPE: [libjvm.so+0xc645d0], sa_mask[0]=11111111011111111101111111111110, sa_flags=SA_RESTART|SA_SIGINFO
SIGXFSZ: [libjvm.so+0xc645d0], sa_mask[0]=11111111011111111101111111111110, sa_flags=SA_RESTART|SA_SIGINFO
SIGILL: [libjvm.so+0xf43c90], sa_mask[0]=11111111011111111101111111111110, sa_flags=SA_RESTART|SA_SIGINFO
SIGUSR2: [libjvm.so+0xc64470], sa_mask[0]=00100000000000000000000000000000, sa_flags=SA_RESTART|SA_SIGINFO
SIGHUP: [libjvm.so+0xc647d0], sa_mask[0]=11111111011111111101111111111110, sa_flags=SA_RESTART|SA_SIGINFO
SIGINT: [libjvm.so+0xc647d0], sa_mask[0]=11111111011111111101111111111110, sa_flags=SA_RESTART|SA_SIGINFO
SIGTERM: [libjvm.so+0xc647d0], sa_mask[0]=11111111011111111101111111111110, sa_flags=SA_RESTART|SA_SIGINFO
SIGQUIT: [libjvm.so+0xc647d0], sa_mask[0]=11111111011111111101111111111110, sa_flags=SA_RESTART|SA_SIGINFO


---------------  S Y S T E M  ---------------

OS:DISTRIB_ID=Ubuntu
DISTRIB_RELEASE=20.04
DISTRIB_CODENAME=focal
DISTRIB_DESCRIPTION="Ubuntu 20.04.5 LTS"
uname:Linux 5.15.0-87-generic #97~20.04.1-Ubuntu SMP Thu Oct 5 08:25:28 UTC 2023 x86_64
OS uptime: 3 days 1:19 hours
libc:glibc 2.31 NPTL 2.31 
rlimit (soft/hard): STACK 8192k/infinity , CORE 0k/infinity , NPROC 77088/77088 , NOFILE 1048576/1048576 , AS infinity/infinity , CPU infinity/infinity , DATA infinity/infinity , FSIZE infinity/infinity , MEMLOCK 65536k/65536k
load average:0,51 0,89 1,01

/proc/meminfo:
MemTotal:       19869448 kB
MemFree:          395532 kB
MemAvailable:   10009940 kB
Buffers:         1029080 kB
Cached:          8143940 kB
SwapCached:          380 kB
Active:          5737916 kB
Inactive:       11196056 kB
Active(anon):     416636 kB
Inactive(anon):  8368344 kB
Active(file):    5321280 kB
Inactive(file):  2827712 kB
Unevictable:      227676 kB
Mlocked:              64 kB
SwapTotal:       1003516 kB
SwapFree:        1000532 kB
Dirty:             34100 kB
Writeback:             0 kB
AnonPages:       7988252 kB
Mapped:          1640724 kB
Shmem:           1024024 kB
KReclaimable:    1828352 kB
Slab:            2078744 kB
SReclaimable:    1828352 kB
SUnreclaim:       250392 kB
KernelStack:       23776 kB
PageTables:        68012 kB
NFS_Unstable:          0 kB
Bounce:                0 kB
WritebackTmp:          0 kB
CommitLimit:    10938240 kB
Committed_AS:   18710184 kB
VmallocTotal:   34359738367 kB
VmallocUsed:       58216 kB
VmallocChunk:          0 kB
Percpu:             6240 kB
HardwareCorrupted:     0 kB
AnonHugePages:         0 kB
ShmemHugePages:        0 kB
ShmemPmdMapped:        0 kB
FileHugePages:         0 kB
FilePmdMapped:         0 kB
HugePages_Total:       0
HugePages_Free:        0
HugePages_Rsvd:        0
HugePages_Surp:        0
Hugepagesize:       2048 kB
Hugetlb:               0 kB
DirectMap4k:      723020 kB
DirectMap2M:    19634176 kB
DirectMap1G:           0 kB

/sys/kernel/mm/transparent_hugepage/enabled:
always [madvise] never
/sys/kernel/mm/transparent_hugepage/defrag (defrag/compaction efforts parameter):
always defer defer+madvise [madvise] never

Process Memory:
Virtual Size: 8241760K (peak: 8241760K)
Resident Set Size: 82584K (peak: 82880K) (anon: 55772K, file: 26812K, shmem: 0K)
Swapped out: 0K
C-Heap outstanding allocations: 9901K

/proc/sys/kernel/threads-max (system-wide limit on the number of threads):
154176
/proc/sys/vm/max_map_count (maximum number of memory map areas a process may have):
65530
/proc/sys/kernel/pid_max (system-wide limit on number of process identifiers):
4194304

container (cgroup) information:
container_type: cgroupv1
cpu_cpuset_cpus: 0-3
cpu_memory_nodes: 0
active_processor_count: 4
cpu_quota: -1
cpu_period: 100000
cpu_shares: -1
memory_limit_in_bytes: -1
memory_and_swap_limit_in_bytes: -1
memory_soft_limit_in_bytes: -1
memory_usage_in_bytes: 6324015104
memory_max_usage_in_bytes: 6920253440

Steal ticks since vm start: 0
Steal ticks percentage since vm start:  0,000

CPU:total 4 (initial active 4) (2 cores per cpu, 2 threads per core) family 6 model 78 stepping 3 microcode 0xf0, cmov, cx8, fxsr, mmx, sse, sse2, sse3, ssse3, sse4.1, sse4.2, popcnt, avx, avx2, aes, clmul, erms, 3dnowpref, lzcnt, ht, tsc, tscinvbit, bmi1, bmi2, adx, fma
CPU Model and flags from /proc/cpuinfo:
model name	: Intel(R) Core(TM) i7-6600U CPU @ 2.60GHz
flags		: fpu vme de pse tsc msr pae mce cx8 apic sep mtrr pge mca cmov pat pse36 clflush dts acpi mmx fxsr sse sse2 ss ht tm pbe syscall nx pdpe1gb rdtscp lm constant_tsc art arch_perfmon pebs bts rep_good nopl xtopology nonstop_tsc cpuid aperfmperf pni pclmulqdq dtes64 monitor ds_cpl vmx smx est tm2 ssse3 sdbg fma cx16 xtpr pdcm pcid sse4_1 sse4_2 x2apic movbe popcnt tsc_deadline_timer aes xsave avx f16c rdrand lahf_lm abm 3dnowprefetch cpuid_fault epb invpcid_single pti ssbd ibrs ibpb stibp tpr_shadow vnmi flexpriority ept vpid ept_ad fsgsbase tsc_adjust bmi1 avx2 smep bmi2 erms invpcid mpx rdseed adx smap clflushopt intel_pt xsaveopt xsavec xgetbv1 xsaves dtherm ida arat pln pts hwp hwp_notify hwp_act_window hwp_epp md_clear flush_l1d arch_capabilities
Online cpus:
0-3
Offline cpus:

BIOS frequency limitation:
<Not Available>
Frequency switch latency (ns):
0
Available cpu frequencies:
<Not Available>
Current governor:
powersave
Core performance/turbo boost:
<Not Available>

Memory: 4k page, physical 19869448k(395532k free), swap 1003516k(1000532k free)

vm_info: OpenJDK 64-Bit Server VM (11.0.15+9-LTS) for linux-amd64 JRE (11.0.15+9-LTS), built on Apr 15 2022 22:17:05 by "jenkins" with gcc 7.3.1 20180303 (Red Hat 7.3.1-5)

END.
