#
# A fatal error has been detected by the Java Runtime Environment:
#
#  SIGSEGV (0xb) at pc=0x00007f2ebc761878, pid=741390, tid=741513
#
# JRE version: Java(TM) SE Runtime Environment (16.0.1+9) (build 16.0.1+9-24)
# Java VM: Java HotSpot(TM) 64-Bit Server VM (16.0.1+9-24, mixed mode, sharing, tiered, compressed oops, compressed class ptrs, g1 gc, linux-amd64)
# Problematic frame:
# C  0x00007f2ebc761878
#
# Core dump will be written. Default location: Core dumps may be processed with "/usr/share/apport/apport -p%p -s%s -c%c -d%d -P%P -u%u -g%g -- %E" (or dumping to /home/janel/Desktop/Studium/Semester_6/Bachelorarbeit/nochmalneu/core.741390)
#
# If you would like to submit a bug report, please visit:
#   https://bugreport.java.com/bugreport/crash.jsp
# The crash happened outside the Java Virtual Machine in native code.
# See problematic frame for where to report the bug.
#

---------------  S U M M A R Y ------------

Command Line: -javaagent:/tmp/jacocoagent10250811838946638224.jar=destfile=/home/janel/Desktop/Studium/Semester_6/Bachelorarbeit/nochmalneu/junit/jacoco.exec,excludes=**/*Test*:**/Dummy* -Djava.awt.headless=true -ea org.apache.tools.ant.taskdefs.optional.junit.JUnitTestRunner org.sosy_lab.java_smt.test.TimeoutTest skipNonTests=false filtertrace=true haltOnError=false haltOnFailure=false formatter=org.apache.tools.ant.taskdefs.optional.junit.SummaryJUnitResultFormatter showoutput=false outputtoformatters=true logfailedtests=true threadid=0 logtestlistenerevents=false formatter=org.apache.tools.ant.taskdefs.optional.junit.XMLJUnitResultFormatter,/home/janel/Desktop/Studium/Semester_6/Bachelorarbeit/nochmalneu/junit/TEST-org.sosy_lab.java_smt.test.TimeoutTest.xml crashfile=/home/janel/Desktop/Studium/Semester_6/Bachelorarbeit/nochmalneu/junitvmwatcher17244742785434703996.properties propsfile=/home/janel/Desktop/Studium/Semester_6/Bachelorarbeit/nochmalneu/junit15091593574735389182.properties

Host: Intel(R) Core(TM) i7-6600U CPU @ 2.60GHz, 4 cores, 18G, Ubuntu 20.04.5 LTS
Time: Fri Nov 17 12:49:52 2023 CET elapsed time: 176.774432 seconds (0d 0h 2m 56s)

---------------  T H R E A D  ---------------

Current thread (0x00007f2f28d48d70):  JavaThread "Time-limited test" daemon [_thread_in_native, id=741513, stack(0x00007f2eee72a000,0x00007f2eee82b000)]

Stack: [0x00007f2eee72a000,0x00007f2eee82b000],  sp=0x00007f2eee828cc8,  free space=1019k
Native frames: (J=compiled Java code, A=aot compiled Java code, j=interpreted, Vv=VM code, C=native code)
C  0x00007f2ebc761878

Java frames: (J=compiled Java code, j=interpreted, Vv=VM code)
j  com.microsoft.z3.Native.INTERNALsolverGetNumScopes(JJ)I+0
j  com.microsoft.z3.Native.solverGetNumScopes(JJ)I+7
j  org.sosy_lab.java_smt.solvers.z3.Z3TheoremProver.close()V+35
j  org.sosy_lab.java_smt.test.TimeoutTest.testBasicProverTimeout(Ljava/util/function/Supplier;Lorg/sosy_lab/java_smt/api/BooleanFormula;)V+80
j  org.sosy_lab.java_smt.test.TimeoutTest.testBasicProverTimeoutInt(Ljava/util/function/Supplier;)V+24
j  org.sosy_lab.java_smt.test.TimeoutTest.testProverTimeoutInt()V+52
v  ~StubRoutines::call_stub
j  jdk.internal.reflect.NativeMethodAccessorImpl.invoke0(Ljava/lang/reflect/Method;Ljava/lang/Object;[Ljava/lang/Object;)Ljava/lang/Object;+0 java.base@16.0.1
j  jdk.internal.reflect.NativeMethodAccessorImpl.invoke(Ljava/lang/Object;[Ljava/lang/Object;)Ljava/lang/Object;+146 java.base@16.0.1
J 3734 c1 jdk.internal.reflect.DelegatingMethodAccessorImpl.invoke(Ljava/lang/Object;[Ljava/lang/Object;)Ljava/lang/Object; java.base@16.0.1 (10 bytes) @ 0x00007f2f124ee24c [0x00007f2f124ee140+0x000000000000010c]
J 3709 c1 java.lang.reflect.Method.invoke(Ljava/lang/Object;[Ljava/lang/Object;)Ljava/lang/Object; java.base@16.0.1 (65 bytes) @ 0x00007f2f124df7c4 [0x00007f2f124df480+0x0000000000000344]
j  org.junit.runners.model.FrameworkMethod$1.runReflectiveCall()Ljava/lang/Object;+19
j  org.junit.internal.runners.model.ReflectiveCallable.run()Ljava/lang/Object;+5
j  org.junit.runners.model.FrameworkMethod.invokeExplosively(Ljava/lang/Object;[Ljava/lang/Object;)Ljava/lang/Object;+14
j  org.junit.internal.runners.statements.InvokeMethod.evaluate()V+16
j  org.junit.internal.runners.statements.FailOnTimeout$CallableStatement.call()Ljava/lang/Throwable;+22
j  org.junit.internal.runners.statements.FailOnTimeout$CallableStatement.call()Ljava/lang/Object;+5
j  java.util.concurrent.FutureTask.run()V+39 java.base@16.0.1
j  java.lang.Thread.run()V+11 java.base@16.0.1
v  ~StubRoutines::call_stub

siginfo: si_signo: 11 (SIGSEGV), si_code: 2 (SEGV_ACCERR), si_addr: 0x00007f2ebc761878

Register to memory mapping:

RAX=0x00007f2ebc761730 points into unknown readable memory: 0x00007f2ebc77d240 | 40 d2 77 bc 2e 7f 00 00
RBX=0x0 is NULL
RCX=0x00007f2ebc2c1640 points into unknown readable memory: 0x00007f2ebc5d3a70 | 70 3a 5d bc 2e 7f 00 00
RDX=0x00007f2f28144490 points into unknown readable memory: 0x00007f2f28144470 | 70 44 14 28 2f 7f 00 00
RSP=0x00007f2eee828cc8 is pointing into the stack for thread: 0x00007f2f28d48d70
RBP=0x00007f2e9fffea58: <offset 0x0000000001aaba58> in /home/janel/Desktop/Studium/Semester_6/Bachelorarbeit/nochmalneu/lib/java/runtime-z3/libz3.so at 0x00007f2e9e553000
RSI=0x00007f2ebc2c1640 points into unknown readable memory: 0x00007f2ebc5d3a70 | 70 3a 5d bc 2e 7f 00 00
RDI=0x00007f2ebc337660 points into unknown readable memory: 0x00007f2ebc761730 | 30 17 76 bc 2e 7f 00 00
R8 =0x00007f2f28d49310 points into unknown readable memory: 0x000000080001d528 | 28 d5 01 00 08 00 00 00
R9 =0x0000000000000006 is an unknown value
R10=0x00007f2f2e67c500: <offset 0x0000000000020500> in /lib64/ld-linux-x86-64.so.2 at 0x00007f2f2e65c000
R11=0x00007f2e9e66c450: Z3_solver_get_num_scopes+0x0000000000000000 in /home/janel/Desktop/Studium/Semester_6/Bachelorarbeit/nochmalneu/lib/java/runtime-z3/libz3.so at 0x00007f2e9e553000
R12=0x00007f2ebc2c1640 points into unknown readable memory: 0x00007f2ebc5d3a70 | 70 3a 5d bc 2e 7f 00 00
R13=0x00007f2f28144490 points into unknown readable memory: 0x00007f2f28144470 | 70 44 14 28 2f 7f 00 00
R14=0x00007f2eee828da0 is pointing into the stack for thread: 0x00007f2f28d48d70
R15=0x00007f2f28d48d70 is a thread


Registers:
RAX=0x00007f2ebc761730, RBX=0x0000000000000000, RCX=0x00007f2ebc2c1640, RDX=0x00007f2f28144490
RSP=0x00007f2eee828cc8, RBP=0x00007f2e9fffea58, RSI=0x00007f2ebc2c1640, RDI=0x00007f2ebc337660
R8 =0x00007f2f28d49310, R9 =0x0000000000000006, R10=0x00007f2f2e67c500, R11=0x00007f2e9e66c450
R12=0x00007f2ebc2c1640, R13=0x00007f2f28144490, R14=0x00007f2eee828da0, R15=0x00007f2f28d48d70
RIP=0x00007f2ebc761878, EFLAGS=0x0000000000010206, CSGSFS=0x002b000000000033, ERR=0x0000000000000015
  TRAPNO=0x000000000000000e

Top of Stack: (sp=0x00007f2eee828cc8)
0x00007f2eee828cc8:   00007f2e9e66c48e 0000000000000000
0x00007f2eee828cd8:   00007f2eed00a048 00007f2eee828d68
0x00007f2eee828ce8:   0000000000000000 00007f2eed00a048
0x00007f2eee828cf8:   00007f2f117eac7b 00007f2eee828d68 

Instructions: (pc=0x00007f2ebc761878)
0x00007f2ebc761778:   90 10 fd 9f 2e 7f 00 00 00 00 00 00 2e 7f 00 00
0x00007f2ebc761788:   f0 15 76 bc 2e 7f 00 00 60 28 26 d4 2e 7f 00 00
0x00007f2ebc761798:   60 28 26 d4 2e 7f 00 00 08 28 02 d4 2e 7f 00 00
0x00007f2ebc7617a8:   08 00 00 00 2e 7f 00 00 00 00 00 00 00 00 00 00
0x00007f2ebc7617b8:   b0 ba 00 e8 2e 7f 00 00 00 00 00 00 00 00 00 00
0x00007f2ebc7617c8:   00 00 00 00 00 00 00 00 40 bf 00 e8 2e 7f 00 00
0x00007f2ebc7617d8:   00 00 00 00 00 00 00 00 60 e8 77 c8 2e 7f 00 00
0x00007f2ebc7617e8:   c0 05 76 bc 2e 7f 00 00 18 d4 2c 2e 2f 7f 00 00
0x00007f2ebc7617f8:   58 18 76 bc 2e 7f 00 00 78 18 76 bc 2e 7f 00 00
0x00007f2ebc761808:   02 00 00 00 04 00 00 00 01 00 00 00 04 00 00 00
0x00007f2ebc761818:   1e 04 00 00 12 00 00 00 01 00 00 00 00 7f 00 00
0x00007f2ebc761828:   00 00 00 00 2e 7f 00 00 00 00 00 00 00 00 00 00
0x00007f2ebc761838:   60 28 26 d4 2e 7f 00 00 60 28 26 d4 2e 7f 00 00
0x00007f2ebc761848:   08 28 02 d4 2e 7f 00 00 08 00 00 00 00 00 00 00
0x00007f2ebc761858:   00 00 00 00 00 00 00 00 50 38 06 c8 2e 7f 00 00
0x00007f2ebc761868:   00 00 00 00 00 00 00 00 00 00 00 00 00 00 00 00
0x00007f2ebc761878:   40 bf 00 e8 2e 7f 00 00 00 03 36 2e 2f 7f 00 00
0x00007f2ebc761888:   c8 18 76 bc 2e 7f 00 00 f0 18 76 bc 2e 7f 00 00
0x00007f2ebc761898:   b8 18 76 bc 2e 7f 00 00 b8 18 76 bc 2e 7f 00 00
0x00007f2ebc7618a8:   8c 00 00 00 00 80 00 00 00 00 00 00 00 00 00 00
0x00007f2ebc7618b8:   18 d4 2c 2e 2f 7f 00 00 20 19 76 bc 2e 7f 00 00
0x00007f2ebc7618c8:   40 1a 76 bc 2e 7f 00 00 02 00 00 00 04 00 00 00
0x00007f2ebc7618d8:   01 00 00 00 04 00 00 00 1f 04 00 00 12 00 00 00
0x00007f2ebc7618e8:   01 00 00 00 00 7f 00 00 00 00 00 00 2e 7f 00 00
0x00007f2ebc7618f8:   00 00 00 00 00 00 00 00 00 28 26 d4 2e 7f 00 00
0x00007f2ebc761908:   00 28 26 d4 2e 7f 00 00 b8 d7 57 d4 2e 7f 00 00
0x00007f2ebc761918:   08 00 00 00 2e 7f 00 00 00 00 00 00 00 00 00 00
0x00007f2ebc761928:   20 bc 00 e8 2e 7f 00 00 00 00 00 00 00 00 00 00
0x00007f2ebc761938:   00 00 00 00 00 00 00 00 60 08 06 c8 2e 7f 00 00
0x00007f2ebc761948:   50 90 35 d4 2e 7f 00 00 60 b9 00 e8 2e 7f 00 00
0x00007f2ebc761958:   d0 b9 00 e8 2e 7f 00 00 40 ba 00 e8 2e 7f 00 00
0x00007f2ebc761968:   b0 ba 00 e8 2e 7f 00 00 20 bc 00 e8 2e 7f 00 00 


Stack slot to memory mapping:
stack at sp + 0 slots: 0x00007f2e9e66c48e: Z3_solver_get_num_scopes+0x000000000000003e in /home/janel/Desktop/Studium/Semester_6/Bachelorarbeit/nochmalneu/lib/java/runtime-z3/libz3.so at 0x00007f2e9e553000
stack at sp + 1 slots: 0x0 is NULL
stack at sp + 2 slots: {method} {0x00007f2eed00a048} 'INTERNALsolverGetNumScopes' '(JJ)I' in 'com/microsoft/z3/Native'
stack at sp + 3 slots: 0x00007f2eee828d68 is pointing into the stack for thread: 0x00007f2f28d48d70
stack at sp + 4 slots: 0x0 is NULL
stack at sp + 5 slots: {method} {0x00007f2eed00a048} 'INTERNALsolverGetNumScopes' '(JJ)I' in 'com/microsoft/z3/Native'
stack at sp + 6 slots: 0x00007f2f117eac7b is at code_begin+923 in an Interpreter codelet
method entry point (kind = native)  [0x00007f2f117ea8e0, 0x00007f2f117eb1a0]  2240 bytes
stack at sp + 7 slots: 0x00007f2eee828d68 is pointing into the stack for thread: 0x00007f2f28d48d70


---------------  P R O C E S S  ---------------

Threads class SMR info:
_java_thread_list=0x00007f2f287281f0, length=13, elements={
0x00007f2f28028140, 0x00007f2f28127580, 0x00007f2f28128b00, 0x00007f2f2812d3c0,
0x00007f2f2812e910, 0x00007f2f2812fe30, 0x00007f2f28131910, 0x00007f2f28132f70,
0x00007f2f28134510, 0x00007f2f28150f30, 0x00007f2f2871fc80, 0x00007f2f28d48d70,
0x00007f2f28727c10
}

Java Threads: ( => current thread )
  0x00007f2f28028140 JavaThread "main" [_thread_blocked, id=741394, stack(0x00007f2f2cf54000,0x00007f2f2d055000)]
  0x00007f2f28127580 JavaThread "Reference Handler" daemon [_thread_blocked, id=741401, stack(0x00007f2f04049000,0x00007f2f0414a000)]
  0x00007f2f28128b00 JavaThread "Finalizer" daemon [_thread_blocked, id=741402, stack(0x00007f2eef6ff000,0x00007f2eef800000)]
  0x00007f2f2812d3c0 JavaThread "Signal Dispatcher" daemon [_thread_blocked, id=741403, stack(0x00007f2eef034000,0x00007f2eef135000)]
  0x00007f2f2812e910 JavaThread "Service Thread" daemon [_thread_blocked, id=741404, stack(0x00007f2eeef33000,0x00007f2eef034000)]
  0x00007f2f2812fe30 JavaThread "Monitor Deflation Thread" daemon [_thread_blocked, id=741405, stack(0x00007f2eeee32000,0x00007f2eeef33000)]
  0x00007f2f28131910 JavaThread "C2 CompilerThread0" daemon [_thread_in_native, id=741406, stack(0x00007f2eeed31000,0x00007f2eeee32000)]
  0x00007f2f28132f70 JavaThread "C1 CompilerThread0" daemon [_thread_in_native, id=741407, stack(0x00007f2eeec30000,0x00007f2eeed31000)]
  0x00007f2f28134510 JavaThread "Sweeper thread" daemon [_thread_blocked, id=741408, stack(0x00007f2eeeb2f000,0x00007f2eeec30000)]
  0x00007f2f28150f30 JavaThread "Common-Cleaner" daemon [_thread_blocked, id=741409, stack(0x00007f2eeea2e000,0x00007f2eeeb2f000)]
  0x00007f2f2871fc80 JavaThread "Notification Thread" daemon [_thread_blocked, id=741410, stack(0x00007f2eee92d000,0x00007f2eeea2e000)]
=>0x00007f2f28d48d70 JavaThread "Time-limited test" daemon [_thread_in_native, id=741513, stack(0x00007f2eee72a000,0x00007f2eee82b000)]
  0x00007f2f28727c10 JavaThread "Time-limited test" daemon [_thread_in_Java, id=741518, stack(0x00007f2eed6e0000,0x00007f2eed7e1000)]

Other Threads:
  0x00007f2f28124e90 VMThread "VM Thread" [stack: 0x00007f2f0414c000,0x00007f2f0424c000] [id=741400]
  0x00007f2f28029be0 WatcherThread [stack: 0x00007f2eee82d000,0x00007f2eee92d000] [id=741411]
  0x00007f2f28079b00 GCTaskThread "GC Thread#0" [stack: 0x00007f2f2c7ce000,0x00007f2f2c8ce000] [id=741395]
  0x00007f2ee80044b0 GCTaskThread "GC Thread#1" [stack: 0x00007f2eee62a000,0x00007f2eee72a000] [id=741413]
  0x00007f2ee8005030 GCTaskThread "GC Thread#2" [stack: 0x00007f2eee528000,0x00007f2eee628000] [id=741414]
  0x00007f2ee8005bb0 GCTaskThread "GC Thread#3" [stack: 0x00007f2eee426000,0x00007f2eee526000] [id=741415]
  0x00007f2f280849e0 ConcurrentGCThread "G1 Main Marker" [stack: 0x00007f2f2c6cc000,0x00007f2f2c7cc000] [id=741396]
  0x00007f2f28085a70 ConcurrentGCThread "G1 Conc#0" [stack: 0x00007f2f2c5ca000,0x00007f2f2c6ca000] [id=741397]
  0x00007f2f280f0ca0 ConcurrentGCThread "G1 Refine#0" [stack: 0x00007f2f2c0c4000,0x00007f2f2c1c4000] [id=741398]
  0x00007f2f280f1cc0 ConcurrentGCThread "G1 Service" [stack: 0x00007f2f042cf000,0x00007f2f043cf000] [id=741399]

Threads with active compile tasks:
C2 CompilerThread0   176788 3926       4       com.google.common.collect.ImmutableSet$RegularSetBuilderImpl::add (96 bytes)
C1 CompilerThread0   176788 3951       3       com.microsoft.z3.enumerations.Z3_sort_kind$Z3_sort_kind_MappingHolder::$jacocoInit (52 bytes)

VM state: not at safepoint (normal execution)

VM Mutex/Monitor currently owned by a thread: None

Heap address: 0x00000006d0c00000, size: 4852 MB, Compressed Oops mode: Zero based, Oop shift amount: 3

CDS archive(s) mapped at: [0x0000000800000000-0x0000000800bc3000-0x0000000800bc3000), size 12333056, SharedBaseAddress: 0x0000000800000000, ArchiveRelocationMode: 0.
Compressed class space mapped at: 0x0000000800c00000-0x0000000840c00000, reserved size: 1073741824
Narrow klass base: 0x0000000800000000, Narrow klass shift: 3, Narrow klass range: 0x100000000

GC Precious Log:
 CPUs: 4 total, 4 available
 Memory: 19403M
 Large Page Support: Disabled
 NUMA Support: Disabled
 Compressed Oops: Enabled (Zero based)
 Heap Region Size: 4M
 Heap Min Capacity: 8M
 Heap Initial Capacity: 304M
 Heap Max Capacity: 4852M
 Pre-touch: Disabled
 Parallel Workers: 4
 Concurrent Workers: 1
 Concurrent Refinement Workers: 4
 Periodic GC: Disabled

Heap:
 garbage-first heap   total 319488K, used 58281K [0x00000006d0c00000, 0x0000000800000000)
  region size 4096K, 9 young (36864K), 3 survivors (12288K)
 Metaspace       used 13225K, committed 13440K, reserved 1064960K
  class space    used 1145K, committed 1280K, reserved 1048576K

Heap Regions: E=young(eden), S=young(survivor), O=old, HS=humongous(starts), HC=humongous(continues), CS=collection set, F=free, OA=open archive, CA=closed archive, TAMS=top-at-mark-start (previous, next)
|   0|0x00000006d0c00000, 0x00000006d1000000, 0x00000006d1000000|100%| O|  |TAMS 0x00000006d0c00000, 0x00000006d0c00000| Untracked 
|   1|0x00000006d1000000, 0x00000006d1400000, 0x00000006d1400000|100%| O|  |TAMS 0x00000006d1000000, 0x00000006d1000000| Untracked 
|   2|0x00000006d1400000, 0x00000006d1800000, 0x00000006d1800000|100%| O|  |TAMS 0x00000006d1400000, 0x00000006d1400000| Untracked 
|   3|0x00000006d1800000, 0x00000006d1c00000, 0x00000006d1c00000|100%| O|  |TAMS 0x00000006d1800000, 0x00000006d1800000| Untracked 
|   4|0x00000006d1c00000, 0x00000006d2000000, 0x00000006d2000000|100%| O|  |TAMS 0x00000006d1c00000, 0x00000006d1c00000| Untracked 
|   5|0x00000006d2000000, 0x00000006d2275400, 0x00000006d2400000| 61%| O|  |TAMS 0x00000006d2000000, 0x00000006d2000000| Untracked 
|   6|0x00000006d2400000, 0x00000006d2400000, 0x00000006d2800000|  0%| F|  |TAMS 0x00000006d2400000, 0x00000006d2400000| Untracked 
|   7|0x00000006d2800000, 0x00000006d2800000, 0x00000006d2c00000|  0%| F|  |TAMS 0x00000006d2800000, 0x00000006d2800000| Untracked 
|   8|0x00000006d2c00000, 0x00000006d2c00000, 0x00000006d3000000|  0%| F|  |TAMS 0x00000006d2c00000, 0x00000006d2c00000| Untracked 
|   9|0x00000006d3000000, 0x00000006d3000000, 0x00000006d3400000|  0%| F|  |TAMS 0x00000006d3000000, 0x00000006d3000000| Untracked 
|  10|0x00000006d3400000, 0x00000006d3400000, 0x00000006d3800000|  0%| F|  |TAMS 0x00000006d3400000, 0x00000006d3400000| Untracked 
|  11|0x00000006d3800000, 0x00000006d3800000, 0x00000006d3c00000|  0%| F|  |TAMS 0x00000006d3800000, 0x00000006d3800000| Untracked 
|  12|0x00000006d3c00000, 0x00000006d3c00000, 0x00000006d4000000|  0%| F|  |TAMS 0x00000006d3c00000, 0x00000006d3c00000| Untracked 
|  13|0x00000006d4000000, 0x00000006d4000000, 0x00000006d4400000|  0%| F|  |TAMS 0x00000006d4000000, 0x00000006d4000000| Untracked 
|  14|0x00000006d4400000, 0x00000006d4400000, 0x00000006d4800000|  0%| F|  |TAMS 0x00000006d4400000, 0x00000006d4400000| Untracked 
|  15|0x00000006d4800000, 0x00000006d4800000, 0x00000006d4c00000|  0%| F|  |TAMS 0x00000006d4800000, 0x00000006d4800000| Untracked 
|  16|0x00000006d4c00000, 0x00000006d4c00000, 0x00000006d5000000|  0%| F|  |TAMS 0x00000006d4c00000, 0x00000006d4c00000| Untracked 
|  17|0x00000006d5000000, 0x00000006d5000000, 0x00000006d5400000|  0%| F|  |TAMS 0x00000006d5000000, 0x00000006d5000000| Untracked 
|  18|0x00000006d5400000, 0x00000006d5400000, 0x00000006d5800000|  0%| F|  |TAMS 0x00000006d5400000, 0x00000006d5400000| Untracked 
|  19|0x00000006d5800000, 0x00000006d5800000, 0x00000006d5c00000|  0%| F|  |TAMS 0x00000006d5800000, 0x00000006d5800000| Untracked 
|  20|0x00000006d5c00000, 0x00000006d5c00000, 0x00000006d6000000|  0%| F|  |TAMS 0x00000006d5c00000, 0x00000006d5c00000| Untracked 
|  21|0x00000006d6000000, 0x00000006d6000000, 0x00000006d6400000|  0%| F|  |TAMS 0x00000006d6000000, 0x00000006d6000000| Untracked 
|  22|0x00000006d6400000, 0x00000006d6400000, 0x00000006d6800000|  0%| F|  |TAMS 0x00000006d6400000, 0x00000006d6400000| Untracked 
|  23|0x00000006d6800000, 0x00000006d6800000, 0x00000006d6c00000|  0%| F|  |TAMS 0x00000006d6800000, 0x00000006d6800000| Untracked 
|  24|0x00000006d6c00000, 0x00000006d6c00000, 0x00000006d7000000|  0%| F|  |TAMS 0x00000006d6c00000, 0x00000006d6c00000| Untracked 
|  25|0x00000006d7000000, 0x00000006d7000000, 0x00000006d7400000|  0%| F|  |TAMS 0x00000006d7000000, 0x00000006d7000000| Untracked 
|  26|0x00000006d7400000, 0x00000006d7400000, 0x00000006d7800000|  0%| F|  |TAMS 0x00000006d7400000, 0x00000006d7400000| Untracked 
|  27|0x00000006d7800000, 0x00000006d7800000, 0x00000006d7c00000|  0%| F|  |TAMS 0x00000006d7800000, 0x00000006d7800000| Untracked 
|  28|0x00000006d7c00000, 0x00000006d7c00000, 0x00000006d8000000|  0%| F|  |TAMS 0x00000006d7c00000, 0x00000006d7c00000| Untracked 
|  29|0x00000006d8000000, 0x00000006d8000000, 0x00000006d8400000|  0%| F|  |TAMS 0x00000006d8000000, 0x00000006d8000000| Untracked 
|  30|0x00000006d8400000, 0x00000006d8400000, 0x00000006d8800000|  0%| F|  |TAMS 0x00000006d8400000, 0x00000006d8400000| Untracked 
|  31|0x00000006d8800000, 0x00000006d8800000, 0x00000006d8c00000|  0%| F|  |TAMS 0x00000006d8800000, 0x00000006d8800000| Untracked 
|  32|0x00000006d8c00000, 0x00000006d8c00000, 0x00000006d9000000|  0%| F|  |TAMS 0x00000006d8c00000, 0x00000006d8c00000| Untracked 
|  33|0x00000006d9000000, 0x00000006d9000000, 0x00000006d9400000|  0%| F|  |TAMS 0x00000006d9000000, 0x00000006d9000000| Untracked 
|  34|0x00000006d9400000, 0x00000006d9400000, 0x00000006d9800000|  0%| F|  |TAMS 0x00000006d9400000, 0x00000006d9400000| Untracked 
|  35|0x00000006d9800000, 0x00000006d9800000, 0x00000006d9c00000|  0%| F|  |TAMS 0x00000006d9800000, 0x00000006d9800000| Untracked 
|  36|0x00000006d9c00000, 0x00000006d9c00000, 0x00000006da000000|  0%| F|  |TAMS 0x00000006d9c00000, 0x00000006d9c00000| Untracked 
|  37|0x00000006da000000, 0x00000006da000000, 0x00000006da400000|  0%| F|  |TAMS 0x00000006da000000, 0x00000006da000000| Untracked 
|  38|0x00000006da400000, 0x00000006da400000, 0x00000006da800000|  0%| F|  |TAMS 0x00000006da400000, 0x00000006da400000| Untracked 
|  39|0x00000006da800000, 0x00000006da800000, 0x00000006dac00000|  0%| F|  |TAMS 0x00000006da800000, 0x00000006da800000| Untracked 
|  40|0x00000006dac00000, 0x00000006dac00000, 0x00000006db000000|  0%| F|  |TAMS 0x00000006dac00000, 0x00000006dac00000| Untracked 
|  41|0x00000006db000000, 0x00000006db000000, 0x00000006db400000|  0%| F|  |TAMS 0x00000006db000000, 0x00000006db000000| Untracked 
|  42|0x00000006db400000, 0x00000006db400000, 0x00000006db800000|  0%| F|  |TAMS 0x00000006db400000, 0x00000006db400000| Untracked 
|  43|0x00000006db800000, 0x00000006db800000, 0x00000006dbc00000|  0%| F|  |TAMS 0x00000006db800000, 0x00000006db800000| Untracked 
|  44|0x00000006dbc00000, 0x00000006dbc00000, 0x00000006dc000000|  0%| F|  |TAMS 0x00000006dbc00000, 0x00000006dbc00000| Untracked 
|  45|0x00000006dc000000, 0x00000006dc000000, 0x00000006dc400000|  0%| F|  |TAMS 0x00000006dc000000, 0x00000006dc000000| Untracked 
|  46|0x00000006dc400000, 0x00000006dc400000, 0x00000006dc800000|  0%| F|  |TAMS 0x00000006dc400000, 0x00000006dc400000| Untracked 
|  47|0x00000006dc800000, 0x00000006dc800000, 0x00000006dcc00000|  0%| F|  |TAMS 0x00000006dc800000, 0x00000006dc800000| Untracked 
|  48|0x00000006dcc00000, 0x00000006dcc00000, 0x00000006dd000000|  0%| F|  |TAMS 0x00000006dcc00000, 0x00000006dcc00000| Untracked 
|  49|0x00000006dd000000, 0x00000006dd000000, 0x00000006dd400000|  0%| F|  |TAMS 0x00000006dd000000, 0x00000006dd000000| Untracked 
|  50|0x00000006dd400000, 0x00000006dd400000, 0x00000006dd800000|  0%| F|  |TAMS 0x00000006dd400000, 0x00000006dd400000| Untracked 
|  51|0x00000006dd800000, 0x00000006dd800000, 0x00000006ddc00000|  0%| F|  |TAMS 0x00000006dd800000, 0x00000006dd800000| Untracked 
|  52|0x00000006ddc00000, 0x00000006ddc00000, 0x00000006de000000|  0%| F|  |TAMS 0x00000006ddc00000, 0x00000006ddc00000| Untracked 
|  53|0x00000006de000000, 0x00000006de27f2c0, 0x00000006de400000| 62%| S|CS|TAMS 0x00000006de000000, 0x00000006de000000| Complete 
|  54|0x00000006de400000, 0x00000006de800000, 0x00000006de800000|100%| S|CS|TAMS 0x00000006de400000, 0x00000006de400000| Complete 
|  55|0x00000006de800000, 0x00000006dec00000, 0x00000006dec00000|100%| S|CS|TAMS 0x00000006de800000, 0x00000006de800000| Complete 
|  56|0x00000006dec00000, 0x00000006dec00000, 0x00000006df000000|  0%| F|  |TAMS 0x00000006dec00000, 0x00000006dec00000| Untracked 
|  57|0x00000006df000000, 0x00000006df000000, 0x00000006df400000|  0%| F|  |TAMS 0x00000006df000000, 0x00000006df000000| Untracked 
|  58|0x00000006df400000, 0x00000006df400000, 0x00000006df800000|  0%| F|  |TAMS 0x00000006df400000, 0x00000006df400000| Untracked 
|  59|0x00000006df800000, 0x00000006df800000, 0x00000006dfc00000|  0%| F|  |TAMS 0x00000006df800000, 0x00000006df800000| Untracked 
|  60|0x00000006dfc00000, 0x00000006dfc00000, 0x00000006e0000000|  0%| F|  |TAMS 0x00000006dfc00000, 0x00000006dfc00000| Untracked 
|  61|0x00000006e0000000, 0x00000006e0000000, 0x00000006e0400000|  0%| F|  |TAMS 0x00000006e0000000, 0x00000006e0000000| Untracked 
|  62|0x00000006e0400000, 0x00000006e0400000, 0x00000006e0800000|  0%| F|  |TAMS 0x00000006e0400000, 0x00000006e0400000| Untracked 
|  63|0x00000006e0800000, 0x00000006e0800000, 0x00000006e0c00000|  0%| F|  |TAMS 0x00000006e0800000, 0x00000006e0800000| Untracked 
|  64|0x00000006e0c00000, 0x00000006e0c00000, 0x00000006e1000000|  0%| F|  |TAMS 0x00000006e0c00000, 0x00000006e0c00000| Untracked 
|  65|0x00000006e1000000, 0x00000006e1000000, 0x00000006e1400000|  0%| F|  |TAMS 0x00000006e1000000, 0x00000006e1000000| Untracked 
|  66|0x00000006e1400000, 0x00000006e1400000, 0x00000006e1800000|  0%| F|  |TAMS 0x00000006e1400000, 0x00000006e1400000| Untracked 
|  67|0x00000006e1800000, 0x00000006e1800000, 0x00000006e1c00000|  0%| F|  |TAMS 0x00000006e1800000, 0x00000006e1800000| Untracked 
|  68|0x00000006e1c00000, 0x00000006e1c00000, 0x00000006e2000000|  0%| F|  |TAMS 0x00000006e1c00000, 0x00000006e1c00000| Untracked 
|  69|0x00000006e2000000, 0x00000006e2000000, 0x00000006e2400000|  0%| F|  |TAMS 0x00000006e2000000, 0x00000006e2000000| Untracked 
|  70|0x00000006e2400000, 0x00000006e24ec070, 0x00000006e2800000| 23%| E|  |TAMS 0x00000006e2400000, 0x00000006e2400000| Complete 
|  71|0x00000006e2800000, 0x00000006e2c00000, 0x00000006e2c00000|100%| E|CS|TAMS 0x00000006e2800000, 0x00000006e2800000| Complete 
|  72|0x00000006e2c00000, 0x00000006e3000000, 0x00000006e3000000|100%| E|CS|TAMS 0x00000006e2c00000, 0x00000006e2c00000| Complete 
|  73|0x00000006e3000000, 0x00000006e3400000, 0x00000006e3400000|100%| E|CS|TAMS 0x00000006e3000000, 0x00000006e3000000| Complete 
|  74|0x00000006e3400000, 0x00000006e3800000, 0x00000006e3800000|100%| E|CS|TAMS 0x00000006e3400000, 0x00000006e3400000| Complete 
|  75|0x00000006e3800000, 0x00000006e3c00000, 0x00000006e3c00000|100%| E|CS|TAMS 0x00000006e3800000, 0x00000006e3800000| Complete 
|1211|0x00000007ff800000, 0x00000007ffb75000, 0x00000007ffc00000| 86%|OA|  |TAMS 0x00000007ff800000, 0x00000007ff800000| Untracked 
|1212|0x00000007ffc00000, 0x00000007ffc81000, 0x0000000800000000| 12%|CA|  |TAMS 0x00000007ffc00000, 0x00000007ffc00000| Untracked 

Card table byte_map: [0x00007f2f104e9000,0x00007f2f10e63000] _byte_map_base: 0x00007f2f0ce63000

Marking Bits (Prev, Next): (CMBitMap*) 0x00007f2f2807a6b0, (CMBitMap*) 0x00007f2f2807a6f0
 Prev Bits: [0x00007f2f0af9f000, 0x00007f2f0fb6f000)
 Next Bits: [0x00007f2f063cf000, 0x00007f2f0af9f000)

Polling page: 0x00007f2f2e65a000

Metaspace:

Usage:
  Non-class:     11,80 MB used.
      Class:      1,12 MB used.
       Both:     12,92 MB used.

Virtual space:
  Non-class space:       16,00 MB reserved,      11,88 MB ( 74%) committed,  2 nodes.
      Class space:        1,00 GB reserved,       1,25 MB ( <1%) committed,  1 nodes.
              Both:        1,02 GB reserved,      13,12 MB (  1%) committed. 

Chunk freelists:
   Non-Class:  3,22 MB
       Class:  2,66 MB
        Both:  5,88 MB

MaxMetaspaceSize: 17179869184,00 GB
CompressedClassSpaceSize: 1,00 GB
 - commit_granule_bytes: 65536.
 - commit_granule_words: 8192.
 - virtual_space_node_default_size: 1048576.
 - enlarge_chunks_in_place: 1.
 - new_chunks_are_fully_committed: 0.
 - uncommit_free_chunks: 1.
 - use_allocation_guard: 0.
 - handle_deallocations: 1.


Internal statistics:

num_allocs_failed_limit: 0.
num_arena_births: 134.
num_arena_deaths: 0.
num_vsnodes_births: 3.
num_vsnodes_deaths: 0.
num_space_committed: 210.
num_space_uncommitted: 0.
num_chunks_returned_to_freelist: 0.
num_chunks_taken_from_freelist: 516.
num_chunk_merges: 0.
num_chunk_splits: 374.
num_chunks_enlarged: 288.
num_purges: 0.

CodeHeap 'non-profiled nmethods': size=120032Kb used=2516Kb max_used=2516Kb free=117515Kb
 bounds [0x00007f2f192a5000, 0x00007f2f19525000, 0x00007f2f207dd000]
CodeHeap 'profiled nmethods': size=120028Kb used=8102Kb max_used=8102Kb free=111925Kb
 bounds [0x00007f2f11d6e000, 0x00007f2f1255e000, 0x00007f2f192a5000]
CodeHeap 'non-nmethods': size=5700Kb used=1232Kb max_used=1365Kb free=4467Kb
 bounds [0x00007f2f117dd000, 0x00007f2f11a4d000, 0x00007f2f11d6e000]
 total_blobs=4414 nmethods=3875 adapters=452
 compilation: enabled
              stopped_count=0, restarted_count=0
 full_count=0

Compilation events (20 events):
Event: 176,746 Thread 0x00007f2f28132f70 3910       3       com.google.common.collect.ImmutableList::of (24 bytes)
Event: 176,746 Thread 0x00007f2f28132f70 nmethod 3910 0x00007f2f12539190 code [0x00007f2f12539360, 0x00007f2f125398d0]
Event: 176,747 Thread 0x00007f2f28132f70 3911       3       org.objectweb.asm.ClassReader::readField (1148 bytes)
Event: 176,747 Thread 0x00007f2f28131910 3913       4       com.google.common.collect.SingletonImmutableSet::$jacocoInit (52 bytes)
Event: 176,748 Thread 0x00007f2f28131910 nmethod 3913 0x00007f2f19518a90 code [0x00007f2f19518c20, 0x00007f2f19518cb8]
Event: 176,748 Thread 0x00007f2f28131910 3914       4       com.google.common.collect.ImmutableList::$jacocoInit (53 bytes)
Event: 176,748 Thread 0x00007f2f28131910 nmethod 3914 0x00007f2f19518d90 code [0x00007f2f19518f20, 0x00007f2f19518fb8]
Event: 176,750 Thread 0x00007f2f28132f70 nmethod 3911 0x00007f2f12539a90 code [0x00007f2f12539fc0, 0x00007f2f1253c610]
Event: 176,750 Thread 0x00007f2f28132f70 3912       3       org.objectweb.asm.ClassVisitor::visitField (47 bytes)
Event: 176,750 Thread 0x00007f2f28132f70 nmethod 3912 0x00007f2f1253da90 code [0x00007f2f1253dc60, 0x00007f2f1253df90]
Event: 176,750 Thread 0x00007f2f28132f70 3915       3       com.google.common.truth.Platform::$jacocoInit (53 bytes)
Event: 176,750 Thread 0x00007f2f28132f70 nmethod 3915 0x00007f2f1253e190 code [0x00007f2f1253e3a0, 0x00007f2f1253edb0]
Event: 176,751 Thread 0x00007f2f28132f70 3916       3       org.junit.runner.Description::hashCode (17 bytes)
Event: 176,752 Thread 0x00007f2f28132f70 nmethod 3916 0x00007f2f1253f010 code [0x00007f2f1253f1c0, 0x00007f2f1253f3f0]
Event: 176,753 Thread 0x00007f2f28131910 3919       4       com.google.common.collect.Iterators::singletonIterator (19 bytes)
Event: 176,754 Thread 0x00007f2f28132f70 3917       3       org.sosy_lab.common.configuration.Configuration$1::put (24 bytes)
Event: 176,754 Thread 0x00007f2f28132f70 nmethod 3917 0x00007f2f1253f510 code [0x00007f2f1253f6e0, 0x00007f2f1253faa0]
Event: 176,754 Thread 0x00007f2f28132f70 3918       3       org.sosy_lab.common.configuration.Configuration$1::put (32 bytes)
Event: 176,754 Thread 0x00007f2f28132f70 nmethod 3918 0x00007f2f1253fc10 code [0x00007f2f1253fde0, 0x00007f2f12540150]
Event: 176,757 Thread 0x00007f2f28131910 nmethod 3919 0x00007f2f19519090 code [0x00007f2f19519220, 0x00007f2f195194b8]

GC Heap History (10 events):
Event: 0,357 GC heap before
{Heap before GC invocations=0 (full 0):
 garbage-first heap   total 319488K, used 16344K [0x00000006d0c00000, 0x0000000800000000)
  region size 4096K, 3 young (12288K), 0 survivors (0K)
 Metaspace       used 2291K, committed 2432K, reserved 1056768K
  class space    used 199K, committed 256K, reserved 1048576K
}
Event: 0,362 GC heap after
{Heap after GC invocations=1 (full 0):
 garbage-first heap   total 319488K, used 9991K [0x00000006d0c00000, 0x0000000800000000)
  region size 4096K, 1 young (4096K), 1 survivors (4096K)
 Metaspace       used 2291K, committed 2432K, reserved 1056768K
  class space    used 199K, committed 256K, reserved 1048576K
}
Event: 0,528 GC heap before
{Heap before GC invocations=1 (full 0):
 garbage-first heap   total 319488K, used 18183K [0x00000006d0c00000, 0x0000000800000000)
  region size 4096K, 3 young (12288K), 1 survivors (4096K)
 Metaspace       used 3197K, committed 3392K, reserved 1056768K
  class space    used 281K, committed 384K, reserved 1048576K
}
Event: 0,533 GC heap after
{Heap after GC invocations=2 (full 0):
 garbage-first heap   total 319488K, used 10513K [0x00000006d0c00000, 0x0000000800000000)
  region size 4096K, 1 young (4096K), 1 survivors (4096K)
 Metaspace       used 3197K, committed 3392K, reserved 1056768K
  class space    used 281K, committed 384K, reserved 1048576K
}
Event: 0,883 GC heap before
{Heap before GC invocations=2 (full 0):
 garbage-first heap   total 319488K, used 26897K [0x00000006d0c00000, 0x0000000800000000)
  region size 4096K, 5 young (20480K), 1 survivors (4096K)
 Metaspace       used 5790K, committed 6016K, reserved 1056768K
  class space    used 522K, committed 640K, reserved 1048576K
}
Event: 0,889 GC heap after
{Heap after GC invocations=3 (full 0):
 garbage-first heap   total 319488K, used 11496K [0x00000006d0c00000, 0x0000000800000000)
  region size 4096K, 1 young (4096K), 1 survivors (4096K)
 Metaspace       used 5790K, committed 6016K, reserved 1056768K
  class space    used 522K, committed 640K, reserved 1048576K
}
Event: 46,111 GC heap before
{Heap before GC invocations=3 (full 0):
 garbage-first heap   total 319488K, used 191720K [0x00000006d0c00000, 0x0000000800000000)
  region size 4096K, 45 young (184320K), 1 survivors (4096K)
 Metaspace       used 10636K, committed 10816K, reserved 1064960K
  class space    used 989K, committed 1024K, reserved 1048576K
}
Event: 46,134 GC heap after
{Heap after GC invocations=4 (full 0):
 garbage-first heap   total 319488K, used 28070K [0x00000006d0c00000, 0x0000000800000000)
  region size 4096K, 5 young (20480K), 5 survivors (20480K)
 Metaspace       used 10636K, committed 10816K, reserved 1064960K
  class space    used 989K, committed 1024K, reserved 1048576K
}
Event: 166,566 GC heap before
{Heap before GC invocations=4 (full 0):
 garbage-first heap   total 319488K, used 105894K [0x00000006d0c00000, 0x0000000800000000)
  region size 4096K, 25 young (102400K), 5 survivors (20480K)
 Metaspace       used 12208K, committed 12480K, reserved 1064960K
  class space    used 1086K, committed 1216K, reserved 1048576K
}
Event: 166,599 GC heap after
{Heap after GC invocations=5 (full 0):
 garbage-first heap   total 319488K, used 37801K [0x00000006d0c00000, 0x0000000800000000)
  region size 4096K, 3 young (12288K), 3 survivors (12288K)
 Metaspace       used 12208K, committed 12480K, reserved 1064960K
  class space    used 1086K, committed 1216K, reserved 1048576K
}

Deoptimization events (20 events):
Event: 166,723 Thread 0x00007f2f28d48d70 Uncommon trap: trap_request=0xffffffc6 fr.pc=0x00007f2f194aa410 relative=0x00000000000005b0
Event: 166,723 Thread 0x00007f2f28d48d70 Uncommon trap: reason=bimorphic_or_optimized_type_check action=maybe_recompile pc=0x00007f2f194aa410 method=org.sosy_lab.java_smt.basicimpl.AbstractBaseFormulaManager.wrapBool(Ljava/lang/Object;)Lorg/sosy_lab/java_smt/api/BooleanFormula; @ 11 c2
Event: 166,723 Thread 0x00007f2f28d48d70 DEOPT PACKING pc=0x00007f2f194aa410 sp=0x00007f2eee828cd0
Event: 166,723 Thread 0x00007f2f28d48d70 DEOPT UNPACKING pc=0x00007f2f1182a424 sp=0x00007f2eee828ca0 mode 2
Event: 166,723 Thread 0x00007f2f28d48d70 Uncommon trap: trap_request=0xffffffc6 fr.pc=0x00007f2f19473848 relative=0x00000000000004a8
Event: 166,723 Thread 0x00007f2f28d48d70 Uncommon trap: reason=bimorphic_or_optimized_type_check action=maybe_recompile pc=0x00007f2f19473848 method=org.sosy_lab.java_smt.basicimpl.AbstractBooleanFormulaManager.wrap(Ljava/lang/Object;)Lorg/sosy_lab/java_smt/api/BooleanFormula; @ 12 c2
Event: 166,723 Thread 0x00007f2f28d48d70 DEOPT PACKING pc=0x00007f2f19473848 sp=0x00007f2eee828cf0
Event: 166,723 Thread 0x00007f2f28d48d70 DEOPT UNPACKING pc=0x00007f2f1182a424 sp=0x00007f2eee828cb0 mode 2
Event: 166,723 Thread 0x00007f2f28d48d70 Uncommon trap: trap_request=0xffffffc6 fr.pc=0x00007f2f194bea24 relative=0x0000000000006ea4
Event: 166,723 Thread 0x00007f2f28d48d70 Uncommon trap: reason=bimorphic_or_optimized_type_check action=maybe_recompile pc=0x00007f2f194bea24 method=org.sosy_lab.java_smt.test.HardIntegerFormulaGenerator.mkConstraint(IILorg/sosy_lab/java_smt/api/BooleanFormula;)Lorg/sosy_lab/java_smt/api/Boolean
Event: 166,723 Thread 0x00007f2f28d48d70 DEOPT PACKING pc=0x00007f2f194bea24 sp=0x00007f2eee828d60
Event: 166,723 Thread 0x00007f2f28d48d70 DEOPT UNPACKING pc=0x00007f2f1182a424 sp=0x00007f2eee828db8 mode 2
Event: 166,723 Thread 0x00007f2f28d48d70 Uncommon trap: trap_request=0xffffffc6 fr.pc=0x00007f2f194aa410 relative=0x00000000000005b0
Event: 166,723 Thread 0x00007f2f28d48d70 Uncommon trap: reason=bimorphic_or_optimized_type_check action=maybe_recompile pc=0x00007f2f194aa410 method=org.sosy_lab.java_smt.basicimpl.AbstractBaseFormulaManager.wrapBool(Ljava/lang/Object;)Lorg/sosy_lab/java_smt/api/BooleanFormula; @ 11 c2
Event: 166,723 Thread 0x00007f2f28d48d70 DEOPT PACKING pc=0x00007f2f194aa410 sp=0x00007f2eee828ce0
Event: 166,723 Thread 0x00007f2f28d48d70 DEOPT UNPACKING pc=0x00007f2f1182a424 sp=0x00007f2eee828cb0 mode 2
Event: 166,723 Thread 0x00007f2f28d48d70 Uncommon trap: trap_request=0xffffffc6 fr.pc=0x00007f2f194bea24 relative=0x0000000000006ea4
Event: 166,723 Thread 0x00007f2f28d48d70 Uncommon trap: reason=bimorphic_or_optimized_type_check action=maybe_recompile pc=0x00007f2f194bea24 method=org.sosy_lab.java_smt.test.HardIntegerFormulaGenerator.mkConstraint(IILorg/sosy_lab/java_smt/api/BooleanFormula;)Lorg/sosy_lab/java_smt/api/Boolean
Event: 166,723 Thread 0x00007f2f28d48d70 DEOPT PACKING pc=0x00007f2f194bea24 sp=0x00007f2eee828d50
Event: 166,723 Thread 0x00007f2f28d48d70 DEOPT UNPACKING pc=0x00007f2f1182a424 sp=0x00007f2eee828da8 mode 2

Classes unloaded (0 events):
No events

Classes redefined (0 events):
No events

Internal exceptions (20 events):
Event: 106,469 Thread 0x00007f2f28028140 Exception <a 'java/lang/reflect/InvocationTargetException'{0x00000006e0af03f8}> (0x00000006e0af03f8) 
thrown [open/src/hotspot/share/runtime/reflection.cpp, line 1155]
Event: 106,475 Thread 0x00007f2f288e32b0 Exception <a 'java/lang/reflect/InvocationTargetException'{0x00000006e00e5750}> (0x00000006e00e5750) 
thrown [open/src/hotspot/share/runtime/reflection.cpp, line 1155]
Event: 106,480 Thread 0x00007f2f288e32b0 Exception <a 'java/lang/reflect/InvocationTargetException'{0x00000006e01b7dd8}> (0x00000006e01b7dd8) 
thrown [open/src/hotspot/share/runtime/reflection.cpp, line 1155]
Event: 106,483 Thread 0x00007f2f288e37f0 Exception <a 'java/lang/reflect/InvocationTargetException'{0x00000006e00a5a08}> (0x00000006e00a5a08) 
thrown [open/src/hotspot/share/runtime/reflection.cpp, line 1155]
Event: 116,489 Thread 0x00007f2f288e32b0 Exception <a 'java/lang/reflect/InvocationTargetException'{0x00000006dfc91bc0}> (0x00000006dfc91bc0) 
thrown [open/src/hotspot/share/runtime/reflection.cpp, line 1155]
Event: 126,501 Thread 0x00007f2f28028140 Exception <a 'java/lang/reflect/InvocationTargetException'{0x00000006dff5d7a0}> (0x00000006dff5d7a0) 
thrown [open/src/hotspot/share/runtime/reflection.cpp, line 1155]
Event: 126,506 Thread 0x00007f2f288e32b0 Exception <a 'java/lang/reflect/InvocationTargetException'{0x00000006df818510}> (0x00000006df818510) 
thrown [open/src/hotspot/share/runtime/reflection.cpp, line 1155]
Event: 126,513 Thread 0x00007f2f288e32b0 Exception <a 'java/lang/reflect/InvocationTargetException'{0x00000006df8eb430}> (0x00000006df8eb430) 
thrown [open/src/hotspot/share/runtime/reflection.cpp, line 1155]
Event: 126,516 Thread 0x00007f2f288e37f0 Exception <a 'java/lang/reflect/InvocationTargetException'{0x00000006dfef89d8}> (0x00000006dfef89d8) 
thrown [open/src/hotspot/share/runtime/reflection.cpp, line 1155]
Event: 136,521 Thread 0x00007f2f288e32b0 Exception <a 'java/lang/reflect/InvocationTargetException'{0x00000006dfb9df78}> (0x00000006dfb9df78) 
thrown [open/src/hotspot/share/runtime/reflection.cpp, line 1155]
Event: 146,527 Thread 0x00007f2f28028140 Exception <a 'java/lang/reflect/InvocationTargetException'{0x00000006df73d6b8}> (0x00000006df73d6b8) 
thrown [open/src/hotspot/share/runtime/reflection.cpp, line 1155]
Event: 146,533 Thread 0x00007f2f288e32b0 Exception <a 'java/lang/reflect/InvocationTargetException'{0x00000006df018528}> (0x00000006df018528) 
thrown [open/src/hotspot/share/runtime/reflection.cpp, line 1155]
Event: 146,539 Thread 0x00007f2f288e4820 Exception <a 'java/lang/reflect/InvocationTargetException'{0x00000006df0eb1d8}> (0x00000006df0eb1d8) 
thrown [open/src/hotspot/share/runtime/reflection.cpp, line 1155]
Event: 146,543 Thread 0x00007f2f288e37f0 Exception <a 'java/lang/reflect/InvocationTargetException'{0x00000006df6a6760}> (0x00000006df6a6760) 
thrown [open/src/hotspot/share/runtime/reflection.cpp, line 1155]
Event: 156,550 Thread 0x00007f2f288e32b0 Exception <a 'java/lang/reflect/InvocationTargetException'{0x00000006df386be0}> (0x00000006df386be0) 
thrown [open/src/hotspot/share/runtime/reflection.cpp, line 1155]
Event: 166,558 Thread 0x00007f2f28028140 Exception <a 'java/lang/reflect/InvocationTargetException'{0x00000006dee7e240}> (0x00000006dee7e240) 
thrown [open/src/hotspot/share/runtime/reflection.cpp, line 1155]
Event: 166,562 Thread 0x00007f2f288e32b0 Exception <a 'java/lang/reflect/InvocationTargetException'{0x00000006defbdb28}> (0x00000006defbdb28) 
thrown [open/src/hotspot/share/runtime/reflection.cpp, line 1155]
Event: 166,604 Thread 0x00007f2f288e32b0 Exception <a 'java/lang/reflect/InvocationTargetException'{0x00000006e3898888}> (0x00000006e3898888) 
thrown [open/src/hotspot/share/runtime/reflection.cpp, line 1155]
Event: 166,722 Thread 0x00007f2f288e37f0 Exception <a 'java/lang/reflect/InvocationTargetException'{0x00000006e3802648}> (0x00000006e3802648) 
thrown [open/src/hotspot/share/runtime/reflection.cpp, line 1155]
Event: 176,748 Thread 0x00007f2f2819e660 Exception <a 'java/lang/reflect/InvocationTargetException'{0x00000006e2b0afb8}> (0x00000006e2b0afb8) 
thrown [open/src/hotspot/share/runtime/reflection.cpp, line 1155]

Events (20 events):
Event: 166,688 loading class java/lang/StackStreamFactory$WalkerState done
Event: 166,688 loading class java/lang/StackStreamFactory$1
Event: 166,688 loading class java/lang/StackStreamFactory$1 done
Event: 166,688 loading class java/lang/StackStreamFactory$CallerClassFinder$ClassBuffer
Event: 166,689 loading class java/lang/StackStreamFactory$FrameBuffer
Event: 166,689 loading class java/lang/StackStreamFactory$FrameBuffer done
Event: 166,689 loading class java/lang/StackStreamFactory$CallerClassFinder$ClassBuffer done
Event: 166,714 Thread 0x00007f2f28d48d70 Thread added: 0x00007f2f28d48d70
Event: 166,714 Protecting memory [0x00007f2eee72a000,0x00007f2eee72e000] with protection modes 0
Event: 166,722 Thread 0x00007f2f288e37f0 Thread exited: 0x00007f2f288e37f0
Event: 167,242 Thread 0x00007f2ec8358d40 Thread exited: 0x00007f2ec8358d40
Event: 167,599 Executing  VM operation: Cleanup
Event: 167,599 Executing  VM operation: Cleanup done
Event: 176,714 Executing  VM operation: ThreadDump
Event: 176,715 Executing  VM operation: ThreadDump done
Event: 176,715 loading class java/util/IdentityHashMap$ValueIterator
Event: 176,715 loading class java/util/IdentityHashMap$ValueIterator done
Event: 176,746 Thread 0x00007f2f2819e660 Thread added: 0x00007f2f2819e660
Event: 176,746 Protecting memory [0x00007f2eed6e0000,0x00007f2eed6e4000] with protection modes 0
Event: 176,748 Thread 0x00007f2f2819e660 Thread exited: 0x00007f2f2819e660


Dynamic libraries:
6d0c00000-6e3c00000 rw-p 00000000 00:00 0 
6e3c00000-7ff800000 ---p 00000000 00:00 0 
7ff800000-7ffb00000 rw-p 00000000 00:00 0 
7ffb00000-7ffb75000 rw-p 00c7c000 fd:01 15074841                         /usr/lib/jvm/java-16-oracle/lib/server/classes.jsa
7ffb75000-7ffc00000 rw-p 00000000 00:00 0 
7ffc00000-7ffc81000 rw-p 00bfb000 fd:01 15074841                         /usr/lib/jvm/java-16-oracle/lib/server/classes.jsa
7ffc81000-800000000 rw-p 00000000 00:00 0 
800000000-800003000 rwxp 00001000 fd:01 15074841                         /usr/lib/jvm/java-16-oracle/lib/server/classes.jsa
800003000-800412000 rw-p 00004000 fd:01 15074841                         /usr/lib/jvm/java-16-oracle/lib/server/classes.jsa
800412000-800bc3000 r--p 00413000 fd:01 15074841                         /usr/lib/jvm/java-16-oracle/lib/server/classes.jsa
800bc3000-800c00000 ---p 00000000 00:00 0 
800c00000-800c40000 rw-p 00000000 00:00 0 
800c40000-800ca0000 rw-p 00000000 00:00 0 
800ca0000-800cc0000 ---p 00000000 00:00 0 
800cc0000-800d60000 rw-p 00000000 00:00 0 
800d60000-840c00000 ---p 00000000 00:00 0 
5651567e6000-5651567e7000 r-xp 00000000 fd:01 14028480                   /usr/lib/jvm/java-16-oracle/bin/java
5651567e8000-5651567e9000 r--p 00001000 fd:01 14028480                   /usr/lib/jvm/java-16-oracle/bin/java
5651567e9000-5651567ea000 rw-p 00002000 fd:01 14028480                   /usr/lib/jvm/java-16-oracle/bin/java
5651581b9000-5651581da000 rw-p 00000000 00:00 0                          [heap]
7f2e9e553000-7f2e9fdd0000 r-xp 00000000 fd:01 28199838                   /home/janel/Desktop/Studium/Semester_6/Bachelorarbeit/nochmalneu/lib/java/runtime-z3/libz3.so
7f2e9fdd0000-7f2e9ffcf000 ---p 0187d000 fd:01 28199838                   /home/janel/Desktop/Studium/Semester_6/Bachelorarbeit/nochmalneu/lib/java/runtime-z3/libz3.so
7f2e9ffcf000-7f2e9fffc000 r--p 0187c000 fd:01 28199838                   /home/janel/Desktop/Studium/Semester_6/Bachelorarbeit/nochmalneu/lib/java/runtime-z3/libz3.so
7f2e9fffc000-7f2e9ffff000 rw-p 018a9000 fd:01 28199838                   /home/janel/Desktop/Studium/Semester_6/Bachelorarbeit/nochmalneu/lib/java/runtime-z3/libz3.so
7f2e9ffff000-7f2ea0000000 rw-p 00000000 00:00 0 
7f2ea0000000-7f2ea124e000 rw-p 00000000 00:00 0 
7f2ea124e000-7f2ea4000000 ---p 00000000 00:00 0 
7f2ea4000000-7f2ea515a000 rw-p 00000000 00:00 0 
7f2ea515a000-7f2ea8000000 ---p 00000000 00:00 0 
7f2ea8000000-7f2ea8021000 rw-p 00000000 00:00 0 
7f2ea8021000-7f2eac000000 ---p 00000000 00:00 0 
7f2eac000000-7f2eadf07000 rw-p 00000000 00:00 0 
7f2eadf07000-7f2eb0000000 ---p 00000000 00:00 0 
7f2eb0000000-7f2eb0021000 rw-p 00000000 00:00 0 
7f2eb0021000-7f2eb4000000 ---p 00000000 00:00 0 
7f2eb4000000-7f2eb4021000 rw-p 00000000 00:00 0 
7f2eb4021000-7f2eb8000000 ---p 00000000 00:00 0 
7f2eb8000000-7f2eb8021000 rw-p 00000000 00:00 0 
7f2eb8021000-7f2ebc000000 ---p 00000000 00:00 0 
7f2ebc000000-7f2ebde0a000 rw-p 00000000 00:00 0 
7f2ebde0a000-7f2ec0000000 ---p 00000000 00:00 0 
7f2ec0000000-7f2ec0021000 rw-p 00000000 00:00 0 
7f2ec0021000-7f2ec4000000 ---p 00000000 00:00 0 
7f2ec4000000-7f2ec4021000 rw-p 00000000 00:00 0 
7f2ec4021000-7f2ec8000000 ---p 00000000 00:00 0 
7f2ec8000000-7f2ec8cdf000 rw-p 00000000 00:00 0 
7f2ec8cdf000-7f2ecc000000 ---p 00000000 00:00 0 
7f2ecc000000-7f2ecc021000 rw-p 00000000 00:00 0 
7f2ecc021000-7f2ed0000000 ---p 00000000 00:00 0 
7f2ed0000000-7f2ed0021000 rw-p 00000000 00:00 0 
7f2ed0021000-7f2ed4000000 ---p 00000000 00:00 0 
7f2ed4000000-7f2ed5ed4000 rw-p 00000000 00:00 0 
7f2ed5ed4000-7f2ed8000000 ---p 00000000 00:00 0 
7f2ed8000000-7f2ed8021000 rw-p 00000000 00:00 0 
7f2ed8021000-7f2edc000000 ---p 00000000 00:00 0 
7f2edc000000-7f2edc021000 rw-p 00000000 00:00 0 
7f2edc021000-7f2ee0000000 ---p 00000000 00:00 0 
7f2ee0000000-7f2ee0021000 rw-p 00000000 00:00 0 
7f2ee0021000-7f2ee4000000 ---p 00000000 00:00 0 
7f2ee4000000-7f2ee4021000 rw-p 00000000 00:00 0 
7f2ee4021000-7f2ee8000000 ---p 00000000 00:00 0 
7f2ee8000000-7f2ee802a000 rw-p 00000000 00:00 0 
7f2ee802a000-7f2eec000000 ---p 00000000 00:00 0 
7f2eec7ed000-7f2eec81c000 r-xp 00000000 fd:01 28199716                   /home/janel/Desktop/Studium/Semester_6/Bachelorarbeit/nochmalneu/lib/java/runtime-z3/libz3java.so
7f2eec81c000-7f2eeca1b000 ---p 0002f000 fd:01 28199716                   /home/janel/Desktop/Studium/Semester_6/Bachelorarbeit/nochmalneu/lib/java/runtime-z3/libz3java.so
7f2eeca1b000-7f2eeca1c000 r--p 0002e000 fd:01 28199716                   /home/janel/Desktop/Studium/Semester_6/Bachelorarbeit/nochmalneu/lib/java/runtime-z3/libz3java.so
7f2eeca1c000-7f2eeca1e000 rw-p 0002f000 fd:01 28199716                   /home/janel/Desktop/Studium/Semester_6/Bachelorarbeit/nochmalneu/lib/java/runtime-z3/libz3java.so
7f2eeca1e000-7f2eecab4000 r--p 00000000 fd:01 8917931                    /usr/lib/x86_64-linux-gnu/libstdc++.so.6.0.28
7f2eecab4000-7f2eecba5000 r-xp 00096000 fd:01 8917931                    /usr/lib/x86_64-linux-gnu/libstdc++.so.6.0.28
7f2eecba5000-7f2eecbee000 r--p 00187000 fd:01 8917931                    /usr/lib/x86_64-linux-gnu/libstdc++.so.6.0.28
7f2eecbee000-7f2eecbef000 ---p 001d0000 fd:01 8917931                    /usr/lib/x86_64-linux-gnu/libstdc++.so.6.0.28
7f2eecbef000-7f2eecbfa000 r--p 001d0000 fd:01 8917931                    /usr/lib/x86_64-linux-gnu/libstdc++.so.6.0.28
7f2eecbfa000-7f2eecbfd000 rw-p 001db000 fd:01 8917931                    /usr/lib/x86_64-linux-gnu/libstdc++.so.6.0.28
7f2eecbfd000-7f2eecf00000 rw-p 00000000 00:00 0 
7f2eecf00000-7f2eecf10000 rw-p 00000000 00:00 0 
7f2eecf10000-7f2eed000000 ---p 00000000 00:00 0 
7f2eed000000-7f2eed0d0000 rw-p 00000000 00:00 0 
7f2eed0d0000-7f2eed400000 ---p 00000000 00:00 0 
7f2eed5df000-7f2eed5e3000 ---p 00000000 00:00 0 
7f2eed5e3000-7f2eed6e0000 rw-p 00000000 00:00 0 
7f2eed6e0000-7f2eed6e4000 ---p 00000000 00:00 0 
7f2eed6e4000-7f2eed7e1000 rw-p 00000000 00:00 0 
7f2eed7e1000-7f2eed7e5000 ---p 00000000 00:00 0 
7f2eed7e5000-7f2eed8e2000 rw-p 00000000 00:00 0 
7f2eed8e2000-7f2eed8e5000 r--p 00000000 fd:01 8918008                    /usr/lib/x86_64-linux-gnu/libgcc_s.so.1
7f2eed8e5000-7f2eed8f7000 r-xp 00003000 fd:01 8918008                    /usr/lib/x86_64-linux-gnu/libgcc_s.so.1
7f2eed8f7000-7f2eed8fb000 r--p 00015000 fd:01 8918008                    /usr/lib/x86_64-linux-gnu/libgcc_s.so.1
7f2eed8fb000-7f2eed8fc000 r--p 00018000 fd:01 8918008                    /usr/lib/x86_64-linux-gnu/libgcc_s.so.1
7f2eed8fc000-7f2eed8fd000 rw-p 00019000 fd:01 8918008                    /usr/lib/x86_64-linux-gnu/libgcc_s.so.1
7f2eed8fd000-7f2eee1f2000 r-xp 00000000 fd:01 28199709                   /home/janel/Desktop/Studium/Semester_6/Bachelorarbeit/nochmalneu/lib/java/runtime-mathsat/libmathsat5j.so
7f2eee1f2000-7f2eee3f2000 ---p 008f5000 fd:01 28199709                   /home/janel/Desktop/Studium/Semester_6/Bachelorarbeit/nochmalneu/lib/java/runtime-mathsat/libmathsat5j.so
7f2eee3f2000-7f2eee40d000 r--p 008f5000 fd:01 28199709                   /home/janel/Desktop/Studium/Semester_6/Bachelorarbeit/nochmalneu/lib/java/runtime-mathsat/libmathsat5j.so
7f2eee40d000-7f2eee421000 rw-p 00910000 fd:01 28199709                   /home/janel/Desktop/Studium/Semester_6/Bachelorarbeit/nochmalneu/lib/java/runtime-mathsat/libmathsat5j.so
7f2eee421000-7f2eee424000 rw-p 00000000 00:00 0 
7f2eee424000-7f2eee425000 ---p 00000000 00:00 0 
7f2eee425000-7f2eee526000 rw-p 00000000 00:00 0 
7f2eee526000-7f2eee527000 ---p 00000000 00:00 0 
7f2eee527000-7f2eee628000 rw-p 00000000 00:00 0 
7f2eee628000-7f2eee629000 ---p 00000000 00:00 0 
7f2eee629000-7f2eee72a000 rw-p 00000000 00:00 0 
7f2eee72a000-7f2eee72e000 ---p 00000000 00:00 0 
7f2eee72e000-7f2eee82b000 rw-p 00000000 00:00 0 
7f2eee82b000-7f2eee82c000 ---p 00000000 00:00 0 
7f2eee82c000-7f2eee92d000 rw-p 00000000 00:00 0 
7f2eee92d000-7f2eee931000 ---p 00000000 00:00 0 
7f2eee931000-7f2eeea2e000 rw-p 00000000 00:00 0 
7f2eeea2e000-7f2eeea32000 ---p 00000000 00:00 0 
7f2eeea32000-7f2eeeb2f000 rw-p 00000000 00:00 0 
7f2eeeb2f000-7f2eeeb33000 ---p 00000000 00:00 0 
7f2eeeb33000-7f2eeec30000 rw-p 00000000 00:00 0 
7f2eeec30000-7f2eeec34000 ---p 00000000 00:00 0 
7f2eeec34000-7f2eeed31000 rw-p 00000000 00:00 0 
7f2eeed31000-7f2eeed35000 ---p 00000000 00:00 0 
7f2eeed35000-7f2eeee32000 rw-p 00000000 00:00 0 
7f2eeee32000-7f2eeee36000 ---p 00000000 00:00 0 
7f2eeee36000-7f2eeef33000 rw-p 00000000 00:00 0 
7f2eeef33000-7f2eeef37000 ---p 00000000 00:00 0 
7f2eeef37000-7f2eef034000 rw-p 00000000 00:00 0 
7f2eef034000-7f2eef038000 ---p 00000000 00:00 0 
7f2eef038000-7f2eef135000 rw-p 00000000 00:00 0 
7f2eef135000-7f2eef6ff000 r--p 00000000 fd:01 8913749                    /usr/lib/locale/locale-archive
7f2eef6ff000-7f2eef703000 ---p 00000000 00:00 0 
7f2eef703000-7f2eefc00000 rw-p 00000000 00:00 0 
7f2eefc00000-7f2ef0000000 rw-p 00000000 00:00 0 
7f2ef0000000-7f2ef0021000 rw-p 00000000 00:00 0 
7f2ef0021000-7f2ef4000000 ---p 00000000 00:00 0 
7f2ef4000000-7f2ef4021000 rw-p 00000000 00:00 0 
7f2ef4021000-7f2ef8000000 ---p 00000000 00:00 0 
7f2ef8000000-7f2ef8021000 rw-p 00000000 00:00 0 
7f2ef8021000-7f2efc000000 ---p 00000000 00:00 0 
7f2efc000000-7f2efc021000 rw-p 00000000 00:00 0 
7f2efc021000-7f2f00000000 ---p 00000000 00:00 0 
7f2f00000000-7f2f00021000 rw-p 00000000 00:00 0 
7f2f00021000-7f2f04000000 ---p 00000000 00:00 0 
7f2f04032000-7f2f04047000 r-xp 00000000 fd:01 15074823                   /usr/lib/jvm/java-16-oracle/lib/libnet.so
7f2f04047000-7f2f04048000 r--p 00014000 fd:01 15074823                   /usr/lib/jvm/java-16-oracle/lib/libnet.so
7f2f04048000-7f2f04049000 rw-p 00015000 fd:01 15074823                   /usr/lib/jvm/java-16-oracle/lib/libnet.so
7f2f04049000-7f2f0404d000 ---p 00000000 00:00 0 
7f2f0404d000-7f2f0414a000 rw-p 00000000 00:00 0 
7f2f0414a000-7f2f0414b000 ---p 00000000 00:00 0 
7f2f0414b000-7f2f042cd000 rw-p 00000000 00:00 0 
7f2f042cd000-7f2f042ce000 ---p 00000000 00:00 0 
7f2f042ce000-7f2f0688f000 rw-p 00000000 00:00 0 
7f2f0688f000-7f2f0af7f000 ---p 00000000 00:00 0 
7f2f0af7f000-7f2f0b45f000 rw-p 00000000 00:00 0 
7f2f0b45f000-7f2f0fb4f000 ---p 00000000 00:00 0 
7f2f0fb4f000-7f2f0fc07000 rw-p 00000000 00:00 0 
7f2f0fc07000-7f2f104e5000 ---p 00000000 00:00 0 
7f2f104e5000-7f2f10581000 rw-p 00000000 00:00 0 
7f2f10581000-7f2f10e5f000 ---p 00000000 00:00 0 
7f2f10e5f000-7f2f10efb000 rw-p 00000000 00:00 0 
7f2f10efb000-7f2f117d9000 ---p 00000000 00:00 0 
7f2f117d9000-7f2f117dd000 rw-p 00000000 00:00 0 
7f2f117dd000-7f2f11a4d000 rwxp 00000000 00:00 0 
7f2f11a4d000-7f2f11d6e000 ---p 00000000 00:00 0 
7f2f11d6e000-7f2f1255e000 rwxp 00000000 00:00 0 
7f2f1255e000-7f2f192a5000 ---p 00000000 00:00 0 
7f2f192a5000-7f2f19525000 rwxp 00000000 00:00 0 
7f2f19525000-7f2f207dd000 ---p 00000000 00:00 0 
7f2f207dd000-7f2f28000000 r--s 00000000 fd:01 15074832                   /usr/lib/jvm/java-16-oracle/lib/modules
7f2f28000000-7f2f29d94000 rw-p 00000000 00:00 0 
7f2f29d94000-7f2f2c000000 ---p 00000000 00:00 0 
7f2f2c001000-7f2f2c00e000 r-xp 00000000 fd:01 15074830                   /usr/lib/jvm/java-16-oracle/lib/libverify.so
7f2f2c00e000-7f2f2c010000 r--p 0000c000 fd:01 15074830                   /usr/lib/jvm/java-16-oracle/lib/libverify.so
7f2f2c010000-7f2f2c011000 rw-p 0000e000 fd:01 15074830                   /usr/lib/jvm/java-16-oracle/lib/libverify.so
7f2f2c011000-7f2f2c024000 r-xp 00000000 fd:01 15074824                   /usr/lib/jvm/java-16-oracle/lib/libnio.so
7f2f2c024000-7f2f2c025000 r--p 00012000 fd:01 15074824                   /usr/lib/jvm/java-16-oracle/lib/libnio.so
7f2f2c025000-7f2f2c026000 rw-p 00013000 fd:01 15074824                   /usr/lib/jvm/java-16-oracle/lib/libnio.so
7f2f2c026000-7f2f2c0c2000 rw-p 00000000 00:00 0 
7f2f2c0c2000-7f2f2c0c3000 ---p 00000000 00:00 0 
7f2f2c0c3000-7f2f2c5c8000 rw-p 00000000 00:00 0 
7f2f2c5c8000-7f2f2c5c9000 ---p 00000000 00:00 0 
7f2f2c5c9000-7f2f2c6ca000 rw-p 00000000 00:00 0 
7f2f2c6ca000-7f2f2c6cb000 ---p 00000000 00:00 0 
7f2f2c6cb000-7f2f2c7cc000 rw-p 00000000 00:00 0 
7f2f2c7cc000-7f2f2c7cd000 ---p 00000000 00:00 0 
7f2f2c7cd000-7f2f2cd00000 rw-p 00000000 00:00 0 
7f2f2cd00000-7f2f2cde6000 ---p 00000000 00:00 0 
7f2f2cde6000-7f2f2cdf6000 rw-p 00000000 00:00 0 
7f2f2cdf6000-7f2f2ced1000 ---p 00000000 00:00 0 
7f2f2ced1000-7f2f2ced4000 r--p 00000000 fd:01 8915066                    /usr/lib/x86_64-linux-gnu/libnss_files-2.31.so
7f2f2ced4000-7f2f2cedb000 r-xp 00003000 fd:01 8915066                    /usr/lib/x86_64-linux-gnu/libnss_files-2.31.so
7f2f2cedb000-7f2f2cedd000 r--p 0000a000 fd:01 8915066                    /usr/lib/x86_64-linux-gnu/libnss_files-2.31.so
7f2f2cedd000-7f2f2cede000 r--p 0000b000 fd:01 8915066                    /usr/lib/x86_64-linux-gnu/libnss_files-2.31.so
7f2f2cede000-7f2f2cedf000 rw-p 0000c000 fd:01 8915066                    /usr/lib/x86_64-linux-gnu/libnss_files-2.31.so
7f2f2cedf000-7f2f2cee5000 rw-p 00000000 00:00 0 
7f2f2ceed000-7f2f2cef4000 r-xp 00000000 fd:01 15074831                   /usr/lib/jvm/java-16-oracle/lib/libzip.so
7f2f2cef4000-7f2f2cef5000 ---p 00007000 fd:01 15074831                   /usr/lib/jvm/java-16-oracle/lib/libzip.so
7f2f2cef5000-7f2f2cef6000 r--p 00007000 fd:01 15074831                   /usr/lib/jvm/java-16-oracle/lib/libzip.so
7f2f2cef6000-7f2f2cef7000 rw-p 00008000 fd:01 15074831                   /usr/lib/jvm/java-16-oracle/lib/libzip.so
7f2f2cef7000-7f2f2cefc000 rw-p 00000000 00:00 0 
7f2f2cefc000-7f2f2cf03000 ---p 00000000 00:00 0 
7f2f2cf03000-7f2f2cf27000 r-xp 00000000 fd:01 15074810                   /usr/lib/jvm/java-16-oracle/lib/libjava.so
7f2f2cf27000-7f2f2cf28000 ---p 00024000 fd:01 15074810                   /usr/lib/jvm/java-16-oracle/lib/libjava.so
7f2f2cf28000-7f2f2cf29000 r--p 00024000 fd:01 15074810                   /usr/lib/jvm/java-16-oracle/lib/libjava.so
7f2f2cf29000-7f2f2cf2a000 rw-p 00025000 fd:01 15074810                   /usr/lib/jvm/java-16-oracle/lib/libjava.so
7f2f2cf2a000-7f2f2cf2b000 rw-p 00000000 00:00 0 
7f2f2cf2b000-7f2f2cf46000 r-xp 00000000 fd:01 15074814                   /usr/lib/jvm/java-16-oracle/lib/libjimage.so
7f2f2cf46000-7f2f2cf47000 ---p 0001b000 fd:01 15074814                   /usr/lib/jvm/java-16-oracle/lib/libjimage.so
7f2f2cf47000-7f2f2cf49000 r--p 0001b000 fd:01 15074814                   /usr/lib/jvm/java-16-oracle/lib/libjimage.so
7f2f2cf49000-7f2f2cf4a000 rw-p 0001d000 fd:01 15074814                   /usr/lib/jvm/java-16-oracle/lib/libjimage.so
7f2f2cf4a000-7f2f2cf4c000 r--p 00000000 fd:01 8915073                    /usr/lib/x86_64-linux-gnu/librt-2.31.so
7f2f2cf4c000-7f2f2cf50000 r-xp 00002000 fd:01 8915073                    /usr/lib/x86_64-linux-gnu/librt-2.31.so
7f2f2cf50000-7f2f2cf52000 r--p 00006000 fd:01 8915073                    /usr/lib/x86_64-linux-gnu/librt-2.31.so
7f2f2cf52000-7f2f2cf53000 r--p 00007000 fd:01 8915073                    /usr/lib/x86_64-linux-gnu/librt-2.31.so
7f2f2cf53000-7f2f2cf54000 rw-p 00008000 fd:01 8915073                    /usr/lib/x86_64-linux-gnu/librt-2.31.so
7f2f2cf54000-7f2f2cf58000 ---p 00000000 00:00 0 
7f2f2cf58000-7f2f2d055000 rw-p 00000000 00:00 0 
7f2f2d055000-7f2f2d062000 r--p 00000000 fd:01 8915060                    /usr/lib/x86_64-linux-gnu/libm-2.31.so
7f2f2d062000-7f2f2d109000 r-xp 0000d000 fd:01 8915060                    /usr/lib/x86_64-linux-gnu/libm-2.31.so
7f2f2d109000-7f2f2d1a2000 r--p 000b4000 fd:01 8915060                    /usr/lib/x86_64-linux-gnu/libm-2.31.so
7f2f2d1a2000-7f2f2d1a3000 r--p 0014c000 fd:01 8915060                    /usr/lib/x86_64-linux-gnu/libm-2.31.so
7f2f2d1a3000-7f2f2d1a4000 rw-p 0014d000 fd:01 8915060                    /usr/lib/x86_64-linux-gnu/libm-2.31.so
7f2f2d1a4000-7f2f2e2b2000 r-xp 00000000 fd:01 15074844                   /usr/lib/jvm/java-16-oracle/lib/server/libjvm.so
7f2f2e2b2000-7f2f2e2b3000 ---p 0110e000 fd:01 15074844                   /usr/lib/jvm/java-16-oracle/lib/server/libjvm.so
7f2f2e2b3000-7f2f2e364000 r--p 0110e000 fd:01 15074844                   /usr/lib/jvm/java-16-oracle/lib/server/libjvm.so
7f2f2e364000-7f2f2e397000 rw-p 011bf000 fd:01 15074844                   /usr/lib/jvm/java-16-oracle/lib/server/libjvm.so
7f2f2e397000-7f2f2e3f4000 rw-p 00000000 00:00 0 
7f2f2e3f4000-7f2f2e416000 r--p 00000000 fd:01 8915058                    /usr/lib/x86_64-linux-gnu/libc-2.31.so
7f2f2e416000-7f2f2e58e000 r-xp 00022000 fd:01 8915058                    /usr/lib/x86_64-linux-gnu/libc-2.31.so
7f2f2e58e000-7f2f2e5dc000 r--p 0019a000 fd:01 8915058                    /usr/lib/x86_64-linux-gnu/libc-2.31.so
7f2f2e5dc000-7f2f2e5e0000 r--p 001e7000 fd:01 8915058                    /usr/lib/x86_64-linux-gnu/libc-2.31.so
7f2f2e5e0000-7f2f2e5e2000 rw-p 001eb000 fd:01 8915058                    /usr/lib/x86_64-linux-gnu/libc-2.31.so
7f2f2e5e2000-7f2f2e5e6000 rw-p 00000000 00:00 0 
7f2f2e5e6000-7f2f2e5e7000 r--p 00000000 fd:01 8915059                    /usr/lib/x86_64-linux-gnu/libdl-2.31.so
7f2f2e5e7000-7f2f2e5e9000 r-xp 00001000 fd:01 8915059                    /usr/lib/x86_64-linux-gnu/libdl-2.31.so
7f2f2e5e9000-7f2f2e5ea000 r--p 00003000 fd:01 8915059                    /usr/lib/x86_64-linux-gnu/libdl-2.31.so
7f2f2e5ea000-7f2f2e5eb000 r--p 00003000 fd:01 8915059                    /usr/lib/x86_64-linux-gnu/libdl-2.31.so
7f2f2e5eb000-7f2f2e5ec000 rw-p 00004000 fd:01 8915059                    /usr/lib/x86_64-linux-gnu/libdl-2.31.so
7f2f2e5ec000-7f2f2e5f2000 r--p 00000000 fd:01 8915071                    /usr/lib/x86_64-linux-gnu/libpthread-2.31.so
7f2f2e5f2000-7f2f2e603000 r-xp 00006000 fd:01 8915071                    /usr/lib/x86_64-linux-gnu/libpthread-2.31.so
7f2f2e603000-7f2f2e609000 r--p 00017000 fd:01 8915071                    /usr/lib/x86_64-linux-gnu/libpthread-2.31.so
7f2f2e609000-7f2f2e60a000 r--p 0001c000 fd:01 8915071                    /usr/lib/x86_64-linux-gnu/libpthread-2.31.so
7f2f2e60a000-7f2f2e60b000 rw-p 0001d000 fd:01 8915071                    /usr/lib/x86_64-linux-gnu/libpthread-2.31.so
7f2f2e60b000-7f2f2e60f000 rw-p 00000000 00:00 0 
7f2f2e60f000-7f2f2e61e000 r-xp 00000000 fd:01 15074815                   /usr/lib/jvm/java-16-oracle/lib/libjli.so
7f2f2e61e000-7f2f2e61f000 r--p 0000e000 fd:01 15074815                   /usr/lib/jvm/java-16-oracle/lib/libjli.so
7f2f2e61f000-7f2f2e620000 rw-p 0000f000 fd:01 15074815                   /usr/lib/jvm/java-16-oracle/lib/libjli.so
7f2f2e620000-7f2f2e622000 r--p 00000000 fd:01 8917240                    /usr/lib/x86_64-linux-gnu/libz.so.1.2.11
7f2f2e622000-7f2f2e633000 r-xp 00002000 fd:01 8917240                    /usr/lib/x86_64-linux-gnu/libz.so.1.2.11
7f2f2e633000-7f2f2e639000 r--p 00013000 fd:01 8917240                    /usr/lib/x86_64-linux-gnu/libz.so.1.2.11
7f2f2e639000-7f2f2e63a000 ---p 00019000 fd:01 8917240                    /usr/lib/x86_64-linux-gnu/libz.so.1.2.11
7f2f2e63a000-7f2f2e63b000 r--p 00019000 fd:01 8917240                    /usr/lib/x86_64-linux-gnu/libz.so.1.2.11
7f2f2e63b000-7f2f2e63c000 rw-p 0001a000 fd:01 8917240                    /usr/lib/x86_64-linux-gnu/libz.so.1.2.11
7f2f2e63c000-7f2f2e63e000 rw-p 00000000 00:00 0 
7f2f2e63f000-7f2f2e646000 r--s 00000000 fd:01 9573802                    /usr/lib/x86_64-linux-gnu/gconv/gconv-modules.cache
7f2f2e646000-7f2f2e64e000 rw-s 00000000 fd:01 11547440                   /tmp/hsperfdata_janel/741390
7f2f2e64e000-7f2f2e658000 r-xp 00000000 fd:01 15074805                   /usr/lib/jvm/java-16-oracle/lib/libinstrument.so
7f2f2e658000-7f2f2e659000 r--p 00009000 fd:01 15074805                   /usr/lib/jvm/java-16-oracle/lib/libinstrument.so
7f2f2e659000-7f2f2e65a000 rw-p 0000a000 fd:01 15074805                   /usr/lib/jvm/java-16-oracle/lib/libinstrument.so
7f2f2e65a000-7f2f2e65b000 ---p 00000000 00:00 0 
7f2f2e65b000-7f2f2e65c000 r--p 00000000 00:00 0 
7f2f2e65c000-7f2f2e65d000 r--p 00000000 fd:01 8915051                    /usr/lib/x86_64-linux-gnu/ld-2.31.so
7f2f2e65d000-7f2f2e680000 r-xp 00001000 fd:01 8915051                    /usr/lib/x86_64-linux-gnu/ld-2.31.so
7f2f2e680000-7f2f2e688000 r--p 00024000 fd:01 8915051                    /usr/lib/x86_64-linux-gnu/ld-2.31.so
7f2f2e688000-7f2f2e689000 ---p 00000000 00:00 0 
7f2f2e689000-7f2f2e68a000 r--p 0002c000 fd:01 8915051                    /usr/lib/x86_64-linux-gnu/ld-2.31.so
7f2f2e68a000-7f2f2e68b000 rw-p 0002d000 fd:01 8915051                    /usr/lib/x86_64-linux-gnu/ld-2.31.so
7f2f2e68b000-7f2f2e68c000 rw-p 00000000 00:00 0 
7fffa180e000-7fffa1833000 rw-p 00000000 00:00 0                          [stack]
7fffa196d000-7fffa1971000 r--p 00000000 00:00 0                          [vvar]
7fffa1971000-7fffa1973000 r-xp 00000000 00:00 0                          [vdso]
ffffffffff600000-ffffffffff601000 --xp 00000000 00:00 0                  [vsyscall]


VM Arguments:
jvm_args: -javaagent:/tmp/jacocoagent10250811838946638224.jar=destfile=/home/janel/Desktop/Studium/Semester_6/Bachelorarbeit/nochmalneu/junit/jacoco.exec,excludes=**/*Test*:**/Dummy* -Djava.awt.headless=true -ea 
java_command: org.apache.tools.ant.taskdefs.optional.junit.JUnitTestRunner org.sosy_lab.java_smt.test.TimeoutTest skipNonTests=false filtertrace=true haltOnError=false haltOnFailure=false formatter=org.apache.tools.ant.taskdefs.optional.junit.SummaryJUnitResultFormatter showoutput=false outputtoformatters=true logfailedtests=true threadid=0 logtestlistenerevents=false formatter=org.apache.tools.ant.taskdefs.optional.junit.XMLJUnitResultFormatter,/home/janel/Desktop/Studium/Semester_6/Bachelorarbeit/nochmalneu/junit/TEST-org.sosy_lab.java_smt.test.TimeoutTest.xml crashfile=/home/janel/Desktop/Studium/Semester_6/Bachelorarbeit/nochmalneu/junitvmwatcher17244742785434703996.properties propsfile=/home/janel/Desktop/Studium/Semester_6/Bachelorarbeit/nochmalneu/junit15091593574735389182.properties
java_class_path (initial): /home/janel/Desktop/Studium/Semester_6/Bachelorarbeit/nochmalneu/bin:/home/janel/Desktop/Studium/Semester_6/Bachelorarbeit/nochmalneu/lib/java/build/auto-value-annotations.jar:/home/janel/Desktop/Studium/Semester_6/Bachelorarbeit/nochmalneu/lib/java/build/error_prone_annotations.jar:/home/janel/Desktop/Studium/Semester_6/Bachelorarbeit/nochmalneu/lib/java/runtime-boolector/animal-sniffer-annotations.jar:/home/janel/Desktop/Studium/Semester_6/Bachelorarbeit/nochmalneu/lib/java/runtime-boolector/antlr4-runtime.jar:/home/janel/Desktop/Studium/Semester_6/Bachelorarbeit/nochmalneu/lib/java/runtime-boolector/checker-qual.jar:/home/janel/Desktop/Studium/Semester_6/Bachelorarbeit/nochmalneu/lib/java/runtime-boolector/common.jar:/home/janel/Desktop/Studium/Semester_6/Bachelorarbeit/nochmalneu/lib/java/runtime-boolector/error_prone_annotations.jar:/home/janel/Desktop/Studium/Semester_6/Bachelorarbeit/nochmalneu/lib/java/runtime-boolector/failureaccess.jar:/home/janel/Desktop/Studium/Semester_6/Bachelorarbeit/nochmalneu/lib/java/runtime-boolector/guava.jar:/home/janel/Desktop/Studium/Semester_6/Bachelorarbeit/nochmalneu/lib/java/runtime-boolector/j2objc-annotations.jar:/home/janel/Desktop/Studium/Semester_6/Bachelorarbeit/nochmalneu/lib/java/runtime-boolector/jsr305.jar:/home/janel/Desktop/Studium/Semester_6/Bachelorarbeit/nochmalneu/lib/java/runtime-boolector/listenablefuture.jar:/home/janel/Desktop/Studium/Semester_6/Bachelorarbeit/nochmalneu/lib/java/runtime-boolector/spotbugs-annotations.jar:/home/janel/Desktop/Studium/Semester_6/Bachelorarbeit/nochmalneu/lib/java/runtime-cvc4/CVC4.jar:/home/janel/Desktop/Studium/Semester_6/Bachelorarbeit/nochmalneu/lib/java/runtime-cvc4/animal-sniffer-annotations.jar:/home/janel/Desktop/Studium/Semester_6/Bachelorarbeit/nochmalneu/lib/java/runtime-cvc4/antlr4-runtime.jar:/home/janel/Desktop/Studium/Semester_6/Bachelorarbeit/nochmalneu/lib/java/runtime-cvc4/checker-qual.jar:/home/janel/Desktop/Studium/Semester_
Launcher Type: SUN_STANDARD

[Global flags]
     intx CICompilerCount                          = 3                                         {product} {ergonomic}
     uint ConcGCThreads                            = 1                                         {product} {ergonomic}
     uint G1ConcRefinementThreads                  = 4                                         {product} {ergonomic}
   size_t G1HeapRegionSize                         = 4194304                                   {product} {ergonomic}
    uintx GCDrainStackTargetSize                   = 64                                        {product} {ergonomic}
   size_t InitialHeapSize                          = 318767104                                 {product} {ergonomic}
   size_t MarkStackSize                            = 4194304                                   {product} {ergonomic}
   size_t MaxHeapSize                              = 5087690752                                {product} {ergonomic}
   size_t MaxNewSize                               = 3049259008                                {product} {ergonomic}
   size_t MinHeapDeltaBytes                        = 4194304                                   {product} {ergonomic}
   size_t MinHeapSize                              = 8388608                                   {product} {ergonomic}
    uintx NonNMethodCodeHeapSize                   = 5832780                                {pd product} {ergonomic}
    uintx NonProfiledCodeHeapSize                  = 122912730                              {pd product} {ergonomic}
    uintx ProfiledCodeHeapSize                     = 122912730                              {pd product} {ergonomic}
    uintx ReservedCodeCacheSize                    = 251658240                              {pd product} {ergonomic}
     bool SegmentedCodeCache                       = true                                      {product} {ergonomic}
   size_t SoftMaxHeapSize                          = 5087690752                             {manageable} {ergonomic}
     bool UseCompressedClassPointers               = true                           {product lp64_product} {ergonomic}
     bool UseCompressedOops                        = true                           {product lp64_product} {ergonomic}
     bool UseG1GC                                  = true                                      {product} {ergonomic}

Logging:
Log output configuration:
 #0: stdout all=warning uptime,level,tags
 #1: stderr all=off uptime,level,tags

Environment Variables:
JAVA_HOME=/usr/lib/jvm/java-16-oracle
PATH=/home/janel/.opam/default/bin:/home/janel/.local/bin:/home/janel/bin:/usr/local/sbin:/usr/local/bin:/usr/sbin:/usr/bin:/sbin:/bin:/usr/games:/usr/local/games:/snap/bin:/usr/lib/jvm/java-16-oracle/bin:/usr/lib/jvm/java-16-oracle/db/bin:/home/janel/bin
USERNAME=janel
SHELL=/usr/bin/fish
DISPLAY=:0
LANG=de_DE.UTF-8

Signal Handlers:
SIGSEGV: [libjvm.so+0xdfef20], sa_mask[0]=11100100010111111101111111111110, sa_flags=SA_RESTART|SA_SIGINFO
SIGBUS: [libjvm.so+0xdfef20], sa_mask[0]=11100100010111111101111111111110, sa_flags=SA_RESTART|SA_SIGINFO
SIGFPE: [libjvm.so+0xdfef20], sa_mask[0]=11100100010111111101111111111110, sa_flags=SA_RESTART|SA_SIGINFO
SIGPIPE: [libjvm.so+0xca8980], sa_mask[0]=11100100010111111101111111111110, sa_flags=SA_RESTART|SA_SIGINFO
SIGXFSZ: [libjvm.so+0xca8980], sa_mask[0]=11100100010111111101111111111110, sa_flags=SA_RESTART|SA_SIGINFO
SIGILL: [libjvm.so+0xdfef20], sa_mask[0]=11100100010111111101111111111110, sa_flags=SA_RESTART|SA_SIGINFO
SIGUSR2: [libjvm.so+0xca8070], sa_mask[0]=00100000000000000000000000000000, sa_flags=SA_RESTART|SA_SIGINFO
SIGHUP: [libjvm.so+0xca7fa0], sa_mask[0]=11100100010111111101111111111110, sa_flags=SA_RESTART|SA_SIGINFO
SIGINT: [libjvm.so+0xca7fa0], sa_mask[0]=11100100010111111101111111111110, sa_flags=SA_RESTART|SA_SIGINFO
SIGTERM: [libjvm.so+0xca7fa0], sa_mask[0]=11100100010111111101111111111110, sa_flags=SA_RESTART|SA_SIGINFO
SIGQUIT: [libjvm.so+0xca7fa0], sa_mask[0]=11100100010111111101111111111110, sa_flags=SA_RESTART|SA_SIGINFO
SIGTRAP: [libjvm.so+0xdfef20], sa_mask[0]=11100100010111111101111111111110, sa_flags=SA_RESTART|SA_SIGINFO


---------------  S Y S T E M  ---------------

OS:
DISTRIB_ID=Ubuntu
DISTRIB_RELEASE=20.04
DISTRIB_CODENAME=focal
DISTRIB_DESCRIPTION="Ubuntu 20.04.5 LTS"
uname: Linux 5.15.0-87-generic #97~20.04.1-Ubuntu SMP Thu Oct 5 08:25:28 UTC 2023 x86_64
OS uptime: 18 days 21:35 hours
libc: glibc 2.31 NPTL 2.31 
rlimit (soft/hard): STACK 8192k/infinity , CORE 0k/infinity , NPROC 77088/77088 , NOFILE 1048576/1048576 , AS infinity/infinity , CPU infinity/infinity , DATA infinity/infinity , FSIZE infinity/infinity , MEMLOCK 65536k/65536k
load average: 1,69 1,46 1,47

/proc/meminfo:
MemTotal:       19869448 kB
MemFree:         1479028 kB
MemAvailable:    8815152 kB
Buffers:         1224492 kB
Cached:          5553284 kB
SwapCached:        71580 kB
Active:          6232896 kB
Inactive:        9214480 kB
Active(anon):    1905772 kB
Inactive(anon):  8110308 kB
Active(file):    4327124 kB
Inactive(file):  1104172 kB
Unevictable:      129284 kB
Mlocked:             484 kB
SwapTotal:       1003516 kB
SwapFree:         419156 kB
Dirty:               504 kB
Writeback:             0 kB
AnonPages:       8727340 kB
Mapped:           973716 kB
Shmem:           1346480 kB
KReclaimable:    2267764 kB
Slab:            2561364 kB
SReclaimable:    2267764 kB
SUnreclaim:       293600 kB
KernelStack:       22272 kB
PageTables:        68584 kB
NFS_Unstable:          0 kB
Bounce:                0 kB
WritebackTmp:          0 kB
CommitLimit:    10938240 kB
Committed_AS:   17816756 kB
VmallocTotal:   34359738367 kB
VmallocUsed:       66904 kB
VmallocChunk:          0 kB
Percpu:             6240 kB
HardwareCorrupted:     0 kB
AnonHugePages:         0 kB
ShmemHugePages:        0 kB
ShmemPmdMapped:        0 kB
FileHugePages:         0 kB
FilePmdMapped:         0 kB
HugePages_Total:       0
HugePages_Free:        0
HugePages_Rsvd:        0
HugePages_Surp:        0
Hugepagesize:       2048 kB
Hugetlb:               0 kB
DirectMap4k:     1204300 kB
DirectMap2M:    19152896 kB
DirectMap1G:           0 kB

/sys/kernel/mm/transparent_hugepage/enabled: always [madvise] never
/sys/kernel/mm/transparent_hugepage/defrag (defrag/compaction efforts parameter): always defer defer+madvise [madvise] never

Process Memory:
Virtual Size: 8379904K (peak: 8396524K)
Resident Set Size: 397876K (peak: 408992K) (anon: 348824K, file: 49052K, shmem: 0K)
Swapped out: 0K
C-Heap outstanding allocations: 32259K

/proc/sys/kernel/threads-max (system-wide limit on the number of threads): 154176
/proc/sys/vm/max_map_count (maximum number of memory map areas a process may have): 65530
/proc/sys/kernel/pid_max (system-wide limit on number of process identifiers): 4194304

container (cgroup) information:
container_type: cgroupv1
cpu_cpuset_cpus: 0-3
cpu_memory_nodes: 0
active_processor_count: 4
cpu_quota: no quota
cpu_period: 100000
cpu_shares: no shares
memory_limit_in_bytes: unlimited
memory_and_swap_limit_in_bytes: unlimited
memory_soft_limit_in_bytes: unlimited
memory_usage_in_bytes: 6105178112
memory_max_usage_in_bytes: 13135265792

Steal ticks since vm start: 0
Steal ticks percentage since vm start:  0,000

CPU: total 4 (initial active 4) (2 cores per cpu, 2 threads per core) family 6 model 78 stepping 3 microcode 0xf0, cx8, cmov, fxsr, ht, mmx, 3dnowpref, sse, sse2, sse3, ssse3, sse4.1, sse4.2, popcnt, lzcnt, tsc, tscinvbit, avx, avx2, aes, erms, clmul, bmi1, bmi2, adx, fma, vzeroupper, clflush, clflushopt
CPU Model and flags from /proc/cpuinfo:
model name	: Intel(R) Core(TM) i7-6600U CPU @ 2.60GHz
flags		: fpu vme de pse tsc msr pae mce cx8 apic sep mtrr pge mca cmov pat pse36 clflush dts acpi mmx fxsr sse sse2 ss ht tm pbe syscall nx pdpe1gb rdtscp lm constant_tsc art arch_perfmon pebs bts rep_good nopl xtopology nonstop_tsc cpuid aperfmperf pni pclmulqdq dtes64 monitor ds_cpl vmx smx est tm2 ssse3 sdbg fma cx16 xtpr pdcm pcid sse4_1 sse4_2 x2apic movbe popcnt tsc_deadline_timer aes xsave avx f16c rdrand lahf_lm abm 3dnowprefetch cpuid_fault epb invpcid_single pti ssbd ibrs ibpb stibp tpr_shadow vnmi flexpriority ept vpid ept_ad fsgsbase tsc_adjust bmi1 avx2 smep bmi2 erms invpcid mpx rdseed adx smap clflushopt intel_pt xsaveopt xsavec xgetbv1 xsaves dtherm ida arat pln pts hwp hwp_notify hwp_act_window hwp_epp md_clear flush_l1d arch_capabilities

Online cpus: 0-3
Offline cpus: 
BIOS frequency limitation: <Not Available>
Frequency switch latency (ns): 0
Available cpu frequencies: <Not Available>
Current governor: powersave
Core performance/turbo boost: <Not Available>

Memory: 4k page, physical 19869448k(1479028k free), swap 1003516k(419156k free)

vm_info: Java HotSpot(TM) 64-Bit Server VM (16.0.1+9-24) for linux-amd64 JRE (16.0.1+9-24), built on Mar 26 2021 18:11:45 by "mach5one" with gcc 10.2.0

END.
