#
# A fatal error has been detected by the Java Runtime Environment:
#
#  SIGSEGV (0xb) at pc=0x00007fdb52807b8b, pid=92770, tid=92771
#
# JRE version: OpenJDK Runtime Environment Corretto-11.0.15.9.1 (11.0.15+9) (build 11.0.15+9-LTS)
# Java VM: OpenJDK 64-Bit Server VM Corretto-11.0.15.9.1 (11.0.15+9-LTS, mixed mode, tiered, compressed oops, g1 gc, linux-amd64)
# Problematic frame:
# C  [libmathsat5j.so+0x260b8b]  msat::Term_::to_str[abi:cxx11]() const+0x2b
#
# Core dump will be written. Default location: Core dumps may be processed with "/usr/share/apport/apport -p%p -s%s -c%c -d%d -P%P -u%u -g%g -- %E" (or dumping to /home/janel/Desktop/Studium/Semester_6/Bachelorarbeit/nochmalneu/core.92770)
#
# If you would like to submit a bug report, please visit:
#   https://github.com/corretto/corretto-11/issues/
# The crash happened outside the Java Virtual Machine in native code.
# See problematic frame for where to report the bug.
#

---------------  S U M M A R Y ------------

Command Line: -ea -Didea.test.cyclic.buffer.size=1048576 -javaagent:/snap/intellij-idea-community/464/lib/idea_rt.jar=46751:/snap/intellij-idea-community/464/bin -Dfile.encoding=UTF-8 com.intellij.rt.junit.JUnitStarter -ideVersion5 -junit4 org.sosy_lab.java_smt.test.BooleanGeneratorTest

Host: Intel(R) Core(TM) i7-6600U CPU @ 2.60GHz, 4 cores, 18G, Ubuntu 20.04.5 LTS
Time: Wed Nov  1 16:19:14 2023 CET elapsed time: 1.012024 seconds (0d 0h 0m 1s)

---------------  T H R E A D  ---------------

Current thread (0x00007fdba8029800):  JavaThread "main" [_thread_in_native, id=92771, stack(0x00007fdbafd51000,0x00007fdbafe52000)]

Stack: [0x00007fdbafd51000,0x00007fdbafe52000],  sp=0x00007fdbafe4ece0,  free space=1015k
Native frames: (J=compiled Java code, A=aot compiled Java code, j=interpreted, Vv=VM code, C=native code)
C  [libmathsat5j.so+0x260b8b]  msat::Term_::to_str[abi:cxx11]() const+0x2b

Java frames: (J=compiled Java code, j=interpreted, Vv=VM code)
j  org.sosy_lab.java_smt.solvers.mathsat5.Mathsat5NativeApi.msat_term_repr(J)Ljava/lang/String;+0
j  org.sosy_lab.java_smt.solvers.mathsat5.Mathsat5Formula.toString()Ljava/lang/String;+4
J 805 c1 java.lang.String.valueOf(Ljava/lang/Object;)Ljava/lang/String; java.base@11.0.15 (14 bytes) @ 0x00007fdb90f0e21c [0x00007fdb90f0e0e0+0x000000000000013c]
J 992 c1 java.lang.invoke.DirectMethodHandle$Holder.invokeStatic(Ljava/lang/Object;Ljava/lang/Object;)Ljava/lang/Object; java.base@11.0.15 (14 bytes) @ 0x00007fdb90f6e1bc [0x00007fdb90f6dde0+0x00000000000003dc]
j  java.lang.invoke.LambdaForm$MH.invoke(Ljava/lang/Object;Ljava/lang/Object;)Ljava/lang/Object;+15 java.base@11.0.15
j  java.lang.invoke.LambdaForm$MH.invoke(Ljava/lang/Object;Ljava/lang/Object;)Ljava/lang/Object;+15 java.base@11.0.15
j  java.lang.invoke.Invokers$Holder.linkToTargetMethod(Ljava/lang/Object;Ljava/lang/Object;)Ljava/lang/Object;+5 java.base@11.0.15
j  org.sosy_lab.java_smt.utils.Generators.Generator.logAddConstraint(Lorg/sosy_lab/java_smt/api/BooleanFormula;)V+81
j  org.sosy_lab.java_smt.test.BooleanGeneratorTest.testMakeVariable()V+33
v  ~StubRoutines::call_stub
j  jdk.internal.reflect.NativeMethodAccessorImpl.invoke0(Ljava/lang/reflect/Method;Ljava/lang/Object;[Ljava/lang/Object;)Ljava/lang/Object;+0 java.base@11.0.15
j  jdk.internal.reflect.NativeMethodAccessorImpl.invoke(Ljava/lang/Object;[Ljava/lang/Object;)Ljava/lang/Object;+100 java.base@11.0.15
j  jdk.internal.reflect.DelegatingMethodAccessorImpl.invoke(Ljava/lang/Object;[Ljava/lang/Object;)Ljava/lang/Object;+6 java.base@11.0.15
j  java.lang.reflect.Method.invoke(Ljava/lang/Object;[Ljava/lang/Object;)Ljava/lang/Object;+59 java.base@11.0.15
j  org.junit.runners.model.FrameworkMethod$1.runReflectiveCall()Ljava/lang/Object;+15
j  org.junit.internal.runners.model.ReflectiveCallable.run()Ljava/lang/Object;+1
j  org.junit.runners.model.FrameworkMethod.invokeExplosively(Ljava/lang/Object;[Ljava/lang/Object;)Ljava/lang/Object;+10
j  org.junit.internal.runners.statements.InvokeMethod.evaluate()V+12
j  org.junit.internal.runners.statements.RunBefores.evaluate()V+41
j  org.junit.internal.runners.statements.RunAfters.evaluate()V+12
j  org.junit.runners.ParentRunner$3.evaluate()V+4
j  org.junit.runners.BlockJUnit4ClassRunner$1.evaluate()V+11
j  org.junit.runners.ParentRunner.runLeaf(Lorg/junit/runners/model/Statement;Lorg/junit/runner/Description;Lorg/junit/runner/notification/RunNotifier;)V+17
j  org.junit.runners.BlockJUnit4ClassRunner.runChild(Lorg/junit/runners/model/FrameworkMethod;Lorg/junit/runner/notification/RunNotifier;)V+38
j  org.junit.runners.BlockJUnit4ClassRunner.runChild(Ljava/lang/Object;Lorg/junit/runner/notification/RunNotifier;)V+6
j  org.junit.runners.ParentRunner$4.run()V+12
j  org.junit.runners.ParentRunner$1.schedule(Ljava/lang/Runnable;)V+1
j  org.junit.runners.ParentRunner.runChildren(Lorg/junit/runner/notification/RunNotifier;)V+44
j  org.junit.runners.ParentRunner.access$100(Lorg/junit/runners/ParentRunner;Lorg/junit/runner/notification/RunNotifier;)V+2
j  org.junit.runners.ParentRunner$2.evaluate()V+8
j  org.junit.runners.ParentRunner.run(Lorg/junit/runner/notification/RunNotifier;)V+24
j  org.junit.runners.Suite.runChild(Lorg/junit/runner/Runner;Lorg/junit/runner/notification/RunNotifier;)V+2
j  org.junit.runners.Suite.runChild(Ljava/lang/Object;Lorg/junit/runner/notification/RunNotifier;)V+6
j  org.junit.runners.ParentRunner$4.run()V+12
j  org.junit.runners.ParentRunner$1.schedule(Ljava/lang/Runnable;)V+1
j  org.junit.runners.ParentRunner.runChildren(Lorg/junit/runner/notification/RunNotifier;)V+44
j  org.junit.runners.ParentRunner.access$100(Lorg/junit/runners/ParentRunner;Lorg/junit/runner/notification/RunNotifier;)V+2
j  org.junit.runners.ParentRunner$2.evaluate()V+8
j  org.junit.runners.ParentRunner$3.evaluate()V+4
j  org.junit.runners.ParentRunner.run(Lorg/junit/runner/notification/RunNotifier;)V+24
j  org.junit.runner.JUnitCore.run(Lorg/junit/runner/Runner;)Lorg/junit/runner/Result;+37
j  com.intellij.junit4.JUnit4IdeaTestRunner.startRunnerWithArgs([Ljava/lang/String;Ljava/lang/String;IZ)I+166
j  com.intellij.rt.junit.IdeaTestRunner$Repeater$1.execute(Z)I+17
j  com.intellij.rt.execution.junit.TestsRepeater.repeat(IZLcom/intellij/rt/execution/junit/TestsRepeater$TestRun;)I+7
j  com.intellij.rt.junit.IdeaTestRunner$Repeater.startRunnerWithArgs(Lcom/intellij/rt/junit/IdeaTestRunner;[Ljava/lang/String;Ljava/util/ArrayList;Ljava/lang/String;IZ)I+25
j  com.intellij.rt.junit.JUnitStarter.prepareStreamsAndStart([Ljava/lang/String;Ljava/lang/String;Ljava/util/ArrayList;Ljava/lang/String;)I+117
j  com.intellij.rt.junit.JUnitStarter.main([Ljava/lang/String;)V+97
v  ~StubRoutines::call_stub

siginfo: si_signo: 11 (SIGSEGV), si_code: 1 (SEGV_MAPERR), si_addr: 0x0000000000000010

Register to memory mapping:

RAX=0x0 is NULL
RBX=0x00007fdbafe4ef00 is pointing into the stack for thread: 0x00007fdba8029800
RCX=0x0000000000000010 is an unknown value
RDX=0x00007fdba8746678 points into unknown readable memory: 0x0000000000000000 | 00 00 00 00 00 00 00 00
RSP=0x00007fdbafe4ece0 is pointing into the stack for thread: 0x00007fdba8029800
RBP=0x00007fdbafe4ef00 is pointing into the stack for thread: 0x00007fdba8029800
RSI=0x00007fdba8746678 points into unknown readable memory: 0x0000000000000000 | 00 00 00 00 00 00 00 00
RDI=0x00007fdbafe4ef00 is pointing into the stack for thread: 0x00007fdba8029800
R8 =0x0000000000006e34 is an unknown value
R9 =0x0 is NULL
R10=0x00007fdb9082d9e1 is at code_begin+897 in an Interpreter codelet
method entry point (kind = native)  [0x00007fdb9082d660, 0x00007fdb9082dfe0]  2432 bytes
R11=0x00000006e2b8f3f8 is an oop: java.lang.Class 
{0x00000006e2b8f3f8} - klass: 'java/lang/Class'
R12=0x0 is NULL
R13={method} {0x00007fdb53123448} 'msat_term_repr' '(J)Ljava/lang/String;' in 'org/sosy_lab/java_smt/solvers/mathsat5/Mathsat5NativeApi'
R14=0x00007fdbafe4f028 is pointing into the stack for thread: 0x00007fdba8029800
R15=0x00007fdba8029800 is a thread


Registers:
RAX=0x0000000000000000, RBX=0x00007fdbafe4ef00, RCX=0x0000000000000010, RDX=0x00007fdba8746678
RSP=0x00007fdbafe4ece0, RBP=0x00007fdbafe4ef00, RSI=0x00007fdba8746678, RDI=0x00007fdbafe4ef00
R8 =0x0000000000006e34, R9 =0x0000000000000000, R10=0x00007fdb9082d9e1, R11=0x00000006e2b8f3f8
R12=0x0000000000000000, R13=0x00007fdb53123448, R14=0x00007fdbafe4f028, R15=0x00007fdba8029800
RIP=0x00007fdb52807b8b, EFLAGS=0x0000000000010246, CSGSFS=0x002b000000000033, ERR=0x0000000000000004
  TRAPNO=0x000000000000000e

Top of Stack: (sp=0x00007fdbafe4ece0)
0x00007fdbafe4ece0:   00007fdbafe4eef0 0000000000000000
0x00007fdbafe4ecf0:   00000006e340fac0 00000006e2b5dfc0
0x00007fdbafe4ed00:   0000000000000000 0000000000000000
0x00007fdbafe4ed10:   00000006e2b4e638 00000006e340fab8 

Instructions: (pc=0x00007fdb52807b8b)
0x00007fdb52807a8b:   6c 24 10 48 83 c4 18 5b 5d 41 5c 41 5d 41 5e 41
0x00007fdb52807a9b:   5f c3 0f 1f 00 49 c7 c5 f8 ff ff ff e9 97 fe ff
0x00007fdb52807aab:   ff 0f 1f 40 00 48 89 d9 e9 e9 fe ff ff 0f 1f 84
0x00007fdb52807abb:   00 00 00 00 00 4d 89 e9 48 89 de e9 99 fc ff ff
0x00007fdb52807acb:   0f 1f 44 00 00 48 89 ef e9 68 fd ff ff 0f 1f 84
0x00007fdb52807adb:   00 00 00 00 00 49 89 e8 e9 a2 fb ff ff 0f 1f 84
0x00007fdb52807aeb:   00 00 00 00 00 4c 89 ef e9 e4 fc ff ff 0f 1f 84
0x00007fdb52807afb:   00 00 00 00 00 48 89 d9 e9 ec fe ff ff 0f 1f 84
0x00007fdb52807b0b:   00 00 00 00 00 4c 89 e9 48 89 d8 e9 8c fc ff ff
0x00007fdb52807b1b:   0f 1f 44 00 00 4d 89 d1 45 31 ed 45 31 c0 e9 44
0x00007fdb52807b2b:   fe ff ff 48 8d 3d 1c 99 52 00 e8 96 7b f9 ff 66
0x00007fdb52807b3b:   0f 1f 44 00 00 48 89 37 48 89 57 08 c3 0f 1f 84
0x00007fdb52807b4b:   00 00 00 00 00 48 89 54 f7 10 c3 66 2e 0f 1f 84
0x00007fdb52807b5b:   00 00 00 00 00 41 57 41 56 41 55 41 54 55 53 48
0x00007fdb52807b6b:   89 fd 48 81 ec e8 01 00 00 64 48 8b 04 25 28 00
0x00007fdb52807b7b:   00 00 48 89 84 24 d8 01 00 00 31 c0 48 8b 46 08
0x00007fdb52807b8b:   48 83 78 10 00 0f 84 1a 03 00 00 48 8d 5c 24 60
0x00007fdb52807b9b:   49 89 f4 48 8d 7b 70 e8 a9 7b f9 ff 48 8b 05 ea
0x00007fdb52807bab:   d2 8a 00 c6 84 24 b0 01 00 00 00 31 f6 48 c7 84
0x00007fdb52807bbb:   24 a8 01 00 00 00 00 00 00 c6 84 24 b1 01 00 00
0x00007fdb52807bcb:   00 48 c7 84 24 b8 01 00 00 00 00 00 00 48 c7 84
0x00007fdb52807bdb:   24 c0 01 00 00 00 00 00 00 48 83 c0 10 48 c7 84
0x00007fdb52807beb:   24 c8 01 00 00 00 00 00 00 48 c7 84 24 d0 01 00
0x00007fdb52807bfb:   00 00 00 00 00 48 89 84 24 d0 00 00 00 48 8b 05
0x00007fdb52807c0b:   21 cf 8a 00 4c 8b 68 08 4c 8b 70 10 49 8b 7d e8
0x00007fdb52807c1b:   4c 89 6c 24 60 48 01 df 4c 89 37 e8 15 2f fa ff
0x00007fdb52807c2b:   48 8b 05 66 d5 8a 00 66 0f ef c0 48 8d 7b 40 48
0x00007fdb52807c3b:   83 c0 18 48 89 44 24 60 48 8b 05 4e d5 8a 00 0f
0x00007fdb52807c4b:   29 44 24 70 48 83 c0 40 0f 29 84 24 80 00 00 00
0x00007fdb52807c5b:   48 89 84 24 d0 00 00 00 48 8b 05 7e df 8a 00 0f
0x00007fdb52807c6b:   29 84 24 90 00 00 00 48 83 c0 10 48 89 44 24 68
0x00007fdb52807c7b:   e8 30 96 f9 ff 48 8b 05 81 cc 8a 00 48 8d 73 08 


Stack slot to memory mapping:
stack at sp + 0 slots: 0x00007fdbafe4eef0 is pointing into the stack for thread: 0x00007fdba8029800
stack at sp + 1 slots: 0x0 is NULL
stack at sp + 2 slots: 0x00000006e340fac0 is pointing into object: [Ljava.lang.Object; 
{0x00000006e340fab0} - klass: 'java/lang/Object'[]
 - length: 10
stack at sp + 3 slots: 0x00000006e2b5dfc0 is an oop: java.lang.Class 
{0x00000006e2b5dfc0} - klass: 'java/lang/Class'
stack at sp + 4 slots: 0x0 is NULL
stack at sp + 5 slots: 0x0 is NULL
stack at sp + 6 slots: 0x00000006e2b4e638 is an oop: 
[error occurred during error reporting (inspecting top of stack), id 0xb, SIGSEGV (0xb) at pc=0x00007fdbb0bf1226]


---------------  P R O C E S S  ---------------

Threads class SMR info:
_java_thread_list=0x00007fdb581edb30, length=11, elements={
0x00007fdba8029800, 0x00007fdba82b0000, 0x00007fdba82b4000, 0x00007fdba82c9000,
0x00007fdba82cb000, 0x00007fdba82cd800, 0x00007fdba82cf800, 0x00007fdba82d1800,
0x00007fdba8355000, 0x00007fdba8433800, 0x00007fdb581ec000
}

Java Threads: ( => current thread )
=>0x00007fdba8029800 JavaThread "main" [_thread_in_native, id=92771, stack(0x00007fdbafd51000,0x00007fdbafe52000)]
  0x00007fdba82b0000 JavaThread "Reference Handler" daemon [_thread_blocked, id=92784, stack(0x00007fdbac3e4000,0x00007fdbac4e5000)]
  0x00007fdba82b4000 JavaThread "Finalizer" daemon [_thread_blocked, id=92786, stack(0x00007fdbac2e3000,0x00007fdbac3e4000)]
  0x00007fdba82c9000 JavaThread "Signal Dispatcher" daemon [_thread_blocked, id=92788, stack(0x00007fdbac1e2000,0x00007fdbac2e3000)]
  0x00007fdba82cb000 JavaThread "Service Thread" daemon [_thread_blocked, id=92789, stack(0x00007fdbac0e1000,0x00007fdbac1e2000)]
  0x00007fdba82cd800 JavaThread "C2 CompilerThread0" daemon [_thread_blocked, id=92790, stack(0x00007fdb80195000,0x00007fdb80296000)]
  0x00007fdba82cf800 JavaThread "C1 CompilerThread0" daemon [_thread_blocked, id=92791, stack(0x00007fdb80094000,0x00007fdb80195000)]
  0x00007fdba82d1800 JavaThread "Sweeper thread" daemon [_thread_blocked, id=92792, stack(0x00007fdb53eff000,0x00007fdb54000000)]
  0x00007fdba8355000 JavaThread "Common-Cleaner" daemon [_thread_blocked, id=92795, stack(0x00007fdb53dfe000,0x00007fdb53eff000)]
  0x00007fdba8433800 JavaThread "Monitor Ctrl-Break" daemon [_thread_in_native, id=92797, stack(0x00007fdb538d4000,0x00007fdb539d5000)]
  0x00007fdb581ec000 JavaThread "C2 CompilerThread1" daemon [_thread_blocked, id=92799, stack(0x00007fdb532ce000,0x00007fdb533cf000)]

Other Threads:
  0x00007fdba82a8000 VMThread "VM Thread" [stack: 0x00007fdbac4e7000,0x00007fdbac5e7000] [id=92780]
  0x00007fdba8435000 WatcherThread [stack: 0x00007fdb537d4000,0x00007fdb538d4000] [id=92798]
  0x00007fdba8041000 GCTaskThread "GC Thread#0" [stack: 0x00007fdbaefe5000,0x00007fdbaf0e5000] [id=92772]
  0x00007fdb70001000 GCTaskThread "GC Thread#1" [stack: 0x00007fdb523a7000,0x00007fdb524a7000] [id=92803]
  0x00007fdb70002800 GCTaskThread "GC Thread#2" [stack: 0x00007fdb522a5000,0x00007fdb523a5000] [id=92804]
  0x00007fdb70004000 GCTaskThread "GC Thread#3" [stack: 0x00007fdb521a3000,0x00007fdb522a3000] [id=92805]
  0x00007fdba80b2800 ConcurrentGCThread "G1 Main Marker" [stack: 0x00007fdbacdcf000,0x00007fdbacecf000] [id=92773]
  0x00007fdba80b4800 ConcurrentGCThread "G1 Conc#0" [stack: 0x00007fdbacccd000,0x00007fdbacdcd000] [id=92774]
  0x00007fdba81db800 ConcurrentGCThread "G1 Refine#0" [stack: 0x00007fdbac7c7000,0x00007fdbac8c7000] [id=92776]
  0x00007fdba81dd800 ConcurrentGCThread "G1 Young RemSet Sampling" [stack: 0x00007fdbac6c5000,0x00007fdbac7c5000] [id=92777]

Threads with active compile tasks:

VM state:not at safepoint (normal execution)

VM Mutex/Monitor currently owned by a thread: None

Heap address: 0x00000006d0c00000, size: 4852 MB, Compressed Oops mode: Zero based, Oop shift amount: 3
Narrow klass base: 0x0000000800000000, Narrow klass shift: 0
Compressed class space size: 1073741824 Address: 0x0000000800000000

Heap:
 garbage-first heap   total 311296K, used 10256K [0x00000006d0c00000, 0x0000000800000000)
  region size 1024K, 10 young (10240K), 2 survivors (2048K)
 Metaspace       used 14187K, capacity 14468K, committed 14720K, reserved 1062912K
  class space    used 1430K, capacity 1542K, committed 1664K, reserved 1048576K
Heap Regions: E=young(eden), S=young(survivor), O=old, HS=humongous(starts), HC=humongous(continues), CS=collection set, F=free, A=archive, TAMS=top-at-mark-start (previous, next)
|   0|0x00000006d0c00000, 0x00000006d0d00000, 0x00000006d0d00000|100%| O|  |TAMS 0x00000006d0c00000, 0x00000006d0c00000| Untracked 
|   1|0x00000006d0d00000, 0x00000006d0d04200, 0x00000006d0e00000|  1%| O|  |TAMS 0x00000006d0d00000, 0x00000006d0d00000| Untracked 
|   2|0x00000006d0e00000, 0x00000006d0e00000, 0x00000006d0f00000|  0%| F|  |TAMS 0x00000006d0e00000, 0x00000006d0e00000| Untracked 
|   3|0x00000006d0f00000, 0x00000006d0f00000, 0x00000006d1000000|  0%| F|  |TAMS 0x00000006d0f00000, 0x00000006d0f00000| Untracked 
|   4|0x00000006d1000000, 0x00000006d1000000, 0x00000006d1100000|  0%| F|  |TAMS 0x00000006d1000000, 0x00000006d1000000| Untracked 
|   5|0x00000006d1100000, 0x00000006d1100000, 0x00000006d1200000|  0%| F|  |TAMS 0x00000006d1100000, 0x00000006d1100000| Untracked 
|   6|0x00000006d1200000, 0x00000006d1200000, 0x00000006d1300000|  0%| F|  |TAMS 0x00000006d1200000, 0x00000006d1200000| Untracked 
|   7|0x00000006d1300000, 0x00000006d1300000, 0x00000006d1400000|  0%| F|  |TAMS 0x00000006d1300000, 0x00000006d1300000| Untracked 
|   8|0x00000006d1400000, 0x00000006d1400000, 0x00000006d1500000|  0%| F|  |TAMS 0x00000006d1400000, 0x00000006d1400000| Untracked 
|   9|0x00000006d1500000, 0x00000006d1500000, 0x00000006d1600000|  0%| F|  |TAMS 0x00000006d1500000, 0x00000006d1500000| Untracked 
|  10|0x00000006d1600000, 0x00000006d1600000, 0x00000006d1700000|  0%| F|  |TAMS 0x00000006d1600000, 0x00000006d1600000| Untracked 
|  11|0x00000006d1700000, 0x00000006d1700000, 0x00000006d1800000|  0%| F|  |TAMS 0x00000006d1700000, 0x00000006d1700000| Untracked 
|  12|0x00000006d1800000, 0x00000006d1800000, 0x00000006d1900000|  0%| F|  |TAMS 0x00000006d1800000, 0x00000006d1800000| Untracked 
|  13|0x00000006d1900000, 0x00000006d1900000, 0x00000006d1a00000|  0%| F|  |TAMS 0x00000006d1900000, 0x00000006d1900000| Untracked 
|  14|0x00000006d1a00000, 0x00000006d1a00000, 0x00000006d1b00000|  0%| F|  |TAMS 0x00000006d1a00000, 0x00000006d1a00000| Untracked 
|  15|0x00000006d1b00000, 0x00000006d1b00000, 0x00000006d1c00000|  0%| F|  |TAMS 0x00000006d1b00000, 0x00000006d1b00000| Untracked 
|  16|0x00000006d1c00000, 0x00000006d1c00000, 0x00000006d1d00000|  0%| F|  |TAMS 0x00000006d1c00000, 0x00000006d1c00000| Untracked 
|  17|0x00000006d1d00000, 0x00000006d1d00000, 0x00000006d1e00000|  0%| F|  |TAMS 0x00000006d1d00000, 0x00000006d1d00000| Untracked 
|  18|0x00000006d1e00000, 0x00000006d1e00000, 0x00000006d1f00000|  0%| F|  |TAMS 0x00000006d1e00000, 0x00000006d1e00000| Untracked 
|  19|0x00000006d1f00000, 0x00000006d1f00000, 0x00000006d2000000|  0%| F|  |TAMS 0x00000006d1f00000, 0x00000006d1f00000| Untracked 
|  20|0x00000006d2000000, 0x00000006d2000000, 0x00000006d2100000|  0%| F|  |TAMS 0x00000006d2000000, 0x00000006d2000000| Untracked 
|  21|0x00000006d2100000, 0x00000006d2100000, 0x00000006d2200000|  0%| F|  |TAMS 0x00000006d2100000, 0x00000006d2100000| Untracked 
|  22|0x00000006d2200000, 0x00000006d2200000, 0x00000006d2300000|  0%| F|  |TAMS 0x00000006d2200000, 0x00000006d2200000| Untracked 
|  23|0x00000006d2300000, 0x00000006d2300000, 0x00000006d2400000|  0%| F|  |TAMS 0x00000006d2300000, 0x00000006d2300000| Untracked 
|  24|0x00000006d2400000, 0x00000006d2400000, 0x00000006d2500000|  0%| F|  |TAMS 0x00000006d2400000, 0x00000006d2400000| Untracked 
|  25|0x00000006d2500000, 0x00000006d2500000, 0x00000006d2600000|  0%| F|  |TAMS 0x00000006d2500000, 0x00000006d2500000| Untracked 
|  26|0x00000006d2600000, 0x00000006d2600000, 0x00000006d2700000|  0%| F|  |TAMS 0x00000006d2600000, 0x00000006d2600000| Untracked 
|  27|0x00000006d2700000, 0x00000006d2700000, 0x00000006d2800000|  0%| F|  |TAMS 0x00000006d2700000, 0x00000006d2700000| Untracked 
|  28|0x00000006d2800000, 0x00000006d2800000, 0x00000006d2900000|  0%| F|  |TAMS 0x00000006d2800000, 0x00000006d2800000| Untracked 
|  29|0x00000006d2900000, 0x00000006d2900000, 0x00000006d2a00000|  0%| F|  |TAMS 0x00000006d2900000, 0x00000006d2900000| Untracked 
|  30|0x00000006d2a00000, 0x00000006d2a00000, 0x00000006d2b00000|  0%| F|  |TAMS 0x00000006d2a00000, 0x00000006d2a00000| Untracked 
|  31|0x00000006d2b00000, 0x00000006d2b00000, 0x00000006d2c00000|  0%| F|  |TAMS 0x00000006d2b00000, 0x00000006d2b00000| Untracked 
|  32|0x00000006d2c00000, 0x00000006d2c00000, 0x00000006d2d00000|  0%| F|  |TAMS 0x00000006d2c00000, 0x00000006d2c00000| Untracked 
|  33|0x00000006d2d00000, 0x00000006d2d00000, 0x00000006d2e00000|  0%| F|  |TAMS 0x00000006d2d00000, 0x00000006d2d00000| Untracked 
|  34|0x00000006d2e00000, 0x00000006d2e00000, 0x00000006d2f00000|  0%| F|  |TAMS 0x00000006d2e00000, 0x00000006d2e00000| Untracked 
|  35|0x00000006d2f00000, 0x00000006d2f00000, 0x00000006d3000000|  0%| F|  |TAMS 0x00000006d2f00000, 0x00000006d2f00000| Untracked 
|  36|0x00000006d3000000, 0x00000006d3000000, 0x00000006d3100000|  0%| F|  |TAMS 0x00000006d3000000, 0x00000006d3000000| Untracked 
|  37|0x00000006d3100000, 0x00000006d3100000, 0x00000006d3200000|  0%| F|  |TAMS 0x00000006d3100000, 0x00000006d3100000| Untracked 
|  38|0x00000006d3200000, 0x00000006d3200000, 0x00000006d3300000|  0%| F|  |TAMS 0x00000006d3200000, 0x00000006d3200000| Untracked 
|  39|0x00000006d3300000, 0x00000006d3300000, 0x00000006d3400000|  0%| F|  |TAMS 0x00000006d3300000, 0x00000006d3300000| Untracked 
|  40|0x00000006d3400000, 0x00000006d3400000, 0x00000006d3500000|  0%| F|  |TAMS 0x00000006d3400000, 0x00000006d3400000| Untracked 
|  41|0x00000006d3500000, 0x00000006d3500000, 0x00000006d3600000|  0%| F|  |TAMS 0x00000006d3500000, 0x00000006d3500000| Untracked 
|  42|0x00000006d3600000, 0x00000006d3600000, 0x00000006d3700000|  0%| F|  |TAMS 0x00000006d3600000, 0x00000006d3600000| Untracked 
|  43|0x00000006d3700000, 0x00000006d3700000, 0x00000006d3800000|  0%| F|  |TAMS 0x00000006d3700000, 0x00000006d3700000| Untracked 
|  44|0x00000006d3800000, 0x00000006d3800000, 0x00000006d3900000|  0%| F|  |TAMS 0x00000006d3800000, 0x00000006d3800000| Untracked 
|  45|0x00000006d3900000, 0x00000006d3900000, 0x00000006d3a00000|  0%| F|  |TAMS 0x00000006d3900000, 0x00000006d3900000| Untracked 
|  46|0x00000006d3a00000, 0x00000006d3a00000, 0x00000006d3b00000|  0%| F|  |TAMS 0x00000006d3a00000, 0x00000006d3a00000| Untracked 
|  47|0x00000006d3b00000, 0x00000006d3b00000, 0x00000006d3c00000|  0%| F|  |TAMS 0x00000006d3b00000, 0x00000006d3b00000| Untracked 
|  48|0x00000006d3c00000, 0x00000006d3c00000, 0x00000006d3d00000|  0%| F|  |TAMS 0x00000006d3c00000, 0x00000006d3c00000| Untracked 
|  49|0x00000006d3d00000, 0x00000006d3d00000, 0x00000006d3e00000|  0%| F|  |TAMS 0x00000006d3d00000, 0x00000006d3d00000| Untracked 
|  50|0x00000006d3e00000, 0x00000006d3e00000, 0x00000006d3f00000|  0%| F|  |TAMS 0x00000006d3e00000, 0x00000006d3e00000| Untracked 
|  51|0x00000006d3f00000, 0x00000006d3f00000, 0x00000006d4000000|  0%| F|  |TAMS 0x00000006d3f00000, 0x00000006d3f00000| Untracked 
|  52|0x00000006d4000000, 0x00000006d4000000, 0x00000006d4100000|  0%| F|  |TAMS 0x00000006d4000000, 0x00000006d4000000| Untracked 
|  53|0x00000006d4100000, 0x00000006d4100000, 0x00000006d4200000|  0%| F|  |TAMS 0x00000006d4100000, 0x00000006d4100000| Untracked 
|  54|0x00000006d4200000, 0x00000006d4200000, 0x00000006d4300000|  0%| F|  |TAMS 0x00000006d4200000, 0x00000006d4200000| Untracked 
|  55|0x00000006d4300000, 0x00000006d4300000, 0x00000006d4400000|  0%| F|  |TAMS 0x00000006d4300000, 0x00000006d4300000| Untracked 
|  56|0x00000006d4400000, 0x00000006d4400000, 0x00000006d4500000|  0%| F|  |TAMS 0x00000006d4400000, 0x00000006d4400000| Untracked 
|  57|0x00000006d4500000, 0x00000006d4500000, 0x00000006d4600000|  0%| F|  |TAMS 0x00000006d4500000, 0x00000006d4500000| Untracked 
|  58|0x00000006d4600000, 0x00000006d4600000, 0x00000006d4700000|  0%| F|  |TAMS 0x00000006d4600000, 0x00000006d4600000| Untracked 
|  59|0x00000006d4700000, 0x00000006d4700000, 0x00000006d4800000|  0%| F|  |TAMS 0x00000006d4700000, 0x00000006d4700000| Untracked 
|  60|0x00000006d4800000, 0x00000006d4800000, 0x00000006d4900000|  0%| F|  |TAMS 0x00000006d4800000, 0x00000006d4800000| Untracked 
|  61|0x00000006d4900000, 0x00000006d4900000, 0x00000006d4a00000|  0%| F|  |TAMS 0x00000006d4900000, 0x00000006d4900000| Untracked 
|  62|0x00000006d4a00000, 0x00000006d4a00000, 0x00000006d4b00000|  0%| F|  |TAMS 0x00000006d4a00000, 0x00000006d4a00000| Untracked 
|  63|0x00000006d4b00000, 0x00000006d4b00000, 0x00000006d4c00000|  0%| F|  |TAMS 0x00000006d4b00000, 0x00000006d4b00000| Untracked 
|  64|0x00000006d4c00000, 0x00000006d4c00000, 0x00000006d4d00000|  0%| F|  |TAMS 0x00000006d4c00000, 0x00000006d4c00000| Untracked 
|  65|0x00000006d4d00000, 0x00000006d4d00000, 0x00000006d4e00000|  0%| F|  |TAMS 0x00000006d4d00000, 0x00000006d4d00000| Untracked 
|  66|0x00000006d4e00000, 0x00000006d4e00000, 0x00000006d4f00000|  0%| F|  |TAMS 0x00000006d4e00000, 0x00000006d4e00000| Untracked 
|  67|0x00000006d4f00000, 0x00000006d4f00000, 0x00000006d5000000|  0%| F|  |TAMS 0x00000006d4f00000, 0x00000006d4f00000| Untracked 
|  68|0x00000006d5000000, 0x00000006d5000000, 0x00000006d5100000|  0%| F|  |TAMS 0x00000006d5000000, 0x00000006d5000000| Untracked 
|  69|0x00000006d5100000, 0x00000006d5100000, 0x00000006d5200000|  0%| F|  |TAMS 0x00000006d5100000, 0x00000006d5100000| Untracked 
|  70|0x00000006d5200000, 0x00000006d5200000, 0x00000006d5300000|  0%| F|  |TAMS 0x00000006d5200000, 0x00000006d5200000| Untracked 
|  71|0x00000006d5300000, 0x00000006d5300000, 0x00000006d5400000|  0%| F|  |TAMS 0x00000006d5300000, 0x00000006d5300000| Untracked 
|  72|0x00000006d5400000, 0x00000006d5400000, 0x00000006d5500000|  0%| F|  |TAMS 0x00000006d5400000, 0x00000006d5400000| Untracked 
|  73|0x00000006d5500000, 0x00000006d5500000, 0x00000006d5600000|  0%| F|  |TAMS 0x00000006d5500000, 0x00000006d5500000| Untracked 
|  74|0x00000006d5600000, 0x00000006d5600000, 0x00000006d5700000|  0%| F|  |TAMS 0x00000006d5600000, 0x00000006d5600000| Untracked 
|  75|0x00000006d5700000, 0x00000006d5700000, 0x00000006d5800000|  0%| F|  |TAMS 0x00000006d5700000, 0x00000006d5700000| Untracked 
|  76|0x00000006d5800000, 0x00000006d5800000, 0x00000006d5900000|  0%| F|  |TAMS 0x00000006d5800000, 0x00000006d5800000| Untracked 
|  77|0x00000006d5900000, 0x00000006d5900000, 0x00000006d5a00000|  0%| F|  |TAMS 0x00000006d5900000, 0x00000006d5900000| Untracked 
|  78|0x00000006d5a00000, 0x00000006d5a00000, 0x00000006d5b00000|  0%| F|  |TAMS 0x00000006d5a00000, 0x00000006d5a00000| Untracked 
|  79|0x00000006d5b00000, 0x00000006d5b00000, 0x00000006d5c00000|  0%| F|  |TAMS 0x00000006d5b00000, 0x00000006d5b00000| Untracked 
|  80|0x00000006d5c00000, 0x00000006d5c00000, 0x00000006d5d00000|  0%| F|  |TAMS 0x00000006d5c00000, 0x00000006d5c00000| Untracked 
|  81|0x00000006d5d00000, 0x00000006d5d00000, 0x00000006d5e00000|  0%| F|  |TAMS 0x00000006d5d00000, 0x00000006d5d00000| Untracked 
|  82|0x00000006d5e00000, 0x00000006d5e00000, 0x00000006d5f00000|  0%| F|  |TAMS 0x00000006d5e00000, 0x00000006d5e00000| Untracked 
|  83|0x00000006d5f00000, 0x00000006d5f00000, 0x00000006d6000000|  0%| F|  |TAMS 0x00000006d5f00000, 0x00000006d5f00000| Untracked 
|  84|0x00000006d6000000, 0x00000006d6000000, 0x00000006d6100000|  0%| F|  |TAMS 0x00000006d6000000, 0x00000006d6000000| Untracked 
|  85|0x00000006d6100000, 0x00000006d6100000, 0x00000006d6200000|  0%| F|  |TAMS 0x00000006d6100000, 0x00000006d6100000| Untracked 
|  86|0x00000006d6200000, 0x00000006d6200000, 0x00000006d6300000|  0%| F|  |TAMS 0x00000006d6200000, 0x00000006d6200000| Untracked 
|  87|0x00000006d6300000, 0x00000006d6300000, 0x00000006d6400000|  0%| F|  |TAMS 0x00000006d6300000, 0x00000006d6300000| Untracked 
|  88|0x00000006d6400000, 0x00000006d6400000, 0x00000006d6500000|  0%| F|  |TAMS 0x00000006d6400000, 0x00000006d6400000| Untracked 
|  89|0x00000006d6500000, 0x00000006d6500000, 0x00000006d6600000|  0%| F|  |TAMS 0x00000006d6500000, 0x00000006d6500000| Untracked 
|  90|0x00000006d6600000, 0x00000006d6600000, 0x00000006d6700000|  0%| F|  |TAMS 0x00000006d6600000, 0x00000006d6600000| Untracked 
|  91|0x00000006d6700000, 0x00000006d6700000, 0x00000006d6800000|  0%| F|  |TAMS 0x00000006d6700000, 0x00000006d6700000| Untracked 
|  92|0x00000006d6800000, 0x00000006d6800000, 0x00000006d6900000|  0%| F|  |TAMS 0x00000006d6800000, 0x00000006d6800000| Untracked 
|  93|0x00000006d6900000, 0x00000006d6900000, 0x00000006d6a00000|  0%| F|  |TAMS 0x00000006d6900000, 0x00000006d6900000| Untracked 
|  94|0x00000006d6a00000, 0x00000006d6a00000, 0x00000006d6b00000|  0%| F|  |TAMS 0x00000006d6a00000, 0x00000006d6a00000| Untracked 
|  95|0x00000006d6b00000, 0x00000006d6b00000, 0x00000006d6c00000|  0%| F|  |TAMS 0x00000006d6b00000, 0x00000006d6b00000| Untracked 
|  96|0x00000006d6c00000, 0x00000006d6c00000, 0x00000006d6d00000|  0%| F|  |TAMS 0x00000006d6c00000, 0x00000006d6c00000| Untracked 
|  97|0x00000006d6d00000, 0x00000006d6d00000, 0x00000006d6e00000|  0%| F|  |TAMS 0x00000006d6d00000, 0x00000006d6d00000| Untracked 
|  98|0x00000006d6e00000, 0x00000006d6e00000, 0x00000006d6f00000|  0%| F|  |TAMS 0x00000006d6e00000, 0x00000006d6e00000| Untracked 
|  99|0x00000006d6f00000, 0x00000006d6f00000, 0x00000006d7000000|  0%| F|  |TAMS 0x00000006d6f00000, 0x00000006d6f00000| Untracked 
| 100|0x00000006d7000000, 0x00000006d7000000, 0x00000006d7100000|  0%| F|  |TAMS 0x00000006d7000000, 0x00000006d7000000| Untracked 
| 101|0x00000006d7100000, 0x00000006d7100000, 0x00000006d7200000|  0%| F|  |TAMS 0x00000006d7100000, 0x00000006d7100000| Untracked 
| 102|0x00000006d7200000, 0x00000006d7200000, 0x00000006d7300000|  0%| F|  |TAMS 0x00000006d7200000, 0x00000006d7200000| Untracked 
| 103|0x00000006d7300000, 0x00000006d7300000, 0x00000006d7400000|  0%| F|  |TAMS 0x00000006d7300000, 0x00000006d7300000| Untracked 
| 104|0x00000006d7400000, 0x00000006d7400000, 0x00000006d7500000|  0%| F|  |TAMS 0x00000006d7400000, 0x00000006d7400000| Untracked 
| 105|0x00000006d7500000, 0x00000006d7500000, 0x00000006d7600000|  0%| F|  |TAMS 0x00000006d7500000, 0x00000006d7500000| Untracked 
| 106|0x00000006d7600000, 0x00000006d7600000, 0x00000006d7700000|  0%| F|  |TAMS 0x00000006d7600000, 0x00000006d7600000| Untracked 
| 107|0x00000006d7700000, 0x00000006d7700000, 0x00000006d7800000|  0%| F|  |TAMS 0x00000006d7700000, 0x00000006d7700000| Untracked 
| 108|0x00000006d7800000, 0x00000006d7800000, 0x00000006d7900000|  0%| F|  |TAMS 0x00000006d7800000, 0x00000006d7800000| Untracked 
| 109|0x00000006d7900000, 0x00000006d7900000, 0x00000006d7a00000|  0%| F|  |TAMS 0x00000006d7900000, 0x00000006d7900000| Untracked 
| 110|0x00000006d7a00000, 0x00000006d7a00000, 0x00000006d7b00000|  0%| F|  |TAMS 0x00000006d7a00000, 0x00000006d7a00000| Untracked 
| 111|0x00000006d7b00000, 0x00000006d7b00000, 0x00000006d7c00000|  0%| F|  |TAMS 0x00000006d7b00000, 0x00000006d7b00000| Untracked 
| 112|0x00000006d7c00000, 0x00000006d7c00000, 0x00000006d7d00000|  0%| F|  |TAMS 0x00000006d7c00000, 0x00000006d7c00000| Untracked 
| 113|0x00000006d7d00000, 0x00000006d7d00000, 0x00000006d7e00000|  0%| F|  |TAMS 0x00000006d7d00000, 0x00000006d7d00000| Untracked 
| 114|0x00000006d7e00000, 0x00000006d7e00000, 0x00000006d7f00000|  0%| F|  |TAMS 0x00000006d7e00000, 0x00000006d7e00000| Untracked 
| 115|0x00000006d7f00000, 0x00000006d7f00000, 0x00000006d8000000|  0%| F|  |TAMS 0x00000006d7f00000, 0x00000006d7f00000| Untracked 
| 116|0x00000006d8000000, 0x00000006d8000000, 0x00000006d8100000|  0%| F|  |TAMS 0x00000006d8000000, 0x00000006d8000000| Untracked 
| 117|0x00000006d8100000, 0x00000006d8100000, 0x00000006d8200000|  0%| F|  |TAMS 0x00000006d8100000, 0x00000006d8100000| Untracked 
| 118|0x00000006d8200000, 0x00000006d8200000, 0x00000006d8300000|  0%| F|  |TAMS 0x00000006d8200000, 0x00000006d8200000| Untracked 
| 119|0x00000006d8300000, 0x00000006d8300000, 0x00000006d8400000|  0%| F|  |TAMS 0x00000006d8300000, 0x00000006d8300000| Untracked 
| 120|0x00000006d8400000, 0x00000006d8400000, 0x00000006d8500000|  0%| F|  |TAMS 0x00000006d8400000, 0x00000006d8400000| Untracked 
| 121|0x00000006d8500000, 0x00000006d8500000, 0x00000006d8600000|  0%| F|  |TAMS 0x00000006d8500000, 0x00000006d8500000| Untracked 
| 122|0x00000006d8600000, 0x00000006d8600000, 0x00000006d8700000|  0%| F|  |TAMS 0x00000006d8600000, 0x00000006d8600000| Untracked 
| 123|0x00000006d8700000, 0x00000006d8700000, 0x00000006d8800000|  0%| F|  |TAMS 0x00000006d8700000, 0x00000006d8700000| Untracked 
| 124|0x00000006d8800000, 0x00000006d8800000, 0x00000006d8900000|  0%| F|  |TAMS 0x00000006d8800000, 0x00000006d8800000| Untracked 
| 125|0x00000006d8900000, 0x00000006d8900000, 0x00000006d8a00000|  0%| F|  |TAMS 0x00000006d8900000, 0x00000006d8900000| Untracked 
| 126|0x00000006d8a00000, 0x00000006d8a00000, 0x00000006d8b00000|  0%| F|  |TAMS 0x00000006d8a00000, 0x00000006d8a00000| Untracked 
| 127|0x00000006d8b00000, 0x00000006d8b00000, 0x00000006d8c00000|  0%| F|  |TAMS 0x00000006d8b00000, 0x00000006d8b00000| Untracked 
| 128|0x00000006d8c00000, 0x00000006d8c00000, 0x00000006d8d00000|  0%| F|  |TAMS 0x00000006d8c00000, 0x00000006d8c00000| Untracked 
| 129|0x00000006d8d00000, 0x00000006d8d00000, 0x00000006d8e00000|  0%| F|  |TAMS 0x00000006d8d00000, 0x00000006d8d00000| Untracked 
| 130|0x00000006d8e00000, 0x00000006d8e00000, 0x00000006d8f00000|  0%| F|  |TAMS 0x00000006d8e00000, 0x00000006d8e00000| Untracked 
| 131|0x00000006d8f00000, 0x00000006d8f00000, 0x00000006d9000000|  0%| F|  |TAMS 0x00000006d8f00000, 0x00000006d8f00000| Untracked 
| 132|0x00000006d9000000, 0x00000006d9000000, 0x00000006d9100000|  0%| F|  |TAMS 0x00000006d9000000, 0x00000006d9000000| Untracked 
| 133|0x00000006d9100000, 0x00000006d9100000, 0x00000006d9200000|  0%| F|  |TAMS 0x00000006d9100000, 0x00000006d9100000| Untracked 
| 134|0x00000006d9200000, 0x00000006d9200000, 0x00000006d9300000|  0%| F|  |TAMS 0x00000006d9200000, 0x00000006d9200000| Untracked 
| 135|0x00000006d9300000, 0x00000006d9300000, 0x00000006d9400000|  0%| F|  |TAMS 0x00000006d9300000, 0x00000006d9300000| Untracked 
| 136|0x00000006d9400000, 0x00000006d9400000, 0x00000006d9500000|  0%| F|  |TAMS 0x00000006d9400000, 0x00000006d9400000| Untracked 
| 137|0x00000006d9500000, 0x00000006d9500000, 0x00000006d9600000|  0%| F|  |TAMS 0x00000006d9500000, 0x00000006d9500000| Untracked 
| 138|0x00000006d9600000, 0x00000006d9600000, 0x00000006d9700000|  0%| F|  |TAMS 0x00000006d9600000, 0x00000006d9600000| Untracked 
| 139|0x00000006d9700000, 0x00000006d9700000, 0x00000006d9800000|  0%| F|  |TAMS 0x00000006d9700000, 0x00000006d9700000| Untracked 
| 140|0x00000006d9800000, 0x00000006d9800000, 0x00000006d9900000|  0%| F|  |TAMS 0x00000006d9800000, 0x00000006d9800000| Untracked 
| 141|0x00000006d9900000, 0x00000006d9900000, 0x00000006d9a00000|  0%| F|  |TAMS 0x00000006d9900000, 0x00000006d9900000| Untracked 
| 142|0x00000006d9a00000, 0x00000006d9a00000, 0x00000006d9b00000|  0%| F|  |TAMS 0x00000006d9a00000, 0x00000006d9a00000| Untracked 
| 143|0x00000006d9b00000, 0x00000006d9b00000, 0x00000006d9c00000|  0%| F|  |TAMS 0x00000006d9b00000, 0x00000006d9b00000| Untracked 
| 144|0x00000006d9c00000, 0x00000006d9c00000, 0x00000006d9d00000|  0%| F|  |TAMS 0x00000006d9c00000, 0x00000006d9c00000| Untracked 
| 145|0x00000006d9d00000, 0x00000006d9d00000, 0x00000006d9e00000|  0%| F|  |TAMS 0x00000006d9d00000, 0x00000006d9d00000| Untracked 
| 146|0x00000006d9e00000, 0x00000006d9e00000, 0x00000006d9f00000|  0%| F|  |TAMS 0x00000006d9e00000, 0x00000006d9e00000| Untracked 
| 147|0x00000006d9f00000, 0x00000006d9f00000, 0x00000006da000000|  0%| F|  |TAMS 0x00000006d9f00000, 0x00000006d9f00000| Untracked 
| 148|0x00000006da000000, 0x00000006da000000, 0x00000006da100000|  0%| F|  |TAMS 0x00000006da000000, 0x00000006da000000| Untracked 
| 149|0x00000006da100000, 0x00000006da100000, 0x00000006da200000|  0%| F|  |TAMS 0x00000006da100000, 0x00000006da100000| Untracked 
| 150|0x00000006da200000, 0x00000006da200000, 0x00000006da300000|  0%| F|  |TAMS 0x00000006da200000, 0x00000006da200000| Untracked 
| 151|0x00000006da300000, 0x00000006da300000, 0x00000006da400000|  0%| F|  |TAMS 0x00000006da300000, 0x00000006da300000| Untracked 
| 152|0x00000006da400000, 0x00000006da400000, 0x00000006da500000|  0%| F|  |TAMS 0x00000006da400000, 0x00000006da400000| Untracked 
| 153|0x00000006da500000, 0x00000006da500000, 0x00000006da600000|  0%| F|  |TAMS 0x00000006da500000, 0x00000006da500000| Untracked 
| 154|0x00000006da600000, 0x00000006da600000, 0x00000006da700000|  0%| F|  |TAMS 0x00000006da600000, 0x00000006da600000| Untracked 
| 155|0x00000006da700000, 0x00000006da700000, 0x00000006da800000|  0%| F|  |TAMS 0x00000006da700000, 0x00000006da700000| Untracked 
| 156|0x00000006da800000, 0x00000006da800000, 0x00000006da900000|  0%| F|  |TAMS 0x00000006da800000, 0x00000006da800000| Untracked 
| 157|0x00000006da900000, 0x00000006da900000, 0x00000006daa00000|  0%| F|  |TAMS 0x00000006da900000, 0x00000006da900000| Untracked 
| 158|0x00000006daa00000, 0x00000006daa00000, 0x00000006dab00000|  0%| F|  |TAMS 0x00000006daa00000, 0x00000006daa00000| Untracked 
| 159|0x00000006dab00000, 0x00000006dab00000, 0x00000006dac00000|  0%| F|  |TAMS 0x00000006dab00000, 0x00000006dab00000| Untracked 
| 160|0x00000006dac00000, 0x00000006dac00000, 0x00000006dad00000|  0%| F|  |TAMS 0x00000006dac00000, 0x00000006dac00000| Untracked 
| 161|0x00000006dad00000, 0x00000006dad00000, 0x00000006dae00000|  0%| F|  |TAMS 0x00000006dad00000, 0x00000006dad00000| Untracked 
| 162|0x00000006dae00000, 0x00000006dae00000, 0x00000006daf00000|  0%| F|  |TAMS 0x00000006dae00000, 0x00000006dae00000| Untracked 
| 163|0x00000006daf00000, 0x00000006daf00000, 0x00000006db000000|  0%| F|  |TAMS 0x00000006daf00000, 0x00000006daf00000| Untracked 
| 164|0x00000006db000000, 0x00000006db000000, 0x00000006db100000|  0%| F|  |TAMS 0x00000006db000000, 0x00000006db000000| Untracked 
| 165|0x00000006db100000, 0x00000006db100000, 0x00000006db200000|  0%| F|  |TAMS 0x00000006db100000, 0x00000006db100000| Untracked 
| 166|0x00000006db200000, 0x00000006db200000, 0x00000006db300000|  0%| F|  |TAMS 0x00000006db200000, 0x00000006db200000| Untracked 
| 167|0x00000006db300000, 0x00000006db300000, 0x00000006db400000|  0%| F|  |TAMS 0x00000006db300000, 0x00000006db300000| Untracked 
| 168|0x00000006db400000, 0x00000006db400000, 0x00000006db500000|  0%| F|  |TAMS 0x00000006db400000, 0x00000006db400000| Untracked 
| 169|0x00000006db500000, 0x00000006db500000, 0x00000006db600000|  0%| F|  |TAMS 0x00000006db500000, 0x00000006db500000| Untracked 
| 170|0x00000006db600000, 0x00000006db600000, 0x00000006db700000|  0%| F|  |TAMS 0x00000006db600000, 0x00000006db600000| Untracked 
| 171|0x00000006db700000, 0x00000006db700000, 0x00000006db800000|  0%| F|  |TAMS 0x00000006db700000, 0x00000006db700000| Untracked 
| 172|0x00000006db800000, 0x00000006db800000, 0x00000006db900000|  0%| F|  |TAMS 0x00000006db800000, 0x00000006db800000| Untracked 
| 173|0x00000006db900000, 0x00000006db900000, 0x00000006dba00000|  0%| F|  |TAMS 0x00000006db900000, 0x00000006db900000| Untracked 
| 174|0x00000006dba00000, 0x00000006dba00000, 0x00000006dbb00000|  0%| F|  |TAMS 0x00000006dba00000, 0x00000006dba00000| Untracked 
| 175|0x00000006dbb00000, 0x00000006dbb00000, 0x00000006dbc00000|  0%| F|  |TAMS 0x00000006dbb00000, 0x00000006dbb00000| Untracked 
| 176|0x00000006dbc00000, 0x00000006dbc00000, 0x00000006dbd00000|  0%| F|  |TAMS 0x00000006dbc00000, 0x00000006dbc00000| Untracked 
| 177|0x00000006dbd00000, 0x00000006dbd00000, 0x00000006dbe00000|  0%| F|  |TAMS 0x00000006dbd00000, 0x00000006dbd00000| Untracked 
| 178|0x00000006dbe00000, 0x00000006dbe00000, 0x00000006dbf00000|  0%| F|  |TAMS 0x00000006dbe00000, 0x00000006dbe00000| Untracked 
| 179|0x00000006dbf00000, 0x00000006dbf00000, 0x00000006dc000000|  0%| F|  |TAMS 0x00000006dbf00000, 0x00000006dbf00000| Untracked 
| 180|0x00000006dc000000, 0x00000006dc000000, 0x00000006dc100000|  0%| F|  |TAMS 0x00000006dc000000, 0x00000006dc000000| Untracked 
| 181|0x00000006dc100000, 0x00000006dc100000, 0x00000006dc200000|  0%| F|  |TAMS 0x00000006dc100000, 0x00000006dc100000| Untracked 
| 182|0x00000006dc200000, 0x00000006dc200000, 0x00000006dc300000|  0%| F|  |TAMS 0x00000006dc200000, 0x00000006dc200000| Untracked 
| 183|0x00000006dc300000, 0x00000006dc300000, 0x00000006dc400000|  0%| F|  |TAMS 0x00000006dc300000, 0x00000006dc300000| Untracked 
| 184|0x00000006dc400000, 0x00000006dc400000, 0x00000006dc500000|  0%| F|  |TAMS 0x00000006dc400000, 0x00000006dc400000| Untracked 
| 185|0x00000006dc500000, 0x00000006dc500000, 0x00000006dc600000|  0%| F|  |TAMS 0x00000006dc500000, 0x00000006dc500000| Untracked 
| 186|0x00000006dc600000, 0x00000006dc600000, 0x00000006dc700000|  0%| F|  |TAMS 0x00000006dc600000, 0x00000006dc600000| Untracked 
| 187|0x00000006dc700000, 0x00000006dc700000, 0x00000006dc800000|  0%| F|  |TAMS 0x00000006dc700000, 0x00000006dc700000| Untracked 
| 188|0x00000006dc800000, 0x00000006dc800000, 0x00000006dc900000|  0%| F|  |TAMS 0x00000006dc800000, 0x00000006dc800000| Untracked 
| 189|0x00000006dc900000, 0x00000006dc900000, 0x00000006dca00000|  0%| F|  |TAMS 0x00000006dc900000, 0x00000006dc900000| Untracked 
| 190|0x00000006dca00000, 0x00000006dca00000, 0x00000006dcb00000|  0%| F|  |TAMS 0x00000006dca00000, 0x00000006dca00000| Untracked 
| 191|0x00000006dcb00000, 0x00000006dcb00000, 0x00000006dcc00000|  0%| F|  |TAMS 0x00000006dcb00000, 0x00000006dcb00000| Untracked 
| 192|0x00000006dcc00000, 0x00000006dcc00000, 0x00000006dcd00000|  0%| F|  |TAMS 0x00000006dcc00000, 0x00000006dcc00000| Untracked 
| 193|0x00000006dcd00000, 0x00000006dcd00000, 0x00000006dce00000|  0%| F|  |TAMS 0x00000006dcd00000, 0x00000006dcd00000| Untracked 
| 194|0x00000006dce00000, 0x00000006dce00000, 0x00000006dcf00000|  0%| F|  |TAMS 0x00000006dce00000, 0x00000006dce00000| Untracked 
| 195|0x00000006dcf00000, 0x00000006dcf00000, 0x00000006dd000000|  0%| F|  |TAMS 0x00000006dcf00000, 0x00000006dcf00000| Untracked 
| 196|0x00000006dd000000, 0x00000006dd000000, 0x00000006dd100000|  0%| F|  |TAMS 0x00000006dd000000, 0x00000006dd000000| Untracked 
| 197|0x00000006dd100000, 0x00000006dd100000, 0x00000006dd200000|  0%| F|  |TAMS 0x00000006dd100000, 0x00000006dd100000| Untracked 
| 198|0x00000006dd200000, 0x00000006dd200000, 0x00000006dd300000|  0%| F|  |TAMS 0x00000006dd200000, 0x00000006dd200000| Untracked 
| 199|0x00000006dd300000, 0x00000006dd300000, 0x00000006dd400000|  0%| F|  |TAMS 0x00000006dd300000, 0x00000006dd300000| Untracked 
| 200|0x00000006dd400000, 0x00000006dd400000, 0x00000006dd500000|  0%| F|  |TAMS 0x00000006dd400000, 0x00000006dd400000| Untracked 
| 201|0x00000006dd500000, 0x00000006dd500000, 0x00000006dd600000|  0%| F|  |TAMS 0x00000006dd500000, 0x00000006dd500000| Untracked 
| 202|0x00000006dd600000, 0x00000006dd600000, 0x00000006dd700000|  0%| F|  |TAMS 0x00000006dd600000, 0x00000006dd600000| Untracked 
| 203|0x00000006dd700000, 0x00000006dd700000, 0x00000006dd800000|  0%| F|  |TAMS 0x00000006dd700000, 0x00000006dd700000| Untracked 
| 204|0x00000006dd800000, 0x00000006dd800000, 0x00000006dd900000|  0%| F|  |TAMS 0x00000006dd800000, 0x00000006dd800000| Untracked 
| 205|0x00000006dd900000, 0x00000006dd900000, 0x00000006dda00000|  0%| F|  |TAMS 0x00000006dd900000, 0x00000006dd900000| Untracked 
| 206|0x00000006dda00000, 0x00000006dda00000, 0x00000006ddb00000|  0%| F|  |TAMS 0x00000006dda00000, 0x00000006dda00000| Untracked 
| 207|0x00000006ddb00000, 0x00000006ddb00000, 0x00000006ddc00000|  0%| F|  |TAMS 0x00000006ddb00000, 0x00000006ddb00000| Untracked 
| 208|0x00000006ddc00000, 0x00000006ddc00000, 0x00000006ddd00000|  0%| F|  |TAMS 0x00000006ddc00000, 0x00000006ddc00000| Untracked 
| 209|0x00000006ddd00000, 0x00000006ddd00000, 0x00000006dde00000|  0%| F|  |TAMS 0x00000006ddd00000, 0x00000006ddd00000| Untracked 
| 210|0x00000006dde00000, 0x00000006dde00000, 0x00000006ddf00000|  0%| F|  |TAMS 0x00000006dde00000, 0x00000006dde00000| Untracked 
| 211|0x00000006ddf00000, 0x00000006ddf00000, 0x00000006de000000|  0%| F|  |TAMS 0x00000006ddf00000, 0x00000006ddf00000| Untracked 
| 212|0x00000006de000000, 0x00000006de000000, 0x00000006de100000|  0%| F|  |TAMS 0x00000006de000000, 0x00000006de000000| Untracked 
| 213|0x00000006de100000, 0x00000006de100000, 0x00000006de200000|  0%| F|  |TAMS 0x00000006de100000, 0x00000006de100000| Untracked 
| 214|0x00000006de200000, 0x00000006de200000, 0x00000006de300000|  0%| F|  |TAMS 0x00000006de200000, 0x00000006de200000| Untracked 
| 215|0x00000006de300000, 0x00000006de300000, 0x00000006de400000|  0%| F|  |TAMS 0x00000006de300000, 0x00000006de300000| Untracked 
| 216|0x00000006de400000, 0x00000006de400000, 0x00000006de500000|  0%| F|  |TAMS 0x00000006de400000, 0x00000006de400000| Untracked 
| 217|0x00000006de500000, 0x00000006de500000, 0x00000006de600000|  0%| F|  |TAMS 0x00000006de500000, 0x00000006de500000| Untracked 
| 218|0x00000006de600000, 0x00000006de600000, 0x00000006de700000|  0%| F|  |TAMS 0x00000006de600000, 0x00000006de600000| Untracked 
| 219|0x00000006de700000, 0x00000006de700000, 0x00000006de800000|  0%| F|  |TAMS 0x00000006de700000, 0x00000006de700000| Untracked 
| 220|0x00000006de800000, 0x00000006de800000, 0x00000006de900000|  0%| F|  |TAMS 0x00000006de800000, 0x00000006de800000| Untracked 
| 221|0x00000006de900000, 0x00000006de900000, 0x00000006dea00000|  0%| F|  |TAMS 0x00000006de900000, 0x00000006de900000| Untracked 
| 222|0x00000006dea00000, 0x00000006dea00000, 0x00000006deb00000|  0%| F|  |TAMS 0x00000006dea00000, 0x00000006dea00000| Untracked 
| 223|0x00000006deb00000, 0x00000006deb00000, 0x00000006dec00000|  0%| F|  |TAMS 0x00000006deb00000, 0x00000006deb00000| Untracked 
| 224|0x00000006dec00000, 0x00000006dec00000, 0x00000006ded00000|  0%| F|  |TAMS 0x00000006dec00000, 0x00000006dec00000| Untracked 
| 225|0x00000006ded00000, 0x00000006ded00000, 0x00000006dee00000|  0%| F|  |TAMS 0x00000006ded00000, 0x00000006ded00000| Untracked 
| 226|0x00000006dee00000, 0x00000006dee00000, 0x00000006def00000|  0%| F|  |TAMS 0x00000006dee00000, 0x00000006dee00000| Untracked 
| 227|0x00000006def00000, 0x00000006def00000, 0x00000006df000000|  0%| F|  |TAMS 0x00000006def00000, 0x00000006def00000| Untracked 
| 228|0x00000006df000000, 0x00000006df000000, 0x00000006df100000|  0%| F|  |TAMS 0x00000006df000000, 0x00000006df000000| Untracked 
| 229|0x00000006df100000, 0x00000006df100000, 0x00000006df200000|  0%| F|  |TAMS 0x00000006df100000, 0x00000006df100000| Untracked 
| 230|0x00000006df200000, 0x00000006df200000, 0x00000006df300000|  0%| F|  |TAMS 0x00000006df200000, 0x00000006df200000| Untracked 
| 231|0x00000006df300000, 0x00000006df300000, 0x00000006df400000|  0%| F|  |TAMS 0x00000006df300000, 0x00000006df300000| Untracked 
| 232|0x00000006df400000, 0x00000006df400000, 0x00000006df500000|  0%| F|  |TAMS 0x00000006df400000, 0x00000006df400000| Untracked 
| 233|0x00000006df500000, 0x00000006df500000, 0x00000006df600000|  0%| F|  |TAMS 0x00000006df500000, 0x00000006df500000| Untracked 
| 234|0x00000006df600000, 0x00000006df600000, 0x00000006df700000|  0%| F|  |TAMS 0x00000006df600000, 0x00000006df600000| Untracked 
| 235|0x00000006df700000, 0x00000006df700000, 0x00000006df800000|  0%| F|  |TAMS 0x00000006df700000, 0x00000006df700000| Untracked 
| 236|0x00000006df800000, 0x00000006df800000, 0x00000006df900000|  0%| F|  |TAMS 0x00000006df800000, 0x00000006df800000| Untracked 
| 237|0x00000006df900000, 0x00000006df900000, 0x00000006dfa00000|  0%| F|  |TAMS 0x00000006df900000, 0x00000006df900000| Untracked 
| 238|0x00000006dfa00000, 0x00000006dfa00000, 0x00000006dfb00000|  0%| F|  |TAMS 0x00000006dfa00000, 0x00000006dfa00000| Untracked 
| 239|0x00000006dfb00000, 0x00000006dfb00000, 0x00000006dfc00000|  0%| F|  |TAMS 0x00000006dfb00000, 0x00000006dfb00000| Untracked 
| 240|0x00000006dfc00000, 0x00000006dfc00000, 0x00000006dfd00000|  0%| F|  |TAMS 0x00000006dfc00000, 0x00000006dfc00000| Untracked 
| 241|0x00000006dfd00000, 0x00000006dfd00000, 0x00000006dfe00000|  0%| F|  |TAMS 0x00000006dfd00000, 0x00000006dfd00000| Untracked 
| 242|0x00000006dfe00000, 0x00000006dfe00000, 0x00000006dff00000|  0%| F|  |TAMS 0x00000006dfe00000, 0x00000006dfe00000| Untracked 
| 243|0x00000006dff00000, 0x00000006dff00000, 0x00000006e0000000|  0%| F|  |TAMS 0x00000006dff00000, 0x00000006dff00000| Untracked 
| 244|0x00000006e0000000, 0x00000006e0000000, 0x00000006e0100000|  0%| F|  |TAMS 0x00000006e0000000, 0x00000006e0000000| Untracked 
| 245|0x00000006e0100000, 0x00000006e0100000, 0x00000006e0200000|  0%| F|  |TAMS 0x00000006e0100000, 0x00000006e0100000| Untracked 
| 246|0x00000006e0200000, 0x00000006e0200000, 0x00000006e0300000|  0%| F|  |TAMS 0x00000006e0200000, 0x00000006e0200000| Untracked 
| 247|0x00000006e0300000, 0x00000006e0300000, 0x00000006e0400000|  0%| F|  |TAMS 0x00000006e0300000, 0x00000006e0300000| Untracked 
| 248|0x00000006e0400000, 0x00000006e0400000, 0x00000006e0500000|  0%| F|  |TAMS 0x00000006e0400000, 0x00000006e0400000| Untracked 
| 249|0x00000006e0500000, 0x00000006e0500000, 0x00000006e0600000|  0%| F|  |TAMS 0x00000006e0500000, 0x00000006e0500000| Untracked 
| 250|0x00000006e0600000, 0x00000006e0600000, 0x00000006e0700000|  0%| F|  |TAMS 0x00000006e0600000, 0x00000006e0600000| Untracked 
| 251|0x00000006e0700000, 0x00000006e0700000, 0x00000006e0800000|  0%| F|  |TAMS 0x00000006e0700000, 0x00000006e0700000| Untracked 
| 252|0x00000006e0800000, 0x00000006e0800000, 0x00000006e0900000|  0%| F|  |TAMS 0x00000006e0800000, 0x00000006e0800000| Untracked 
| 253|0x00000006e0900000, 0x00000006e0900000, 0x00000006e0a00000|  0%| F|  |TAMS 0x00000006e0900000, 0x00000006e0900000| Untracked 
| 254|0x00000006e0a00000, 0x00000006e0a00000, 0x00000006e0b00000|  0%| F|  |TAMS 0x00000006e0a00000, 0x00000006e0a00000| Untracked 
| 255|0x00000006e0b00000, 0x00000006e0b00000, 0x00000006e0c00000|  0%| F|  |TAMS 0x00000006e0b00000, 0x00000006e0b00000| Untracked 
| 256|0x00000006e0c00000, 0x00000006e0c00000, 0x00000006e0d00000|  0%| F|  |TAMS 0x00000006e0c00000, 0x00000006e0c00000| Untracked 
| 257|0x00000006e0d00000, 0x00000006e0d00000, 0x00000006e0e00000|  0%| F|  |TAMS 0x00000006e0d00000, 0x00000006e0d00000| Untracked 
| 258|0x00000006e0e00000, 0x00000006e0e00000, 0x00000006e0f00000|  0%| F|  |TAMS 0x00000006e0e00000, 0x00000006e0e00000| Untracked 
| 259|0x00000006e0f00000, 0x00000006e0f00000, 0x00000006e1000000|  0%| F|  |TAMS 0x00000006e0f00000, 0x00000006e0f00000| Untracked 
| 260|0x00000006e1000000, 0x00000006e1000000, 0x00000006e1100000|  0%| F|  |TAMS 0x00000006e1000000, 0x00000006e1000000| Untracked 
| 261|0x00000006e1100000, 0x00000006e1100000, 0x00000006e1200000|  0%| F|  |TAMS 0x00000006e1100000, 0x00000006e1100000| Untracked 
| 262|0x00000006e1200000, 0x00000006e1200000, 0x00000006e1300000|  0%| F|  |TAMS 0x00000006e1200000, 0x00000006e1200000| Untracked 
| 263|0x00000006e1300000, 0x00000006e1300000, 0x00000006e1400000|  0%| F|  |TAMS 0x00000006e1300000, 0x00000006e1300000| Untracked 
| 264|0x00000006e1400000, 0x00000006e1400000, 0x00000006e1500000|  0%| F|  |TAMS 0x00000006e1400000, 0x00000006e1400000| Untracked 
| 265|0x00000006e1500000, 0x00000006e1500000, 0x00000006e1600000|  0%| F|  |TAMS 0x00000006e1500000, 0x00000006e1500000| Untracked 
| 266|0x00000006e1600000, 0x00000006e1600000, 0x00000006e1700000|  0%| F|  |TAMS 0x00000006e1600000, 0x00000006e1600000| Untracked 
| 267|0x00000006e1700000, 0x00000006e1700000, 0x00000006e1800000|  0%| F|  |TAMS 0x00000006e1700000, 0x00000006e1700000| Untracked 
| 268|0x00000006e1800000, 0x00000006e1800000, 0x00000006e1900000|  0%| F|  |TAMS 0x00000006e1800000, 0x00000006e1800000| Untracked 
| 269|0x00000006e1900000, 0x00000006e1900000, 0x00000006e1a00000|  0%| F|  |TAMS 0x00000006e1900000, 0x00000006e1900000| Untracked 
| 270|0x00000006e1a00000, 0x00000006e1a00000, 0x00000006e1b00000|  0%| F|  |TAMS 0x00000006e1a00000, 0x00000006e1a00000| Untracked 
| 271|0x00000006e1b00000, 0x00000006e1b00000, 0x00000006e1c00000|  0%| F|  |TAMS 0x00000006e1b00000, 0x00000006e1b00000| Untracked 
| 272|0x00000006e1c00000, 0x00000006e1c00000, 0x00000006e1d00000|  0%| F|  |TAMS 0x00000006e1c00000, 0x00000006e1c00000| Untracked 
| 273|0x00000006e1d00000, 0x00000006e1d00000, 0x00000006e1e00000|  0%| F|  |TAMS 0x00000006e1d00000, 0x00000006e1d00000| Untracked 
| 274|0x00000006e1e00000, 0x00000006e1e00000, 0x00000006e1f00000|  0%| F|  |TAMS 0x00000006e1e00000, 0x00000006e1e00000| Untracked 
| 275|0x00000006e1f00000, 0x00000006e1f00000, 0x00000006e2000000|  0%| F|  |TAMS 0x00000006e1f00000, 0x00000006e1f00000| Untracked 
| 276|0x00000006e2000000, 0x00000006e2000000, 0x00000006e2100000|  0%| F|  |TAMS 0x00000006e2000000, 0x00000006e2000000| Untracked 
| 277|0x00000006e2100000, 0x00000006e2100000, 0x00000006e2200000|  0%| F|  |TAMS 0x00000006e2100000, 0x00000006e2100000| Untracked 
| 278|0x00000006e2200000, 0x00000006e2200000, 0x00000006e2300000|  0%| F|  |TAMS 0x00000006e2200000, 0x00000006e2200000| Untracked 
| 279|0x00000006e2300000, 0x00000006e2300000, 0x00000006e2400000|  0%| F|  |TAMS 0x00000006e2300000, 0x00000006e2300000| Untracked 
| 280|0x00000006e2400000, 0x00000006e2400000, 0x00000006e2500000|  0%| F|  |TAMS 0x00000006e2400000, 0x00000006e2400000| Untracked 
| 281|0x00000006e2500000, 0x00000006e2500000, 0x00000006e2600000|  0%| F|  |TAMS 0x00000006e2500000, 0x00000006e2500000| Untracked 
| 282|0x00000006e2600000, 0x00000006e2600000, 0x00000006e2700000|  0%| F|  |TAMS 0x00000006e2600000, 0x00000006e2600000| Untracked 
| 283|0x00000006e2700000, 0x00000006e2700000, 0x00000006e2800000|  0%| F|  |TAMS 0x00000006e2700000, 0x00000006e2700000| Untracked 
| 284|0x00000006e2800000, 0x00000006e2800000, 0x00000006e2900000|  0%| F|  |TAMS 0x00000006e2800000, 0x00000006e2800000| Untracked 
| 285|0x00000006e2900000, 0x00000006e2900000, 0x00000006e2a00000|  0%| F|  |TAMS 0x00000006e2900000, 0x00000006e2900000| Untracked 
| 286|0x00000006e2a00000, 0x00000006e2a00000, 0x00000006e2b00000|  0%| F|  |TAMS 0x00000006e2a00000, 0x00000006e2a00000| Untracked 
| 287|0x00000006e2b00000, 0x00000006e2c00000, 0x00000006e2c00000|100%| S|CS|TAMS 0x00000006e2b00000, 0x00000006e2b00000| Complete 
| 288|0x00000006e2c00000, 0x00000006e2d00000, 0x00000006e2d00000|100%| S|CS|TAMS 0x00000006e2c00000, 0x00000006e2c00000| Complete 
| 289|0x00000006e2d00000, 0x00000006e2d00000, 0x00000006e2e00000|  0%| F|  |TAMS 0x00000006e2d00000, 0x00000006e2d00000| Untracked 
| 290|0x00000006e2e00000, 0x00000006e2e00000, 0x00000006e2f00000|  0%| F|  |TAMS 0x00000006e2e00000, 0x00000006e2e00000| Untracked 
| 291|0x00000006e2f00000, 0x00000006e2f00000, 0x00000006e3000000|  0%| F|  |TAMS 0x00000006e2f00000, 0x00000006e2f00000| Untracked 
| 292|0x00000006e3000000, 0x00000006e3000000, 0x00000006e3100000|  0%| F|  |TAMS 0x00000006e3000000, 0x00000006e3000000| Untracked 
| 293|0x00000006e3100000, 0x00000006e3100000, 0x00000006e3200000|  0%| F|  |TAMS 0x00000006e3100000, 0x00000006e3100000| Untracked 
| 294|0x00000006e3200000, 0x00000006e3200000, 0x00000006e3300000|  0%| F|  |TAMS 0x00000006e3200000, 0x00000006e3200000| Untracked 
| 295|0x00000006e3300000, 0x00000006e3300000, 0x00000006e3400000|  0%| F|  |TAMS 0x00000006e3300000, 0x00000006e3300000| Untracked 
| 296|0x00000006e3400000, 0x00000006e3480c48, 0x00000006e3500000| 50%| E|  |TAMS 0x00000006e3400000, 0x00000006e3400000| Complete 
| 297|0x00000006e3500000, 0x00000006e3600000, 0x00000006e3600000|100%| E|CS|TAMS 0x00000006e3500000, 0x00000006e3500000| Complete 
| 298|0x00000006e3600000, 0x00000006e3700000, 0x00000006e3700000|100%| E|CS|TAMS 0x00000006e3600000, 0x00000006e3600000| Complete 
| 299|0x00000006e3700000, 0x00000006e3800000, 0x00000006e3800000|100%| E|CS|TAMS 0x00000006e3700000, 0x00000006e3700000| Complete 
| 300|0x00000006e3800000, 0x00000006e3900000, 0x00000006e3900000|100%| E|CS|TAMS 0x00000006e3800000, 0x00000006e3800000| Complete 
| 301|0x00000006e3900000, 0x00000006e3a00000, 0x00000006e3a00000|100%| E|CS|TAMS 0x00000006e3900000, 0x00000006e3900000| Complete 
| 302|0x00000006e3a00000, 0x00000006e3b00000, 0x00000006e3b00000|100%| E|CS|TAMS 0x00000006e3a00000, 0x00000006e3a00000| Complete 
| 303|0x00000006e3b00000, 0x00000006e3c00000, 0x00000006e3c00000|100%| E|CS|TAMS 0x00000006e3b00000, 0x00000006e3b00000| Complete 

Card table byte_map: [0x00007fdbad8eb000,0x00007fdbae265000] _byte_map_base: 0x00007fdbaa265000

Marking Bits (Prev, Next): (CMBitMap*) 0x00007fdba809e9b8, (CMBitMap*) 0x00007fdba809e9f0
 Prev Bits: [0x00007fdb87430000, 0x00007fdb8c000000)
 Next Bits: [0x00007fdb82860000, 0x00007fdb87430000)

Polling page: 0x00007fdbb19bd000

Metaspace:

Usage:
  Non-class:     12,62 MB capacity,    12,46 MB ( 99%) used,   142,62 KB (  1%) free+waste,    26,00 KB ( <1%) overhead. 
      Class:      1,51 MB capacity,     1,40 MB ( 93%) used,    99,74 KB (  6%) free+waste,    11,81 KB ( <1%) overhead. 
       Both:     14,13 MB capacity,    13,86 MB ( 98%) used,   242,36 KB (  2%) free+waste,    37,81 KB ( <1%) overhead. 

Virtual space:
  Non-class space:       14,00 MB reserved,      12,75 MB ( 91%) committed 
      Class space:        1,00 GB reserved,       1,62 MB ( <1%) committed 
             Both:        1,01 GB reserved,      14,38 MB (  1%) committed 

Chunk freelists:
   Non-Class:  126,00 KB
       Class:  26,00 KB
        Both:  152,00 KB

MaxMetaspaceSize: unlimited
CompressedClassSpaceSize: 1,00 GB
Initial GC threshold: 20,80 MB
Current GC threshold: 20,80 MB
CDS: off

CodeHeap 'non-profiled nmethods': size=120032Kb used=373Kb max_used=373Kb free=119658Kb
 bounds [0x00007fdb982e6000, 0x00007fdb98556000, 0x00007fdb9f81e000]
CodeHeap 'profiled nmethods': size=120032Kb used=1799Kb max_used=1799Kb free=118232Kb
 bounds [0x00007fdb90dae000, 0x00007fdb9101e000, 0x00007fdb982e6000]
CodeHeap 'non-nmethods': size=5696Kb used=1158Kb max_used=1185Kb free=4537Kb
 bounds [0x00007fdb9081e000, 0x00007fdb90a8e000, 0x00007fdb90dae000]
 total_blobs=1421 nmethods=998 adapters=337
 compilation: enabled
              stopped_count=0, restarted_count=0
 full_count=0

Compilation events (20 events):
Event: 0,971 Thread 0x00007fdb581ec000 nmethod 966 0x00007fdb9833c290 code [0x00007fdb9833c420, 0x00007fdb9833c678]
Event: 0,971 Thread 0x00007fdb581ec000  989   !   4       java.util.jar.JarFile::checkForSpecialAttributes (163 bytes)
Event: 0,977 Thread 0x00007fdba82cd800 nmethod 931 0x00007fdb9833c810 code [0x00007fdb9833cc20, 0x00007fdb98340950]
Event: 0,977 Thread 0x00007fdba82cd800  967       4       java.util.zip.ZipFile::ensureOpen (38 bytes)
Event: 0,977 Thread 0x00007fdba82cd800 nmethod 967 0x00007fdb98342310 code [0x00007fdb983424a0, 0x00007fdb98342538]
Event: 0,979 Thread 0x00007fdba82cf800  992       3       java.lang.invoke.DirectMethodHandle$Holder::invokeStatic (14 bytes)
Event: 0,979 Thread 0x00007fdba82cf800 nmethod 992 0x00007fdb90f6dc10 code [0x00007fdb90f6dde0, 0x00007fdb90f6e330]
Event: 0,983 Thread 0x00007fdba82cf800  993       3       java.util.ArrayList::add (25 bytes)
Event: 0,983 Thread 0x00007fdba82cf800 nmethod 993 0x00007fdb90f6e490 code [0x00007fdb90f6e6a0, 0x00007fdb90f6ec90]
Event: 0,983 Thread 0x00007fdba82cf800  994       3       java.util.ArrayList::add (23 bytes)
Event: 0,984 Thread 0x00007fdba82cf800 nmethod 994 0x00007fdb90f6ef10 code [0x00007fdb90f6f120, 0x00007fdb90f6f690]
Event: 0,984 Thread 0x00007fdba82cf800  995       1       de.uni_freiburg.informatik.ultimate.logic.Term::hashCode (5 bytes)
Event: 0,984 Thread 0x00007fdba82cf800 nmethod 995 0x00007fdb98342610 code [0x00007fdb983427c0, 0x00007fdb98342870]
Event: 0,984 Thread 0x00007fdba82cf800  996       3       java.util.ArrayDeque::isEmpty (17 bytes)
Event: 0,984 Thread 0x00007fdba82cf800 nmethod 996 0x00007fdb90f6f890 code [0x00007fdb90f6fa40, 0x00007fdb90f6fb90]
Event: 0,985 Thread 0x00007fdba82cf800  997       3       java.util.ArrayDeque::dec (13 bytes)
Event: 0,985 Thread 0x00007fdba82cf800 nmethod 997 0x00007fdb90f6fc10 code [0x00007fdb90f6fdc0, 0x00007fdb90f6fed0]
Event: 0,985 Thread 0x00007fdba82cf800  998       1       de.uni_freiburg.informatik.ultimate.logic.ApplicationTerm::getParameters (5 bytes)
Event: 0,985 Thread 0x00007fdba82cf800 nmethod 998 0x00007fdb98342910 code [0x00007fdb98342ac0, 0x00007fdb98342b70]
Event: 0,990 Thread 0x00007fdb581ec000 nmethod 989 0x00007fdb98342c10 code [0x00007fdb98342de0, 0x00007fdb98343330]

GC Heap History (2 events):
Event: 0,787 GC heap before
{Heap before GC invocations=0 (full 0):
 garbage-first heap   total 311296K, used 15360K [0x00000006d0c00000, 0x0000000800000000)
  region size 1024K, 15 young (15360K), 0 survivors (0K)
 Metaspace       used 12131K, capacity 12446K, committed 12672K, reserved 1060864K
  class space    used 1214K, capacity 1315K, committed 1408K, reserved 1048576K
}
Event: 0,794 GC heap after
{Heap after GC invocations=1 (full 0):
 garbage-first heap   total 311296K, used 3088K [0x00000006d0c00000, 0x0000000800000000)
  region size 1024K, 2 young (2048K), 2 survivors (2048K)
 Metaspace       used 12131K, capacity 12446K, committed 12672K, reserved 1060864K
  class space    used 1214K, capacity 1315K, committed 1408K, reserved 1048576K
}

Deoptimization events (20 events):
Event: 0,443 Thread 0x00007fdba8029800 DEOPT PACKING pc=0x00007fdb982e7314 sp=0x00007fdbafe4fc80
Event: 0,443 Thread 0x00007fdba8029800 DEOPT UNPACKING pc=0x00007fdb90867ea5 sp=0x00007fdbafe4fbe0 mode 2
Event: 0,465 Thread 0x00007fdba8029800 Uncommon trap: trap_request=0xffffff4d fr.pc=0x00007fdb983028c4 relative=0x0000000000000304
Event: 0,465 Thread 0x00007fdba8029800 Uncommon trap: reason=unstable_if action=reinterpret pc=0x00007fdb983028c4 method=java.lang.StringLatin1.indexOf([BI[BII)I @ 91 c2
Event: 0,465 Thread 0x00007fdba8029800 DEOPT PACKING pc=0x00007fdb983028c4 sp=0x00007fdbafe50370
Event: 0,466 Thread 0x00007fdba8029800 DEOPT UNPACKING pc=0x00007fdb90867ea5 sp=0x00007fdbafe502f0 mode 2
Event: 0,554 Thread 0x00007fdba8029800 DEOPT PACKING pc=0x00007fdb90e6cd08 sp=0x00007fdbafe4db50
Event: 0,554 Thread 0x00007fdba8029800 DEOPT UNPACKING pc=0x00007fdb9086864a sp=0x00007fdbafe4cfc0 mode 0
Event: 0,726 Thread 0x00007fdba8029800 Uncommon trap: trap_request=0xffffff4d fr.pc=0x00007fdb98303d70 relative=0x0000000000000230
Event: 0,726 Thread 0x00007fdba8029800 Uncommon trap: reason=unstable_if action=reinterpret pc=0x00007fdb98303d70 method=java.lang.String.startsWith(Ljava/lang/String;I)Z @ 14 c2
Event: 0,726 Thread 0x00007fdba8029800 DEOPT PACKING pc=0x00007fdb98303d70 sp=0x00007fdbafe4ebe0
Event: 0,726 Thread 0x00007fdba8029800 DEOPT UNPACKING pc=0x00007fdb90867ea5 sp=0x00007fdbafe4eb68 mode 2
Event: 0,835 Thread 0x00007fdba8029800 Uncommon trap: trap_request=0xffffff4d fr.pc=0x00007fdb98310b70 relative=0x00000000000000d0
Event: 0,835 Thread 0x00007fdba8029800 Uncommon trap: reason=unstable_if action=reinterpret pc=0x00007fdb98310b70 method=com.intellij.rt.execution.junit.MapSerializerUtil$1.escape(C)C @ 1 c2
Event: 0,835 Thread 0x00007fdba8029800 DEOPT PACKING pc=0x00007fdb98310b70 sp=0x00007fdbafe4f7d0
Event: 0,835 Thread 0x00007fdba8029800 DEOPT UNPACKING pc=0x00007fdb90867ea5 sp=0x00007fdbafe4f780 mode 2
Event: 0,844 Thread 0x00007fdba8029800 Uncommon trap: trap_request=0xffffff4d fr.pc=0x00007fdb98318d54 relative=0x0000000000000094
Event: 0,844 Thread 0x00007fdba8029800 Uncommon trap: reason=unstable_if action=reinterpret pc=0x00007fdb98318d54 method=sun.reflect.generics.parser.SignatureParser.current()C @ 39 c2
Event: 0,844 Thread 0x00007fdba8029800 DEOPT PACKING pc=0x00007fdb98318d54 sp=0x00007fdbafe4dd20
Event: 0,844 Thread 0x00007fdba8029800 DEOPT UNPACKING pc=0x00007fdb90867ea5 sp=0x00007fdbafe4dcd8 mode 2

Classes redefined (0 events):
No events

Internal exceptions (11 events):
Event: 0,238 Thread 0x00007fdba8029800 Exception <a 'java/io/FileNotFoundException'{0x00000006e3996108}> (0x00000006e3996108) thrown at [./src/hotspot/share/prims/jni.cpp, line 617]
Event: 0,584 Thread 0x00007fdba8029800 Exception <a 'java/lang/NoSuchMethodError'{0x00000006e316a708}: 'void java.lang.invoke.DirectMethodHandle$Holder.invokeStaticInit(java.lang.Object, java.lang.Object)'> (0x00000006e316a708) thrown at [./src/hotspot/share/interpreter/linkResolver.cpp, line 773]
Event: 0,638 Thread 0x00007fdba8029800 Exception <a 'java/lang/NoSuchMethodError'{0x00000006e30635c8}: 'java.lang.Object java.lang.invoke.DirectMethodHandle$Holder.invokeStatic(java.lang.Object, java.lang.Object, java.lang.Object, java.lang.Object, java.lang.Object, java.lang.Object, java.lang.Object, java.lang.Object, java.lang.Object, java.lang.Object, java.lang.Object, int)'> (0x00000006e30635c8) thrown at [./src/hotspot/share/interpreter/linkResolver.cpp, line 773]
Event: 0,641 Thread 0x00007fdba8029800 Exception <a 'java/lang/NoSuchMethodError'{0x00000006e3081c70}: 'java.lang.Object java.lang.invoke.DirectMethodHandle$Holder.invokeStatic(java.lang.Object, java.lang.Object, java.lang.Object, java.lang.Object, java.lang.Object, java.lang.Object, java.lang.Object, java.lang.Object, java.lang.Object, java.lang.Object, java.lang.Object, int, int)'> (0x00000006e3081c70) thrown at [./src/hotspot/share/interpreter/linkResolver.cpp, line 773]
Event: 0,645 Thread 0x00007fdba8029800 Exception <a 'java/lang/NoSuchMethodError'{0x00000006e30a22a8}: 'java.lang.Object java.lang.invoke.DirectMethodHandle$Holder.invokeStatic(java.lang.Object, java.lang.Object, java.lang.Object, java.lang.Object, java.lang.Object, java.lang.Object, java.lang.Object, java.lang.Object, java.lang.Object, java.lang.Object, java.lang.Object, int, int, java.lang.Object)'> (0x00000006e30a22a8) thrown at [./src/hotspot/share/interpreter/linkResolver.cpp, line 773]
Event: 0,649 Thread 0x00007fdba8029800 Exception <a 'java/lang/NoSuchMethodError'{0x00000006e30c3048}: 'java.lang.Object java.lang.invoke.DirectMethodHandle$Holder.invokeStatic(java.lang.Object, java.lang.Object, java.lang.Object, java.lang.Object, java.lang.Object, java.lang.Object, java.lang.Object, java.lang.Object, java.lang.Object, java.lang.Object, java.lang.Object, int, int, java.lang.Object, java.lang.Object)'> (0x00000006e30c3048) thrown at [./src/hotspot/share/interpreter/linkResolver.cpp, line 773]
Event: 0,725 Thread 0x00007fdba8029800 Exception <a 'java/lang/NoSuchMethodError'{0x00000006e2e32ff8}: 'int java.lang.invoke.DirectMethodHandle$Holder.invokeStaticInit(java.lang.Object, java.lang.Object)'> (0x00000006e2e32ff8) thrown at [./src/hotspot/share/interpreter/linkResolver.cpp, line 773]
Event: 0,766 Thread 0x00007fdba8029800 Exception <a 'java/lang/NoSuchMethodError'{0x00000006e2d30640}: 'java.lang.Object java.lang.invoke.DirectMethodHandle$Holder.invokeStatic(java.lang.Object, java.lang.Object, java.lang.Object, java.lang.Object, java.lang.Object, java.lang.Object, java.lang.Object, java.lang.Object, java.lang.Object, java.lang.Object, java.lang.Object, java.lang.Object, java.lang.Object, int)'> (0x00000006e2d30640) thrown at [./src/hotspot/share/interpreter/linkResolver.cpp, line 773]
Event: 0,767 Thread 0x00007fdba8029800 Exception <a 'java/lang/NoSuchMethodError'{0x00000006e2d3d228}: 'java.lang.Object java.lang.invoke.DirectMethodHandle$Holder.invokeStatic(java.lang.Object, java.lang.Object, java.lang.Object, java.lang.Object, java.lang.Object, java.lang.Object, java.lang.Object, java.lang.Object, java.lang.Object, java.lang.Object, java.lang.Object, java.lang.Object, java.lang.Object, int, int)'> (0x00000006e2d3d228) thrown at [./src/hotspot/share/interpreter/linkResolver.cpp, line 773]
Event: 0,825 Thread 0x00007fdba8029800 Exception <a 'java/lang/NoSuchMethodError'{0x00000006e3b98518}: 'void java.lang.invoke.DirectMethodHandle$Holder.invokeInterface(java.lang.Object, java.lang.Object)'> (0x00000006e3b98518) thrown at [./src/hotspot/share/interpreter/linkResolver.cpp, line 773]
Event: 0,825 Thread 0x00007fdba8029800 Exception <a 'java/lang/reflect/InvocationTargetException'{0x00000006e3b9d350}> (0x00000006e3b9d350) thrown at [./src/hotspot/share/runtime/reflection.cpp, line 1247]

Events (20 events):
Event: 0,987 loading class org/sosy_lab/common/collect/PersistentSortedMap
Event: 0,987 loading class org/sosy_lab/common/collect/PersistentSortedMap done
Event: 0,987 loading class org/sosy_lab/common/collect/PersistentSortedMapBridge
Event: 0,987 loading class org/sosy_lab/common/collect/PersistentSortedMapBridge done
Event: 0,987 loading class org/sosy_lab/common/collect/PersistentMap
Event: 0,987 loading class org/sosy_lab/common/collect/PersistentMap done
Event: 0,988 loading class org/sosy_lab/common/collect/AbstractImmutableSortedMap
Event: 0,988 loading class org/sosy_lab/common/collect/AbstractImmutableSortedMap done
Event: 0,988 loading class org/sosy_lab/common/collect/OurSortedMap
Event: 0,988 loading class org/sosy_lab/common/collect/OurSortedMap done
Event: 0,989 loading class org/sosy_lab/common/collect/AbstractImmutableMap
Event: 0,989 loading class org/sosy_lab/common/collect/AbstractImmutableMap done
Event: 0,991 loading class org/sosy_lab/java_smt/basicimpl/withAssumptionsWrapper/ProverWithAssumptionsWrapper
Event: 0,991 loading class org/sosy_lab/java_smt/basicimpl/withAssumptionsWrapper/ProverWithAssumptionsWrapper done
Event: 0,991 loading class org/sosy_lab/java_smt/basicimpl/withAssumptionsWrapper/BasicProverWithAssumptionsWrapper
Event: 0,991 loading class org/sosy_lab/java_smt/basicimpl/withAssumptionsWrapper/BasicProverWithAssumptionsWrapper done
Event: 0,991 loading class org/sosy_lab/java_smt/basicimpl/AbstractFormula$BooleanFormulaImpl
Event: 0,991 loading class org/sosy_lab/java_smt/basicimpl/AbstractFormula$BooleanFormulaImpl done
Event: 0,992 loading class org/sosy_lab/java_smt/basicimpl/AbstractFormula
Event: 0,992 loading class org/sosy_lab/java_smt/basicimpl/AbstractFormula done


Dynamic libraries:
6d0c00000-6e3c00000 rw-p 00000000 00:00 0 
6e3c00000-800000000 ---p 00000000 00:00 0 
800000000-8001a0000 rw-p 00000000 00:00 0 
8001a0000-840000000 ---p 00000000 00:00 0 
558d9f200000-558d9f201000 r-xp 00000000 fd:01 1705186                    /home/janel/.jdks/corretto-11.0.15/bin/java
558d9f401000-558d9f402000 r--p 00001000 fd:01 1705186                    /home/janel/.jdks/corretto-11.0.15/bin/java
558d9f402000-558d9f403000 rw-p 00002000 fd:01 1705186                    /home/janel/.jdks/corretto-11.0.15/bin/java
558da0f53000-558da0f74000 rw-p 00000000 00:00 0                          [heap]
7fdb2c000000-7fdb2c021000 rw-p 00000000 00:00 0 
7fdb2c021000-7fdb30000000 ---p 00000000 00:00 0 
7fdb34000000-7fdb34021000 rw-p 00000000 00:00 0 
7fdb34021000-7fdb38000000 ---p 00000000 00:00 0 
7fdb38000000-7fdb38021000 rw-p 00000000 00:00 0 
7fdb38021000-7fdb3c000000 ---p 00000000 00:00 0 
7fdb3c000000-7fdb3c021000 rw-p 00000000 00:00 0 
7fdb3c021000-7fdb40000000 ---p 00000000 00:00 0 
7fdb40000000-7fdb402a0000 rw-p 00000000 00:00 0 
7fdb402a0000-7fdb44000000 ---p 00000000 00:00 0 
7fdb44000000-7fdb44021000 rw-p 00000000 00:00 0 
7fdb44021000-7fdb48000000 ---p 00000000 00:00 0 
7fdb48000000-7fdb48021000 rw-p 00000000 00:00 0 
7fdb48021000-7fdb4c000000 ---p 00000000 00:00 0 
7fdb4c000000-7fdb4c021000 rw-p 00000000 00:00 0 
7fdb4c021000-7fdb50000000 ---p 00000000 00:00 0 
7fdb51fa1000-7fdb52061000 rw-p 00000000 00:00 0 
7fdb52061000-7fdb521a1000 ---p 00000000 00:00 0 
7fdb521a1000-7fdb521a2000 ---p 00000000 00:00 0 
7fdb521a2000-7fdb522a3000 rw-p 00000000 00:00 0 
7fdb522a3000-7fdb522a4000 ---p 00000000 00:00 0 
7fdb522a4000-7fdb523a5000 rw-p 00000000 00:00 0 
7fdb523a5000-7fdb523a6000 ---p 00000000 00:00 0 
7fdb523a6000-7fdb524a7000 rw-p 00000000 00:00 0 
7fdb525a7000-7fdb52e9c000 r-xp 00000000 fd:01 28199709                   /home/janel/Desktop/Studium/Semester_6/Bachelorarbeit/nochmalneu/lib/java/runtime-mathsat/libmathsat5j.so
7fdb52e9c000-7fdb5309c000 ---p 008f5000 fd:01 28199709                   /home/janel/Desktop/Studium/Semester_6/Bachelorarbeit/nochmalneu/lib/java/runtime-mathsat/libmathsat5j.so
7fdb5309c000-7fdb530b7000 r--p 008f5000 fd:01 28199709                   /home/janel/Desktop/Studium/Semester_6/Bachelorarbeit/nochmalneu/lib/java/runtime-mathsat/libmathsat5j.so
7fdb530b7000-7fdb530cb000 rw-p 00910000 fd:01 28199709                   /home/janel/Desktop/Studium/Semester_6/Bachelorarbeit/nochmalneu/lib/java/runtime-mathsat/libmathsat5j.so
7fdb530cb000-7fdb532ce000 rw-p 00000000 00:00 0 
7fdb532ce000-7fdb532d2000 ---p 00000000 00:00 0 
7fdb532d2000-7fdb535cf000 rw-p 00000000 00:00 0 
7fdb535cf000-7fdb535d1000 r-xp 00000000 fd:01 1705166                    /home/janel/.jdks/corretto-11.0.15/lib/libextnet.so
7fdb535d1000-7fdb537d0000 ---p 00002000 fd:01 1705166                    /home/janel/.jdks/corretto-11.0.15/lib/libextnet.so
7fdb537d0000-7fdb537d1000 r--p 00001000 fd:01 1705166                    /home/janel/.jdks/corretto-11.0.15/lib/libextnet.so
7fdb537d1000-7fdb537d2000 rw-p 00000000 00:00 0 
7fdb537d2000-7fdb537d3000 ---p 00000000 00:00 0 
7fdb537d3000-7fdb538d4000 rw-p 00000000 00:00 0 
7fdb538d4000-7fdb538d8000 ---p 00000000 00:00 0 
7fdb538d8000-7fdb539d5000 rw-p 00000000 00:00 0 
7fdb539d5000-7fdb539ea000 r-xp 00000000 fd:01 1705145                    /home/janel/.jdks/corretto-11.0.15/lib/libnet.so
7fdb539ea000-7fdb53bea000 ---p 00015000 fd:01 1705145                    /home/janel/.jdks/corretto-11.0.15/lib/libnet.so
7fdb53bea000-7fdb53beb000 r--p 00015000 fd:01 1705145                    /home/janel/.jdks/corretto-11.0.15/lib/libnet.so
7fdb53beb000-7fdb53bec000 rw-p 00016000 fd:01 1705145                    /home/janel/.jdks/corretto-11.0.15/lib/libnet.so
7fdb53bec000-7fdb53bfc000 r-xp 00000000 fd:01 1705146                    /home/janel/.jdks/corretto-11.0.15/lib/libnio.so
7fdb53bfc000-7fdb53dfc000 ---p 00010000 fd:01 1705146                    /home/janel/.jdks/corretto-11.0.15/lib/libnio.so
7fdb53dfc000-7fdb53dfd000 r--p 00010000 fd:01 1705146                    /home/janel/.jdks/corretto-11.0.15/lib/libnio.so
7fdb53dfd000-7fdb53dfe000 rw-p 00011000 fd:01 1705146                    /home/janel/.jdks/corretto-11.0.15/lib/libnio.so
7fdb53dfe000-7fdb53e02000 ---p 00000000 00:00 0 
7fdb53e02000-7fdb53eff000 rw-p 00000000 00:00 0 
7fdb53eff000-7fdb53f03000 ---p 00000000 00:00 0 
7fdb53f03000-7fdb54000000 rw-p 00000000 00:00 0 
7fdb54000000-7fdb54865000 rw-p 00000000 00:00 0 
7fdb54865000-7fdb58000000 ---p 00000000 00:00 0 
7fdb58000000-7fdb58368000 rw-p 00000000 00:00 0 
7fdb58368000-7fdb5c000000 ---p 00000000 00:00 0 
7fdb5c000000-7fdb5c021000 rw-p 00000000 00:00 0 
7fdb5c021000-7fdb60000000 ---p 00000000 00:00 0 
7fdb60000000-7fdb60021000 rw-p 00000000 00:00 0 
7fdb60021000-7fdb64000000 ---p 00000000 00:00 0 
7fdb64000000-7fdb64021000 rw-p 00000000 00:00 0 
7fdb64021000-7fdb68000000 ---p 00000000 00:00 0 
7fdb68000000-7fdb68021000 rw-p 00000000 00:00 0 
7fdb68021000-7fdb6c000000 ---p 00000000 00:00 0 
7fdb6c000000-7fdb6c021000 rw-p 00000000 00:00 0 
7fdb6c021000-7fdb70000000 ---p 00000000 00:00 0 
7fdb70000000-7fdb70021000 rw-p 00000000 00:00 0 
7fdb70021000-7fdb74000000 ---p 00000000 00:00 0 
7fdb74000000-7fdb74021000 rw-p 00000000 00:00 0 
7fdb74021000-7fdb78000000 ---p 00000000 00:00 0 
7fdb78000000-7fdb78021000 rw-p 00000000 00:00 0 
7fdb78021000-7fdb7c000000 ---p 00000000 00:00 0 
7fdb7c000000-7fdb7c021000 rw-p 00000000 00:00 0 
7fdb7c021000-7fdb80000000 ---p 00000000 00:00 0 
7fdb80094000-7fdb80098000 ---p 00000000 00:00 0 
7fdb80098000-7fdb80195000 rw-p 00000000 00:00 0 
7fdb80195000-7fdb80199000 ---p 00000000 00:00 0 
7fdb80199000-7fdb80296000 rw-p 00000000 00:00 0 
7fdb80296000-7fdb80860000 r--p 00000000 fd:01 8913749                    /usr/lib/locale/locale-archive
7fdb80860000-7fdb82d20000 rw-p 00000000 00:00 0 
7fdb82d20000-7fdb87430000 ---p 00000000 00:00 0 
7fdb87430000-7fdb878f0000 rw-p 00000000 00:00 0 
7fdb878f0000-7fdb8c000000 ---p 00000000 00:00 0 
7fdb8c000000-7fdb8c021000 rw-p 00000000 00:00 0 
7fdb8c021000-7fdb90000000 ---p 00000000 00:00 0 
7fdb9001e000-7fdb9081e000 rw-p 00000000 00:00 0 
7fdb9081e000-7fdb90a8e000 rwxp 00000000 00:00 0 
7fdb90a8e000-7fdb90dae000 ---p 00000000 00:00 0 
7fdb90dae000-7fdb9101e000 rwxp 00000000 00:00 0 
7fdb9101e000-7fdb982e6000 ---p 00000000 00:00 0 
7fdb982e6000-7fdb98556000 rwxp 00000000 00:00 0 
7fdb98556000-7fdb9f81e000 ---p 00000000 00:00 0 
7fdb9f81e000-7fdba8000000 r--s 00000000 fd:01 1705122                    /home/janel/.jdks/corretto-11.0.15/lib/modules
7fdba8000000-7fdba888e000 rw-p 00000000 00:00 0 
7fdba888e000-7fdbac000000 ---p 00000000 00:00 0 
7fdbac07b000-7fdbac07e000 r--p 00000000 fd:01 8918008                    /usr/lib/x86_64-linux-gnu/libgcc_s.so.1
7fdbac07e000-7fdbac090000 r-xp 00003000 fd:01 8918008                    /usr/lib/x86_64-linux-gnu/libgcc_s.so.1
7fdbac090000-7fdbac094000 r--p 00015000 fd:01 8918008                    /usr/lib/x86_64-linux-gnu/libgcc_s.so.1
7fdbac094000-7fdbac095000 r--p 00018000 fd:01 8918008                    /usr/lib/x86_64-linux-gnu/libgcc_s.so.1
7fdbac095000-7fdbac096000 rw-p 00019000 fd:01 8918008                    /usr/lib/x86_64-linux-gnu/libgcc_s.so.1
7fdbac0b4000-7fdbac0bb000 r--s 00000000 fd:01 9573802                    /usr/lib/x86_64-linux-gnu/gconv/gconv-modules.cache
7fdbac0bb000-7fdbac0e1000 r--p 00000000 fd:01 11414479                   /usr/share/locale-langpack/de/LC_MESSAGES/libc.mo
7fdbac0e1000-7fdbac0e5000 ---p 00000000 00:00 0 
7fdbac0e5000-7fdbac1e2000 rw-p 00000000 00:00 0 
7fdbac1e2000-7fdbac1e6000 ---p 00000000 00:00 0 
7fdbac1e6000-7fdbac2e3000 rw-p 00000000 00:00 0 
7fdbac2e3000-7fdbac2e7000 ---p 00000000 00:00 0 
7fdbac2e7000-7fdbac3e4000 rw-p 00000000 00:00 0 
7fdbac3e4000-7fdbac3e8000 ---p 00000000 00:00 0 
7fdbac3e8000-7fdbac4e5000 rw-p 00000000 00:00 0 
7fdbac4e5000-7fdbac4e6000 ---p 00000000 00:00 0 
7fdbac4e6000-7fdbac6c3000 rw-p 00000000 00:00 0 
7fdbac6c3000-7fdbac6c4000 ---p 00000000 00:00 0 
7fdbac6c4000-7fdbac7c5000 rw-p 00000000 00:00 0 
7fdbac7c5000-7fdbac7c6000 ---p 00000000 00:00 0 
7fdbac7c6000-7fdbacccb000 rw-p 00000000 00:00 0 
7fdbacccb000-7fdbacccc000 ---p 00000000 00:00 0 
7fdbacccc000-7fdbacdcd000 rw-p 00000000 00:00 0 
7fdbacdcd000-7fdbacdce000 ---p 00000000 00:00 0 
7fdbacdce000-7fdbad009000 rw-p 00000000 00:00 0 
7fdbad009000-7fdbad8eb000 ---p 00000000 00:00 0 
7fdbad8eb000-7fdbad983000 rw-p 00000000 00:00 0 
7fdbad983000-7fdbae265000 ---p 00000000 00:00 0 
7fdbae265000-7fdbae2fd000 rw-p 00000000 00:00 0 
7fdbae2fd000-7fdbaebdf000 ---p 00000000 00:00 0 
7fdbaebdf000-7fdbaefe3000 rw-p 00000000 00:00 0 
7fdbaefe3000-7fdbaefe4000 ---p 00000000 00:00 0 
7fdbaefe4000-7fdbaf0ea000 rw-p 00000000 00:00 0 
7fdbaf0ea000-7fdbaf1d0000 ---p 00000000 00:00 0 
7fdbaf1d0000-7fdbaf1d5000 rw-p 00000000 00:00 0 
7fdbaf1d5000-7fdbaf2bb000 ---p 00000000 00:00 0 
7fdbaf2bb000-7fdbaf2c0000 rw-p 00000000 00:00 0 
7fdbaf2c0000-7fdbaf2c7000 ---p 00000000 00:00 0 
7fdbaf2c7000-7fdbaf2e1000 r-xp 00000000 fd:01 1705143                    /home/janel/.jdks/corretto-11.0.15/lib/libzip.so
7fdbaf2e1000-7fdbaf4e1000 ---p 0001a000 fd:01 1705143                    /home/janel/.jdks/corretto-11.0.15/lib/libzip.so
7fdbaf4e1000-7fdbaf4e2000 r--p 0001a000 fd:01 1705143                    /home/janel/.jdks/corretto-11.0.15/lib/libzip.so
7fdbaf4e2000-7fdbaf4e3000 rw-p 00000000 00:00 0 
7fdbaf4e3000-7fdbaf4ed000 r-xp 00000000 fd:01 1705176                    /home/janel/.jdks/corretto-11.0.15/lib/libinstrument.so
7fdbaf4ed000-7fdbaf6ec000 ---p 0000a000 fd:01 1705176                    /home/janel/.jdks/corretto-11.0.15/lib/libinstrument.so
7fdbaf6ec000-7fdbaf6ed000 r--p 00009000 fd:01 1705176                    /home/janel/.jdks/corretto-11.0.15/lib/libinstrument.so
7fdbaf6ed000-7fdbaf6ee000 rw-p 0000a000 fd:01 1705176                    /home/janel/.jdks/corretto-11.0.15/lib/libinstrument.so
7fdbaf6ee000-7fdbaf709000 r-xp 00000000 fd:01 1705144                    /home/janel/.jdks/corretto-11.0.15/lib/libjimage.so
7fdbaf709000-7fdbaf909000 ---p 0001b000 fd:01 1705144                    /home/janel/.jdks/corretto-11.0.15/lib/libjimage.so
7fdbaf909000-7fdbaf90b000 r--p 0001b000 fd:01 1705144                    /home/janel/.jdks/corretto-11.0.15/lib/libjimage.so
7fdbaf90b000-7fdbaf90c000 rw-p 0001d000 fd:01 1705144                    /home/janel/.jdks/corretto-11.0.15/lib/libjimage.so
7fdbaf90c000-7fdbaf936000 r-xp 00000000 fd:01 1705142                    /home/janel/.jdks/corretto-11.0.15/lib/libjava.so
7fdbaf936000-7fdbafb35000 ---p 0002a000 fd:01 1705142                    /home/janel/.jdks/corretto-11.0.15/lib/libjava.so
7fdbafb35000-7fdbafb36000 r--p 00029000 fd:01 1705142                    /home/janel/.jdks/corretto-11.0.15/lib/libjava.so
7fdbafb36000-7fdbafb37000 rw-p 0002a000 fd:01 1705142                    /home/janel/.jdks/corretto-11.0.15/lib/libjava.so
7fdbafb37000-7fdbafb38000 rw-p 00000000 00:00 0 
7fdbafb38000-7fdbafb45000 r-xp 00000000 fd:01 1705140                    /home/janel/.jdks/corretto-11.0.15/lib/libverify.so
7fdbafb45000-7fdbafd44000 ---p 0000d000 fd:01 1705140                    /home/janel/.jdks/corretto-11.0.15/lib/libverify.so
7fdbafd44000-7fdbafd46000 r--p 0000c000 fd:01 1705140                    /home/janel/.jdks/corretto-11.0.15/lib/libverify.so
7fdbafd46000-7fdbafd47000 rw-p 00000000 00:00 0 
7fdbafd47000-7fdbafd49000 r--p 00000000 fd:01 8915073                    /usr/lib/x86_64-linux-gnu/librt-2.31.so
7fdbafd49000-7fdbafd4d000 r-xp 00002000 fd:01 8915073                    /usr/lib/x86_64-linux-gnu/librt-2.31.so
7fdbafd4d000-7fdbafd4f000 r--p 00006000 fd:01 8915073                    /usr/lib/x86_64-linux-gnu/librt-2.31.so
7fdbafd4f000-7fdbafd50000 r--p 00007000 fd:01 8915073                    /usr/lib/x86_64-linux-gnu/librt-2.31.so
7fdbafd50000-7fdbafd51000 rw-p 00008000 fd:01 8915073                    /usr/lib/x86_64-linux-gnu/librt-2.31.so
7fdbafd51000-7fdbafd55000 ---p 00000000 00:00 0 
7fdbafd55000-7fdbafe52000 rw-p 00000000 00:00 0 
7fdbafe52000-7fdbafe5f000 r--p 00000000 fd:01 8915060                    /usr/lib/x86_64-linux-gnu/libm-2.31.so
7fdbafe5f000-7fdbaff06000 r-xp 0000d000 fd:01 8915060                    /usr/lib/x86_64-linux-gnu/libm-2.31.so
7fdbaff06000-7fdbaff9f000 r--p 000b4000 fd:01 8915060                    /usr/lib/x86_64-linux-gnu/libm-2.31.so
7fdbaff9f000-7fdbaffa0000 r--p 0014c000 fd:01 8915060                    /usr/lib/x86_64-linux-gnu/libm-2.31.so
7fdbaffa0000-7fdbaffa1000 rw-p 0014d000 fd:01 8915060                    /usr/lib/x86_64-linux-gnu/libm-2.31.so
7fdbaffa1000-7fdbb1211000 r-xp 00000000 fd:01 1705134                    /home/janel/.jdks/corretto-11.0.15/lib/server/libjvm.so
7fdbb1211000-7fdbb1411000 ---p 01270000 fd:01 1705134                    /home/janel/.jdks/corretto-11.0.15/lib/server/libjvm.so
7fdbb1411000-7fdbb14d6000 r--p 01270000 fd:01 1705134                    /home/janel/.jdks/corretto-11.0.15/lib/server/libjvm.so
7fdbb14d6000-7fdbb1511000 rw-p 01335000 fd:01 1705134                    /home/janel/.jdks/corretto-11.0.15/lib/server/libjvm.so
7fdbb1511000-7fdbb156b000 rw-p 00000000 00:00 0 
7fdbb156b000-7fdbb158d000 r--p 00000000 fd:01 8915058                    /usr/lib/x86_64-linux-gnu/libc-2.31.so
7fdbb158d000-7fdbb1705000 r-xp 00022000 fd:01 8915058                    /usr/lib/x86_64-linux-gnu/libc-2.31.so
7fdbb1705000-7fdbb1753000 r--p 0019a000 fd:01 8915058                    /usr/lib/x86_64-linux-gnu/libc-2.31.so
7fdbb1753000-7fdbb1757000 r--p 001e7000 fd:01 8915058                    /usr/lib/x86_64-linux-gnu/libc-2.31.so
7fdbb1757000-7fdbb1759000 rw-p 001eb000 fd:01 8915058                    /usr/lib/x86_64-linux-gnu/libc-2.31.so
7fdbb1759000-7fdbb175d000 rw-p 00000000 00:00 0 
7fdbb175d000-7fdbb175e000 r--p 00000000 fd:01 8915059                    /usr/lib/x86_64-linux-gnu/libdl-2.31.so
7fdbb175e000-7fdbb1760000 r-xp 00001000 fd:01 8915059                    /usr/lib/x86_64-linux-gnu/libdl-2.31.so
7fdbb1760000-7fdbb1761000 r--p 00003000 fd:01 8915059                    /usr/lib/x86_64-linux-gnu/libdl-2.31.so
7fdbb1761000-7fdbb1762000 r--p 00003000 fd:01 8915059                    /usr/lib/x86_64-linux-gnu/libdl-2.31.so
7fdbb1762000-7fdbb1763000 rw-p 00004000 fd:01 8915059                    /usr/lib/x86_64-linux-gnu/libdl-2.31.so
7fdbb1763000-7fdbb177d000 r-xp 00000000 fd:01 1705139                    /home/janel/.jdks/corretto-11.0.15/lib/jli/libjli.so
7fdbb177d000-7fdbb197c000 ---p 0001a000 fd:01 1705139                    /home/janel/.jdks/corretto-11.0.15/lib/jli/libjli.so
7fdbb197c000-7fdbb197d000 r--p 00019000 fd:01 1705139                    /home/janel/.jdks/corretto-11.0.15/lib/jli/libjli.so
7fdbb197d000-7fdbb197e000 rw-p 0001a000 fd:01 1705139                    /home/janel/.jdks/corretto-11.0.15/lib/jli/libjli.so
7fdbb197e000-7fdbb1984000 r--p 00000000 fd:01 8915071                    /usr/lib/x86_64-linux-gnu/libpthread-2.31.so
7fdbb1984000-7fdbb1995000 r-xp 00006000 fd:01 8915071                    /usr/lib/x86_64-linux-gnu/libpthread-2.31.so
7fdbb1995000-7fdbb199b000 r--p 00017000 fd:01 8915071                    /usr/lib/x86_64-linux-gnu/libpthread-2.31.so
7fdbb199b000-7fdbb199c000 r--p 0001c000 fd:01 8915071                    /usr/lib/x86_64-linux-gnu/libpthread-2.31.so
7fdbb199c000-7fdbb199d000 rw-p 0001d000 fd:01 8915071                    /usr/lib/x86_64-linux-gnu/libpthread-2.31.so
7fdbb199d000-7fdbb19a1000 rw-p 00000000 00:00 0 
7fdbb19a1000-7fdbb19a9000 rw-s 00000000 fd:01 11535277                   /tmp/hsperfdata_janel/92770
7fdbb19a9000-7fdbb19ac000 r--p 00000000 fd:01 8915066                    /usr/lib/x86_64-linux-gnu/libnss_files-2.31.so
7fdbb19ac000-7fdbb19b3000 r-xp 00003000 fd:01 8915066                    /usr/lib/x86_64-linux-gnu/libnss_files-2.31.so
7fdbb19b3000-7fdbb19b5000 r--p 0000a000 fd:01 8915066                    /usr/lib/x86_64-linux-gnu/libnss_files-2.31.so
7fdbb19b5000-7fdbb19b6000 r--p 0000b000 fd:01 8915066                    /usr/lib/x86_64-linux-gnu/libnss_files-2.31.so
7fdbb19b6000-7fdbb19b7000 rw-p 0000c000 fd:01 8915066                    /usr/lib/x86_64-linux-gnu/libnss_files-2.31.so
7fdbb19b7000-7fdbb19bd000 rw-p 00000000 00:00 0 
7fdbb19bd000-7fdbb19be000 ---p 00000000 00:00 0 
7fdbb19be000-7fdbb19bf000 r--p 00000000 00:00 0 
7fdbb19bf000-7fdbb19c1000 rw-p 00000000 00:00 0 
7fdbb19c1000-7fdbb19c2000 r--p 00000000 fd:01 8915051                    /usr/lib/x86_64-linux-gnu/ld-2.31.so
7fdbb19c2000-7fdbb19e5000 r-xp 00001000 fd:01 8915051                    /usr/lib/x86_64-linux-gnu/ld-2.31.so
7fdbb19e5000-7fdbb19ed000 r--p 00024000 fd:01 8915051                    /usr/lib/x86_64-linux-gnu/ld-2.31.so
7fdbb19ee000-7fdbb19ef000 r--p 0002c000 fd:01 8915051                    /usr/lib/x86_64-linux-gnu/ld-2.31.so
7fdbb19ef000-7fdbb19f0000 rw-p 0002d000 fd:01 8915051                    /usr/lib/x86_64-linux-gnu/ld-2.31.so
7fdbb19f0000-7fdbb19f1000 rw-p 00000000 00:00 0 
7fff11f61000-7fff11f83000 rw-p 00000000 00:00 0                          [stack]
7fff11f9b000-7fff11f9f000 r--p 00000000 00:00 0                          [vvar]
7fff11f9f000-7fff11fa1000 r-xp 00000000 00:00 0                          [vdso]
ffffffffff600000-ffffffffff601000 --xp 00000000 00:00 0                  [vsyscall]


VM Arguments:
jvm_args: -ea -Didea.test.cyclic.buffer.size=1048576 -javaagent:/snap/intellij-idea-community/464/lib/idea_rt.jar=46751:/snap/intellij-idea-community/464/bin -Dfile.encoding=UTF-8 
java_command: com.intellij.rt.junit.JUnitStarter -ideVersion5 -junit4 org.sosy_lab.java_smt.test.BooleanGeneratorTest
java_class_path (initial): /snap/intellij-idea-community/464/lib/idea_rt.jar:/snap/intellij-idea-community/464/plugins/junit/lib/junit5-rt.jar:/snap/intellij-idea-community/464/plugins/junit/lib/junit-rt.jar:/home/janel/Desktop/Studium/Semester_6/Bachelorarbeit/nochmalneu/bin:/home/janel/Desktop/Studium/Semester_6/Bachelorarbeit/nochmalneu/lib/java/core/guava.jar:/home/janel/Desktop/Studium/Semester_6/Bachelorarbeit/nochmalneu/lib/java/core/common.jar:/home/janel/Desktop/Studium/Semester_6/Bachelorarbeit/nochmalneu/lib/java/build/auto-value-annotations.jar:/home/janel/Desktop/Studium/Semester_6/Bachelorarbeit/nochmalneu/lib/java/test/jsr305.jar:/home/janel/Desktop/Studium/Semester_6/Bachelorarbeit/nochmalneu/lib/java/test/junit.jar:/home/janel/Desktop/Studium/Semester_6/Bachelorarbeit/nochmalneu/lib/java/test/guava-testlib.jar:/home/janel/Desktop/Studium/Semester_6/Bachelorarbeit/nochmalneu/lib/java/test/truth.jar:/home/janel/Desktop/Studium/Semester_6/Bachelorarbeit/nochmalneu/lib/java/core/checker-qual.jar:/home/janel/Desktop/Studium/Semester_6/Bachelorarbeit/nochmalneu/lib/java/core/spotbugs-annotations.jar:/home/janel/Desktop/Studium/Semester_6/Bachelorarbeit/nochmalneu/lib/java/test/truth-java8-extension.jar:/home/janel/Desktop/Studium/Semester_6/Bachelorarbeit/nochmalneu/lib/java/runtime-smtinterpol/smtinterpol.jar:/home/janel/Desktop/Studium/Semester_6/Bachelorarbeit/nochmalneu/lib/java/runtime-princess/princess_2.13.jar:/home/janel/Desktop/Studium/Semester_6/Bachelorarbeit/nochmalneu/lib/java/runtime-princess/princess-parser_2.13.jar:/home/janel/Desktop/Studium/Semester_6/Bachelorarbeit/nochmalneu/lib/java/runtime-princess/princess-smt-parser_2.13.jar:/home/janel/Desktop/Studium/Semester_6/Bachelorarbeit/nochmalneu/lib/java/runtime-princess/scala-library.jar:/home/janel/Desktop/Studium/Semester_6/Bachelorarbeit/nochmalneu/lib/java/runtime-princess/java-cup-runtime.jar:/home/janel/Desktop/Studium/Semester_6/Bachelorarbeit/nochmalneu/lib/java/test/hamcrest-c
Launcher Type: SUN_STANDARD

[Global flags]
     intx CICompilerCount                          = 3                                         {product} {ergonomic}
     uint ConcGCThreads                            = 1                                         {product} {ergonomic}
     uint G1ConcRefinementThreads                  = 4                                         {product} {ergonomic}
   size_t G1HeapRegionSize                         = 1048576                                   {product} {ergonomic}
    uintx GCDrainStackTargetSize                   = 64                                        {product} {ergonomic}
   size_t InitialHeapSize                          = 318767104                                 {product} {ergonomic}
   size_t MarkStackSize                            = 4194304                                   {product} {ergonomic}
   size_t MaxHeapSize                              = 5087690752                                {product} {ergonomic}
   size_t MaxNewSize                               = 3052404736                                {product} {ergonomic}
   size_t MinHeapDeltaBytes                        = 1048576                                   {product} {ergonomic}
    uintx NonNMethodCodeHeapSize                   = 5830732                                {pd product} {ergonomic}
    uintx NonProfiledCodeHeapSize                  = 122913754                              {pd product} {ergonomic}
    uintx ProfiledCodeHeapSize                     = 122913754                              {pd product} {ergonomic}
    uintx ReservedCodeCacheSize                    = 251658240                              {pd product} {ergonomic}
     bool SegmentedCodeCache                       = true                                      {product} {ergonomic}
     bool UseCompressedClassPointers               = true                                 {lp64_product} {ergonomic}
     bool UseCompressedOops                        = true                                 {lp64_product} {ergonomic}
     bool UseG1GC                                  = true                                      {product} {ergonomic}

Logging:
Log output configuration:
 #0: stdout all=warning uptime,level,tags
 #1: stderr all=off uptime,level,tags

Environment Variables:
JAVA_HOME=/usr/lib/jvm/java-16-oracle
PATH=/home/janel/.opam/default/bin:/home/janel/.local/bin:/home/janel/bin:/usr/local/sbin:/usr/local/bin:/usr/sbin:/usr/bin:/sbin:/bin:/usr/games:/usr/local/games:/snap/bin:/usr/lib/jvm/java-16-oracle/bin:/usr/lib/jvm/java-16-oracle/db/bin:/home/janel/bin
USERNAME=janel
SHELL=/usr/bin/fish
DISPLAY=:0
LANG=de_DE.UTF-8

Signal Handlers:
SIGSEGV: [libjvm.so+0xf43c90], sa_mask[0]=11111111011111111101111111111110, sa_flags=SA_RESTART|SA_SIGINFO
SIGBUS: [libjvm.so+0xf43c90], sa_mask[0]=11111111011111111101111111111110, sa_flags=SA_RESTART|SA_SIGINFO
SIGFPE: [libjvm.so+0xf43c90], sa_mask[0]=11111111011111111101111111111110, sa_flags=SA_RESTART|SA_SIGINFO
SIGPIPE: [libjvm.so+0xc645d0], sa_mask[0]=11111111011111111101111111111110, sa_flags=SA_RESTART|SA_SIGINFO
SIGXFSZ: [libjvm.so+0xc645d0], sa_mask[0]=11111111011111111101111111111110, sa_flags=SA_RESTART|SA_SIGINFO
SIGILL: [libjvm.so+0xf43c90], sa_mask[0]=11111111011111111101111111111110, sa_flags=SA_RESTART|SA_SIGINFO
SIGUSR2: [libjvm.so+0xc64470], sa_mask[0]=00100000000000000000000000000000, sa_flags=SA_RESTART|SA_SIGINFO
SIGHUP: [libjvm.so+0xc647d0], sa_mask[0]=11111111011111111101111111111110, sa_flags=SA_RESTART|SA_SIGINFO
SIGINT: [libjvm.so+0xc647d0], sa_mask[0]=11111111011111111101111111111110, sa_flags=SA_RESTART|SA_SIGINFO
SIGTERM: [libjvm.so+0xc647d0], sa_mask[0]=11111111011111111101111111111110, sa_flags=SA_RESTART|SA_SIGINFO
SIGQUIT: [libjvm.so+0xc647d0], sa_mask[0]=11111111011111111101111111111110, sa_flags=SA_RESTART|SA_SIGINFO


---------------  S Y S T E M  ---------------

OS:DISTRIB_ID=Ubuntu
DISTRIB_RELEASE=20.04
DISTRIB_CODENAME=focal
DISTRIB_DESCRIPTION="Ubuntu 20.04.5 LTS"
uname:Linux 5.15.0-87-generic #97~20.04.1-Ubuntu SMP Thu Oct 5 08:25:28 UTC 2023 x86_64
OS uptime: 3 days 1:05 hours
libc:glibc 2.31 NPTL 2.31 
rlimit (soft/hard): STACK 8192k/infinity , CORE 0k/infinity , NPROC 77088/77088 , NOFILE 1048576/1048576 , AS infinity/infinity , CPU infinity/infinity , DATA infinity/infinity , FSIZE infinity/infinity , MEMLOCK 65536k/65536k
load average:1,62 1,06 0,96

/proc/meminfo:
MemTotal:       19869448 kB
MemFree:          427744 kB
MemAvailable:   10004644 kB
Buffers:         1026964 kB
Cached:          8105632 kB
SwapCached:          380 kB
Active:          5727756 kB
Inactive:       11196620 kB
Active(anon):     416628 kB
Inactive(anon):  8396120 kB
Active(file):    5311128 kB
Inactive(file):  2800500 kB
Unevictable:      224620 kB
Mlocked:              64 kB
SwapTotal:       1003516 kB
SwapFree:        1000532 kB
Dirty:             28672 kB
Writeback:             0 kB
AnonPages:       8016256 kB
Mapped:          1617552 kB
Shmem:           1020968 kB
KReclaimable:    1828208 kB
Slab:            2078436 kB
SReclaimable:    1828208 kB
SUnreclaim:       250228 kB
KernelStack:       23872 kB
PageTables:        67852 kB
NFS_Unstable:          0 kB
Bounce:                0 kB
WritebackTmp:          0 kB
CommitLimit:    10938240 kB
Committed_AS:   18746872 kB
VmallocTotal:   34359738367 kB
VmallocUsed:       58264 kB
VmallocChunk:          0 kB
Percpu:             6240 kB
HardwareCorrupted:     0 kB
AnonHugePages:         0 kB
ShmemHugePages:        0 kB
ShmemPmdMapped:        0 kB
FileHugePages:         0 kB
FilePmdMapped:         0 kB
HugePages_Total:       0
HugePages_Free:        0
HugePages_Rsvd:        0
HugePages_Surp:        0
Hugepagesize:       2048 kB
Hugetlb:               0 kB
DirectMap4k:      723020 kB
DirectMap2M:    19634176 kB
DirectMap1G:           0 kB

/sys/kernel/mm/transparent_hugepage/enabled:
always [madvise] never
/sys/kernel/mm/transparent_hugepage/defrag (defrag/compaction efforts parameter):
always defer defer+madvise [madvise] never

Process Memory:
Virtual Size: 8106304K (peak: 8170816K)
Resident Set Size: 88260K (peak: 88260K) (anon: 62064K, file: 26196K, shmem: 0K)
Swapped out: 0K
C-Heap outstanding allocations: 19174K

/proc/sys/kernel/threads-max (system-wide limit on the number of threads):
154176
/proc/sys/vm/max_map_count (maximum number of memory map areas a process may have):
65530
/proc/sys/kernel/pid_max (system-wide limit on number of process identifiers):
4194304

container (cgroup) information:
container_type: cgroupv1
cpu_cpuset_cpus: 0-3
cpu_memory_nodes: 0
active_processor_count: 4
cpu_quota: -1
cpu_period: 100000
cpu_shares: -1
memory_limit_in_bytes: -1
memory_and_swap_limit_in_bytes: -1
memory_soft_limit_in_bytes: -1
memory_usage_in_bytes: 6232633344
memory_max_usage_in_bytes: 6920253440

Steal ticks since vm start: 0
Steal ticks percentage since vm start:  0,000

CPU:total 4 (initial active 4) (2 cores per cpu, 2 threads per core) family 6 model 78 stepping 3 microcode 0xf0, cmov, cx8, fxsr, mmx, sse, sse2, sse3, ssse3, sse4.1, sse4.2, popcnt, avx, avx2, aes, clmul, erms, 3dnowpref, lzcnt, ht, tsc, tscinvbit, bmi1, bmi2, adx, fma
CPU Model and flags from /proc/cpuinfo:
model name	: Intel(R) Core(TM) i7-6600U CPU @ 2.60GHz
flags		: fpu vme de pse tsc msr pae mce cx8 apic sep mtrr pge mca cmov pat pse36 clflush dts acpi mmx fxsr sse sse2 ss ht tm pbe syscall nx pdpe1gb rdtscp lm constant_tsc art arch_perfmon pebs bts rep_good nopl xtopology nonstop_tsc cpuid aperfmperf pni pclmulqdq dtes64 monitor ds_cpl vmx smx est tm2 ssse3 sdbg fma cx16 xtpr pdcm pcid sse4_1 sse4_2 x2apic movbe popcnt tsc_deadline_timer aes xsave avx f16c rdrand lahf_lm abm 3dnowprefetch cpuid_fault epb invpcid_single pti ssbd ibrs ibpb stibp tpr_shadow vnmi flexpriority ept vpid ept_ad fsgsbase tsc_adjust bmi1 avx2 smep bmi2 erms invpcid mpx rdseed adx smap clflushopt intel_pt xsaveopt xsavec xgetbv1 xsaves dtherm ida arat pln pts hwp hwp_notify hwp_act_window hwp_epp md_clear flush_l1d arch_capabilities
Online cpus:
0-3
Offline cpus:

BIOS frequency limitation:
<Not Available>
Frequency switch latency (ns):
0
Available cpu frequencies:
<Not Available>
Current governor:
powersave
Core performance/turbo boost:
<Not Available>

Memory: 4k page, physical 19869448k(427492k free), swap 1003516k(1000532k free)

vm_info: OpenJDK 64-Bit Server VM (11.0.15+9-LTS) for linux-amd64 JRE (11.0.15+9-LTS), built on Apr 15 2022 22:17:05 by "jenkins" with gcc 7.3.1 20180303 (Red Hat 7.3.1-5)

END.
