#
# A fatal error has been detected by the Java Runtime Environment:
#
#  SIGSEGV (0xb) at pc=0x00007f655f339b8b, pid=96369, tid=96372
#
# JRE version: OpenJDK Runtime Environment Corretto-11.0.15.9.1 (11.0.15+9) (build 11.0.15+9-LTS)
# Java VM: OpenJDK 64-Bit Server VM Corretto-11.0.15.9.1 (11.0.15+9-LTS, mixed mode, tiered, compressed oops, g1 gc, linux-amd64)
# Problematic frame:
# C  [libmathsat5j.so+0x260b8b]  msat::Term_::to_str[abi:cxx11]() const+0x2b
#
# Core dump will be written. Default location: Core dumps may be processed with "/usr/share/apport/apport -p%p -s%s -c%c -d%d -P%P -u%u -g%g -- %E" (or dumping to /home/janel/Desktop/Studium/Semester_6/Bachelorarbeit/nochmalneu/core.96369)
#
# If you would like to submit a bug report, please visit:
#   https://github.com/corretto/corretto-11/issues/
# The crash happened outside the Java Virtual Machine in native code.
# See problematic frame for where to report the bug.
#

---------------  S U M M A R Y ------------

Command Line: -ea -Didea.test.cyclic.buffer.size=1048576 -javaagent:/snap/intellij-idea-community/464/lib/idea_rt.jar=45259:/snap/intellij-idea-community/464/bin -Dfile.encoding=UTF-8 com.intellij.rt.junit.JUnitStarter -ideVersion5 -junit4 org.sosy_lab.java_smt.test.BooleanGeneratorTest

Host: Intel(R) Core(TM) i7-6600U CPU @ 2.60GHz, 4 cores, 18G, Ubuntu 20.04.5 LTS
Time: Wed Nov  1 16:51:28 2023 CET elapsed time: 0.965143 seconds (0d 0h 0m 0s)

---------------  T H R E A D  ---------------

Current thread (0x00007f65c8029800):  JavaThread "main" [_thread_in_native, id=96372, stack(0x00007f65cc8bb000,0x00007f65cc9bc000)]

Stack: [0x00007f65cc8bb000,0x00007f65cc9bc000],  sp=0x00007f65cc9b8ce0,  free space=1015k
Native frames: (J=compiled Java code, A=aot compiled Java code, j=interpreted, Vv=VM code, C=native code)
C  [libmathsat5j.so+0x260b8b]  msat::Term_::to_str[abi:cxx11]() const+0x2b

Java frames: (J=compiled Java code, j=interpreted, Vv=VM code)
j  org.sosy_lab.java_smt.solvers.mathsat5.Mathsat5NativeApi.msat_term_repr(J)Ljava/lang/String;+0
j  org.sosy_lab.java_smt.solvers.mathsat5.Mathsat5Formula.toString()Ljava/lang/String;+4
J 796 c1 java.lang.String.valueOf(Ljava/lang/Object;)Ljava/lang/String; java.base@11.0.15 (14 bytes) @ 0x00007f65b0ce0a1c [0x00007f65b0ce08e0+0x000000000000013c]
J 1001 c1 java.lang.invoke.DirectMethodHandle$Holder.invokeStatic(Ljava/lang/Object;Ljava/lang/Object;)Ljava/lang/Object; java.base@11.0.15 (14 bytes) @ 0x00007f65b0d47e3c [0x00007f65b0d47a60+0x00000000000003dc]
j  java.lang.invoke.LambdaForm$MH.invoke(Ljava/lang/Object;Ljava/lang/Object;)Ljava/lang/Object;+15 java.base@11.0.15
j  java.lang.invoke.LambdaForm$MH.invoke(Ljava/lang/Object;Ljava/lang/Object;)Ljava/lang/Object;+15 java.base@11.0.15
j  java.lang.invoke.Invokers$Holder.linkToTargetMethod(Ljava/lang/Object;Ljava/lang/Object;)Ljava/lang/Object;+5 java.base@11.0.15
j  org.sosy_lab.java_smt.utils.Generators.Generator.logAddConstraint(Lorg/sosy_lab/java_smt/api/BooleanFormula;)V+81
j  org.sosy_lab.java_smt.test.BooleanGeneratorTest.testMakeVariable()V+53
v  ~StubRoutines::call_stub
j  jdk.internal.reflect.NativeMethodAccessorImpl.invoke0(Ljava/lang/reflect/Method;Ljava/lang/Object;[Ljava/lang/Object;)Ljava/lang/Object;+0 java.base@11.0.15
j  jdk.internal.reflect.NativeMethodAccessorImpl.invoke(Ljava/lang/Object;[Ljava/lang/Object;)Ljava/lang/Object;+100 java.base@11.0.15
j  jdk.internal.reflect.DelegatingMethodAccessorImpl.invoke(Ljava/lang/Object;[Ljava/lang/Object;)Ljava/lang/Object;+6 java.base@11.0.15
j  java.lang.reflect.Method.invoke(Ljava/lang/Object;[Ljava/lang/Object;)Ljava/lang/Object;+59 java.base@11.0.15
j  org.junit.runners.model.FrameworkMethod$1.runReflectiveCall()Ljava/lang/Object;+15
j  org.junit.internal.runners.model.ReflectiveCallable.run()Ljava/lang/Object;+1
j  org.junit.runners.model.FrameworkMethod.invokeExplosively(Ljava/lang/Object;[Ljava/lang/Object;)Ljava/lang/Object;+10
j  org.junit.internal.runners.statements.InvokeMethod.evaluate()V+12
j  org.junit.internal.runners.statements.RunBefores.evaluate()V+41
j  org.junit.internal.runners.statements.RunAfters.evaluate()V+12
j  org.junit.runners.ParentRunner$3.evaluate()V+4
j  org.junit.runners.BlockJUnit4ClassRunner$1.evaluate()V+11
j  org.junit.runners.ParentRunner.runLeaf(Lorg/junit/runners/model/Statement;Lorg/junit/runner/Description;Lorg/junit/runner/notification/RunNotifier;)V+17
j  org.junit.runners.BlockJUnit4ClassRunner.runChild(Lorg/junit/runners/model/FrameworkMethod;Lorg/junit/runner/notification/RunNotifier;)V+38
j  org.junit.runners.BlockJUnit4ClassRunner.runChild(Ljava/lang/Object;Lorg/junit/runner/notification/RunNotifier;)V+6
j  org.junit.runners.ParentRunner$4.run()V+12
j  org.junit.runners.ParentRunner$1.schedule(Ljava/lang/Runnable;)V+1
j  org.junit.runners.ParentRunner.runChildren(Lorg/junit/runner/notification/RunNotifier;)V+44
j  org.junit.runners.ParentRunner.access$100(Lorg/junit/runners/ParentRunner;Lorg/junit/runner/notification/RunNotifier;)V+2
j  org.junit.runners.ParentRunner$2.evaluate()V+8
j  org.junit.runners.ParentRunner.run(Lorg/junit/runner/notification/RunNotifier;)V+24
j  org.junit.runners.Suite.runChild(Lorg/junit/runner/Runner;Lorg/junit/runner/notification/RunNotifier;)V+2
j  org.junit.runners.Suite.runChild(Ljava/lang/Object;Lorg/junit/runner/notification/RunNotifier;)V+6
j  org.junit.runners.ParentRunner$4.run()V+12
j  org.junit.runners.ParentRunner$1.schedule(Ljava/lang/Runnable;)V+1
j  org.junit.runners.ParentRunner.runChildren(Lorg/junit/runner/notification/RunNotifier;)V+44
j  org.junit.runners.ParentRunner.access$100(Lorg/junit/runners/ParentRunner;Lorg/junit/runner/notification/RunNotifier;)V+2
j  org.junit.runners.ParentRunner$2.evaluate()V+8
j  org.junit.runners.ParentRunner$3.evaluate()V+4
j  org.junit.runners.ParentRunner.run(Lorg/junit/runner/notification/RunNotifier;)V+24
j  org.junit.runner.JUnitCore.run(Lorg/junit/runner/Runner;)Lorg/junit/runner/Result;+37
j  com.intellij.junit4.JUnit4IdeaTestRunner.startRunnerWithArgs([Ljava/lang/String;Ljava/lang/String;IZ)I+166
j  com.intellij.rt.junit.IdeaTestRunner$Repeater$1.execute(Z)I+17
j  com.intellij.rt.execution.junit.TestsRepeater.repeat(IZLcom/intellij/rt/execution/junit/TestsRepeater$TestRun;)I+7
j  com.intellij.rt.junit.IdeaTestRunner$Repeater.startRunnerWithArgs(Lcom/intellij/rt/junit/IdeaTestRunner;[Ljava/lang/String;Ljava/util/ArrayList;Ljava/lang/String;IZ)I+25
j  com.intellij.rt.junit.JUnitStarter.prepareStreamsAndStart([Ljava/lang/String;Ljava/lang/String;Ljava/util/ArrayList;Ljava/lang/String;)I+117
j  com.intellij.rt.junit.JUnitStarter.main([Ljava/lang/String;)V+97
v  ~StubRoutines::call_stub

siginfo: si_signo: 11 (SIGSEGV), si_code: 1 (SEGV_MAPERR), si_addr: 0x000000000000000f

Register to memory mapping:

RAX=0xffffffffffffffff is an unknown value
RBX=0x00007f65cc9b8f00 is pointing into the stack for thread: 0x00007f65c8029800
RCX=0x0000000000000010 is an unknown value
RDX=0x00007f65c87b4f38 points into unknown readable memory: 0xffffffffffffffff | ff ff ff ff ff ff ff ff
RSP=0x00007f65cc9b8ce0 is pointing into the stack for thread: 0x00007f65c8029800
RBP=0x00007f65cc9b8f00 is pointing into the stack for thread: 0x00007f65c8029800
RSI=0x00007f65c87b4f38 points into unknown readable memory: 0xffffffffffffffff | ff ff ff ff ff ff ff ff
RDI=0x00007f65cc9b8f00 is pointing into the stack for thread: 0x00007f65c8029800
R8 =0x0000000000006e34 is an unknown value
R9 =0x0 is NULL
R10=0x00007f65b06119e1 is at code_begin+897 in an Interpreter codelet
method entry point (kind = native)  [0x00007f65b0611660, 0x00007f65b0611fe0]  2432 bytes
R11=0x00000006e2cd3a08 is an oop: java.lang.Class 
{0x00000006e2cd3a08} - klass: 'java/lang/Class'
R12=0x0 is NULL
R13={method} {0x00007f655fc53520} 'msat_term_repr' '(J)Ljava/lang/String;' in 'org/sosy_lab/java_smt/solvers/mathsat5/Mathsat5NativeApi'
R14=0x00007f65cc9b9028 is pointing into the stack for thread: 0x00007f65c8029800
R15=0x00007f65c8029800 is a thread


Registers:
RAX=0xffffffffffffffff, RBX=0x00007f65cc9b8f00, RCX=0x0000000000000010, RDX=0x00007f65c87b4f38
RSP=0x00007f65cc9b8ce0, RBP=0x00007f65cc9b8f00, RSI=0x00007f65c87b4f38, RDI=0x00007f65cc9b8f00
R8 =0x0000000000006e34, R9 =0x0000000000000000, R10=0x00007f65b06119e1, R11=0x00000006e2cd3a08
R12=0x0000000000000000, R13=0x00007f655fc53520, R14=0x00007f65cc9b9028, R15=0x00007f65c8029800
RIP=0x00007f655f339b8b, EFLAGS=0x0000000000010246, CSGSFS=0x002b000000000033, ERR=0x0000000000000004
  TRAPNO=0x000000000000000e

Top of Stack: (sp=0x00007f65cc9b8ce0)
0x00007f65cc9b8ce0:   00007f65cc9b8ef0 0000000000000000
0x00007f65cc9b8cf0:   00000006e34c6080 00000006e2caca60
0x00007f65cc9b8d00:   0000000000000000 0000000000000000
0x00007f65cc9b8d10:   00000006e2cafa98 00000006e34c6078 

Instructions: (pc=0x00007f655f339b8b)
0x00007f655f339a8b:   6c 24 10 48 83 c4 18 5b 5d 41 5c 41 5d 41 5e 41
0x00007f655f339a9b:   5f c3 0f 1f 00 49 c7 c5 f8 ff ff ff e9 97 fe ff
0x00007f655f339aab:   ff 0f 1f 40 00 48 89 d9 e9 e9 fe ff ff 0f 1f 84
0x00007f655f339abb:   00 00 00 00 00 4d 89 e9 48 89 de e9 99 fc ff ff
0x00007f655f339acb:   0f 1f 44 00 00 48 89 ef e9 68 fd ff ff 0f 1f 84
0x00007f655f339adb:   00 00 00 00 00 49 89 e8 e9 a2 fb ff ff 0f 1f 84
0x00007f655f339aeb:   00 00 00 00 00 4c 89 ef e9 e4 fc ff ff 0f 1f 84
0x00007f655f339afb:   00 00 00 00 00 48 89 d9 e9 ec fe ff ff 0f 1f 84
0x00007f655f339b0b:   00 00 00 00 00 4c 89 e9 48 89 d8 e9 8c fc ff ff
0x00007f655f339b1b:   0f 1f 44 00 00 4d 89 d1 45 31 ed 45 31 c0 e9 44
0x00007f655f339b2b:   fe ff ff 48 8d 3d 1c 99 52 00 e8 96 7b f9 ff 66
0x00007f655f339b3b:   0f 1f 44 00 00 48 89 37 48 89 57 08 c3 0f 1f 84
0x00007f655f339b4b:   00 00 00 00 00 48 89 54 f7 10 c3 66 2e 0f 1f 84
0x00007f655f339b5b:   00 00 00 00 00 41 57 41 56 41 55 41 54 55 53 48
0x00007f655f339b6b:   89 fd 48 81 ec e8 01 00 00 64 48 8b 04 25 28 00
0x00007f655f339b7b:   00 00 48 89 84 24 d8 01 00 00 31 c0 48 8b 46 08
0x00007f655f339b8b:   48 83 78 10 00 0f 84 1a 03 00 00 48 8d 5c 24 60
0x00007f655f339b9b:   49 89 f4 48 8d 7b 70 e8 a9 7b f9 ff 48 8b 05 ea
0x00007f655f339bab:   d2 8a 00 c6 84 24 b0 01 00 00 00 31 f6 48 c7 84
0x00007f655f339bbb:   24 a8 01 00 00 00 00 00 00 c6 84 24 b1 01 00 00
0x00007f655f339bcb:   00 48 c7 84 24 b8 01 00 00 00 00 00 00 48 c7 84
0x00007f655f339bdb:   24 c0 01 00 00 00 00 00 00 48 83 c0 10 48 c7 84
0x00007f655f339beb:   24 c8 01 00 00 00 00 00 00 48 c7 84 24 d0 01 00
0x00007f655f339bfb:   00 00 00 00 00 48 89 84 24 d0 00 00 00 48 8b 05
0x00007f655f339c0b:   21 cf 8a 00 4c 8b 68 08 4c 8b 70 10 49 8b 7d e8
0x00007f655f339c1b:   4c 89 6c 24 60 48 01 df 4c 89 37 e8 15 2f fa ff
0x00007f655f339c2b:   48 8b 05 66 d5 8a 00 66 0f ef c0 48 8d 7b 40 48
0x00007f655f339c3b:   83 c0 18 48 89 44 24 60 48 8b 05 4e d5 8a 00 0f
0x00007f655f339c4b:   29 44 24 70 48 83 c0 40 0f 29 84 24 80 00 00 00
0x00007f655f339c5b:   48 89 84 24 d0 00 00 00 48 8b 05 7e df 8a 00 0f
0x00007f655f339c6b:   29 84 24 90 00 00 00 48 83 c0 10 48 89 44 24 68
0x00007f655f339c7b:   e8 30 96 f9 ff 48 8b 05 81 cc 8a 00 48 8d 73 08 


Stack slot to memory mapping:
stack at sp + 0 slots: 0x00007f65cc9b8ef0 is pointing into the stack for thread: 0x00007f65c8029800
stack at sp + 1 slots: 0x0 is NULL
stack at sp + 2 slots: 0x00000006e34c6080 is pointing into object: [Ljava.lang.Object; 
{0x00000006e34c6070} - klass: 'java/lang/Object'[]
 - length: 10
stack at sp + 3 slots: 0x00000006e2caca60 is an oop: java.lang.Class 
{0x00000006e2caca60} - klass: 'java/lang/Class'
stack at sp + 4 slots: 0x0 is NULL
stack at sp + 5 slots: 0x0 is NULL
stack at sp + 6 slots: 0x00000006e2cafa98 is an oop: 
[error occurred during error reporting (inspecting top of stack), id 0xb, SIGSEGV (0xb) at pc=0x00007f65cd75b226]


---------------  P R O C E S S  ---------------

Threads class SMR info:
_java_thread_list=0x00007f657433dca0, length=11, elements={
0x00007f65c8029800, 0x00007f65c82b0000, 0x00007f65c82b4000, 0x00007f65c82c9000,
0x00007f65c82cb000, 0x00007f65c82cd800, 0x00007f65c82cf800, 0x00007f65c82d1800,
0x00007f65c8355000, 0x00007f65c8473000, 0x00007f657433c800
}

Java Threads: ( => current thread )
=>0x00007f65c8029800 JavaThread "main" [_thread_in_native, id=96372, stack(0x00007f65cc8bb000,0x00007f65cc9bc000)]
  0x00007f65c82b0000 JavaThread "Reference Handler" daemon [_thread_blocked, id=96387, stack(0x00007f65996ff000,0x00007f6599800000)]
  0x00007f65c82b4000 JavaThread "Finalizer" daemon [_thread_blocked, id=96388, stack(0x00007f65995fe000,0x00007f65996ff000)]
  0x00007f65c82c9000 JavaThread "Signal Dispatcher" daemon [_thread_blocked, id=96389, stack(0x00007f6598f33000,0x00007f6599034000)]
  0x00007f65c82cb000 JavaThread "Service Thread" daemon [_thread_blocked, id=96390, stack(0x00007f6598e32000,0x00007f6598f33000)]
  0x00007f65c82cd800 JavaThread "C2 CompilerThread0" daemon [_thread_blocked, id=96391, stack(0x00007f6598d31000,0x00007f6598e32000)]
  0x00007f65c82cf800 JavaThread "C1 CompilerThread0" daemon [_thread_blocked, id=96392, stack(0x00007f6598c30000,0x00007f6598d31000)]
  0x00007f65c82d1800 JavaThread "Sweeper thread" daemon [_thread_blocked, id=96393, stack(0x00007f6598b2f000,0x00007f6598c30000)]
  0x00007f65c8355000 JavaThread "Common-Cleaner" daemon [_thread_blocked, id=96396, stack(0x00007f6598a2e000,0x00007f6598b2f000)]
  0x00007f65c8473000 JavaThread "Monitor Ctrl-Break" daemon [_thread_in_native, id=96398, stack(0x00007f6598504000,0x00007f6598605000)]
  0x00007f657433c800 JavaThread "C2 CompilerThread1" daemon [_thread_blocked, id=96400, stack(0x00007f65980fe000,0x00007f65981ff000)]

Other Threads:
  0x00007f65c82a8000 VMThread "VM Thread" [stack: 0x00007f65a0067000,0x00007f65a0167000] [id=96385]
  0x00007f65c8475000 WatcherThread [stack: 0x00007f6598404000,0x00007f6598504000] [id=96399]
  0x00007f65c8041000 GCTaskThread "GC Thread#0" [stack: 0x00007f65b032c000,0x00007f65b042c000] [id=96373]
  0x00007f658c001000 GCTaskThread "GC Thread#1" [stack: 0x00007f655eed9000,0x00007f655efd9000] [id=96404]
  0x00007f658c002800 GCTaskThread "GC Thread#2" [stack: 0x00007f655edd7000,0x00007f655eed7000] [id=96405]
  0x00007f658c004000 GCTaskThread "GC Thread#3" [stack: 0x00007f655ecd5000,0x00007f655edd5000] [id=96406]
  0x00007f65c80b2800 ConcurrentGCThread "G1 Main Marker" [stack: 0x00007f65a094f000,0x00007f65a0a4f000] [id=96374]
  0x00007f65c80b4800 ConcurrentGCThread "G1 Conc#0" [stack: 0x00007f65a084d000,0x00007f65a094d000] [id=96375]
  0x00007f65c81db800 ConcurrentGCThread "G1 Refine#0" [stack: 0x00007f65a0347000,0x00007f65a0447000] [id=96377]
  0x00007f65c81dd800 ConcurrentGCThread "G1 Young RemSet Sampling" [stack: 0x00007f65a0245000,0x00007f65a0345000] [id=96378]

Threads with active compile tasks:

VM state:not at safepoint (normal execution)

VM Mutex/Monitor currently owned by a thread: None

Heap address: 0x00000006d0c00000, size: 4852 MB, Compressed Oops mode: Zero based, Oop shift amount: 3
Narrow klass base: 0x0000000800000000, Narrow klass shift: 0
Compressed class space size: 1073741824 Address: 0x0000000800000000

Heap:
 garbage-first heap   total 311296K, used 10228K [0x00000006d0c00000, 0x0000000800000000)
  region size 1024K, 10 young (10240K), 2 survivors (2048K)
 Metaspace       used 14084K, capacity 14367K, committed 14720K, reserved 1062912K
  class space    used 1424K, capacity 1552K, committed 1664K, reserved 1048576K
Heap Regions: E=young(eden), S=young(survivor), O=old, HS=humongous(starts), HC=humongous(continues), CS=collection set, F=free, A=archive, TAMS=top-at-mark-start (previous, next)
|   0|0x00000006d0c00000, 0x00000006d0cfd200, 0x00000006d0d00000| 98%| O|  |TAMS 0x00000006d0c00000, 0x00000006d0c00000| Untracked 
|   1|0x00000006d0d00000, 0x00000006d0d00000, 0x00000006d0e00000|  0%| F|  |TAMS 0x00000006d0d00000, 0x00000006d0d00000| Untracked 
|   2|0x00000006d0e00000, 0x00000006d0e00000, 0x00000006d0f00000|  0%| F|  |TAMS 0x00000006d0e00000, 0x00000006d0e00000| Untracked 
|   3|0x00000006d0f00000, 0x00000006d0f00000, 0x00000006d1000000|  0%| F|  |TAMS 0x00000006d0f00000, 0x00000006d0f00000| Untracked 
|   4|0x00000006d1000000, 0x00000006d1000000, 0x00000006d1100000|  0%| F|  |TAMS 0x00000006d1000000, 0x00000006d1000000| Untracked 
|   5|0x00000006d1100000, 0x00000006d1100000, 0x00000006d1200000|  0%| F|  |TAMS 0x00000006d1100000, 0x00000006d1100000| Untracked 
|   6|0x00000006d1200000, 0x00000006d1200000, 0x00000006d1300000|  0%| F|  |TAMS 0x00000006d1200000, 0x00000006d1200000| Untracked 
|   7|0x00000006d1300000, 0x00000006d1300000, 0x00000006d1400000|  0%| F|  |TAMS 0x00000006d1300000, 0x00000006d1300000| Untracked 
|   8|0x00000006d1400000, 0x00000006d1400000, 0x00000006d1500000|  0%| F|  |TAMS 0x00000006d1400000, 0x00000006d1400000| Untracked 
|   9|0x00000006d1500000, 0x00000006d1500000, 0x00000006d1600000|  0%| F|  |TAMS 0x00000006d1500000, 0x00000006d1500000| Untracked 
|  10|0x00000006d1600000, 0x00000006d1600000, 0x00000006d1700000|  0%| F|  |TAMS 0x00000006d1600000, 0x00000006d1600000| Untracked 
|  11|0x00000006d1700000, 0x00000006d1700000, 0x00000006d1800000|  0%| F|  |TAMS 0x00000006d1700000, 0x00000006d1700000| Untracked 
|  12|0x00000006d1800000, 0x00000006d1800000, 0x00000006d1900000|  0%| F|  |TAMS 0x00000006d1800000, 0x00000006d1800000| Untracked 
|  13|0x00000006d1900000, 0x00000006d1900000, 0x00000006d1a00000|  0%| F|  |TAMS 0x00000006d1900000, 0x00000006d1900000| Untracked 
|  14|0x00000006d1a00000, 0x00000006d1a00000, 0x00000006d1b00000|  0%| F|  |TAMS 0x00000006d1a00000, 0x00000006d1a00000| Untracked 
|  15|0x00000006d1b00000, 0x00000006d1b00000, 0x00000006d1c00000|  0%| F|  |TAMS 0x00000006d1b00000, 0x00000006d1b00000| Untracked 
|  16|0x00000006d1c00000, 0x00000006d1c00000, 0x00000006d1d00000|  0%| F|  |TAMS 0x00000006d1c00000, 0x00000006d1c00000| Untracked 
|  17|0x00000006d1d00000, 0x00000006d1d00000, 0x00000006d1e00000|  0%| F|  |TAMS 0x00000006d1d00000, 0x00000006d1d00000| Untracked 
|  18|0x00000006d1e00000, 0x00000006d1e00000, 0x00000006d1f00000|  0%| F|  |TAMS 0x00000006d1e00000, 0x00000006d1e00000| Untracked 
|  19|0x00000006d1f00000, 0x00000006d1f00000, 0x00000006d2000000|  0%| F|  |TAMS 0x00000006d1f00000, 0x00000006d1f00000| Untracked 
|  20|0x00000006d2000000, 0x00000006d2000000, 0x00000006d2100000|  0%| F|  |TAMS 0x00000006d2000000, 0x00000006d2000000| Untracked 
|  21|0x00000006d2100000, 0x00000006d2100000, 0x00000006d2200000|  0%| F|  |TAMS 0x00000006d2100000, 0x00000006d2100000| Untracked 
|  22|0x00000006d2200000, 0x00000006d2200000, 0x00000006d2300000|  0%| F|  |TAMS 0x00000006d2200000, 0x00000006d2200000| Untracked 
|  23|0x00000006d2300000, 0x00000006d2300000, 0x00000006d2400000|  0%| F|  |TAMS 0x00000006d2300000, 0x00000006d2300000| Untracked 
|  24|0x00000006d2400000, 0x00000006d2400000, 0x00000006d2500000|  0%| F|  |TAMS 0x00000006d2400000, 0x00000006d2400000| Untracked 
|  25|0x00000006d2500000, 0x00000006d2500000, 0x00000006d2600000|  0%| F|  |TAMS 0x00000006d2500000, 0x00000006d2500000| Untracked 
|  26|0x00000006d2600000, 0x00000006d2600000, 0x00000006d2700000|  0%| F|  |TAMS 0x00000006d2600000, 0x00000006d2600000| Untracked 
|  27|0x00000006d2700000, 0x00000006d2700000, 0x00000006d2800000|  0%| F|  |TAMS 0x00000006d2700000, 0x00000006d2700000| Untracked 
|  28|0x00000006d2800000, 0x00000006d2800000, 0x00000006d2900000|  0%| F|  |TAMS 0x00000006d2800000, 0x00000006d2800000| Untracked 
|  29|0x00000006d2900000, 0x00000006d2900000, 0x00000006d2a00000|  0%| F|  |TAMS 0x00000006d2900000, 0x00000006d2900000| Untracked 
|  30|0x00000006d2a00000, 0x00000006d2a00000, 0x00000006d2b00000|  0%| F|  |TAMS 0x00000006d2a00000, 0x00000006d2a00000| Untracked 
|  31|0x00000006d2b00000, 0x00000006d2b00000, 0x00000006d2c00000|  0%| F|  |TAMS 0x00000006d2b00000, 0x00000006d2b00000| Untracked 
|  32|0x00000006d2c00000, 0x00000006d2c00000, 0x00000006d2d00000|  0%| F|  |TAMS 0x00000006d2c00000, 0x00000006d2c00000| Untracked 
|  33|0x00000006d2d00000, 0x00000006d2d00000, 0x00000006d2e00000|  0%| F|  |TAMS 0x00000006d2d00000, 0x00000006d2d00000| Untracked 
|  34|0x00000006d2e00000, 0x00000006d2e00000, 0x00000006d2f00000|  0%| F|  |TAMS 0x00000006d2e00000, 0x00000006d2e00000| Untracked 
|  35|0x00000006d2f00000, 0x00000006d2f00000, 0x00000006d3000000|  0%| F|  |TAMS 0x00000006d2f00000, 0x00000006d2f00000| Untracked 
|  36|0x00000006d3000000, 0x00000006d3000000, 0x00000006d3100000|  0%| F|  |TAMS 0x00000006d3000000, 0x00000006d3000000| Untracked 
|  37|0x00000006d3100000, 0x00000006d3100000, 0x00000006d3200000|  0%| F|  |TAMS 0x00000006d3100000, 0x00000006d3100000| Untracked 
|  38|0x00000006d3200000, 0x00000006d3200000, 0x00000006d3300000|  0%| F|  |TAMS 0x00000006d3200000, 0x00000006d3200000| Untracked 
|  39|0x00000006d3300000, 0x00000006d3300000, 0x00000006d3400000|  0%| F|  |TAMS 0x00000006d3300000, 0x00000006d3300000| Untracked 
|  40|0x00000006d3400000, 0x00000006d3400000, 0x00000006d3500000|  0%| F|  |TAMS 0x00000006d3400000, 0x00000006d3400000| Untracked 
|  41|0x00000006d3500000, 0x00000006d3500000, 0x00000006d3600000|  0%| F|  |TAMS 0x00000006d3500000, 0x00000006d3500000| Untracked 
|  42|0x00000006d3600000, 0x00000006d3600000, 0x00000006d3700000|  0%| F|  |TAMS 0x00000006d3600000, 0x00000006d3600000| Untracked 
|  43|0x00000006d3700000, 0x00000006d3700000, 0x00000006d3800000|  0%| F|  |TAMS 0x00000006d3700000, 0x00000006d3700000| Untracked 
|  44|0x00000006d3800000, 0x00000006d3800000, 0x00000006d3900000|  0%| F|  |TAMS 0x00000006d3800000, 0x00000006d3800000| Untracked 
|  45|0x00000006d3900000, 0x00000006d3900000, 0x00000006d3a00000|  0%| F|  |TAMS 0x00000006d3900000, 0x00000006d3900000| Untracked 
|  46|0x00000006d3a00000, 0x00000006d3a00000, 0x00000006d3b00000|  0%| F|  |TAMS 0x00000006d3a00000, 0x00000006d3a00000| Untracked 
|  47|0x00000006d3b00000, 0x00000006d3b00000, 0x00000006d3c00000|  0%| F|  |TAMS 0x00000006d3b00000, 0x00000006d3b00000| Untracked 
|  48|0x00000006d3c00000, 0x00000006d3c00000, 0x00000006d3d00000|  0%| F|  |TAMS 0x00000006d3c00000, 0x00000006d3c00000| Untracked 
|  49|0x00000006d3d00000, 0x00000006d3d00000, 0x00000006d3e00000|  0%| F|  |TAMS 0x00000006d3d00000, 0x00000006d3d00000| Untracked 
|  50|0x00000006d3e00000, 0x00000006d3e00000, 0x00000006d3f00000|  0%| F|  |TAMS 0x00000006d3e00000, 0x00000006d3e00000| Untracked 
|  51|0x00000006d3f00000, 0x00000006d3f00000, 0x00000006d4000000|  0%| F|  |TAMS 0x00000006d3f00000, 0x00000006d3f00000| Untracked 
|  52|0x00000006d4000000, 0x00000006d4000000, 0x00000006d4100000|  0%| F|  |TAMS 0x00000006d4000000, 0x00000006d4000000| Untracked 
|  53|0x00000006d4100000, 0x00000006d4100000, 0x00000006d4200000|  0%| F|  |TAMS 0x00000006d4100000, 0x00000006d4100000| Untracked 
|  54|0x00000006d4200000, 0x00000006d4200000, 0x00000006d4300000|  0%| F|  |TAMS 0x00000006d4200000, 0x00000006d4200000| Untracked 
|  55|0x00000006d4300000, 0x00000006d4300000, 0x00000006d4400000|  0%| F|  |TAMS 0x00000006d4300000, 0x00000006d4300000| Untracked 
|  56|0x00000006d4400000, 0x00000006d4400000, 0x00000006d4500000|  0%| F|  |TAMS 0x00000006d4400000, 0x00000006d4400000| Untracked 
|  57|0x00000006d4500000, 0x00000006d4500000, 0x00000006d4600000|  0%| F|  |TAMS 0x00000006d4500000, 0x00000006d4500000| Untracked 
|  58|0x00000006d4600000, 0x00000006d4600000, 0x00000006d4700000|  0%| F|  |TAMS 0x00000006d4600000, 0x00000006d4600000| Untracked 
|  59|0x00000006d4700000, 0x00000006d4700000, 0x00000006d4800000|  0%| F|  |TAMS 0x00000006d4700000, 0x00000006d4700000| Untracked 
|  60|0x00000006d4800000, 0x00000006d4800000, 0x00000006d4900000|  0%| F|  |TAMS 0x00000006d4800000, 0x00000006d4800000| Untracked 
|  61|0x00000006d4900000, 0x00000006d4900000, 0x00000006d4a00000|  0%| F|  |TAMS 0x00000006d4900000, 0x00000006d4900000| Untracked 
|  62|0x00000006d4a00000, 0x00000006d4a00000, 0x00000006d4b00000|  0%| F|  |TAMS 0x00000006d4a00000, 0x00000006d4a00000| Untracked 
|  63|0x00000006d4b00000, 0x00000006d4b00000, 0x00000006d4c00000|  0%| F|  |TAMS 0x00000006d4b00000, 0x00000006d4b00000| Untracked 
|  64|0x00000006d4c00000, 0x00000006d4c00000, 0x00000006d4d00000|  0%| F|  |TAMS 0x00000006d4c00000, 0x00000006d4c00000| Untracked 
|  65|0x00000006d4d00000, 0x00000006d4d00000, 0x00000006d4e00000|  0%| F|  |TAMS 0x00000006d4d00000, 0x00000006d4d00000| Untracked 
|  66|0x00000006d4e00000, 0x00000006d4e00000, 0x00000006d4f00000|  0%| F|  |TAMS 0x00000006d4e00000, 0x00000006d4e00000| Untracked 
|  67|0x00000006d4f00000, 0x00000006d4f00000, 0x00000006d5000000|  0%| F|  |TAMS 0x00000006d4f00000, 0x00000006d4f00000| Untracked 
|  68|0x00000006d5000000, 0x00000006d5000000, 0x00000006d5100000|  0%| F|  |TAMS 0x00000006d5000000, 0x00000006d5000000| Untracked 
|  69|0x00000006d5100000, 0x00000006d5100000, 0x00000006d5200000|  0%| F|  |TAMS 0x00000006d5100000, 0x00000006d5100000| Untracked 
|  70|0x00000006d5200000, 0x00000006d5200000, 0x00000006d5300000|  0%| F|  |TAMS 0x00000006d5200000, 0x00000006d5200000| Untracked 
|  71|0x00000006d5300000, 0x00000006d5300000, 0x00000006d5400000|  0%| F|  |TAMS 0x00000006d5300000, 0x00000006d5300000| Untracked 
|  72|0x00000006d5400000, 0x00000006d5400000, 0x00000006d5500000|  0%| F|  |TAMS 0x00000006d5400000, 0x00000006d5400000| Untracked 
|  73|0x00000006d5500000, 0x00000006d5500000, 0x00000006d5600000|  0%| F|  |TAMS 0x00000006d5500000, 0x00000006d5500000| Untracked 
|  74|0x00000006d5600000, 0x00000006d5600000, 0x00000006d5700000|  0%| F|  |TAMS 0x00000006d5600000, 0x00000006d5600000| Untracked 
|  75|0x00000006d5700000, 0x00000006d5700000, 0x00000006d5800000|  0%| F|  |TAMS 0x00000006d5700000, 0x00000006d5700000| Untracked 
|  76|0x00000006d5800000, 0x00000006d5800000, 0x00000006d5900000|  0%| F|  |TAMS 0x00000006d5800000, 0x00000006d5800000| Untracked 
|  77|0x00000006d5900000, 0x00000006d5900000, 0x00000006d5a00000|  0%| F|  |TAMS 0x00000006d5900000, 0x00000006d5900000| Untracked 
|  78|0x00000006d5a00000, 0x00000006d5a00000, 0x00000006d5b00000|  0%| F|  |TAMS 0x00000006d5a00000, 0x00000006d5a00000| Untracked 
|  79|0x00000006d5b00000, 0x00000006d5b00000, 0x00000006d5c00000|  0%| F|  |TAMS 0x00000006d5b00000, 0x00000006d5b00000| Untracked 
|  80|0x00000006d5c00000, 0x00000006d5c00000, 0x00000006d5d00000|  0%| F|  |TAMS 0x00000006d5c00000, 0x00000006d5c00000| Untracked 
|  81|0x00000006d5d00000, 0x00000006d5d00000, 0x00000006d5e00000|  0%| F|  |TAMS 0x00000006d5d00000, 0x00000006d5d00000| Untracked 
|  82|0x00000006d5e00000, 0x00000006d5e00000, 0x00000006d5f00000|  0%| F|  |TAMS 0x00000006d5e00000, 0x00000006d5e00000| Untracked 
|  83|0x00000006d5f00000, 0x00000006d5f00000, 0x00000006d6000000|  0%| F|  |TAMS 0x00000006d5f00000, 0x00000006d5f00000| Untracked 
|  84|0x00000006d6000000, 0x00000006d6000000, 0x00000006d6100000|  0%| F|  |TAMS 0x00000006d6000000, 0x00000006d6000000| Untracked 
|  85|0x00000006d6100000, 0x00000006d6100000, 0x00000006d6200000|  0%| F|  |TAMS 0x00000006d6100000, 0x00000006d6100000| Untracked 
|  86|0x00000006d6200000, 0x00000006d6200000, 0x00000006d6300000|  0%| F|  |TAMS 0x00000006d6200000, 0x00000006d6200000| Untracked 
|  87|0x00000006d6300000, 0x00000006d6300000, 0x00000006d6400000|  0%| F|  |TAMS 0x00000006d6300000, 0x00000006d6300000| Untracked 
|  88|0x00000006d6400000, 0x00000006d6400000, 0x00000006d6500000|  0%| F|  |TAMS 0x00000006d6400000, 0x00000006d6400000| Untracked 
|  89|0x00000006d6500000, 0x00000006d6500000, 0x00000006d6600000|  0%| F|  |TAMS 0x00000006d6500000, 0x00000006d6500000| Untracked 
|  90|0x00000006d6600000, 0x00000006d6600000, 0x00000006d6700000|  0%| F|  |TAMS 0x00000006d6600000, 0x00000006d6600000| Untracked 
|  91|0x00000006d6700000, 0x00000006d6700000, 0x00000006d6800000|  0%| F|  |TAMS 0x00000006d6700000, 0x00000006d6700000| Untracked 
|  92|0x00000006d6800000, 0x00000006d6800000, 0x00000006d6900000|  0%| F|  |TAMS 0x00000006d6800000, 0x00000006d6800000| Untracked 
|  93|0x00000006d6900000, 0x00000006d6900000, 0x00000006d6a00000|  0%| F|  |TAMS 0x00000006d6900000, 0x00000006d6900000| Untracked 
|  94|0x00000006d6a00000, 0x00000006d6a00000, 0x00000006d6b00000|  0%| F|  |TAMS 0x00000006d6a00000, 0x00000006d6a00000| Untracked 
|  95|0x00000006d6b00000, 0x00000006d6b00000, 0x00000006d6c00000|  0%| F|  |TAMS 0x00000006d6b00000, 0x00000006d6b00000| Untracked 
|  96|0x00000006d6c00000, 0x00000006d6c00000, 0x00000006d6d00000|  0%| F|  |TAMS 0x00000006d6c00000, 0x00000006d6c00000| Untracked 
|  97|0x00000006d6d00000, 0x00000006d6d00000, 0x00000006d6e00000|  0%| F|  |TAMS 0x00000006d6d00000, 0x00000006d6d00000| Untracked 
|  98|0x00000006d6e00000, 0x00000006d6e00000, 0x00000006d6f00000|  0%| F|  |TAMS 0x00000006d6e00000, 0x00000006d6e00000| Untracked 
|  99|0x00000006d6f00000, 0x00000006d6f00000, 0x00000006d7000000|  0%| F|  |TAMS 0x00000006d6f00000, 0x00000006d6f00000| Untracked 
| 100|0x00000006d7000000, 0x00000006d7000000, 0x00000006d7100000|  0%| F|  |TAMS 0x00000006d7000000, 0x00000006d7000000| Untracked 
| 101|0x00000006d7100000, 0x00000006d7100000, 0x00000006d7200000|  0%| F|  |TAMS 0x00000006d7100000, 0x00000006d7100000| Untracked 
| 102|0x00000006d7200000, 0x00000006d7200000, 0x00000006d7300000|  0%| F|  |TAMS 0x00000006d7200000, 0x00000006d7200000| Untracked 
| 103|0x00000006d7300000, 0x00000006d7300000, 0x00000006d7400000|  0%| F|  |TAMS 0x00000006d7300000, 0x00000006d7300000| Untracked 
| 104|0x00000006d7400000, 0x00000006d7400000, 0x00000006d7500000|  0%| F|  |TAMS 0x00000006d7400000, 0x00000006d7400000| Untracked 
| 105|0x00000006d7500000, 0x00000006d7500000, 0x00000006d7600000|  0%| F|  |TAMS 0x00000006d7500000, 0x00000006d7500000| Untracked 
| 106|0x00000006d7600000, 0x00000006d7600000, 0x00000006d7700000|  0%| F|  |TAMS 0x00000006d7600000, 0x00000006d7600000| Untracked 
| 107|0x00000006d7700000, 0x00000006d7700000, 0x00000006d7800000|  0%| F|  |TAMS 0x00000006d7700000, 0x00000006d7700000| Untracked 
| 108|0x00000006d7800000, 0x00000006d7800000, 0x00000006d7900000|  0%| F|  |TAMS 0x00000006d7800000, 0x00000006d7800000| Untracked 
| 109|0x00000006d7900000, 0x00000006d7900000, 0x00000006d7a00000|  0%| F|  |TAMS 0x00000006d7900000, 0x00000006d7900000| Untracked 
| 110|0x00000006d7a00000, 0x00000006d7a00000, 0x00000006d7b00000|  0%| F|  |TAMS 0x00000006d7a00000, 0x00000006d7a00000| Untracked 
| 111|0x00000006d7b00000, 0x00000006d7b00000, 0x00000006d7c00000|  0%| F|  |TAMS 0x00000006d7b00000, 0x00000006d7b00000| Untracked 
| 112|0x00000006d7c00000, 0x00000006d7c00000, 0x00000006d7d00000|  0%| F|  |TAMS 0x00000006d7c00000, 0x00000006d7c00000| Untracked 
| 113|0x00000006d7d00000, 0x00000006d7d00000, 0x00000006d7e00000|  0%| F|  |TAMS 0x00000006d7d00000, 0x00000006d7d00000| Untracked 
| 114|0x00000006d7e00000, 0x00000006d7e00000, 0x00000006d7f00000|  0%| F|  |TAMS 0x00000006d7e00000, 0x00000006d7e00000| Untracked 
| 115|0x00000006d7f00000, 0x00000006d7f00000, 0x00000006d8000000|  0%| F|  |TAMS 0x00000006d7f00000, 0x00000006d7f00000| Untracked 
| 116|0x00000006d8000000, 0x00000006d8000000, 0x00000006d8100000|  0%| F|  |TAMS 0x00000006d8000000, 0x00000006d8000000| Untracked 
| 117|0x00000006d8100000, 0x00000006d8100000, 0x00000006d8200000|  0%| F|  |TAMS 0x00000006d8100000, 0x00000006d8100000| Untracked 
| 118|0x00000006d8200000, 0x00000006d8200000, 0x00000006d8300000|  0%| F|  |TAMS 0x00000006d8200000, 0x00000006d8200000| Untracked 
| 119|0x00000006d8300000, 0x00000006d8300000, 0x00000006d8400000|  0%| F|  |TAMS 0x00000006d8300000, 0x00000006d8300000| Untracked 
| 120|0x00000006d8400000, 0x00000006d8400000, 0x00000006d8500000|  0%| F|  |TAMS 0x00000006d8400000, 0x00000006d8400000| Untracked 
| 121|0x00000006d8500000, 0x00000006d8500000, 0x00000006d8600000|  0%| F|  |TAMS 0x00000006d8500000, 0x00000006d8500000| Untracked 
| 122|0x00000006d8600000, 0x00000006d8600000, 0x00000006d8700000|  0%| F|  |TAMS 0x00000006d8600000, 0x00000006d8600000| Untracked 
| 123|0x00000006d8700000, 0x00000006d8700000, 0x00000006d8800000|  0%| F|  |TAMS 0x00000006d8700000, 0x00000006d8700000| Untracked 
| 124|0x00000006d8800000, 0x00000006d8800000, 0x00000006d8900000|  0%| F|  |TAMS 0x00000006d8800000, 0x00000006d8800000| Untracked 
| 125|0x00000006d8900000, 0x00000006d8900000, 0x00000006d8a00000|  0%| F|  |TAMS 0x00000006d8900000, 0x00000006d8900000| Untracked 
| 126|0x00000006d8a00000, 0x00000006d8a00000, 0x00000006d8b00000|  0%| F|  |TAMS 0x00000006d8a00000, 0x00000006d8a00000| Untracked 
| 127|0x00000006d8b00000, 0x00000006d8b00000, 0x00000006d8c00000|  0%| F|  |TAMS 0x00000006d8b00000, 0x00000006d8b00000| Untracked 
| 128|0x00000006d8c00000, 0x00000006d8c00000, 0x00000006d8d00000|  0%| F|  |TAMS 0x00000006d8c00000, 0x00000006d8c00000| Untracked 
| 129|0x00000006d8d00000, 0x00000006d8d00000, 0x00000006d8e00000|  0%| F|  |TAMS 0x00000006d8d00000, 0x00000006d8d00000| Untracked 
| 130|0x00000006d8e00000, 0x00000006d8e00000, 0x00000006d8f00000|  0%| F|  |TAMS 0x00000006d8e00000, 0x00000006d8e00000| Untracked 
| 131|0x00000006d8f00000, 0x00000006d8f00000, 0x00000006d9000000|  0%| F|  |TAMS 0x00000006d8f00000, 0x00000006d8f00000| Untracked 
| 132|0x00000006d9000000, 0x00000006d9000000, 0x00000006d9100000|  0%| F|  |TAMS 0x00000006d9000000, 0x00000006d9000000| Untracked 
| 133|0x00000006d9100000, 0x00000006d9100000, 0x00000006d9200000|  0%| F|  |TAMS 0x00000006d9100000, 0x00000006d9100000| Untracked 
| 134|0x00000006d9200000, 0x00000006d9200000, 0x00000006d9300000|  0%| F|  |TAMS 0x00000006d9200000, 0x00000006d9200000| Untracked 
| 135|0x00000006d9300000, 0x00000006d9300000, 0x00000006d9400000|  0%| F|  |TAMS 0x00000006d9300000, 0x00000006d9300000| Untracked 
| 136|0x00000006d9400000, 0x00000006d9400000, 0x00000006d9500000|  0%| F|  |TAMS 0x00000006d9400000, 0x00000006d9400000| Untracked 
| 137|0x00000006d9500000, 0x00000006d9500000, 0x00000006d9600000|  0%| F|  |TAMS 0x00000006d9500000, 0x00000006d9500000| Untracked 
| 138|0x00000006d9600000, 0x00000006d9600000, 0x00000006d9700000|  0%| F|  |TAMS 0x00000006d9600000, 0x00000006d9600000| Untracked 
| 139|0x00000006d9700000, 0x00000006d9700000, 0x00000006d9800000|  0%| F|  |TAMS 0x00000006d9700000, 0x00000006d9700000| Untracked 
| 140|0x00000006d9800000, 0x00000006d9800000, 0x00000006d9900000|  0%| F|  |TAMS 0x00000006d9800000, 0x00000006d9800000| Untracked 
| 141|0x00000006d9900000, 0x00000006d9900000, 0x00000006d9a00000|  0%| F|  |TAMS 0x00000006d9900000, 0x00000006d9900000| Untracked 
| 142|0x00000006d9a00000, 0x00000006d9a00000, 0x00000006d9b00000|  0%| F|  |TAMS 0x00000006d9a00000, 0x00000006d9a00000| Untracked 
| 143|0x00000006d9b00000, 0x00000006d9b00000, 0x00000006d9c00000|  0%| F|  |TAMS 0x00000006d9b00000, 0x00000006d9b00000| Untracked 
| 144|0x00000006d9c00000, 0x00000006d9c00000, 0x00000006d9d00000|  0%| F|  |TAMS 0x00000006d9c00000, 0x00000006d9c00000| Untracked 
| 145|0x00000006d9d00000, 0x00000006d9d00000, 0x00000006d9e00000|  0%| F|  |TAMS 0x00000006d9d00000, 0x00000006d9d00000| Untracked 
| 146|0x00000006d9e00000, 0x00000006d9e00000, 0x00000006d9f00000|  0%| F|  |TAMS 0x00000006d9e00000, 0x00000006d9e00000| Untracked 
| 147|0x00000006d9f00000, 0x00000006d9f00000, 0x00000006da000000|  0%| F|  |TAMS 0x00000006d9f00000, 0x00000006d9f00000| Untracked 
| 148|0x00000006da000000, 0x00000006da000000, 0x00000006da100000|  0%| F|  |TAMS 0x00000006da000000, 0x00000006da000000| Untracked 
| 149|0x00000006da100000, 0x00000006da100000, 0x00000006da200000|  0%| F|  |TAMS 0x00000006da100000, 0x00000006da100000| Untracked 
| 150|0x00000006da200000, 0x00000006da200000, 0x00000006da300000|  0%| F|  |TAMS 0x00000006da200000, 0x00000006da200000| Untracked 
| 151|0x00000006da300000, 0x00000006da300000, 0x00000006da400000|  0%| F|  |TAMS 0x00000006da300000, 0x00000006da300000| Untracked 
| 152|0x00000006da400000, 0x00000006da400000, 0x00000006da500000|  0%| F|  |TAMS 0x00000006da400000, 0x00000006da400000| Untracked 
| 153|0x00000006da500000, 0x00000006da500000, 0x00000006da600000|  0%| F|  |TAMS 0x00000006da500000, 0x00000006da500000| Untracked 
| 154|0x00000006da600000, 0x00000006da600000, 0x00000006da700000|  0%| F|  |TAMS 0x00000006da600000, 0x00000006da600000| Untracked 
| 155|0x00000006da700000, 0x00000006da700000, 0x00000006da800000|  0%| F|  |TAMS 0x00000006da700000, 0x00000006da700000| Untracked 
| 156|0x00000006da800000, 0x00000006da800000, 0x00000006da900000|  0%| F|  |TAMS 0x00000006da800000, 0x00000006da800000| Untracked 
| 157|0x00000006da900000, 0x00000006da900000, 0x00000006daa00000|  0%| F|  |TAMS 0x00000006da900000, 0x00000006da900000| Untracked 
| 158|0x00000006daa00000, 0x00000006daa00000, 0x00000006dab00000|  0%| F|  |TAMS 0x00000006daa00000, 0x00000006daa00000| Untracked 
| 159|0x00000006dab00000, 0x00000006dab00000, 0x00000006dac00000|  0%| F|  |TAMS 0x00000006dab00000, 0x00000006dab00000| Untracked 
| 160|0x00000006dac00000, 0x00000006dac00000, 0x00000006dad00000|  0%| F|  |TAMS 0x00000006dac00000, 0x00000006dac00000| Untracked 
| 161|0x00000006dad00000, 0x00000006dad00000, 0x00000006dae00000|  0%| F|  |TAMS 0x00000006dad00000, 0x00000006dad00000| Untracked 
| 162|0x00000006dae00000, 0x00000006dae00000, 0x00000006daf00000|  0%| F|  |TAMS 0x00000006dae00000, 0x00000006dae00000| Untracked 
| 163|0x00000006daf00000, 0x00000006daf00000, 0x00000006db000000|  0%| F|  |TAMS 0x00000006daf00000, 0x00000006daf00000| Untracked 
| 164|0x00000006db000000, 0x00000006db000000, 0x00000006db100000|  0%| F|  |TAMS 0x00000006db000000, 0x00000006db000000| Untracked 
| 165|0x00000006db100000, 0x00000006db100000, 0x00000006db200000|  0%| F|  |TAMS 0x00000006db100000, 0x00000006db100000| Untracked 
| 166|0x00000006db200000, 0x00000006db200000, 0x00000006db300000|  0%| F|  |TAMS 0x00000006db200000, 0x00000006db200000| Untracked 
| 167|0x00000006db300000, 0x00000006db300000, 0x00000006db400000|  0%| F|  |TAMS 0x00000006db300000, 0x00000006db300000| Untracked 
| 168|0x00000006db400000, 0x00000006db400000, 0x00000006db500000|  0%| F|  |TAMS 0x00000006db400000, 0x00000006db400000| Untracked 
| 169|0x00000006db500000, 0x00000006db500000, 0x00000006db600000|  0%| F|  |TAMS 0x00000006db500000, 0x00000006db500000| Untracked 
| 170|0x00000006db600000, 0x00000006db600000, 0x00000006db700000|  0%| F|  |TAMS 0x00000006db600000, 0x00000006db600000| Untracked 
| 171|0x00000006db700000, 0x00000006db700000, 0x00000006db800000|  0%| F|  |TAMS 0x00000006db700000, 0x00000006db700000| Untracked 
| 172|0x00000006db800000, 0x00000006db800000, 0x00000006db900000|  0%| F|  |TAMS 0x00000006db800000, 0x00000006db800000| Untracked 
| 173|0x00000006db900000, 0x00000006db900000, 0x00000006dba00000|  0%| F|  |TAMS 0x00000006db900000, 0x00000006db900000| Untracked 
| 174|0x00000006dba00000, 0x00000006dba00000, 0x00000006dbb00000|  0%| F|  |TAMS 0x00000006dba00000, 0x00000006dba00000| Untracked 
| 175|0x00000006dbb00000, 0x00000006dbb00000, 0x00000006dbc00000|  0%| F|  |TAMS 0x00000006dbb00000, 0x00000006dbb00000| Untracked 
| 176|0x00000006dbc00000, 0x00000006dbc00000, 0x00000006dbd00000|  0%| F|  |TAMS 0x00000006dbc00000, 0x00000006dbc00000| Untracked 
| 177|0x00000006dbd00000, 0x00000006dbd00000, 0x00000006dbe00000|  0%| F|  |TAMS 0x00000006dbd00000, 0x00000006dbd00000| Untracked 
| 178|0x00000006dbe00000, 0x00000006dbe00000, 0x00000006dbf00000|  0%| F|  |TAMS 0x00000006dbe00000, 0x00000006dbe00000| Untracked 
| 179|0x00000006dbf00000, 0x00000006dbf00000, 0x00000006dc000000|  0%| F|  |TAMS 0x00000006dbf00000, 0x00000006dbf00000| Untracked 
| 180|0x00000006dc000000, 0x00000006dc000000, 0x00000006dc100000|  0%| F|  |TAMS 0x00000006dc000000, 0x00000006dc000000| Untracked 
| 181|0x00000006dc100000, 0x00000006dc100000, 0x00000006dc200000|  0%| F|  |TAMS 0x00000006dc100000, 0x00000006dc100000| Untracked 
| 182|0x00000006dc200000, 0x00000006dc200000, 0x00000006dc300000|  0%| F|  |TAMS 0x00000006dc200000, 0x00000006dc200000| Untracked 
| 183|0x00000006dc300000, 0x00000006dc300000, 0x00000006dc400000|  0%| F|  |TAMS 0x00000006dc300000, 0x00000006dc300000| Untracked 
| 184|0x00000006dc400000, 0x00000006dc400000, 0x00000006dc500000|  0%| F|  |TAMS 0x00000006dc400000, 0x00000006dc400000| Untracked 
| 185|0x00000006dc500000, 0x00000006dc500000, 0x00000006dc600000|  0%| F|  |TAMS 0x00000006dc500000, 0x00000006dc500000| Untracked 
| 186|0x00000006dc600000, 0x00000006dc600000, 0x00000006dc700000|  0%| F|  |TAMS 0x00000006dc600000, 0x00000006dc600000| Untracked 
| 187|0x00000006dc700000, 0x00000006dc700000, 0x00000006dc800000|  0%| F|  |TAMS 0x00000006dc700000, 0x00000006dc700000| Untracked 
| 188|0x00000006dc800000, 0x00000006dc800000, 0x00000006dc900000|  0%| F|  |TAMS 0x00000006dc800000, 0x00000006dc800000| Untracked 
| 189|0x00000006dc900000, 0x00000006dc900000, 0x00000006dca00000|  0%| F|  |TAMS 0x00000006dc900000, 0x00000006dc900000| Untracked 
| 190|0x00000006dca00000, 0x00000006dca00000, 0x00000006dcb00000|  0%| F|  |TAMS 0x00000006dca00000, 0x00000006dca00000| Untracked 
| 191|0x00000006dcb00000, 0x00000006dcb00000, 0x00000006dcc00000|  0%| F|  |TAMS 0x00000006dcb00000, 0x00000006dcb00000| Untracked 
| 192|0x00000006dcc00000, 0x00000006dcc00000, 0x00000006dcd00000|  0%| F|  |TAMS 0x00000006dcc00000, 0x00000006dcc00000| Untracked 
| 193|0x00000006dcd00000, 0x00000006dcd00000, 0x00000006dce00000|  0%| F|  |TAMS 0x00000006dcd00000, 0x00000006dcd00000| Untracked 
| 194|0x00000006dce00000, 0x00000006dce00000, 0x00000006dcf00000|  0%| F|  |TAMS 0x00000006dce00000, 0x00000006dce00000| Untracked 
| 195|0x00000006dcf00000, 0x00000006dcf00000, 0x00000006dd000000|  0%| F|  |TAMS 0x00000006dcf00000, 0x00000006dcf00000| Untracked 
| 196|0x00000006dd000000, 0x00000006dd000000, 0x00000006dd100000|  0%| F|  |TAMS 0x00000006dd000000, 0x00000006dd000000| Untracked 
| 197|0x00000006dd100000, 0x00000006dd100000, 0x00000006dd200000|  0%| F|  |TAMS 0x00000006dd100000, 0x00000006dd100000| Untracked 
| 198|0x00000006dd200000, 0x00000006dd200000, 0x00000006dd300000|  0%| F|  |TAMS 0x00000006dd200000, 0x00000006dd200000| Untracked 
| 199|0x00000006dd300000, 0x00000006dd300000, 0x00000006dd400000|  0%| F|  |TAMS 0x00000006dd300000, 0x00000006dd300000| Untracked 
| 200|0x00000006dd400000, 0x00000006dd400000, 0x00000006dd500000|  0%| F|  |TAMS 0x00000006dd400000, 0x00000006dd400000| Untracked 
| 201|0x00000006dd500000, 0x00000006dd500000, 0x00000006dd600000|  0%| F|  |TAMS 0x00000006dd500000, 0x00000006dd500000| Untracked 
| 202|0x00000006dd600000, 0x00000006dd600000, 0x00000006dd700000|  0%| F|  |TAMS 0x00000006dd600000, 0x00000006dd600000| Untracked 
| 203|0x00000006dd700000, 0x00000006dd700000, 0x00000006dd800000|  0%| F|  |TAMS 0x00000006dd700000, 0x00000006dd700000| Untracked 
| 204|0x00000006dd800000, 0x00000006dd800000, 0x00000006dd900000|  0%| F|  |TAMS 0x00000006dd800000, 0x00000006dd800000| Untracked 
| 205|0x00000006dd900000, 0x00000006dd900000, 0x00000006dda00000|  0%| F|  |TAMS 0x00000006dd900000, 0x00000006dd900000| Untracked 
| 206|0x00000006dda00000, 0x00000006dda00000, 0x00000006ddb00000|  0%| F|  |TAMS 0x00000006dda00000, 0x00000006dda00000| Untracked 
| 207|0x00000006ddb00000, 0x00000006ddb00000, 0x00000006ddc00000|  0%| F|  |TAMS 0x00000006ddb00000, 0x00000006ddb00000| Untracked 
| 208|0x00000006ddc00000, 0x00000006ddc00000, 0x00000006ddd00000|  0%| F|  |TAMS 0x00000006ddc00000, 0x00000006ddc00000| Untracked 
| 209|0x00000006ddd00000, 0x00000006ddd00000, 0x00000006dde00000|  0%| F|  |TAMS 0x00000006ddd00000, 0x00000006ddd00000| Untracked 
| 210|0x00000006dde00000, 0x00000006dde00000, 0x00000006ddf00000|  0%| F|  |TAMS 0x00000006dde00000, 0x00000006dde00000| Untracked 
| 211|0x00000006ddf00000, 0x00000006ddf00000, 0x00000006de000000|  0%| F|  |TAMS 0x00000006ddf00000, 0x00000006ddf00000| Untracked 
| 212|0x00000006de000000, 0x00000006de000000, 0x00000006de100000|  0%| F|  |TAMS 0x00000006de000000, 0x00000006de000000| Untracked 
| 213|0x00000006de100000, 0x00000006de100000, 0x00000006de200000|  0%| F|  |TAMS 0x00000006de100000, 0x00000006de100000| Untracked 
| 214|0x00000006de200000, 0x00000006de200000, 0x00000006de300000|  0%| F|  |TAMS 0x00000006de200000, 0x00000006de200000| Untracked 
| 215|0x00000006de300000, 0x00000006de300000, 0x00000006de400000|  0%| F|  |TAMS 0x00000006de300000, 0x00000006de300000| Untracked 
| 216|0x00000006de400000, 0x00000006de400000, 0x00000006de500000|  0%| F|  |TAMS 0x00000006de400000, 0x00000006de400000| Untracked 
| 217|0x00000006de500000, 0x00000006de500000, 0x00000006de600000|  0%| F|  |TAMS 0x00000006de500000, 0x00000006de500000| Untracked 
| 218|0x00000006de600000, 0x00000006de600000, 0x00000006de700000|  0%| F|  |TAMS 0x00000006de600000, 0x00000006de600000| Untracked 
| 219|0x00000006de700000, 0x00000006de700000, 0x00000006de800000|  0%| F|  |TAMS 0x00000006de700000, 0x00000006de700000| Untracked 
| 220|0x00000006de800000, 0x00000006de800000, 0x00000006de900000|  0%| F|  |TAMS 0x00000006de800000, 0x00000006de800000| Untracked 
| 221|0x00000006de900000, 0x00000006de900000, 0x00000006dea00000|  0%| F|  |TAMS 0x00000006de900000, 0x00000006de900000| Untracked 
| 222|0x00000006dea00000, 0x00000006dea00000, 0x00000006deb00000|  0%| F|  |TAMS 0x00000006dea00000, 0x00000006dea00000| Untracked 
| 223|0x00000006deb00000, 0x00000006deb00000, 0x00000006dec00000|  0%| F|  |TAMS 0x00000006deb00000, 0x00000006deb00000| Untracked 
| 224|0x00000006dec00000, 0x00000006dec00000, 0x00000006ded00000|  0%| F|  |TAMS 0x00000006dec00000, 0x00000006dec00000| Untracked 
| 225|0x00000006ded00000, 0x00000006ded00000, 0x00000006dee00000|  0%| F|  |TAMS 0x00000006ded00000, 0x00000006ded00000| Untracked 
| 226|0x00000006dee00000, 0x00000006dee00000, 0x00000006def00000|  0%| F|  |TAMS 0x00000006dee00000, 0x00000006dee00000| Untracked 
| 227|0x00000006def00000, 0x00000006def00000, 0x00000006df000000|  0%| F|  |TAMS 0x00000006def00000, 0x00000006def00000| Untracked 
| 228|0x00000006df000000, 0x00000006df000000, 0x00000006df100000|  0%| F|  |TAMS 0x00000006df000000, 0x00000006df000000| Untracked 
| 229|0x00000006df100000, 0x00000006df100000, 0x00000006df200000|  0%| F|  |TAMS 0x00000006df100000, 0x00000006df100000| Untracked 
| 230|0x00000006df200000, 0x00000006df200000, 0x00000006df300000|  0%| F|  |TAMS 0x00000006df200000, 0x00000006df200000| Untracked 
| 231|0x00000006df300000, 0x00000006df300000, 0x00000006df400000|  0%| F|  |TAMS 0x00000006df300000, 0x00000006df300000| Untracked 
| 232|0x00000006df400000, 0x00000006df400000, 0x00000006df500000|  0%| F|  |TAMS 0x00000006df400000, 0x00000006df400000| Untracked 
| 233|0x00000006df500000, 0x00000006df500000, 0x00000006df600000|  0%| F|  |TAMS 0x00000006df500000, 0x00000006df500000| Untracked 
| 234|0x00000006df600000, 0x00000006df600000, 0x00000006df700000|  0%| F|  |TAMS 0x00000006df600000, 0x00000006df600000| Untracked 
| 235|0x00000006df700000, 0x00000006df700000, 0x00000006df800000|  0%| F|  |TAMS 0x00000006df700000, 0x00000006df700000| Untracked 
| 236|0x00000006df800000, 0x00000006df800000, 0x00000006df900000|  0%| F|  |TAMS 0x00000006df800000, 0x00000006df800000| Untracked 
| 237|0x00000006df900000, 0x00000006df900000, 0x00000006dfa00000|  0%| F|  |TAMS 0x00000006df900000, 0x00000006df900000| Untracked 
| 238|0x00000006dfa00000, 0x00000006dfa00000, 0x00000006dfb00000|  0%| F|  |TAMS 0x00000006dfa00000, 0x00000006dfa00000| Untracked 
| 239|0x00000006dfb00000, 0x00000006dfb00000, 0x00000006dfc00000|  0%| F|  |TAMS 0x00000006dfb00000, 0x00000006dfb00000| Untracked 
| 240|0x00000006dfc00000, 0x00000006dfc00000, 0x00000006dfd00000|  0%| F|  |TAMS 0x00000006dfc00000, 0x00000006dfc00000| Untracked 
| 241|0x00000006dfd00000, 0x00000006dfd00000, 0x00000006dfe00000|  0%| F|  |TAMS 0x00000006dfd00000, 0x00000006dfd00000| Untracked 
| 242|0x00000006dfe00000, 0x00000006dfe00000, 0x00000006dff00000|  0%| F|  |TAMS 0x00000006dfe00000, 0x00000006dfe00000| Untracked 
| 243|0x00000006dff00000, 0x00000006dff00000, 0x00000006e0000000|  0%| F|  |TAMS 0x00000006dff00000, 0x00000006dff00000| Untracked 
| 244|0x00000006e0000000, 0x00000006e0000000, 0x00000006e0100000|  0%| F|  |TAMS 0x00000006e0000000, 0x00000006e0000000| Untracked 
| 245|0x00000006e0100000, 0x00000006e0100000, 0x00000006e0200000|  0%| F|  |TAMS 0x00000006e0100000, 0x00000006e0100000| Untracked 
| 246|0x00000006e0200000, 0x00000006e0200000, 0x00000006e0300000|  0%| F|  |TAMS 0x00000006e0200000, 0x00000006e0200000| Untracked 
| 247|0x00000006e0300000, 0x00000006e0300000, 0x00000006e0400000|  0%| F|  |TAMS 0x00000006e0300000, 0x00000006e0300000| Untracked 
| 248|0x00000006e0400000, 0x00000006e0400000, 0x00000006e0500000|  0%| F|  |TAMS 0x00000006e0400000, 0x00000006e0400000| Untracked 
| 249|0x00000006e0500000, 0x00000006e0500000, 0x00000006e0600000|  0%| F|  |TAMS 0x00000006e0500000, 0x00000006e0500000| Untracked 
| 250|0x00000006e0600000, 0x00000006e0600000, 0x00000006e0700000|  0%| F|  |TAMS 0x00000006e0600000, 0x00000006e0600000| Untracked 
| 251|0x00000006e0700000, 0x00000006e0700000, 0x00000006e0800000|  0%| F|  |TAMS 0x00000006e0700000, 0x00000006e0700000| Untracked 
| 252|0x00000006e0800000, 0x00000006e0800000, 0x00000006e0900000|  0%| F|  |TAMS 0x00000006e0800000, 0x00000006e0800000| Untracked 
| 253|0x00000006e0900000, 0x00000006e0900000, 0x00000006e0a00000|  0%| F|  |TAMS 0x00000006e0900000, 0x00000006e0900000| Untracked 
| 254|0x00000006e0a00000, 0x00000006e0a00000, 0x00000006e0b00000|  0%| F|  |TAMS 0x00000006e0a00000, 0x00000006e0a00000| Untracked 
| 255|0x00000006e0b00000, 0x00000006e0b00000, 0x00000006e0c00000|  0%| F|  |TAMS 0x00000006e0b00000, 0x00000006e0b00000| Untracked 
| 256|0x00000006e0c00000, 0x00000006e0c00000, 0x00000006e0d00000|  0%| F|  |TAMS 0x00000006e0c00000, 0x00000006e0c00000| Untracked 
| 257|0x00000006e0d00000, 0x00000006e0d00000, 0x00000006e0e00000|  0%| F|  |TAMS 0x00000006e0d00000, 0x00000006e0d00000| Untracked 
| 258|0x00000006e0e00000, 0x00000006e0e00000, 0x00000006e0f00000|  0%| F|  |TAMS 0x00000006e0e00000, 0x00000006e0e00000| Untracked 
| 259|0x00000006e0f00000, 0x00000006e0f00000, 0x00000006e1000000|  0%| F|  |TAMS 0x00000006e0f00000, 0x00000006e0f00000| Untracked 
| 260|0x00000006e1000000, 0x00000006e1000000, 0x00000006e1100000|  0%| F|  |TAMS 0x00000006e1000000, 0x00000006e1000000| Untracked 
| 261|0x00000006e1100000, 0x00000006e1100000, 0x00000006e1200000|  0%| F|  |TAMS 0x00000006e1100000, 0x00000006e1100000| Untracked 
| 262|0x00000006e1200000, 0x00000006e1200000, 0x00000006e1300000|  0%| F|  |TAMS 0x00000006e1200000, 0x00000006e1200000| Untracked 
| 263|0x00000006e1300000, 0x00000006e1300000, 0x00000006e1400000|  0%| F|  |TAMS 0x00000006e1300000, 0x00000006e1300000| Untracked 
| 264|0x00000006e1400000, 0x00000006e1400000, 0x00000006e1500000|  0%| F|  |TAMS 0x00000006e1400000, 0x00000006e1400000| Untracked 
| 265|0x00000006e1500000, 0x00000006e1500000, 0x00000006e1600000|  0%| F|  |TAMS 0x00000006e1500000, 0x00000006e1500000| Untracked 
| 266|0x00000006e1600000, 0x00000006e1600000, 0x00000006e1700000|  0%| F|  |TAMS 0x00000006e1600000, 0x00000006e1600000| Untracked 
| 267|0x00000006e1700000, 0x00000006e1700000, 0x00000006e1800000|  0%| F|  |TAMS 0x00000006e1700000, 0x00000006e1700000| Untracked 
| 268|0x00000006e1800000, 0x00000006e1800000, 0x00000006e1900000|  0%| F|  |TAMS 0x00000006e1800000, 0x00000006e1800000| Untracked 
| 269|0x00000006e1900000, 0x00000006e1900000, 0x00000006e1a00000|  0%| F|  |TAMS 0x00000006e1900000, 0x00000006e1900000| Untracked 
| 270|0x00000006e1a00000, 0x00000006e1a00000, 0x00000006e1b00000|  0%| F|  |TAMS 0x00000006e1a00000, 0x00000006e1a00000| Untracked 
| 271|0x00000006e1b00000, 0x00000006e1b00000, 0x00000006e1c00000|  0%| F|  |TAMS 0x00000006e1b00000, 0x00000006e1b00000| Untracked 
| 272|0x00000006e1c00000, 0x00000006e1c00000, 0x00000006e1d00000|  0%| F|  |TAMS 0x00000006e1c00000, 0x00000006e1c00000| Untracked 
| 273|0x00000006e1d00000, 0x00000006e1d00000, 0x00000006e1e00000|  0%| F|  |TAMS 0x00000006e1d00000, 0x00000006e1d00000| Untracked 
| 274|0x00000006e1e00000, 0x00000006e1e00000, 0x00000006e1f00000|  0%| F|  |TAMS 0x00000006e1e00000, 0x00000006e1e00000| Untracked 
| 275|0x00000006e1f00000, 0x00000006e1f00000, 0x00000006e2000000|  0%| F|  |TAMS 0x00000006e1f00000, 0x00000006e1f00000| Untracked 
| 276|0x00000006e2000000, 0x00000006e2000000, 0x00000006e2100000|  0%| F|  |TAMS 0x00000006e2000000, 0x00000006e2000000| Untracked 
| 277|0x00000006e2100000, 0x00000006e2100000, 0x00000006e2200000|  0%| F|  |TAMS 0x00000006e2100000, 0x00000006e2100000| Untracked 
| 278|0x00000006e2200000, 0x00000006e2200000, 0x00000006e2300000|  0%| F|  |TAMS 0x00000006e2200000, 0x00000006e2200000| Untracked 
| 279|0x00000006e2300000, 0x00000006e2300000, 0x00000006e2400000|  0%| F|  |TAMS 0x00000006e2300000, 0x00000006e2300000| Untracked 
| 280|0x00000006e2400000, 0x00000006e2400000, 0x00000006e2500000|  0%| F|  |TAMS 0x00000006e2400000, 0x00000006e2400000| Untracked 
| 281|0x00000006e2500000, 0x00000006e2500000, 0x00000006e2600000|  0%| F|  |TAMS 0x00000006e2500000, 0x00000006e2500000| Untracked 
| 282|0x00000006e2600000, 0x00000006e2600000, 0x00000006e2700000|  0%| F|  |TAMS 0x00000006e2600000, 0x00000006e2600000| Untracked 
| 283|0x00000006e2700000, 0x00000006e2700000, 0x00000006e2800000|  0%| F|  |TAMS 0x00000006e2700000, 0x00000006e2700000| Untracked 
| 284|0x00000006e2800000, 0x00000006e2800000, 0x00000006e2900000|  0%| F|  |TAMS 0x00000006e2800000, 0x00000006e2800000| Untracked 
| 285|0x00000006e2900000, 0x00000006e2900000, 0x00000006e2a00000|  0%| F|  |TAMS 0x00000006e2900000, 0x00000006e2900000| Untracked 
| 286|0x00000006e2a00000, 0x00000006e2a00000, 0x00000006e2b00000|  0%| F|  |TAMS 0x00000006e2a00000, 0x00000006e2a00000| Untracked 
| 287|0x00000006e2b00000, 0x00000006e2c00000, 0x00000006e2c00000|100%| S|CS|TAMS 0x00000006e2b00000, 0x00000006e2b00000| Complete 
| 288|0x00000006e2c00000, 0x00000006e2d00000, 0x00000006e2d00000|100%| S|CS|TAMS 0x00000006e2c00000, 0x00000006e2c00000| Complete 
| 289|0x00000006e2d00000, 0x00000006e2d00000, 0x00000006e2e00000|  0%| F|  |TAMS 0x00000006e2d00000, 0x00000006e2d00000| Untracked 
| 290|0x00000006e2e00000, 0x00000006e2e00000, 0x00000006e2f00000|  0%| F|  |TAMS 0x00000006e2e00000, 0x00000006e2e00000| Untracked 
| 291|0x00000006e2f00000, 0x00000006e2f00000, 0x00000006e3000000|  0%| F|  |TAMS 0x00000006e2f00000, 0x00000006e2f00000| Untracked 
| 292|0x00000006e3000000, 0x00000006e3000000, 0x00000006e3100000|  0%| F|  |TAMS 0x00000006e3000000, 0x00000006e3000000| Untracked 
| 293|0x00000006e3100000, 0x00000006e3100000, 0x00000006e3200000|  0%| F|  |TAMS 0x00000006e3100000, 0x00000006e3100000| Untracked 
| 294|0x00000006e3200000, 0x00000006e3200000, 0x00000006e3300000|  0%| F|  |TAMS 0x00000006e3200000, 0x00000006e3200000| Untracked 
| 295|0x00000006e3300000, 0x00000006e3300000, 0x00000006e3400000|  0%| F|  |TAMS 0x00000006e3300000, 0x00000006e3300000| Untracked 
| 296|0x00000006e3400000, 0x00000006e3500000, 0x00000006e3500000|100%| E|  |TAMS 0x00000006e3400000, 0x00000006e3400000| Complete 
| 297|0x00000006e3500000, 0x00000006e3600000, 0x00000006e3600000|100%| E|CS|TAMS 0x00000006e3500000, 0x00000006e3500000| Complete 
| 298|0x00000006e3600000, 0x00000006e3700000, 0x00000006e3700000|100%| E|CS|TAMS 0x00000006e3600000, 0x00000006e3600000| Complete 
| 299|0x00000006e3700000, 0x00000006e3800000, 0x00000006e3800000|100%| E|CS|TAMS 0x00000006e3700000, 0x00000006e3700000| Complete 
| 300|0x00000006e3800000, 0x00000006e3900000, 0x00000006e3900000|100%| E|CS|TAMS 0x00000006e3800000, 0x00000006e3800000| Complete 
| 301|0x00000006e3900000, 0x00000006e3a00000, 0x00000006e3a00000|100%| E|CS|TAMS 0x00000006e3900000, 0x00000006e3900000| Complete 
| 302|0x00000006e3a00000, 0x00000006e3b00000, 0x00000006e3b00000|100%| E|CS|TAMS 0x00000006e3a00000, 0x00000006e3a00000| Complete 
| 303|0x00000006e3b00000, 0x00000006e3c00000, 0x00000006e3c00000|100%| E|CS|TAMS 0x00000006e3b00000, 0x00000006e3b00000| Complete 

Card table byte_map: [0x00007f65aac0b000,0x00007f65ab585000] _byte_map_base: 0x00007f65a7585000

Marking Bits (Prev, Next): (CMBitMap*) 0x00007f65c809e9b8, (CMBitMap*) 0x00007f65c809e9f0
 Prev Bits: [0x00007f65a56c1000, 0x00007f65aa291000)
 Next Bits: [0x00007f65a0af1000, 0x00007f65a56c1000)

Polling page: 0x00007f65ce527000

Metaspace:

Usage:
  Non-class:     12,51 MB capacity,    12,36 MB ( 99%) used,   128,27 KB (  1%) free+waste,    26,94 KB ( <1%) overhead. 
      Class:      1,52 MB capacity,     1,39 MB ( 92%) used,   114,86 KB (  7%) free+waste,    12,44 KB ( <1%) overhead. 
       Both:     14,03 MB capacity,    13,75 MB ( 98%) used,   243,12 KB (  2%) free+waste,    39,38 KB ( <1%) overhead. 

Virtual space:
  Non-class space:       14,00 MB reserved,      12,75 MB ( 91%) committed 
      Class space:        1,00 GB reserved,       1,62 MB ( <1%) committed 
             Both:        1,01 GB reserved,      14,38 MB (  1%) committed 

Chunk freelists:
   Non-Class:  101,00 KB
       Class:  16,00 KB
        Both:  117,00 KB

MaxMetaspaceSize: unlimited
CompressedClassSpaceSize: 1,00 GB
Initial GC threshold: 20,80 MB
Current GC threshold: 20,80 MB
CDS: off

CodeHeap 'non-profiled nmethods': size=120032Kb used=374Kb max_used=374Kb free=119657Kb
 bounds [0x00007f65b80ca000, 0x00007f65b833a000, 0x00007f65bf602000]
CodeHeap 'profiled nmethods': size=120032Kb used=1758Kb max_used=1758Kb free=118273Kb
 bounds [0x00007f65b0b92000, 0x00007f65b0e02000, 0x00007f65b80ca000]
CodeHeap 'non-nmethods': size=5696Kb used=1160Kb max_used=1186Kb free=4536Kb
 bounds [0x00007f65b0602000, 0x00007f65b0872000, 0x00007f65b0b92000]
 total_blobs=1432 nmethods=1008 adapters=338
 compilation: enabled
              stopped_count=0, restarted_count=0
 full_count=0

Compilation events (20 events):
Event: 0,932 Thread 0x00007f657433c800 nmethod 993 0x00007f65b811f190 code [0x00007f65b811f3a0, 0x00007f65b81204e0]
Event: 0,932 Thread 0x00007f657433c800  995       4       java.util.zip.ZipCoder$UTF8::getBytes (10 bytes)
Event: 0,935 Thread 0x00007f657433c800 nmethod 995 0x00007f65b8120f10 code [0x00007f65b81210c0, 0x00007f65b8121318]
Event: 0,935 Thread 0x00007f657433c800  996   !   4       jdk.internal.loader.URLClassPath$JarLoader::ensureOpen (36 bytes)
Event: 0,937 Thread 0x00007f657433c800 nmethod 996 0x00007f65b8121490 code [0x00007f65b8121640, 0x00007f65b8121788]
Event: 0,938 Thread 0x00007f65c82cf800 1001       3       java.lang.invoke.DirectMethodHandle$Holder::invokeStatic (14 bytes)
Event: 0,938 Thread 0x00007f65c82cf800 nmethod 1001 0x00007f65b0d47890 code [0x00007f65b0d47a60, 0x00007f65b0d47fb0]
Event: 0,941 Thread 0x00007f65c82cf800 1002       1       de.uni_freiburg.informatik.ultimate.logic.Term::hashCode (5 bytes)
Event: 0,941 Thread 0x00007f65c82cf800 nmethod 1002 0x00007f65b8121910 code [0x00007f65b8121ac0, 0x00007f65b8121b70]
Event: 0,941 Thread 0x00007f65c82cf800 1003       3       java.util.ArrayDeque::isEmpty (17 bytes)
Event: 0,941 Thread 0x00007f65c82cf800 nmethod 1003 0x00007f65b0d48110 code [0x00007f65b0d482c0, 0x00007f65b0d48410]
Event: 0,941 Thread 0x00007f65c82cf800 1004       3       java.util.ArrayDeque::dec (13 bytes)
Event: 0,942 Thread 0x00007f65c82cf800 nmethod 1004 0x00007f65b0d48490 code [0x00007f65b0d48640, 0x00007f65b0d48750]
Event: 0,942 Thread 0x00007f65c82cf800 1006       3       java.util.regex.Matcher::groupCount (10 bytes)
Event: 0,942 Thread 0x00007f65c82cf800 nmethod 1006 0x00007f65b0d48810 code [0x00007f65b0d489c0, 0x00007f65b0d48ad0]
Event: 0,942 Thread 0x00007f65c82cf800 1007       3       java.util.ArrayList::<init> (12 bytes)
Event: 0,942 Thread 0x00007f65c82cf800 nmethod 1007 0x00007f65b0d48b90 code [0x00007f65b0d48d60, 0x00007f65b0d48ff0]
Event: 0,942 Thread 0x00007f65c82cf800 1005       1       de.uni_freiburg.informatik.ultimate.logic.ApplicationTerm::getParameters (5 bytes)
Event: 0,942 Thread 0x00007f65c82cf800 nmethod 1005 0x00007f65b8121c10 code [0x00007f65b8121dc0, 0x00007f65b8121e70]
Event: 0,943 Thread 0x00007f65c82cd800 nmethod 925 0x00007f65b8121f10 code [0x00007f65b8122320, 0x00007f65b8126070]

GC Heap History (2 events):
Event: 0,743 GC heap before
{Heap before GC invocations=0 (full 0):
 garbage-first heap   total 311296K, used 15360K [0x00000006d0c00000, 0x0000000800000000)
  region size 1024K, 15 young (15360K), 0 survivors (0K)
 Metaspace       used 12002K, capacity 12219K, committed 12416K, reserved 1060864K
  class space    used 1201K, capacity 1282K, committed 1408K, reserved 1048576K
}
Event: 0,751 GC heap after
{Heap after GC invocations=1 (full 0):
 garbage-first heap   total 311296K, used 3060K [0x00000006d0c00000, 0x0000000800000000)
  region size 1024K, 2 young (2048K), 2 survivors (2048K)
 Metaspace       used 12002K, capacity 12219K, committed 12416K, reserved 1060864K
  class space    used 1201K, capacity 1282K, committed 1408K, reserved 1048576K
}

Deoptimization events (20 events):
Event: 0,575 Thread 0x00007f65c8029800 Uncommon trap: trap_request=0xffffffc6 fr.pc=0x00007f65b80d4794 relative=0x0000000000000074
Event: 0,575 Thread 0x00007f65c8029800 Uncommon trap: reason=bimorphic_or_optimized_type_check action=maybe_recompile pc=0x00007f65b80d4794 method=java.util.AbstractCollection.isEmpty()Z @ 1 c2
Event: 0,575 Thread 0x00007f65c8029800 DEOPT PACKING pc=0x00007f65b80d4794 sp=0x00007f65cc9b7cc0
Event: 0,575 Thread 0x00007f65c8029800 DEOPT UNPACKING pc=0x00007f65b064bea5 sp=0x00007f65cc9b7c70 mode 2
Event: 0,575 Thread 0x00007f65c8029800 Uncommon trap: trap_request=0xffffffc6 fr.pc=0x00007f65b80d4794 relative=0x0000000000000074
Event: 0,576 Thread 0x00007f65c8029800 Uncommon trap: reason=bimorphic_or_optimized_type_check action=maybe_recompile pc=0x00007f65b80d4794 method=java.util.AbstractCollection.isEmpty()Z @ 1 c2
Event: 0,576 Thread 0x00007f65c8029800 DEOPT PACKING pc=0x00007f65b80d4794 sp=0x00007f65cc9b7e90
Event: 0,576 Thread 0x00007f65c8029800 DEOPT UNPACKING pc=0x00007f65b064bea5 sp=0x00007f65cc9b7e40 mode 2
Event: 0,577 Thread 0x00007f65c8029800 Uncommon trap: trap_request=0xffffffc6 fr.pc=0x00007f65b80d4794 relative=0x0000000000000074
Event: 0,577 Thread 0x00007f65c8029800 Uncommon trap: reason=bimorphic_or_optimized_type_check action=maybe_recompile pc=0x00007f65b80d4794 method=java.util.AbstractCollection.isEmpty()Z @ 1 c2
Event: 0,577 Thread 0x00007f65c8029800 DEOPT PACKING pc=0x00007f65b80d4794 sp=0x00007f65cc9b7eb0
Event: 0,577 Thread 0x00007f65c8029800 DEOPT UNPACKING pc=0x00007f65b064bea5 sp=0x00007f65cc9b7e60 mode 2
Event: 0,676 Thread 0x00007f65c8029800 Uncommon trap: trap_request=0xffffff4d fr.pc=0x00007f65b80e8770 relative=0x0000000000000230
Event: 0,676 Thread 0x00007f65c8029800 Uncommon trap: reason=unstable_if action=reinterpret pc=0x00007f65b80e8770 method=java.lang.String.startsWith(Ljava/lang/String;I)Z @ 14 c2
Event: 0,676 Thread 0x00007f65c8029800 DEOPT PACKING pc=0x00007f65b80e8770 sp=0x00007f65cc9b8be0
Event: 0,676 Thread 0x00007f65c8029800 DEOPT UNPACKING pc=0x00007f65b064bea5 sp=0x00007f65cc9b8b68 mode 2
Event: 0,803 Thread 0x00007f65c8029800 Uncommon trap: trap_request=0xffffff4d fr.pc=0x00007f65b80fc654 relative=0x0000000000000094
Event: 0,803 Thread 0x00007f65c8029800 Uncommon trap: reason=unstable_if action=reinterpret pc=0x00007f65b80fc654 method=sun.reflect.generics.parser.SignatureParser.current()C @ 39 c2
Event: 0,804 Thread 0x00007f65c8029800 DEOPT PACKING pc=0x00007f65b80fc654 sp=0x00007f65cc9b7d20
Event: 0,804 Thread 0x00007f65c8029800 DEOPT UNPACKING pc=0x00007f65b064bea5 sp=0x00007f65cc9b7cd8 mode 2

Classes redefined (0 events):
No events

Internal exceptions (10 events):
Event: 0,241 Thread 0x00007f65c8029800 Exception <a 'java/io/FileNotFoundException'{0x00000006e3996108}> (0x00000006e3996108) thrown at [./src/hotspot/share/prims/jni.cpp, line 617]
Event: 0,555 Thread 0x00007f65c8029800 Exception <a 'java/lang/NoSuchMethodError'{0x00000006e316a708}: 'void java.lang.invoke.DirectMethodHandle$Holder.invokeStaticInit(java.lang.Object, java.lang.Object)'> (0x00000006e316a708) thrown at [./src/hotspot/share/interpreter/linkResolver.cpp, line 773]
Event: 0,603 Thread 0x00007f65c8029800 Exception <a 'java/lang/NoSuchMethodError'{0x00000006e30b02a8}: 'java.lang.Object java.lang.invoke.DirectMethodHandle$Holder.invokeStatic(java.lang.Object, java.lang.Object, java.lang.Object, java.lang.Object, java.lang.Object, java.lang.Object, java.lang.Object, java.lang.Object, java.lang.Object, java.lang.Object, java.lang.Object, int)'> (0x00000006e30b02a8) thrown at [./src/hotspot/share/interpreter/linkResolver.cpp, line 773]
Event: 0,607 Thread 0x00007f65c8029800 Exception <a 'java/lang/NoSuchMethodError'{0x00000006e30ce950}: 'java.lang.Object java.lang.invoke.DirectMethodHandle$Holder.invokeStatic(java.lang.Object, java.lang.Object, java.lang.Object, java.lang.Object, java.lang.Object, java.lang.Object, java.lang.Object, java.lang.Object, java.lang.Object, java.lang.Object, java.lang.Object, int, int)'> (0x00000006e30ce950) thrown at [./src/hotspot/share/interpreter/linkResolver.cpp, line 773]
Event: 0,611 Thread 0x00007f65c8029800 Exception <a 'java/lang/NoSuchMethodError'{0x00000006e30eef88}: 'java.lang.Object java.lang.invoke.DirectMethodHandle$Holder.invokeStatic(java.lang.Object, java.lang.Object, java.lang.Object, java.lang.Object, java.lang.Object, java.lang.Object, java.lang.Object, java.lang.Object, java.lang.Object, java.lang.Object, java.lang.Object, int, int, java.lang.Object)'> (0x00000006e30eef88) thrown at [./src/hotspot/share/interpreter/linkResolver.cpp, line 773]
Event: 0,615 Thread 0x00007f65c8029800 Exception <a 'java/lang/NoSuchMethodError'{0x00000006e2f0feb8}: 'java.lang.Object java.lang.invoke.DirectMethodHandle$Holder.invokeStatic(java.lang.Object, java.lang.Object, java.lang.Object, java.lang.Object, java.lang.Object, java.lang.Object, java.lang.Object, java.lang.Object, java.lang.Object, java.lang.Object, java.lang.Object, int, int, java.lang.Object, java.lang.Object)'> (0x00000006e2f0feb8) thrown at [./src/hotspot/share/interpreter/linkResolver.cpp, line 773]
Event: 0,675 Thread 0x00007f65c8029800 Exception <a 'java/lang/NoSuchMethodError'{0x00000006e2e7f1e0}: 'int java.lang.invoke.DirectMethodHandle$Holder.invokeStaticInit(java.lang.Object, java.lang.Object)'> (0x00000006e2e7f1e0) thrown at [./src/hotspot/share/interpreter/linkResolver.cpp, line 773]
Event: 0,727 Thread 0x00007f65c8029800 Exception <a 'java/lang/NoSuchMethodError'{0x00000006e2d7bcb8}: 'java.lang.Object java.lang.invoke.DirectMethodHandle$Holder.invokeStatic(java.lang.Object, java.lang.Object, java.lang.Object, java.lang.Object, java.lang.Object, java.lang.Object, java.lang.Object, java.lang.Object, java.lang.Object, java.lang.Object, java.lang.Object, java.lang.Object, java.lang.Object, int)'> (0x00000006e2d7bcb8) thrown at [./src/hotspot/share/interpreter/linkResolver.cpp, line 773]
Event: 0,728 Thread 0x00007f65c8029800 Exception <a 'java/lang/NoSuchMethodError'{0x00000006e2d888a0}: 'java.lang.Object java.lang.invoke.DirectMethodHandle$Holder.invokeStatic(java.lang.Object, java.lang.Object, java.lang.Object, java.lang.Object, java.lang.Object, java.lang.Object, java.lang.Object, java.lang.Object, java.lang.Object, java.lang.Object, java.lang.Object, java.lang.Object, java.lang.Object, int, int)'> (0x00000006e2d888a0) thrown at [./src/hotspot/share/interpreter/linkResolver.cpp, line 773]
Event: 0,784 Thread 0x00007f65c8029800 Exception <a 'java/lang/NoSuchMethodError'{0x00000006e3a8ea30}: 'void java.lang.invoke.DirectMethodHandle$Holder.invokeInterface(java.lang.Object, java.lang.Object)'> (0x00000006e3a8ea30) thrown at [./src/hotspot/share/interpreter/linkResolver.cpp, line 773]

Events (20 events):
Event: 0,943 loading class org/sosy_lab/common/collect/PersistentSortedMap
Event: 0,943 loading class org/sosy_lab/common/collect/PersistentSortedMap done
Event: 0,943 loading class org/sosy_lab/common/collect/PersistentSortedMapBridge
Event: 0,943 loading class org/sosy_lab/common/collect/PersistentSortedMapBridge done
Event: 0,944 loading class org/sosy_lab/common/collect/PersistentMap
Event: 0,944 loading class org/sosy_lab/common/collect/PersistentMap done
Event: 0,944 loading class org/sosy_lab/common/collect/AbstractImmutableSortedMap
Event: 0,944 loading class org/sosy_lab/common/collect/AbstractImmutableSortedMap done
Event: 0,944 loading class org/sosy_lab/common/collect/OurSortedMap
Event: 0,944 loading class org/sosy_lab/common/collect/OurSortedMap done
Event: 0,945 loading class org/sosy_lab/common/collect/AbstractImmutableMap
Event: 0,945 loading class org/sosy_lab/common/collect/AbstractImmutableMap done
Event: 0,946 loading class org/sosy_lab/java_smt/basicimpl/withAssumptionsWrapper/ProverWithAssumptionsWrapper
Event: 0,946 loading class org/sosy_lab/java_smt/basicimpl/withAssumptionsWrapper/ProverWithAssumptionsWrapper done
Event: 0,946 loading class org/sosy_lab/java_smt/basicimpl/withAssumptionsWrapper/BasicProverWithAssumptionsWrapper
Event: 0,946 loading class org/sosy_lab/java_smt/basicimpl/withAssumptionsWrapper/BasicProverWithAssumptionsWrapper done
Event: 0,946 loading class org/sosy_lab/java_smt/basicimpl/AbstractFormula$BooleanFormulaImpl
Event: 0,946 loading class org/sosy_lab/java_smt/basicimpl/AbstractFormula$BooleanFormulaImpl done
Event: 0,947 loading class org/sosy_lab/java_smt/basicimpl/AbstractFormula
Event: 0,947 loading class org/sosy_lab/java_smt/basicimpl/AbstractFormula done


Dynamic libraries:
6d0c00000-6e3c00000 rw-p 00000000 00:00 0 
6e3c00000-800000000 ---p 00000000 00:00 0 
800000000-8001a0000 rw-p 00000000 00:00 0 
8001a0000-840000000 ---p 00000000 00:00 0 
55ffe7400000-55ffe7401000 r-xp 00000000 fd:01 1705186                    /home/janel/.jdks/corretto-11.0.15/bin/java
55ffe7601000-55ffe7602000 r--p 00001000 fd:01 1705186                    /home/janel/.jdks/corretto-11.0.15/bin/java
55ffe7602000-55ffe7603000 rw-p 00002000 fd:01 1705186                    /home/janel/.jdks/corretto-11.0.15/bin/java
55ffe9092000-55ffe90b3000 rw-p 00000000 00:00 0                          [heap]
7f6548000000-7f6548021000 rw-p 00000000 00:00 0 
7f6548021000-7f654c000000 ---p 00000000 00:00 0 
7f6550000000-7f6550021000 rw-p 00000000 00:00 0 
7f6550021000-7f6554000000 ---p 00000000 00:00 0 
7f6554000000-7f6554021000 rw-p 00000000 00:00 0 
7f6554021000-7f6558000000 ---p 00000000 00:00 0 
7f6558000000-7f65581a3000 rw-p 00000000 00:00 0 
7f65581a3000-7f655c000000 ---p 00000000 00:00 0 
7f655ead3000-7f655eb93000 rw-p 00000000 00:00 0 
7f655eb93000-7f655ecd3000 ---p 00000000 00:00 0 
7f655ecd3000-7f655ecd4000 ---p 00000000 00:00 0 
7f655ecd4000-7f655edd5000 rw-p 00000000 00:00 0 
7f655edd5000-7f655edd6000 ---p 00000000 00:00 0 
7f655edd6000-7f655eed7000 rw-p 00000000 00:00 0 
7f655eed7000-7f655eed8000 ---p 00000000 00:00 0 
7f655eed8000-7f655efd9000 rw-p 00000000 00:00 0 
7f655f0d9000-7f655f9ce000 r-xp 00000000 fd:01 28199709                   /home/janel/Desktop/Studium/Semester_6/Bachelorarbeit/nochmalneu/lib/java/runtime-mathsat/libmathsat5j.so
7f655f9ce000-7f655fbce000 ---p 008f5000 fd:01 28199709                   /home/janel/Desktop/Studium/Semester_6/Bachelorarbeit/nochmalneu/lib/java/runtime-mathsat/libmathsat5j.so
7f655fbce000-7f655fbe9000 r--p 008f5000 fd:01 28199709                   /home/janel/Desktop/Studium/Semester_6/Bachelorarbeit/nochmalneu/lib/java/runtime-mathsat/libmathsat5j.so
7f655fbe9000-7f655fbfd000 rw-p 00910000 fd:01 28199709                   /home/janel/Desktop/Studium/Semester_6/Bachelorarbeit/nochmalneu/lib/java/runtime-mathsat/libmathsat5j.so
7f655fbfd000-7f655fe00000 rw-p 00000000 00:00 0 
7f655fe00000-7f6560000000 rw-p 00000000 00:00 0 
7f6560000000-7f6560021000 rw-p 00000000 00:00 0 
7f6560021000-7f6564000000 ---p 00000000 00:00 0 
7f6564000000-7f6564021000 rw-p 00000000 00:00 0 
7f6564021000-7f6568000000 ---p 00000000 00:00 0 
7f6568000000-7f6568021000 rw-p 00000000 00:00 0 
7f6568021000-7f656c000000 ---p 00000000 00:00 0 
7f656c000000-7f656c021000 rw-p 00000000 00:00 0 
7f656c021000-7f6570000000 ---p 00000000 00:00 0 
7f6570000000-7f657070c000 rw-p 00000000 00:00 0 
7f657070c000-7f6574000000 ---p 00000000 00:00 0 
7f6574000000-7f6574387000 rw-p 00000000 00:00 0 
7f6574387000-7f6578000000 ---p 00000000 00:00 0 
7f6578000000-7f6578021000 rw-p 00000000 00:00 0 
7f6578021000-7f657c000000 ---p 00000000 00:00 0 
7f657c000000-7f657c021000 rw-p 00000000 00:00 0 
7f657c021000-7f6580000000 ---p 00000000 00:00 0 
7f6580000000-7f6580021000 rw-p 00000000 00:00 0 
7f6580021000-7f6584000000 ---p 00000000 00:00 0 
7f6584000000-7f6584021000 rw-p 00000000 00:00 0 
7f6584021000-7f6588000000 ---p 00000000 00:00 0 
7f6588000000-7f6588021000 rw-p 00000000 00:00 0 
7f6588021000-7f658c000000 ---p 00000000 00:00 0 
7f658c000000-7f658c021000 rw-p 00000000 00:00 0 
7f658c021000-7f6590000000 ---p 00000000 00:00 0 
7f6590000000-7f6590021000 rw-p 00000000 00:00 0 
7f6590021000-7f6594000000 ---p 00000000 00:00 0 
7f6594000000-7f6594021000 rw-p 00000000 00:00 0 
7f6594021000-7f6598000000 ---p 00000000 00:00 0 
7f65980fe000-7f6598102000 ---p 00000000 00:00 0 
7f6598102000-7f65981ff000 rw-p 00000000 00:00 0 
7f65981ff000-7f6598201000 r-xp 00000000 fd:01 1705166                    /home/janel/.jdks/corretto-11.0.15/lib/libextnet.so
7f6598201000-7f6598400000 ---p 00002000 fd:01 1705166                    /home/janel/.jdks/corretto-11.0.15/lib/libextnet.so
7f6598400000-7f6598401000 r--p 00001000 fd:01 1705166                    /home/janel/.jdks/corretto-11.0.15/lib/libextnet.so
7f6598401000-7f6598402000 rw-p 00000000 00:00 0 
7f6598402000-7f6598403000 ---p 00000000 00:00 0 
7f6598403000-7f6598504000 rw-p 00000000 00:00 0 
7f6598504000-7f6598508000 ---p 00000000 00:00 0 
7f6598508000-7f6598605000 rw-p 00000000 00:00 0 
7f6598605000-7f659861a000 r-xp 00000000 fd:01 1705145                    /home/janel/.jdks/corretto-11.0.15/lib/libnet.so
7f659861a000-7f659881a000 ---p 00015000 fd:01 1705145                    /home/janel/.jdks/corretto-11.0.15/lib/libnet.so
7f659881a000-7f659881b000 r--p 00015000 fd:01 1705145                    /home/janel/.jdks/corretto-11.0.15/lib/libnet.so
7f659881b000-7f659881c000 rw-p 00016000 fd:01 1705145                    /home/janel/.jdks/corretto-11.0.15/lib/libnet.so
7f659881c000-7f659882c000 r-xp 00000000 fd:01 1705146                    /home/janel/.jdks/corretto-11.0.15/lib/libnio.so
7f659882c000-7f6598a2c000 ---p 00010000 fd:01 1705146                    /home/janel/.jdks/corretto-11.0.15/lib/libnio.so
7f6598a2c000-7f6598a2d000 r--p 00010000 fd:01 1705146                    /home/janel/.jdks/corretto-11.0.15/lib/libnio.so
7f6598a2d000-7f6598a2e000 rw-p 00011000 fd:01 1705146                    /home/janel/.jdks/corretto-11.0.15/lib/libnio.so
7f6598a2e000-7f6598a32000 ---p 00000000 00:00 0 
7f6598a32000-7f6598b2f000 rw-p 00000000 00:00 0 
7f6598b2f000-7f6598b33000 ---p 00000000 00:00 0 
7f6598b33000-7f6598c30000 rw-p 00000000 00:00 0 
7f6598c30000-7f6598c34000 ---p 00000000 00:00 0 
7f6598c34000-7f6598d31000 rw-p 00000000 00:00 0 
7f6598d31000-7f6598d35000 ---p 00000000 00:00 0 
7f6598d35000-7f6598e32000 rw-p 00000000 00:00 0 
7f6598e32000-7f6598e36000 ---p 00000000 00:00 0 
7f6598e36000-7f6598f33000 rw-p 00000000 00:00 0 
7f6598f33000-7f6598f37000 ---p 00000000 00:00 0 
7f6598f37000-7f6599034000 rw-p 00000000 00:00 0 
7f6599034000-7f65995fe000 r--p 00000000 fd:01 8913749                    /usr/lib/locale/locale-archive
7f65995fe000-7f6599602000 ---p 00000000 00:00 0 
7f6599602000-7f65996ff000 rw-p 00000000 00:00 0 
7f65996ff000-7f6599703000 ---p 00000000 00:00 0 
7f6599703000-7f659c000000 rw-p 00000000 00:00 0 
7f659c000000-7f659c021000 rw-p 00000000 00:00 0 
7f659c021000-7f65a0000000 ---p 00000000 00:00 0 
7f65a004a000-7f65a004d000 r--p 00000000 fd:01 8918008                    /usr/lib/x86_64-linux-gnu/libgcc_s.so.1
7f65a004d000-7f65a005f000 r-xp 00003000 fd:01 8918008                    /usr/lib/x86_64-linux-gnu/libgcc_s.so.1
7f65a005f000-7f65a0063000 r--p 00015000 fd:01 8918008                    /usr/lib/x86_64-linux-gnu/libgcc_s.so.1
7f65a0063000-7f65a0064000 r--p 00018000 fd:01 8918008                    /usr/lib/x86_64-linux-gnu/libgcc_s.so.1
7f65a0064000-7f65a0065000 rw-p 00019000 fd:01 8918008                    /usr/lib/x86_64-linux-gnu/libgcc_s.so.1
7f65a0065000-7f65a0066000 ---p 00000000 00:00 0 
7f65a0066000-7f65a0243000 rw-p 00000000 00:00 0 
7f65a0243000-7f65a0244000 ---p 00000000 00:00 0 
7f65a0244000-7f65a0345000 rw-p 00000000 00:00 0 
7f65a0345000-7f65a0346000 ---p 00000000 00:00 0 
7f65a0346000-7f65a084b000 rw-p 00000000 00:00 0 
7f65a084b000-7f65a084c000 ---p 00000000 00:00 0 
7f65a084c000-7f65a094d000 rw-p 00000000 00:00 0 
7f65a094d000-7f65a094e000 ---p 00000000 00:00 0 
7f65a094e000-7f65a0fb1000 rw-p 00000000 00:00 0 
7f65a0fb1000-7f65a56c1000 ---p 00000000 00:00 0 
7f65a56c1000-7f65a5b81000 rw-p 00000000 00:00 0 
7f65a5b81000-7f65aa291000 ---p 00000000 00:00 0 
7f65aa291000-7f65aa329000 rw-p 00000000 00:00 0 
7f65aa329000-7f65aac0b000 ---p 00000000 00:00 0 
7f65aac0b000-7f65aaca3000 rw-p 00000000 00:00 0 
7f65aaca3000-7f65ab585000 ---p 00000000 00:00 0 
7f65ab585000-7f65ab61d000 rw-p 00000000 00:00 0 
7f65ab61d000-7f65abeff000 ---p 00000000 00:00 0 
7f65abeff000-7f65ac000000 rw-p 00000000 00:00 0 
7f65ac000000-7f65ac021000 rw-p 00000000 00:00 0 
7f65ac021000-7f65b0000000 ---p 00000000 00:00 0 
7f65b0027000-7f65b032a000 rw-p 00000000 00:00 0 
7f65b032a000-7f65b032b000 ---p 00000000 00:00 0 
7f65b032b000-7f65b0431000 rw-p 00000000 00:00 0 
7f65b0431000-7f65b0517000 ---p 00000000 00:00 0 
7f65b0517000-7f65b051c000 rw-p 00000000 00:00 0 
7f65b051c000-7f65b0602000 ---p 00000000 00:00 0 
7f65b0602000-7f65b0872000 rwxp 00000000 00:00 0 
7f65b0872000-7f65b0b92000 ---p 00000000 00:00 0 
7f65b0b92000-7f65b0e02000 rwxp 00000000 00:00 0 
7f65b0e02000-7f65b80ca000 ---p 00000000 00:00 0 
7f65b80ca000-7f65b833a000 rwxp 00000000 00:00 0 
7f65b833a000-7f65bf602000 ---p 00000000 00:00 0 
7f65bf602000-7f65c7de4000 r--s 00000000 fd:01 1705122                    /home/janel/.jdks/corretto-11.0.15/lib/modules
7f65c7de4000-7f65c7dfe000 r-xp 00000000 fd:01 1705143                    /home/janel/.jdks/corretto-11.0.15/lib/libzip.so
7f65c7dfe000-7f65c7ffe000 ---p 0001a000 fd:01 1705143                    /home/janel/.jdks/corretto-11.0.15/lib/libzip.so
7f65c7ffe000-7f65c7fff000 r--p 0001a000 fd:01 1705143                    /home/janel/.jdks/corretto-11.0.15/lib/libzip.so
7f65c7fff000-7f65c8000000 rw-p 00000000 00:00 0 
7f65c8000000-7f65c88ab000 rw-p 00000000 00:00 0 
7f65c88ab000-7f65cc000000 ---p 00000000 00:00 0 
7f65cc014000-7f65cc01b000 r--s 00000000 fd:01 9573802                    /usr/lib/x86_64-linux-gnu/gconv/gconv-modules.cache
7f65cc01b000-7f65cc041000 r--p 00000000 fd:01 11414479                   /usr/share/locale-langpack/de/LC_MESSAGES/libc.mo
7f65cc041000-7f65cc046000 rw-p 00000000 00:00 0 
7f65cc046000-7f65cc04d000 ---p 00000000 00:00 0 
7f65cc04d000-7f65cc057000 r-xp 00000000 fd:01 1705176                    /home/janel/.jdks/corretto-11.0.15/lib/libinstrument.so
7f65cc057000-7f65cc256000 ---p 0000a000 fd:01 1705176                    /home/janel/.jdks/corretto-11.0.15/lib/libinstrument.so
7f65cc256000-7f65cc257000 r--p 00009000 fd:01 1705176                    /home/janel/.jdks/corretto-11.0.15/lib/libinstrument.so
7f65cc257000-7f65cc258000 rw-p 0000a000 fd:01 1705176                    /home/janel/.jdks/corretto-11.0.15/lib/libinstrument.so
7f65cc258000-7f65cc273000 r-xp 00000000 fd:01 1705144                    /home/janel/.jdks/corretto-11.0.15/lib/libjimage.so
7f65cc273000-7f65cc473000 ---p 0001b000 fd:01 1705144                    /home/janel/.jdks/corretto-11.0.15/lib/libjimage.so
7f65cc473000-7f65cc475000 r--p 0001b000 fd:01 1705144                    /home/janel/.jdks/corretto-11.0.15/lib/libjimage.so
7f65cc475000-7f65cc476000 rw-p 0001d000 fd:01 1705144                    /home/janel/.jdks/corretto-11.0.15/lib/libjimage.so
7f65cc476000-7f65cc4a0000 r-xp 00000000 fd:01 1705142                    /home/janel/.jdks/corretto-11.0.15/lib/libjava.so
7f65cc4a0000-7f65cc69f000 ---p 0002a000 fd:01 1705142                    /home/janel/.jdks/corretto-11.0.15/lib/libjava.so
7f65cc69f000-7f65cc6a0000 r--p 00029000 fd:01 1705142                    /home/janel/.jdks/corretto-11.0.15/lib/libjava.so
7f65cc6a0000-7f65cc6a1000 rw-p 0002a000 fd:01 1705142                    /home/janel/.jdks/corretto-11.0.15/lib/libjava.so
7f65cc6a1000-7f65cc6a2000 rw-p 00000000 00:00 0 
7f65cc6a2000-7f65cc6af000 r-xp 00000000 fd:01 1705140                    /home/janel/.jdks/corretto-11.0.15/lib/libverify.so
7f65cc6af000-7f65cc8ae000 ---p 0000d000 fd:01 1705140                    /home/janel/.jdks/corretto-11.0.15/lib/libverify.so
7f65cc8ae000-7f65cc8b0000 r--p 0000c000 fd:01 1705140                    /home/janel/.jdks/corretto-11.0.15/lib/libverify.so
7f65cc8b0000-7f65cc8b1000 rw-p 00000000 00:00 0 
7f65cc8b1000-7f65cc8b3000 r--p 00000000 fd:01 8915073                    /usr/lib/x86_64-linux-gnu/librt-2.31.so
7f65cc8b3000-7f65cc8b7000 r-xp 00002000 fd:01 8915073                    /usr/lib/x86_64-linux-gnu/librt-2.31.so
7f65cc8b7000-7f65cc8b9000 r--p 00006000 fd:01 8915073                    /usr/lib/x86_64-linux-gnu/librt-2.31.so
7f65cc8b9000-7f65cc8ba000 r--p 00007000 fd:01 8915073                    /usr/lib/x86_64-linux-gnu/librt-2.31.so
7f65cc8ba000-7f65cc8bb000 rw-p 00008000 fd:01 8915073                    /usr/lib/x86_64-linux-gnu/librt-2.31.so
7f65cc8bb000-7f65cc8bf000 ---p 00000000 00:00 0 
7f65cc8bf000-7f65cc9bc000 rw-p 00000000 00:00 0 
7f65cc9bc000-7f65cc9c9000 r--p 00000000 fd:01 8915060                    /usr/lib/x86_64-linux-gnu/libm-2.31.so
7f65cc9c9000-7f65cca70000 r-xp 0000d000 fd:01 8915060                    /usr/lib/x86_64-linux-gnu/libm-2.31.so
7f65cca70000-7f65ccb09000 r--p 000b4000 fd:01 8915060                    /usr/lib/x86_64-linux-gnu/libm-2.31.so
7f65ccb09000-7f65ccb0a000 r--p 0014c000 fd:01 8915060                    /usr/lib/x86_64-linux-gnu/libm-2.31.so
7f65ccb0a000-7f65ccb0b000 rw-p 0014d000 fd:01 8915060                    /usr/lib/x86_64-linux-gnu/libm-2.31.so
7f65ccb0b000-7f65cdd7b000 r-xp 00000000 fd:01 1705134                    /home/janel/.jdks/corretto-11.0.15/lib/server/libjvm.so
7f65cdd7b000-7f65cdf7b000 ---p 01270000 fd:01 1705134                    /home/janel/.jdks/corretto-11.0.15/lib/server/libjvm.so
7f65cdf7b000-7f65ce040000 r--p 01270000 fd:01 1705134                    /home/janel/.jdks/corretto-11.0.15/lib/server/libjvm.so
7f65ce040000-7f65ce07b000 rw-p 01335000 fd:01 1705134                    /home/janel/.jdks/corretto-11.0.15/lib/server/libjvm.so
7f65ce07b000-7f65ce0d5000 rw-p 00000000 00:00 0 
7f65ce0d5000-7f65ce0f7000 r--p 00000000 fd:01 8915058                    /usr/lib/x86_64-linux-gnu/libc-2.31.so
7f65ce0f7000-7f65ce26f000 r-xp 00022000 fd:01 8915058                    /usr/lib/x86_64-linux-gnu/libc-2.31.so
7f65ce26f000-7f65ce2bd000 r--p 0019a000 fd:01 8915058                    /usr/lib/x86_64-linux-gnu/libc-2.31.so
7f65ce2bd000-7f65ce2c1000 r--p 001e7000 fd:01 8915058                    /usr/lib/x86_64-linux-gnu/libc-2.31.so
7f65ce2c1000-7f65ce2c3000 rw-p 001eb000 fd:01 8915058                    /usr/lib/x86_64-linux-gnu/libc-2.31.so
7f65ce2c3000-7f65ce2c7000 rw-p 00000000 00:00 0 
7f65ce2c7000-7f65ce2c8000 r--p 00000000 fd:01 8915059                    /usr/lib/x86_64-linux-gnu/libdl-2.31.so
7f65ce2c8000-7f65ce2ca000 r-xp 00001000 fd:01 8915059                    /usr/lib/x86_64-linux-gnu/libdl-2.31.so
7f65ce2ca000-7f65ce2cb000 r--p 00003000 fd:01 8915059                    /usr/lib/x86_64-linux-gnu/libdl-2.31.so
7f65ce2cb000-7f65ce2cc000 r--p 00003000 fd:01 8915059                    /usr/lib/x86_64-linux-gnu/libdl-2.31.so
7f65ce2cc000-7f65ce2cd000 rw-p 00004000 fd:01 8915059                    /usr/lib/x86_64-linux-gnu/libdl-2.31.so
7f65ce2cd000-7f65ce2e7000 r-xp 00000000 fd:01 1705139                    /home/janel/.jdks/corretto-11.0.15/lib/jli/libjli.so
7f65ce2e7000-7f65ce4e6000 ---p 0001a000 fd:01 1705139                    /home/janel/.jdks/corretto-11.0.15/lib/jli/libjli.so
7f65ce4e6000-7f65ce4e7000 r--p 00019000 fd:01 1705139                    /home/janel/.jdks/corretto-11.0.15/lib/jli/libjli.so
7f65ce4e7000-7f65ce4e8000 rw-p 0001a000 fd:01 1705139                    /home/janel/.jdks/corretto-11.0.15/lib/jli/libjli.so
7f65ce4e8000-7f65ce4ee000 r--p 00000000 fd:01 8915071                    /usr/lib/x86_64-linux-gnu/libpthread-2.31.so
7f65ce4ee000-7f65ce4ff000 r-xp 00006000 fd:01 8915071                    /usr/lib/x86_64-linux-gnu/libpthread-2.31.so
7f65ce4ff000-7f65ce505000 r--p 00017000 fd:01 8915071                    /usr/lib/x86_64-linux-gnu/libpthread-2.31.so
7f65ce505000-7f65ce506000 r--p 0001c000 fd:01 8915071                    /usr/lib/x86_64-linux-gnu/libpthread-2.31.so
7f65ce506000-7f65ce507000 rw-p 0001d000 fd:01 8915071                    /usr/lib/x86_64-linux-gnu/libpthread-2.31.so
7f65ce507000-7f65ce50b000 rw-p 00000000 00:00 0 
7f65ce50b000-7f65ce513000 rw-s 00000000 fd:01 11535286                   /tmp/hsperfdata_janel/96369
7f65ce513000-7f65ce516000 r--p 00000000 fd:01 8915066                    /usr/lib/x86_64-linux-gnu/libnss_files-2.31.so
7f65ce516000-7f65ce51d000 r-xp 00003000 fd:01 8915066                    /usr/lib/x86_64-linux-gnu/libnss_files-2.31.so
7f65ce51d000-7f65ce51f000 r--p 0000a000 fd:01 8915066                    /usr/lib/x86_64-linux-gnu/libnss_files-2.31.so
7f65ce51f000-7f65ce520000 r--p 0000b000 fd:01 8915066                    /usr/lib/x86_64-linux-gnu/libnss_files-2.31.so
7f65ce520000-7f65ce521000 rw-p 0000c000 fd:01 8915066                    /usr/lib/x86_64-linux-gnu/libnss_files-2.31.so
7f65ce521000-7f65ce527000 rw-p 00000000 00:00 0 
7f65ce527000-7f65ce528000 ---p 00000000 00:00 0 
7f65ce528000-7f65ce529000 r--p 00000000 00:00 0 
7f65ce529000-7f65ce52b000 rw-p 00000000 00:00 0 
7f65ce52b000-7f65ce52c000 r--p 00000000 fd:01 8915051                    /usr/lib/x86_64-linux-gnu/ld-2.31.so
7f65ce52c000-7f65ce54f000 r-xp 00001000 fd:01 8915051                    /usr/lib/x86_64-linux-gnu/ld-2.31.so
7f65ce54f000-7f65ce557000 r--p 00024000 fd:01 8915051                    /usr/lib/x86_64-linux-gnu/ld-2.31.so
7f65ce558000-7f65ce559000 r--p 0002c000 fd:01 8915051                    /usr/lib/x86_64-linux-gnu/ld-2.31.so
7f65ce559000-7f65ce55a000 rw-p 0002d000 fd:01 8915051                    /usr/lib/x86_64-linux-gnu/ld-2.31.so
7f65ce55a000-7f65ce55b000 rw-p 00000000 00:00 0 
7ffd1b81c000-7ffd1b83e000 rw-p 00000000 00:00 0                          [stack]
7ffd1b996000-7ffd1b99a000 r--p 00000000 00:00 0                          [vvar]
7ffd1b99a000-7ffd1b99c000 r-xp 00000000 00:00 0                          [vdso]
ffffffffff600000-ffffffffff601000 --xp 00000000 00:00 0                  [vsyscall]


VM Arguments:
jvm_args: -ea -Didea.test.cyclic.buffer.size=1048576 -javaagent:/snap/intellij-idea-community/464/lib/idea_rt.jar=45259:/snap/intellij-idea-community/464/bin -Dfile.encoding=UTF-8 
java_command: com.intellij.rt.junit.JUnitStarter -ideVersion5 -junit4 org.sosy_lab.java_smt.test.BooleanGeneratorTest
java_class_path (initial): /snap/intellij-idea-community/464/lib/idea_rt.jar:/snap/intellij-idea-community/464/plugins/junit/lib/junit5-rt.jar:/snap/intellij-idea-community/464/plugins/junit/lib/junit-rt.jar:/home/janel/Desktop/Studium/Semester_6/Bachelorarbeit/nochmalneu/bin:/home/janel/Desktop/Studium/Semester_6/Bachelorarbeit/nochmalneu/lib/java/core/guava.jar:/home/janel/Desktop/Studium/Semester_6/Bachelorarbeit/nochmalneu/lib/java/core/common.jar:/home/janel/Desktop/Studium/Semester_6/Bachelorarbeit/nochmalneu/lib/java/build/auto-value-annotations.jar:/home/janel/Desktop/Studium/Semester_6/Bachelorarbeit/nochmalneu/lib/java/test/jsr305.jar:/home/janel/Desktop/Studium/Semester_6/Bachelorarbeit/nochmalneu/lib/java/test/junit.jar:/home/janel/Desktop/Studium/Semester_6/Bachelorarbeit/nochmalneu/lib/java/test/guava-testlib.jar:/home/janel/Desktop/Studium/Semester_6/Bachelorarbeit/nochmalneu/lib/java/test/truth.jar:/home/janel/Desktop/Studium/Semester_6/Bachelorarbeit/nochmalneu/lib/java/core/checker-qual.jar:/home/janel/Desktop/Studium/Semester_6/Bachelorarbeit/nochmalneu/lib/java/core/spotbugs-annotations.jar:/home/janel/Desktop/Studium/Semester_6/Bachelorarbeit/nochmalneu/lib/java/test/truth-java8-extension.jar:/home/janel/Desktop/Studium/Semester_6/Bachelorarbeit/nochmalneu/lib/java/runtime-smtinterpol/smtinterpol.jar:/home/janel/Desktop/Studium/Semester_6/Bachelorarbeit/nochmalneu/lib/java/runtime-princess/princess_2.13.jar:/home/janel/Desktop/Studium/Semester_6/Bachelorarbeit/nochmalneu/lib/java/runtime-princess/princess-parser_2.13.jar:/home/janel/Desktop/Studium/Semester_6/Bachelorarbeit/nochmalneu/lib/java/runtime-princess/princess-smt-parser_2.13.jar:/home/janel/Desktop/Studium/Semester_6/Bachelorarbeit/nochmalneu/lib/java/runtime-princess/scala-library.jar:/home/janel/Desktop/Studium/Semester_6/Bachelorarbeit/nochmalneu/lib/java/runtime-princess/java-cup-runtime.jar:/home/janel/Desktop/Studium/Semester_6/Bachelorarbeit/nochmalneu/lib/java/test/hamcrest-c
Launcher Type: SUN_STANDARD

[Global flags]
     intx CICompilerCount                          = 3                                         {product} {ergonomic}
     uint ConcGCThreads                            = 1                                         {product} {ergonomic}
     uint G1ConcRefinementThreads                  = 4                                         {product} {ergonomic}
   size_t G1HeapRegionSize                         = 1048576                                   {product} {ergonomic}
    uintx GCDrainStackTargetSize                   = 64                                        {product} {ergonomic}
   size_t InitialHeapSize                          = 318767104                                 {product} {ergonomic}
   size_t MarkStackSize                            = 4194304                                   {product} {ergonomic}
   size_t MaxHeapSize                              = 5087690752                                {product} {ergonomic}
   size_t MaxNewSize                               = 3052404736                                {product} {ergonomic}
   size_t MinHeapDeltaBytes                        = 1048576                                   {product} {ergonomic}
    uintx NonNMethodCodeHeapSize                   = 5830732                                {pd product} {ergonomic}
    uintx NonProfiledCodeHeapSize                  = 122913754                              {pd product} {ergonomic}
    uintx ProfiledCodeHeapSize                     = 122913754                              {pd product} {ergonomic}
    uintx ReservedCodeCacheSize                    = 251658240                              {pd product} {ergonomic}
     bool SegmentedCodeCache                       = true                                      {product} {ergonomic}
     bool UseCompressedClassPointers               = true                                 {lp64_product} {ergonomic}
     bool UseCompressedOops                        = true                                 {lp64_product} {ergonomic}
     bool UseG1GC                                  = true                                      {product} {ergonomic}

Logging:
Log output configuration:
 #0: stdout all=warning uptime,level,tags
 #1: stderr all=off uptime,level,tags

Environment Variables:
JAVA_HOME=/usr/lib/jvm/java-16-oracle
PATH=/home/janel/.opam/default/bin:/home/janel/.local/bin:/home/janel/bin:/usr/local/sbin:/usr/local/bin:/usr/sbin:/usr/bin:/sbin:/bin:/usr/games:/usr/local/games:/snap/bin:/usr/lib/jvm/java-16-oracle/bin:/usr/lib/jvm/java-16-oracle/db/bin:/home/janel/bin
USERNAME=janel
SHELL=/usr/bin/fish
DISPLAY=:0
LANG=de_DE.UTF-8

Signal Handlers:
SIGSEGV: [libjvm.so+0xf43c90], sa_mask[0]=11111111011111111101111111111110, sa_flags=SA_RESTART|SA_SIGINFO
SIGBUS: [libjvm.so+0xf43c90], sa_mask[0]=11111111011111111101111111111110, sa_flags=SA_RESTART|SA_SIGINFO
SIGFPE: [libjvm.so+0xf43c90], sa_mask[0]=11111111011111111101111111111110, sa_flags=SA_RESTART|SA_SIGINFO
SIGPIPE: [libjvm.so+0xc645d0], sa_mask[0]=11111111011111111101111111111110, sa_flags=SA_RESTART|SA_SIGINFO
SIGXFSZ: [libjvm.so+0xc645d0], sa_mask[0]=11111111011111111101111111111110, sa_flags=SA_RESTART|SA_SIGINFO
SIGILL: [libjvm.so+0xf43c90], sa_mask[0]=11111111011111111101111111111110, sa_flags=SA_RESTART|SA_SIGINFO
SIGUSR2: [libjvm.so+0xc64470], sa_mask[0]=00100000000000000000000000000000, sa_flags=SA_RESTART|SA_SIGINFO
SIGHUP: [libjvm.so+0xc647d0], sa_mask[0]=11111111011111111101111111111110, sa_flags=SA_RESTART|SA_SIGINFO
SIGINT: [libjvm.so+0xc647d0], sa_mask[0]=11111111011111111101111111111110, sa_flags=SA_RESTART|SA_SIGINFO
SIGTERM: [libjvm.so+0xc647d0], sa_mask[0]=11111111011111111101111111111110, sa_flags=SA_RESTART|SA_SIGINFO
SIGQUIT: [libjvm.so+0xc647d0], sa_mask[0]=11111111011111111101111111111110, sa_flags=SA_RESTART|SA_SIGINFO


---------------  S Y S T E M  ---------------

OS:DISTRIB_ID=Ubuntu
DISTRIB_RELEASE=20.04
DISTRIB_CODENAME=focal
DISTRIB_DESCRIPTION="Ubuntu 20.04.5 LTS"
uname:Linux 5.15.0-87-generic #97~20.04.1-Ubuntu SMP Thu Oct 5 08:25:28 UTC 2023 x86_64
OS uptime: 3 days 1:37 hours
libc:glibc 2.31 NPTL 2.31 
rlimit (soft/hard): STACK 8192k/infinity , CORE 0k/infinity , NPROC 77088/77088 , NOFILE 1048576/1048576 , AS infinity/infinity , CPU infinity/infinity , DATA infinity/infinity , FSIZE infinity/infinity , MEMLOCK 65536k/65536k
load average:1,35 1,16 1,07

/proc/meminfo:
MemTotal:       19869448 kB
MemFree:          399712 kB
MemAvailable:   10048412 kB
Buffers:         1031864 kB
Cached:          8140152 kB
SwapCached:          380 kB
Active:          5745148 kB
Inactive:       11202784 kB
Active(anon):     410580 kB
Inactive(anon):  8354144 kB
Active(file):    5334568 kB
Inactive(file):  2848640 kB
Unevictable:      210176 kB
Mlocked:              64 kB
SwapTotal:       1003516 kB
SwapFree:        1000532 kB
Dirty:             24424 kB
Writeback:             0 kB
AnonPages:       7985856 kB
Mapped:          1662028 kB
Shmem:            988804 kB
KReclaimable:    1828428 kB
Slab:            2078992 kB
SReclaimable:    1828428 kB
SUnreclaim:       250564 kB
KernelStack:       23856 kB
PageTables:        68204 kB
NFS_Unstable:          0 kB
Bounce:                0 kB
WritebackTmp:          0 kB
CommitLimit:    10938240 kB
Committed_AS:   18732456 kB
VmallocTotal:   34359738367 kB
VmallocUsed:       58248 kB
VmallocChunk:          0 kB
Percpu:             6240 kB
HardwareCorrupted:     0 kB
AnonHugePages:         0 kB
ShmemHugePages:        0 kB
ShmemPmdMapped:        0 kB
FileHugePages:         0 kB
FilePmdMapped:         0 kB
HugePages_Total:       0
HugePages_Free:        0
HugePages_Rsvd:        0
HugePages_Surp:        0
Hugepagesize:       2048 kB
Hugetlb:               0 kB
DirectMap4k:      723020 kB
DirectMap2M:    19634176 kB
DirectMap1G:           0 kB

/sys/kernel/mm/transparent_hugepage/enabled:
always [madvise] never
/sys/kernel/mm/transparent_hugepage/defrag (defrag/compaction efforts parameter):
always defer defer+madvise [madvise] never

Process Memory:
Virtual Size: 8106304K (peak: 8170816K)
Resident Set Size: 85876K (peak: 85876K) (anon: 59548K, file: 26328K, shmem: 0K)
Swapped out: 0K
C-Heap outstanding allocations: 17917K

/proc/sys/kernel/threads-max (system-wide limit on the number of threads):
154176
/proc/sys/vm/max_map_count (maximum number of memory map areas a process may have):
65530
/proc/sys/kernel/pid_max (system-wide limit on number of process identifiers):
4194304

container (cgroup) information:
container_type: cgroupv1
cpu_cpuset_cpus: 0-3
cpu_memory_nodes: 0
active_processor_count: 4
cpu_quota: -1
cpu_period: 100000
cpu_shares: -1
memory_limit_in_bytes: -1
memory_and_swap_limit_in_bytes: -1
memory_soft_limit_in_bytes: -1
memory_usage_in_bytes: 6274052096
memory_max_usage_in_bytes: 6920253440

Steal ticks since vm start: 0
Steal ticks percentage since vm start:  0,000

CPU:total 4 (initial active 4) (2 cores per cpu, 2 threads per core) family 6 model 78 stepping 3 microcode 0xf0, cmov, cx8, fxsr, mmx, sse, sse2, sse3, ssse3, sse4.1, sse4.2, popcnt, avx, avx2, aes, clmul, erms, 3dnowpref, lzcnt, ht, tsc, tscinvbit, bmi1, bmi2, adx, fma
CPU Model and flags from /proc/cpuinfo:
model name	: Intel(R) Core(TM) i7-6600U CPU @ 2.60GHz
flags		: fpu vme de pse tsc msr pae mce cx8 apic sep mtrr pge mca cmov pat pse36 clflush dts acpi mmx fxsr sse sse2 ss ht tm pbe syscall nx pdpe1gb rdtscp lm constant_tsc art arch_perfmon pebs bts rep_good nopl xtopology nonstop_tsc cpuid aperfmperf pni pclmulqdq dtes64 monitor ds_cpl vmx smx est tm2 ssse3 sdbg fma cx16 xtpr pdcm pcid sse4_1 sse4_2 x2apic movbe popcnt tsc_deadline_timer aes xsave avx f16c rdrand lahf_lm abm 3dnowprefetch cpuid_fault epb invpcid_single pti ssbd ibrs ibpb stibp tpr_shadow vnmi flexpriority ept vpid ept_ad fsgsbase tsc_adjust bmi1 avx2 smep bmi2 erms invpcid mpx rdseed adx smap clflushopt intel_pt xsaveopt xsavec xgetbv1 xsaves dtherm ida arat pln pts hwp hwp_notify hwp_act_window hwp_epp md_clear flush_l1d arch_capabilities
Online cpus:
0-3
Offline cpus:

BIOS frequency limitation:
<Not Available>
Frequency switch latency (ns):
0
Available cpu frequencies:
<Not Available>
Current governor:
powersave
Core performance/turbo boost:
<Not Available>

Memory: 4k page, physical 19869448k(399712k free), swap 1003516k(1000532k free)

vm_info: OpenJDK 64-Bit Server VM (11.0.15+9-LTS) for linux-amd64 JRE (11.0.15+9-LTS), built on Apr 15 2022 22:17:05 by "jenkins" with gcc 7.3.1 20180303 (Red Hat 7.3.1-5)

END.
