#
# A fatal error has been detected by the Java Runtime Environment:
#
#  SIGSEGV (0xb) at pc=0x00007fa7e610f1b9, pid=669117, tid=669121
#
# JRE version: Java(TM) SE Runtime Environment (16.0.1+9) (build 16.0.1+9-24)
# Java VM: Java HotSpot(TM) 64-Bit Server VM (16.0.1+9-24, mixed mode, sharing, tiered, compressed oops, compressed class ptrs, g1 gc, linux-amd64)
# Problematic frame:
# C  [libc.so.6+0x9c1b9]  malloc_usable_size+0x9
#
# Core dump will be written. Default location: Core dumps may be processed with "/usr/share/apport/apport -p%p -s%s -c%c -d%d -P%P -u%u -g%g -- %E" (or dumping to /home/janel/Desktop/Studium/Semester_6/Bachelorarbeit/nochmalneu/core.669117)
#
# If you would like to submit a bug report, please visit:
#   https://bugreport.java.com/bugreport/crash.jsp
# The crash happened outside the Java Virtual Machine in native code.
# See problematic frame for where to report the bug.
#

---------------  S U M M A R Y ------------

Command Line: -javaagent:/tmp/jacocoagent11872423891924621692.jar=destfile=/home/janel/Desktop/Studium/Semester_6/Bachelorarbeit/nochmalneu/junit/jacoco.exec,excludes=**/*Test*:**/Dummy* -Djava.awt.headless=true -ea org.apache.tools.ant.taskdefs.optional.junit.JUnitTestRunner org.sosy_lab.java_smt.test.TimeoutTest skipNonTests=false filtertrace=true haltOnError=false haltOnFailure=false formatter=org.apache.tools.ant.taskdefs.optional.junit.SummaryJUnitResultFormatter showoutput=false outputtoformatters=true logfailedtests=true threadid=0 logtestlistenerevents=false formatter=org.apache.tools.ant.taskdefs.optional.junit.XMLJUnitResultFormatter,/home/janel/Desktop/Studium/Semester_6/Bachelorarbeit/nochmalneu/junit/TEST-org.sosy_lab.java_smt.test.TimeoutTest.xml crashfile=/home/janel/Desktop/Studium/Semester_6/Bachelorarbeit/nochmalneu/junitvmwatcher4552648873426287875.properties propsfile=/home/janel/Desktop/Studium/Semester_6/Bachelorarbeit/nochmalneu/junit3192410033118446994.properties

Host: Intel(R) Core(TM) i7-6600U CPU @ 2.60GHz, 4 cores, 18G, Ubuntu 20.04.5 LTS
Time: Wed Nov 15 12:41:57 2023 CET elapsed time: 182.728620 seconds (0d 0h 3m 2s)

---------------  T H R E A D  ---------------

Current thread (0x00007fa7e0028140):  JavaThread "main" [_thread_in_native, id=669121, stack(0x00007fa7e4bd3000,0x00007fa7e4cd4000)]

Stack: [0x00007fa7e4bd3000,0x00007fa7e4cd4000],  sp=0x00007fa7e4cd1788,  free space=1017k
Native frames: (J=compiled Java code, A=aot compiled Java code, j=interpreted, Vv=VM code, C=native code)
C  [libc.so.6+0x9c1b9]  malloc_usable_size+0x9

Java frames: (J=compiled Java code, j=interpreted, Vv=VM code)
j  com.microsoft.z3.Native.INTERNALdelContext(J)V+0
j  com.microsoft.z3.Native.delContext(J)V+5
j  org.sosy_lab.java_smt.solvers.z3.Z3SolverContext.close()V+88
j  org.sosy_lab.java_smt.test.SolverBasedTest0.closeSolver()V+11
j  jdk.internal.reflect.GeneratedMethodAccessor2.invoke(Ljava/lang/Object;[Ljava/lang/Object;)Ljava/lang/Object;+36
J 3717 c1 jdk.internal.reflect.DelegatingMethodAccessorImpl.invoke(Ljava/lang/Object;[Ljava/lang/Object;)Ljava/lang/Object; java.base@16.0.1 (10 bytes) @ 0x00007fa7c9fd0fcc [0x00007fa7c9fd0ec0+0x000000000000010c]
J 3681 c1 java.lang.reflect.Method.invoke(Ljava/lang/Object;[Ljava/lang/Object;)Ljava/lang/Object; java.base@16.0.1 (65 bytes) @ 0x00007fa7c9db9844 [0x00007fa7c9db9500+0x0000000000000344]
j  org.junit.runners.model.FrameworkMethod$1.runReflectiveCall()Ljava/lang/Object;+19
j  org.junit.internal.runners.model.ReflectiveCallable.run()Ljava/lang/Object;+5
j  org.junit.runners.model.FrameworkMethod.invokeExplosively(Ljava/lang/Object;[Ljava/lang/Object;)Ljava/lang/Object;+14
j  org.junit.internal.runners.statements.RunAfters.invokeMethod(Lorg/junit/runners/model/FrameworkMethod;)V+13
j  org.junit.internal.runners.statements.RunAfters.evaluate()V+177
j  org.junit.runners.ParentRunner$3.evaluate()V+8
j  org.junit.runners.BlockJUnit4ClassRunner$1.evaluate()V+15
j  org.junit.runners.ParentRunner.runLeaf(Lorg/junit/runners/model/Statement;Lorg/junit/runner/Description;Lorg/junit/runner/notification/RunNotifier;)V+34
j  org.junit.runners.BlockJUnit4ClassRunner.runChild(Lorg/junit/runners/model/FrameworkMethod;Lorg/junit/runner/notification/RunNotifier;)V+63
j  org.junit.runners.BlockJUnit4ClassRunner.runChild(Ljava/lang/Object;Lorg/junit/runner/notification/RunNotifier;)V+10
j  org.junit.runners.ParentRunner$4.run()V+16
j  org.junit.runners.ParentRunner$1.schedule(Ljava/lang/Runnable;)V+5
j  org.junit.runners.ParentRunner.runChildren(Lorg/junit/runner/notification/RunNotifier;)V+66
j  org.junit.runners.ParentRunner.access$100(Lorg/junit/runners/ParentRunner;Lorg/junit/runner/notification/RunNotifier;)V+6
j  org.junit.runners.ParentRunner$2.evaluate()V+12
j  org.junit.runners.ParentRunner.run(Lorg/junit/runner/notification/RunNotifier;)V+45
j  org.junit.runners.Suite.runChild(Lorg/junit/runner/Runner;Lorg/junit/runner/notification/RunNotifier;)V+6
j  org.junit.runners.Suite.runChild(Ljava/lang/Object;Lorg/junit/runner/notification/RunNotifier;)V+10
j  org.junit.runners.ParentRunner$4.run()V+16
j  org.junit.runners.ParentRunner$1.schedule(Ljava/lang/Runnable;)V+5
j  org.junit.runners.ParentRunner.runChildren(Lorg/junit/runner/notification/RunNotifier;)V+66
j  org.junit.runners.ParentRunner.access$100(Lorg/junit/runners/ParentRunner;Lorg/junit/runner/notification/RunNotifier;)V+6
j  org.junit.runners.ParentRunner$2.evaluate()V+12
j  org.junit.runners.ParentRunner$3.evaluate()V+8
j  org.junit.runners.ParentRunner.run(Lorg/junit/runner/notification/RunNotifier;)V+45
j  junit.framework.JUnit4TestAdapter.run(Ljunit/framework/TestResult;)V+13
j  org.apache.tools.ant.taskdefs.optional.junit.JUnitTestRunner.run()V+834
j  org.apache.tools.ant.taskdefs.optional.junit.JUnitTestRunner.launch(Lorg/apache/tools/ant/taskdefs/optional/junit/JUnitTest;[Ljava/lang/String;ZZZZZZ)I+41
j  org.apache.tools.ant.taskdefs.optional.junit.JUnitTestRunner.main([Ljava/lang/String;)V+983
v  ~StubRoutines::call_stub

siginfo: si_signo: 11 (SIGSEGV), si_code: 1 (SEGV_MAPERR), si_addr: 0x00007fa6fffffff8

Register to memory mapping:

RAX=0x00007fa7e08f4e20 points into unknown readable memory: 0x00007fa7e08f4e30 | 30 4e 8f e0 a7 7f 00 00
RBX=0x00007fa7e08f4e60 points into unknown readable memory: 0x0000000000000000 | 00 00 00 00 00 00 00 00
RCX=0xffffffffffffffb0 is an unknown value
RDX=0x00007fa7e0000080 points into unknown readable memory: 0x00007fa7e1dca380 | 80 a3 dc e1 a7 7f 00 00
RSP=0x00007fa7e4cd1788 is pointing into the stack for thread: 0x00007fa7e0028140
RBP=0x00007fa700000000 is an unknown value
RSI=0x0 is NULL
RDI=0x00007fa700000000 is an unknown value
R8 =0x0000000000000006 is an unknown value
R9 =0x00007fa7e00007b0 points into unknown readable memory: 0x00007fa7e00007a0 | a0 07 00 e0 a7 7f 00 00
R10=0x00007fa7e00008d0 points into unknown readable memory: 0x0007000000010002 | 02 00 01 00 00 00 07 00
R11=0x00007fa7e0000080 points into unknown readable memory: 0x00007fa7e1dca380 | 80 a3 dc e1 a7 7f 00 00
R12=0x00007fa7e0b27b80 points into unknown readable memory: 0x00007fa7e0ba1970 | 70 19 ba e0 a7 7f 00 00
R13={method} {0x00007fa7acaf6b78} 'INTERNALdelContext' '(J)V' in 'com/microsoft/z3/Native'
R14=0x00007fa7e4cd1880 is pointing into the stack for thread: 0x00007fa7e0028140
R15=0x00007fa7e0028140 is a thread


Registers:
RAX=0x00007fa7e08f4e20, RBX=0x00007fa7e08f4e60, RCX=0xffffffffffffffb0, RDX=0x00007fa7e0000080
RSP=0x00007fa7e4cd1788, RBP=0x00007fa700000000, RSI=0x0000000000000000, RDI=0x00007fa700000000
R8 =0x0000000000000006, R9 =0x00007fa7e00007b0, R10=0x00007fa7e00008d0, R11=0x00007fa7e0000080
R12=0x00007fa7e0b27b80, R13=0x00007fa7acaf6b78, R14=0x00007fa7e4cd1880, R15=0x00007fa7e0028140
RIP=0x00007fa7e610f1b9, EFLAGS=0x0000000000010206, CSGSFS=0x002b000000000033, ERR=0x0000000000000004
  TRAPNO=0x000000000000000e

Top of Stack: (sp=0x00007fa7e4cd1788)
0x00007fa7e4cd1788:   00007fa75ba43fec 00007fa7e08f4e60
0x00007fa7e4cd1798:   00007fa7e08f47c0 00007fa7e0b27b80
0x00007fa7e4cd17a8:   00007fa75a62c0af 00007fa7e4cd17b0
0x00007fa7e4cd17b8:   0000000000000000 00007fa7e08f47c0 

Instructions: (pc=0x00007fa7e610f1b9)
0x00007fa7e610f0b9:   0f 1f 80 00 00 00 00 48 8d 0d 09 96 11 00 ba ad
0x00007fa7e610f0c9:   12 00 00 48 8d 35 03 93 11 00 48 8d 3d 4e de 11
0x00007fa7e610f0d9:   00 e8 a1 91 ff ff 90 48 8d 0d e9 95 11 00 ba ac
0x00007fa7e610f0e9:   12 00 00 48 8d 35 e3 92 11 00 48 8d 3d f6 dd 11
0x00007fa7e610f0f9:   00 e8 81 91 ff ff 90 31 c0 f0 41 0f b1 17 0f 84
0x00007fa7e610f109:   f0 fd ff ff 4c 89 ff e8 8b 84 ff ff e9 e3 fd ff
0x00007fa7e610f119:   ff 66 0f 1f 44 00 00 31 c0 41 87 07 83 f8 01 0f
0x00007fa7e610f129:   8e da fe ff ff 45 31 d2 ba 01 00 00 00 be 81 00
0x00007fa7e610f139:   00 00 4c 89 ff b8 ca 00 00 00 0f 05 e9 be fe ff
0x00007fa7e610f149:   ff 66 0f 1f 44 00 00 e8 fb ce ff ff e9 7b fd ff
0x00007fa7e610f159:   ff 66 0f 1f 44 00 00 48 89 dd 48 c1 ed 0f 48 81
0x00007fa7e610f169:   fb ff 7f 02 00 77 10 8d 45 77 89 44 24 10 e9 aa
0x00007fa7e610f179:   fd ff ff 0f 1f 40 00 48 89 dd b8 02 00 00 00 48
0x00007fa7e610f189:   c1 ed 12 48 81 fb ff ff 0b 00 48 0f 47 e8 8d 45
0x00007fa7e610f199:   7c 89 44 24 10 e9 83 fd ff ff 66 66 2e 0f 1f 84
0x00007fa7e610f1a9:   00 00 00 00 00 66 90 f3 0f 1e fa 48 85 ff 74 5f
0x00007fa7e610f1b9:   48 8b 47 f8 48 8d 4f f0 48 89 c6 48 83 e0 f8 83
0x00007fa7e610f1c9:   e6 02 83 3d 96 2c 15 00 01 48 89 c2 74 49 48 85
0x00007fa7e610f1d9:   f6 74 1c 48 3b 0d b5 2c 15 00 72 2b 48 3b 0d a4
0x00007fa7e610f1e9:   2c 15 00 73 22 48 8d 40 f8 c3 0f 1f 44 00 00 48
0x00007fa7e610f1f9:   8b 44 01 08 48 83 ea 08 83 e0 01 48 0f 45 c2 c3
0x00007fa7e610f209:   0f 1f 80 00 00 00 00 48 8d 42 f0 c3 0f 1f 00 31
0x00007fa7e610f219:   c0 c3 0f 1f 44 00 00 49 89 c8 48 89 c8 48 c1 e8
0x00007fa7e610f229:   0b 49 c1 e8 03 41 31 c0 b8 02 00 00 00 41 80 f8
0x00007fa7e610f239:   01 44 0f 44 c0 31 c0 48 85 f6 0f 94 c0 48 8d 44
0x00007fa7e610f249:   c2 ff 0f b6 54 07 f0 44 38 c2 74 1c 0f 1f 00 84
0x00007fa7e610f259:   d2 74 1a 48 8d 72 10 48 39 f0 72 11 48 29 d0 0f
0x00007fa7e610f269:   b6 14 01 44 38 c2 75 e7 48 83 e8 10 c3 48 83 ec
0x00007fa7e610f279:   08 48 8d 3d cf dc 11 00 e8 5a 90 ff ff 66 2e 0f
0x00007fa7e610f289:   1f 84 00 00 00 00 00 f3 0f 1e fa 41 56 41 55 49
0x00007fa7e610f299:   89 fd 41 54 55 53 48 83 ec 30 64 48 8b 04 25 28
0x00007fa7e610f2a9:   00 00 00 48 89 44 24 28 31 c0 8b 05 ab ff 14 00 


Stack slot to memory mapping:
stack at sp + 0 slots: 0x00007fa75ba43fec: <offset 0x00000000014f0fec> in /home/janel/Desktop/Studium/Semester_6/Bachelorarbeit/nochmalneu/lib/java/runtime-z3/libz3.so at 0x00007fa75a553000
stack at sp + 1 slots: 0x00007fa7e08f4e60 points into unknown readable memory: 0x0000000000000000 | 00 00 00 00 00 00 00 00
stack at sp + 2 slots: 0x00007fa7e08f47c0 points into unknown readable memory: 0x00007fa7e08b89f0 | f0 89 8b e0 a7 7f 00 00
stack at sp + 3 slots: 0x00007fa7e0b27b80 points into unknown readable memory: 0x00007fa7e0ba1970 | 70 19 ba e0 a7 7f 00 00
stack at sp + 4 slots: 0x00007fa75a62c0af: <offset 0x00000000000d90af> in /home/janel/Desktop/Studium/Semester_6/Bachelorarbeit/nochmalneu/lib/java/runtime-z3/libz3.so at 0x00007fa75a553000
stack at sp + 5 slots: 0x00007fa7e4cd17b0 is pointing into the stack for thread: 0x00007fa7e0028140
stack at sp + 6 slots: 0x0 is NULL
stack at sp + 7 slots: 0x00007fa7e08f47c0 points into unknown readable memory: 0x00007fa7e08b89f0 | f0 89 8b e0 a7 7f 00 00


---------------  P R O C E S S  ---------------

Threads class SMR info:
_java_thread_list=0x00007fa754093a70, length=12, elements={
0x00007fa7e0028140, 0x00007fa7e0127580, 0x00007fa7e0128b00, 0x00007fa7e012d3c0,
0x00007fa7e012e910, 0x00007fa7e012fe30, 0x00007fa7e0131910, 0x00007fa7e0132f70,
0x00007fa7e0134510, 0x00007fa7e0158e00, 0x00007fa7e073f890, 0x00007fa7e08abb50
}

Java Threads: ( => current thread )
=>0x00007fa7e0028140 JavaThread "main" [_thread_in_native, id=669121, stack(0x00007fa7e4bd3000,0x00007fa7e4cd4000)]
  0x00007fa7e0127580 JavaThread "Reference Handler" daemon [_thread_blocked, id=669128, stack(0x00007fa7afc7a000,0x00007fa7afd7b000)]
  0x00007fa7e0128b00 JavaThread "Finalizer" daemon [_thread_blocked, id=669129, stack(0x00007fa7af2ff000,0x00007fa7af400000)]
  0x00007fa7e012d3c0 JavaThread "Signal Dispatcher" daemon [_thread_blocked, id=669130, stack(0x00007fa7aec34000,0x00007fa7aed35000)]
  0x00007fa7e012e910 JavaThread "Service Thread" daemon [_thread_blocked, id=669131, stack(0x00007fa7aeb33000,0x00007fa7aec34000)]
  0x00007fa7e012fe30 JavaThread "Monitor Deflation Thread" daemon [_thread_blocked, id=669132, stack(0x00007fa7aea32000,0x00007fa7aeb33000)]
  0x00007fa7e0131910 JavaThread "C2 CompilerThread0" daemon [_thread_blocked, id=669133, stack(0x00007fa7ae931000,0x00007fa7aea32000)]
  0x00007fa7e0132f70 JavaThread "C1 CompilerThread0" daemon [_thread_blocked, id=669134, stack(0x00007fa7ae830000,0x00007fa7ae931000)]
  0x00007fa7e0134510 JavaThread "Sweeper thread" daemon [_thread_blocked, id=669135, stack(0x00007fa7ae72f000,0x00007fa7ae830000)]
  0x00007fa7e0158e00 JavaThread "Common-Cleaner" daemon [_thread_blocked, id=669136, stack(0x00007fa7ae62e000,0x00007fa7ae72f000)]
  0x00007fa7e073f890 JavaThread "Notification Thread" daemon [_thread_blocked, id=669137, stack(0x00007fa7ae52d000,0x00007fa7ae62e000)]
  0x00007fa7e08abb50 JavaThread "Time-limited test" daemon [_thread_in_Java, id=669247, stack(0x00007fa7ad2fb000,0x00007fa7ad3fc000)]

Other Threads:
  0x00007fa7e0124e90 VMThread "VM Thread" [stack: 0x00007fa7afd7d000,0x00007fa7afe7d000] [id=669127]
  0x00007fa7e0754060 WatcherThread [stack: 0x00007fa7ae42d000,0x00007fa7ae52d000] [id=669138]
  0x00007fa7e0079b00 GCTaskThread "GC Thread#0" [stack: 0x00007fa7e444d000,0x00007fa7e454d000] [id=669122]
  0x00007fa79c0044b0 GCTaskThread "GC Thread#1" [stack: 0x00007fa7ae22a000,0x00007fa7ae32a000] [id=669140]
  0x00007fa79c005030 GCTaskThread "GC Thread#2" [stack: 0x00007fa7ae128000,0x00007fa7ae228000] [id=669141]
  0x00007fa79c005fa0 GCTaskThread "GC Thread#3" [stack: 0x00007fa7ae026000,0x00007fa7ae126000] [id=669142]
  0x00007fa7e00849e0 ConcurrentGCThread "G1 Main Marker" [stack: 0x00007fa7e434b000,0x00007fa7e444b000] [id=669123]
  0x00007fa7e0085a70 ConcurrentGCThread "G1 Conc#0" [stack: 0x00007fa7e4249000,0x00007fa7e4349000] [id=669124]
  0x00007fa7e00f0ca0 ConcurrentGCThread "G1 Refine#0" [stack: 0x00007fa7bc0cd000,0x00007fa7bc1cd000] [id=669125]
  0x00007fa7e00f1cc0 ConcurrentGCThread "G1 Service" [stack: 0x00007fa7aff00000,0x00007fa7b0000000] [id=669126]

Threads with active compile tasks:

VM state: not at safepoint (normal execution)

VM Mutex/Monitor currently owned by a thread: None

Heap address: 0x00000006d0c00000, size: 4852 MB, Compressed Oops mode: Zero based, Oop shift amount: 3

CDS archive(s) mapped at: [0x0000000800000000-0x0000000800bc3000-0x0000000800bc3000), size 12333056, SharedBaseAddress: 0x0000000800000000, ArchiveRelocationMode: 0.
Compressed class space mapped at: 0x0000000800c00000-0x0000000840c00000, reserved size: 1073741824
Narrow klass base: 0x0000000800000000, Narrow klass shift: 3, Narrow klass range: 0x100000000

GC Precious Log:
 CPUs: 4 total, 4 available
 Memory: 19403M
 Large Page Support: Disabled
 NUMA Support: Disabled
 Compressed Oops: Enabled (Zero based)
 Heap Region Size: 4M
 Heap Min Capacity: 8M
 Heap Initial Capacity: 304M
 Heap Max Capacity: 4852M
 Pre-touch: Disabled
 Parallel Workers: 4
 Concurrent Workers: 1
 Concurrent Refinement Workers: 4
 Periodic GC: Disabled

Heap:
 garbage-first heap   total 319488K, used 57162K [0x00000006d0c00000, 0x0000000800000000)
  region size 4096K, 9 young (36864K), 3 survivors (12288K)
 Metaspace       used 13162K, committed 13376K, reserved 1064960K
  class space    used 1141K, committed 1280K, reserved 1048576K

Heap Regions: E=young(eden), S=young(survivor), O=old, HS=humongous(starts), HC=humongous(continues), CS=collection set, F=free, OA=open archive, CA=closed archive, TAMS=top-at-mark-start (previous, next)
|   0|0x00000006d0c00000, 0x00000006d1000000, 0x00000006d1000000|100%| O|  |TAMS 0x00000006d0c00000, 0x00000006d0c00000| Untracked 
|   1|0x00000006d1000000, 0x00000006d1400000, 0x00000006d1400000|100%| O|  |TAMS 0x00000006d1000000, 0x00000006d1000000| Untracked 
|   2|0x00000006d1400000, 0x00000006d1800000, 0x00000006d1800000|100%| O|  |TAMS 0x00000006d1400000, 0x00000006d1400000| Untracked 
|   3|0x00000006d1800000, 0x00000006d1c00000, 0x00000006d1c00000|100%| O|  |TAMS 0x00000006d1800000, 0x00000006d1800000| Untracked 
|   4|0x00000006d1c00000, 0x00000006d2000000, 0x00000006d2000000|100%| O|  |TAMS 0x00000006d1c00000, 0x00000006d1c00000| Untracked 
|   5|0x00000006d2000000, 0x00000006d220a000, 0x00000006d2400000| 50%| O|  |TAMS 0x00000006d2000000, 0x00000006d2000000| Untracked 
|   6|0x00000006d2400000, 0x00000006d2400000, 0x00000006d2800000|  0%| F|  |TAMS 0x00000006d2400000, 0x00000006d2400000| Untracked 
|   7|0x00000006d2800000, 0x00000006d2800000, 0x00000006d2c00000|  0%| F|  |TAMS 0x00000006d2800000, 0x00000006d2800000| Untracked 
|   8|0x00000006d2c00000, 0x00000006d2c00000, 0x00000006d3000000|  0%| F|  |TAMS 0x00000006d2c00000, 0x00000006d2c00000| Untracked 
|   9|0x00000006d3000000, 0x00000006d3000000, 0x00000006d3400000|  0%| F|  |TAMS 0x00000006d3000000, 0x00000006d3000000| Untracked 
|  10|0x00000006d3400000, 0x00000006d3400000, 0x00000006d3800000|  0%| F|  |TAMS 0x00000006d3400000, 0x00000006d3400000| Untracked 
|  11|0x00000006d3800000, 0x00000006d3800000, 0x00000006d3c00000|  0%| F|  |TAMS 0x00000006d3800000, 0x00000006d3800000| Untracked 
|  12|0x00000006d3c00000, 0x00000006d3c00000, 0x00000006d4000000|  0%| F|  |TAMS 0x00000006d3c00000, 0x00000006d3c00000| Untracked 
|  13|0x00000006d4000000, 0x00000006d4000000, 0x00000006d4400000|  0%| F|  |TAMS 0x00000006d4000000, 0x00000006d4000000| Untracked 
|  14|0x00000006d4400000, 0x00000006d4400000, 0x00000006d4800000|  0%| F|  |TAMS 0x00000006d4400000, 0x00000006d4400000| Untracked 
|  15|0x00000006d4800000, 0x00000006d4800000, 0x00000006d4c00000|  0%| F|  |TAMS 0x00000006d4800000, 0x00000006d4800000| Untracked 
|  16|0x00000006d4c00000, 0x00000006d4c00000, 0x00000006d5000000|  0%| F|  |TAMS 0x00000006d4c00000, 0x00000006d4c00000| Untracked 
|  17|0x00000006d5000000, 0x00000006d5000000, 0x00000006d5400000|  0%| F|  |TAMS 0x00000006d5000000, 0x00000006d5000000| Untracked 
|  18|0x00000006d5400000, 0x00000006d5400000, 0x00000006d5800000|  0%| F|  |TAMS 0x00000006d5400000, 0x00000006d5400000| Untracked 
|  19|0x00000006d5800000, 0x00000006d5800000, 0x00000006d5c00000|  0%| F|  |TAMS 0x00000006d5800000, 0x00000006d5800000| Untracked 
|  20|0x00000006d5c00000, 0x00000006d5c00000, 0x00000006d6000000|  0%| F|  |TAMS 0x00000006d5c00000, 0x00000006d5c00000| Untracked 
|  21|0x00000006d6000000, 0x00000006d6000000, 0x00000006d6400000|  0%| F|  |TAMS 0x00000006d6000000, 0x00000006d6000000| Untracked 
|  22|0x00000006d6400000, 0x00000006d6400000, 0x00000006d6800000|  0%| F|  |TAMS 0x00000006d6400000, 0x00000006d6400000| Untracked 
|  23|0x00000006d6800000, 0x00000006d6800000, 0x00000006d6c00000|  0%| F|  |TAMS 0x00000006d6800000, 0x00000006d6800000| Untracked 
|  24|0x00000006d6c00000, 0x00000006d6c00000, 0x00000006d7000000|  0%| F|  |TAMS 0x00000006d6c00000, 0x00000006d6c00000| Untracked 
|  25|0x00000006d7000000, 0x00000006d7000000, 0x00000006d7400000|  0%| F|  |TAMS 0x00000006d7000000, 0x00000006d7000000| Untracked 
|  26|0x00000006d7400000, 0x00000006d7400000, 0x00000006d7800000|  0%| F|  |TAMS 0x00000006d7400000, 0x00000006d7400000| Untracked 
|  27|0x00000006d7800000, 0x00000006d7800000, 0x00000006d7c00000|  0%| F|  |TAMS 0x00000006d7800000, 0x00000006d7800000| Untracked 
|  28|0x00000006d7c00000, 0x00000006d7c00000, 0x00000006d8000000|  0%| F|  |TAMS 0x00000006d7c00000, 0x00000006d7c00000| Untracked 
|  29|0x00000006d8000000, 0x00000006d8000000, 0x00000006d8400000|  0%| F|  |TAMS 0x00000006d8000000, 0x00000006d8000000| Untracked 
|  30|0x00000006d8400000, 0x00000006d8400000, 0x00000006d8800000|  0%| F|  |TAMS 0x00000006d8400000, 0x00000006d8400000| Untracked 
|  31|0x00000006d8800000, 0x00000006d8800000, 0x00000006d8c00000|  0%| F|  |TAMS 0x00000006d8800000, 0x00000006d8800000| Untracked 
|  32|0x00000006d8c00000, 0x00000006d8c00000, 0x00000006d9000000|  0%| F|  |TAMS 0x00000006d8c00000, 0x00000006d8c00000| Untracked 
|  33|0x00000006d9000000, 0x00000006d9000000, 0x00000006d9400000|  0%| F|  |TAMS 0x00000006d9000000, 0x00000006d9000000| Untracked 
|  34|0x00000006d9400000, 0x00000006d9400000, 0x00000006d9800000|  0%| F|  |TAMS 0x00000006d9400000, 0x00000006d9400000| Untracked 
|  35|0x00000006d9800000, 0x00000006d9800000, 0x00000006d9c00000|  0%| F|  |TAMS 0x00000006d9800000, 0x00000006d9800000| Untracked 
|  36|0x00000006d9c00000, 0x00000006d9c00000, 0x00000006da000000|  0%| F|  |TAMS 0x00000006d9c00000, 0x00000006d9c00000| Untracked 
|  37|0x00000006da000000, 0x00000006da000000, 0x00000006da400000|  0%| F|  |TAMS 0x00000006da000000, 0x00000006da000000| Untracked 
|  38|0x00000006da400000, 0x00000006da400000, 0x00000006da800000|  0%| F|  |TAMS 0x00000006da400000, 0x00000006da400000| Untracked 
|  39|0x00000006da800000, 0x00000006da800000, 0x00000006dac00000|  0%| F|  |TAMS 0x00000006da800000, 0x00000006da800000| Untracked 
|  40|0x00000006dac00000, 0x00000006dac00000, 0x00000006db000000|  0%| F|  |TAMS 0x00000006dac00000, 0x00000006dac00000| Untracked 
|  41|0x00000006db000000, 0x00000006db000000, 0x00000006db400000|  0%| F|  |TAMS 0x00000006db000000, 0x00000006db000000| Untracked 
|  42|0x00000006db400000, 0x00000006db400000, 0x00000006db800000|  0%| F|  |TAMS 0x00000006db400000, 0x00000006db400000| Untracked 
|  43|0x00000006db800000, 0x00000006db800000, 0x00000006dbc00000|  0%| F|  |TAMS 0x00000006db800000, 0x00000006db800000| Untracked 
|  44|0x00000006dbc00000, 0x00000006dbc00000, 0x00000006dc000000|  0%| F|  |TAMS 0x00000006dbc00000, 0x00000006dbc00000| Untracked 
|  45|0x00000006dc000000, 0x00000006dc000000, 0x00000006dc400000|  0%| F|  |TAMS 0x00000006dc000000, 0x00000006dc000000| Untracked 
|  46|0x00000006dc400000, 0x00000006dc400000, 0x00000006dc800000|  0%| F|  |TAMS 0x00000006dc400000, 0x00000006dc400000| Untracked 
|  47|0x00000006dc800000, 0x00000006dc800000, 0x00000006dcc00000|  0%| F|  |TAMS 0x00000006dc800000, 0x00000006dc800000| Untracked 
|  48|0x00000006dcc00000, 0x00000006dcc00000, 0x00000006dd000000|  0%| F|  |TAMS 0x00000006dcc00000, 0x00000006dcc00000| Untracked 
|  49|0x00000006dd000000, 0x00000006dd000000, 0x00000006dd400000|  0%| F|  |TAMS 0x00000006dd000000, 0x00000006dd000000| Untracked 
|  50|0x00000006dd400000, 0x00000006dd400000, 0x00000006dd800000|  0%| F|  |TAMS 0x00000006dd400000, 0x00000006dd400000| Untracked 
|  51|0x00000006dd800000, 0x00000006dd800000, 0x00000006ddc00000|  0%| F|  |TAMS 0x00000006dd800000, 0x00000006dd800000| Untracked 
|  52|0x00000006ddc00000, 0x00000006dddd2a40, 0x00000006de000000| 45%| S|CS|TAMS 0x00000006ddc00000, 0x00000006ddc00000| Complete 
|  53|0x00000006de000000, 0x00000006de400000, 0x00000006de400000|100%| S|CS|TAMS 0x00000006de000000, 0x00000006de000000| Complete 
|  54|0x00000006de400000, 0x00000006de800000, 0x00000006de800000|100%| S|CS|TAMS 0x00000006de400000, 0x00000006de400000| Complete 
|  55|0x00000006de800000, 0x00000006de800000, 0x00000006dec00000|  0%| F|  |TAMS 0x00000006de800000, 0x00000006de800000| Untracked 
|  56|0x00000006dec00000, 0x00000006dec00000, 0x00000006df000000|  0%| F|  |TAMS 0x00000006dec00000, 0x00000006dec00000| Untracked 
|  57|0x00000006df000000, 0x00000006df000000, 0x00000006df400000|  0%| F|  |TAMS 0x00000006df000000, 0x00000006df000000| Untracked 
|  58|0x00000006df400000, 0x00000006df400000, 0x00000006df800000|  0%| F|  |TAMS 0x00000006df400000, 0x00000006df400000| Untracked 
|  59|0x00000006df800000, 0x00000006df800000, 0x00000006dfc00000|  0%| F|  |TAMS 0x00000006df800000, 0x00000006df800000| Untracked 
|  60|0x00000006dfc00000, 0x00000006dfc00000, 0x00000006e0000000|  0%| F|  |TAMS 0x00000006dfc00000, 0x00000006dfc00000| Untracked 
|  61|0x00000006e0000000, 0x00000006e0000000, 0x00000006e0400000|  0%| F|  |TAMS 0x00000006e0000000, 0x00000006e0000000| Untracked 
|  62|0x00000006e0400000, 0x00000006e0400000, 0x00000006e0800000|  0%| F|  |TAMS 0x00000006e0400000, 0x00000006e0400000| Untracked 
|  63|0x00000006e0800000, 0x00000006e0800000, 0x00000006e0c00000|  0%| F|  |TAMS 0x00000006e0800000, 0x00000006e0800000| Untracked 
|  64|0x00000006e0c00000, 0x00000006e0c00000, 0x00000006e1000000|  0%| F|  |TAMS 0x00000006e0c00000, 0x00000006e0c00000| Untracked 
|  65|0x00000006e1000000, 0x00000006e1000000, 0x00000006e1400000|  0%| F|  |TAMS 0x00000006e1000000, 0x00000006e1000000| Untracked 
|  66|0x00000006e1400000, 0x00000006e1400000, 0x00000006e1800000|  0%| F|  |TAMS 0x00000006e1400000, 0x00000006e1400000| Untracked 
|  67|0x00000006e1800000, 0x00000006e1800000, 0x00000006e1c00000|  0%| F|  |TAMS 0x00000006e1800000, 0x00000006e1800000| Untracked 
|  68|0x00000006e1c00000, 0x00000006e1c00000, 0x00000006e2000000|  0%| F|  |TAMS 0x00000006e1c00000, 0x00000006e1c00000| Untracked 
|  69|0x00000006e2000000, 0x00000006e2000000, 0x00000006e2400000|  0%| F|  |TAMS 0x00000006e2000000, 0x00000006e2000000| Untracked 
|  70|0x00000006e2400000, 0x00000006e271f3d8, 0x00000006e2800000| 78%| E|  |TAMS 0x00000006e2400000, 0x00000006e2400000| Complete 
|  71|0x00000006e2800000, 0x00000006e2c00000, 0x00000006e2c00000|100%| E|CS|TAMS 0x00000006e2800000, 0x00000006e2800000| Complete 
|  72|0x00000006e2c00000, 0x00000006e3000000, 0x00000006e3000000|100%| E|CS|TAMS 0x00000006e2c00000, 0x00000006e2c00000| Complete 
|  73|0x00000006e3000000, 0x00000006e3400000, 0x00000006e3400000|100%| E|CS|TAMS 0x00000006e3000000, 0x00000006e3000000| Complete 
|  74|0x00000006e3400000, 0x00000006e3800000, 0x00000006e3800000|100%| E|CS|TAMS 0x00000006e3400000, 0x00000006e3400000| Complete 
|  75|0x00000006e3800000, 0x00000006e3c00000, 0x00000006e3c00000|100%| E|CS|TAMS 0x00000006e3800000, 0x00000006e3800000| Complete 
|1211|0x00000007ff800000, 0x00000007ffb75000, 0x00000007ffc00000| 86%|OA|  |TAMS 0x00000007ff800000, 0x00000007ff800000| Untracked 
|1212|0x00000007ffc00000, 0x00000007ffc81000, 0x0000000800000000| 12%|CA|  |TAMS 0x00000007ffc00000, 0x00000007ffc00000| Untracked 

Card table byte_map: [0x00007fa7c84e9000,0x00007fa7c8e63000] _byte_map_base: 0x00007fa7c4e63000

Marking Bits (Prev, Next): (CMBitMap*) 0x00007fa7e007a6b0, (CMBitMap*) 0x00007fa7e007a6f0
 Prev Bits: [0x00007fa7c2f9f000, 0x00007fa7c7b6f000)
 Next Bits: [0x00007fa7be3cf000, 0x00007fa7c2f9f000)

Polling page: 0x00007fa7e62d9000

Metaspace:

Usage:
  Non-class:     11,74 MB used.
      Class:      1,11 MB used.
       Both:     12,85 MB used.

Virtual space:
  Non-class space:       16,00 MB reserved,      11,81 MB ( 74%) committed,  2 nodes.
      Class space:        1,00 GB reserved,       1,25 MB ( <1%) committed,  1 nodes.
              Both:        1,02 GB reserved,      13,06 MB (  1%) committed. 

Chunk freelists:
   Non-Class:  3,75 MB
       Class:  2,67 MB
        Both:  6,42 MB

MaxMetaspaceSize: 17179869184,00 GB
CompressedClassSpaceSize: 1,00 GB
 - commit_granule_bytes: 65536.
 - commit_granule_words: 8192.
 - virtual_space_node_default_size: 1048576.
 - enlarge_chunks_in_place: 1.
 - new_chunks_are_fully_committed: 0.
 - uncommit_free_chunks: 1.
 - use_allocation_guard: 0.
 - handle_deallocations: 1.


Internal statistics:

num_allocs_failed_limit: 0.
num_arena_births: 134.
num_arena_deaths: 0.
num_vsnodes_births: 3.
num_vsnodes_deaths: 0.
num_space_committed: 209.
num_space_uncommitted: 0.
num_chunks_returned_to_freelist: 0.
num_chunks_taken_from_freelist: 516.
num_chunk_merges: 0.
num_chunk_splits: 370.
num_chunks_enlarged: 284.
num_purges: 0.

CodeHeap 'non-profiled nmethods': size=120032Kb used=2122Kb max_used=2219Kb free=117909Kb
 bounds [0x00007fa7d12a5000, 0x00007fa7d1515000, 0x00007fa7d87dd000]
CodeHeap 'profiled nmethods': size=120028Kb used=5887Kb max_used=7801Kb free=114140Kb
 bounds [0x00007fa7c9d6e000, 0x00007fa7ca50e000, 0x00007fa7d12a5000]
CodeHeap 'non-nmethods': size=5700Kb used=1232Kb max_used=1317Kb free=4468Kb
 bounds [0x00007fa7c97dd000, 0x00007fa7c9a4d000, 0x00007fa7c9d6e000]
 total_blobs=3511 nmethods=2972 adapters=452
 compilation: enabled
              stopped_count=0, restarted_count=0
 full_count=0

Compilation events (20 events):
Event: 173,890 Thread 0x00007fa7e0131910 3888       4       com.microsoft.z3.enumerations.Z3_error_code$Z3_error_code_MappingHolder::$jacocoInit (52 bytes)
Event: 173,891 Thread 0x00007fa7e0131910 nmethod 3888 0x00007fa7d1342b90 code [0x00007fa7d1342d20, 0x00007fa7d1342db8]
Event: 173,891 Thread 0x00007fa7e0131910 3890       4       com.microsoft.z3.enumerations.Z3_error_code::fromInt (66 bytes)
Event: 173,898 Thread 0x00007fa7e0131910 nmethod 3890 0x00007fa7d13ef210 code [0x00007fa7d13ef3e0, 0x00007fa7d13ef7e8]
Event: 173,898 Thread 0x00007fa7e0131910 3889       4       com.microsoft.z3.Native::$jacocoInit (54 bytes)
Event: 173,898 Thread 0x00007fa7e0131910 nmethod 3889 0x00007fa7d1342890 code [0x00007fa7d1342a20, 0x00007fa7d1342ab8]
Event: 182,692 Thread 0x00007fa7e0132f70 3891       3       java.io.BufferedWriter::newLine (8 bytes)
Event: 182,692 Thread 0x00007fa7e0132f70 nmethod 3891 0x00007fa7c9f91790 code [0x00007fa7c9f91960, 0x00007fa7c9f91d00]
Event: 182,692 Thread 0x00007fa7e0132f70 3892       3       jdk.internal.reflect.DelegatingConstructorAccessorImpl::newInstance (9 bytes)
Event: 182,692 Thread 0x00007fa7e0132f70 nmethod 3892 0x00007fa7ca444190 code [0x00007fa7ca444340, 0x00007fa7ca444520]
Event: 182,693 Thread 0x00007fa7e0132f70 3893   !   3       org.sosy_lab.common.configuration.Configuration::inject (383 bytes)
Event: 182,696 Thread 0x00007fa7e0132f70 nmethod 3893 0x00007fa7ca16de10 code [0x00007fa7ca16e280, 0x00007fa7ca170890]
Event: 182,707 Thread 0x00007fa7e0132f70 3894       3       com.google.common.collect.ImmutableList::of (24 bytes)
Event: 182,707 Thread 0x00007fa7e0132f70 nmethod 3894 0x00007fa7ca480b90 code [0x00007fa7ca480d60, 0x00007fa7ca4812d0]
Event: 182,707 Thread 0x00007fa7e0131910 3895       4       java.util.Arrays::copyOf (10 bytes)
Event: 182,708 Thread 0x00007fa7e0132f70 3896       3       com.google.common.truth.StackTraceCleaner::addToStreak (71 bytes)
Event: 182,708 Thread 0x00007fa7e0132f70 nmethod 3896 0x00007fa7c9fec810 code [0x00007fa7c9feca00, 0x00007fa7c9fecdb0]
Event: 182,708 Thread 0x00007fa7e0132f70 3897       3       org.objectweb.asm.ClassReader::readField (1148 bytes)
Event: 182,710 Thread 0x00007fa7e0131910 nmethod 3895 0x00007fa7d13eed10 code [0x00007fa7d13eeea0, 0x00007fa7d13ef0f8]
Event: 182,710 Thread 0x00007fa7e0131910 3899       4       com.google.common.collect.ImmutableList::$jacocoInit (53 bytes)

GC Heap History (10 events):
Event: 0,417 GC heap before
{Heap before GC invocations=0 (full 0):
 garbage-first heap   total 319488K, used 16344K [0x00000006d0c00000, 0x0000000800000000)
  region size 4096K, 3 young (12288K), 0 survivors (0K)
 Metaspace       used 2296K, committed 2432K, reserved 1056768K
  class space    used 199K, committed 256K, reserved 1048576K
}
Event: 0,422 GC heap after
{Heap after GC invocations=1 (full 0):
 garbage-first heap   total 319488K, used 9974K [0x00000006d0c00000, 0x0000000800000000)
  region size 4096K, 1 young (4096K), 1 survivors (4096K)
 Metaspace       used 2296K, committed 2432K, reserved 1056768K
  class space    used 199K, committed 256K, reserved 1048576K
}
Event: 0,588 GC heap before
{Heap before GC invocations=1 (full 0):
 garbage-first heap   total 319488K, used 18166K [0x00000006d0c00000, 0x0000000800000000)
  region size 4096K, 3 young (12288K), 1 survivors (4096K)
 Metaspace       used 3202K, committed 3392K, reserved 1056768K
  class space    used 281K, committed 384K, reserved 1048576K
}
Event: 0,592 GC heap after
{Heap after GC invocations=2 (full 0):
 garbage-first heap   total 319488K, used 10047K [0x00000006d0c00000, 0x0000000800000000)
  region size 4096K, 1 young (4096K), 1 survivors (4096K)
 Metaspace       used 3202K, committed 3392K, reserved 1056768K
  class space    used 281K, committed 384K, reserved 1048576K
}
Event: 0,940 GC heap before
{Heap before GC invocations=2 (full 0):
 garbage-first heap   total 319488K, used 26431K [0x00000006d0c00000, 0x0000000800000000)
  region size 4096K, 5 young (20480K), 1 survivors (4096K)
 Metaspace       used 5771K, committed 6016K, reserved 1056768K
  class space    used 520K, committed 640K, reserved 1048576K
}
Event: 0,945 GC heap after
{Heap after GC invocations=3 (full 0):
 garbage-first heap   total 319488K, used 11101K [0x00000006d0c00000, 0x0000000800000000)
  region size 4096K, 1 young (4096K), 1 survivors (4096K)
 Metaspace       used 5771K, committed 6016K, reserved 1056768K
  class space    used 520K, committed 640K, reserved 1048576K
}
Event: 52,099 GC heap before
{Heap before GC invocations=3 (full 0):
 garbage-first heap   total 319488K, used 191325K [0x00000006d0c00000, 0x0000000800000000)
  region size 4096K, 45 young (184320K), 1 survivors (4096K)
 Metaspace       used 10434K, committed 10560K, reserved 1064960K
  class space    used 975K, committed 1024K, reserved 1048576K
}
Event: 52,122 GC heap after
{Heap after GC invocations=4 (full 0):
 garbage-first heap   total 319488K, used 27450K [0x00000006d0c00000, 0x0000000800000000)
  region size 4096K, 5 young (20480K), 5 survivors (20480K)
 Metaspace       used 10434K, committed 10560K, reserved 1064960K
  class space    used 975K, committed 1024K, reserved 1048576K
}
Event: 162,540 GC heap before
{Heap before GC invocations=4 (full 0):
 garbage-first heap   total 319488K, used 113466K [0x00000006d0c00000, 0x0000000800000000)
  region size 4096K, 26 young (106496K), 5 survivors (20480K)
 Metaspace       used 12176K, committed 12416K, reserved 1064960K
  class space    used 1086K, committed 1216K, reserved 1048576K
}
Event: 162,572 GC heap after
{Heap after GC invocations=5 (full 0):
 garbage-first heap   total 319488K, used 36682K [0x00000006d0c00000, 0x0000000800000000)
  region size 4096K, 3 young (12288K), 3 survivors (12288K)
 Metaspace       used 12176K, committed 12416K, reserved 1064960K
  class space    used 1086K, committed 1216K, reserved 1048576K
}

Deoptimization events (20 events):
Event: 172,682 Thread 0x00007fa7e08abb50 Uncommon trap: trap_request=0xffffffc6 fr.pc=0x00007fa7d14ce9dc relative=0x0000000000001bbc
Event: 172,682 Thread 0x00007fa7e08abb50 Uncommon trap: reason=bimorphic_or_optimized_type_check action=maybe_recompile pc=0x00007fa7d14ce9dc method=org.sosy_lab.java_smt.basicimpl.AbstractBaseFormulaManager.extractInfo(Lorg/sosy_lab/java_smt/api/Formula;)Ljava/lang/Object; @ 11 c2
Event: 172,682 Thread 0x00007fa7e08abb50 DEOPT PACKING pc=0x00007fa7d14ce9dc sp=0x00007fa7ad3f9d50
Event: 172,682 Thread 0x00007fa7e08abb50 DEOPT UNPACKING pc=0x00007fa7c982a424 sp=0x00007fa7ad3f9ca0 mode 2
Event: 172,682 Thread 0x00007fa7e08abb50 Uncommon trap: trap_request=0xffffffc6 fr.pc=0x00007fa7d14b07d0 relative=0x00000000000004b0
Event: 172,682 Thread 0x00007fa7e08abb50 Uncommon trap: reason=bimorphic_or_optimized_type_check action=maybe_recompile pc=0x00007fa7d14b07d0 method=org.sosy_lab.java_smt.basicimpl.AbstractBaseFormulaManager.wrapBool(Ljava/lang/Object;)Lorg/sosy_lab/java_smt/api/BooleanFormula; @ 11 c2
Event: 172,682 Thread 0x00007fa7e08abb50 DEOPT PACKING pc=0x00007fa7d14b07d0 sp=0x00007fa7ad3f9cd0
Event: 172,682 Thread 0x00007fa7e08abb50 DEOPT UNPACKING pc=0x00007fa7c982a424 sp=0x00007fa7ad3f9c90 mode 2
Event: 172,682 Thread 0x00007fa7e08abb50 Uncommon trap: trap_request=0xffffffc6 fr.pc=0x00007fa7d147b948 relative=0x00000000000004a8
Event: 172,682 Thread 0x00007fa7e08abb50 Uncommon trap: reason=bimorphic_or_optimized_type_check action=maybe_recompile pc=0x00007fa7d147b948 method=org.sosy_lab.java_smt.basicimpl.AbstractBooleanFormulaManager.wrap(Ljava/lang/Object;)Lorg/sosy_lab/java_smt/api/BooleanFormula; @ 12 c2
Event: 172,682 Thread 0x00007fa7e08abb50 DEOPT PACKING pc=0x00007fa7d147b948 sp=0x00007fa7ad3f9cd0
Event: 172,682 Thread 0x00007fa7e08abb50 DEOPT UNPACKING pc=0x00007fa7c982a424 sp=0x00007fa7ad3f9c90 mode 2
Event: 172,682 Thread 0x00007fa7e08abb50 Uncommon trap: trap_request=0xffffffc6 fr.pc=0x00007fa7d13ae458 relative=0x0000000000001058
Event: 172,682 Thread 0x00007fa7e08abb50 Uncommon trap: reason=bimorphic_or_optimized_type_check action=maybe_recompile pc=0x00007fa7d13ae458 method=org.sosy_lab.java_smt.basicimpl.AbstractNumeralFormulaManager.makeNumber(J)Lorg/sosy_lab/java_smt/api/NumeralFormula; @ 10 c2
Event: 172,682 Thread 0x00007fa7e08abb50 DEOPT PACKING pc=0x00007fa7d13ae458 sp=0x00007fa7ad3f9d30
Event: 172,682 Thread 0x00007fa7e08abb50 DEOPT UNPACKING pc=0x00007fa7c982a424 sp=0x00007fa7ad3f9d20 mode 2
Event: 172,682 Thread 0x00007fa7e08abb50 Uncommon trap: trap_request=0xffffffc6 fr.pc=0x00007fa7d14b07d0 relative=0x00000000000004b0
Event: 172,682 Thread 0x00007fa7e08abb50 Uncommon trap: reason=bimorphic_or_optimized_type_check action=maybe_recompile pc=0x00007fa7d14b07d0 method=org.sosy_lab.java_smt.basicimpl.AbstractBaseFormulaManager.wrapBool(Ljava/lang/Object;)Lorg/sosy_lab/java_smt/api/BooleanFormula; @ 11 c2
Event: 172,682 Thread 0x00007fa7e08abb50 DEOPT PACKING pc=0x00007fa7d14b07d0 sp=0x00007fa7ad3f9ce0
Event: 172,682 Thread 0x00007fa7e08abb50 DEOPT UNPACKING pc=0x00007fa7c982a424 sp=0x00007fa7ad3f9ca0 mode 2

Classes unloaded (0 events):
No events

Classes redefined (0 events):
No events

Internal exceptions (20 events):
Event: 112,463 Thread 0x00007fa7e0028140 Exception <a 'java/lang/reflect/InvocationTargetException'{0x00000006dff76a20}> (0x00000006dff76a20) 
thrown [open/src/hotspot/share/runtime/reflection.cpp, line 1155]
Event: 112,468 Thread 0x00007fa7e0b28a70 Exception <a 'java/lang/reflect/InvocationTargetException'{0x00000006df818510}> (0x00000006df818510) 
thrown [open/src/hotspot/share/runtime/reflection.cpp, line 1155]
Event: 112,473 Thread 0x00007fa7e0b28a70 Exception <a 'java/lang/reflect/InvocationTargetException'{0x00000006df8f55b0}> (0x00000006df8f55b0) 
thrown [open/src/hotspot/share/runtime/reflection.cpp, line 1155]
Event: 112,477 Thread 0x00007fa7e0b28fb0 Exception <a 'java/lang/reflect/InvocationTargetException'{0x00000006dff1fc48}> (0x00000006dff1fc48) 
thrown [open/src/hotspot/share/runtime/reflection.cpp, line 1155]
Event: 122,483 Thread 0x00007fa7e0b28a70 Exception <a 'java/lang/reflect/InvocationTargetException'{0x00000006dfbe3108}> (0x00000006dfbe3108) 
thrown [open/src/hotspot/share/runtime/reflection.cpp, line 1155]
Event: 132,489 Thread 0x00007fa7e0028140 Exception <a 'java/lang/reflect/InvocationTargetException'{0x00000006df6d9bd8}> (0x00000006df6d9bd8) 
thrown [open/src/hotspot/share/runtime/reflection.cpp, line 1155]
Event: 132,493 Thread 0x00007fa7e0b294f0 Exception <a 'java/lang/reflect/InvocationTargetException'{0x00000006df7e5670}> (0x00000006df7e5670) 
thrown [open/src/hotspot/share/runtime/reflection.cpp, line 1155]
Event: 132,498 Thread 0x00007fa7e0b2cea0 Exception <a 'java/lang/reflect/InvocationTargetException'{0x00000006df01ded0}> (0x00000006df01ded0) 
thrown [open/src/hotspot/share/runtime/reflection.cpp, line 1155]
Event: 132,502 Thread 0x00007fa7e0b28fb0 Exception <a 'java/lang/reflect/InvocationTargetException'{0x00000006df6357c8}> (0x00000006df6357c8) 
thrown [open/src/hotspot/share/runtime/reflection.cpp, line 1155]
Event: 142,508 Thread 0x00007fa7e0b294f0 Exception <a 'java/lang/reflect/InvocationTargetException'{0x00000006df2fac00}> (0x00000006df2fac00) 
thrown [open/src/hotspot/share/runtime/reflection.cpp, line 1155]
Event: 152,515 Thread 0x00007fa7e0028140 Exception <a 'java/lang/reflect/InvocationTargetException'{0x00000006df7b38c8}> (0x00000006df7b38c8) 
thrown [open/src/hotspot/share/runtime/reflection.cpp, line 1155]
Event: 152,521 Thread 0x00007fa7e0b294f0 Exception <a 'java/lang/reflect/InvocationTargetException'{0x00000006defaa378}> (0x00000006defaa378) 
thrown [open/src/hotspot/share/runtime/reflection.cpp, line 1155]
Event: 152,526 Thread 0x00007fa7e0b294f0 Exception <a 'java/lang/reflect/InvocationTargetException'{0x00000006de81e128}> (0x00000006de81e128) 
thrown [open/src/hotspot/share/runtime/reflection.cpp, line 1155]
Event: 152,530 Thread 0x00007fa7e0b28fb0 Exception <a 'java/lang/reflect/InvocationTargetException'{0x00000006dee209e0}> (0x00000006dee209e0) 
thrown [open/src/hotspot/share/runtime/reflection.cpp, line 1155]
Event: 162,538 Thread 0x00007fa7e0b2cea0 Exception <a 'java/lang/reflect/InvocationTargetException'{0x00000006deaed7a0}> (0x00000006deaed7a0) 
thrown [open/src/hotspot/share/runtime/reflection.cpp, line 1155]
Event: 172,543 Thread 0x00007fa7e0028140 Exception <a 'java/lang/reflect/InvocationTargetException'{0x00000006e39e6d50}> (0x00000006e39e6d50) 
thrown [open/src/hotspot/share/runtime/reflection.cpp, line 1155]
Event: 172,549 Thread 0x00007fa7e0b2de40 Exception <a 'java/lang/reflect/InvocationTargetException'{0x00000006e3b185d8}> (0x00000006e3b185d8) 
thrown [open/src/hotspot/share/runtime/reflection.cpp, line 1155]
Event: 172,554 Thread 0x00007fa7e0b2de40 Exception <a 'java/lang/reflect/InvocationTargetException'{0x00000006e341dfe8}> (0x00000006e341dfe8) 
thrown [open/src/hotspot/share/runtime/reflection.cpp, line 1155]
Event: 172,680 Thread 0x00007fa7e0b2d900 Exception <a 'java/lang/reflect/InvocationTargetException'{0x00000006e395c500}> (0x00000006e395c500) 
thrown [open/src/hotspot/share/runtime/reflection.cpp, line 1155]
Event: 182,709 Thread 0x00007fa7e0ba6820 Exception <a 'java/lang/reflect/InvocationTargetException'{0x00000006e2632d68}> (0x00000006e2632d68) 
thrown [open/src/hotspot/share/runtime/reflection.cpp, line 1155]

Events (20 events):
Event: 172,646 loading class java/lang/StackStreamFactory$WalkerState done
Event: 172,646 loading class java/lang/StackStreamFactory$1
Event: 172,646 loading class java/lang/StackStreamFactory$1 done
Event: 172,646 loading class java/lang/StackStreamFactory$CallerClassFinder$ClassBuffer
Event: 172,646 loading class java/lang/StackStreamFactory$FrameBuffer
Event: 172,646 loading class java/lang/StackStreamFactory$FrameBuffer done
Event: 172,646 loading class java/lang/StackStreamFactory$CallerClassFinder$ClassBuffer done
Event: 172,672 Thread 0x00007fa7e08abb50 Thread added: 0x00007fa7e08abb50
Event: 172,672 Protecting memory [0x00007fa7ad2fb000,0x00007fa7ad2ff000] with protection modes 0
Event: 172,680 Thread 0x00007fa7e0b2d900 Thread exited: 0x00007fa7e0b2d900
Event: 173,370 Thread 0x00007fa7846f0eb0 Thread exited: 0x00007fa7846f0eb0
Event: 173,537 Executing  VM operation: Cleanup
Event: 173,537 Executing  VM operation: Cleanup done
Event: 182,672 Executing  VM operation: ThreadDump
Event: 182,672 Executing  VM operation: ThreadDump done
Event: 182,673 loading class java/util/IdentityHashMap$ValueIterator
Event: 182,673 loading class java/util/IdentityHashMap$ValueIterator done
Event: 182,707 Thread 0x00007fa7e0ba6820 Thread added: 0x00007fa7e0ba6820
Event: 182,707 Protecting memory [0x00007fa7ad1fa000,0x00007fa7ad1fe000] with protection modes 0
Event: 182,709 Thread 0x00007fa7e0ba6820 Thread exited: 0x00007fa7e0ba6820


Dynamic libraries:
6d0c00000-6e3c00000 rw-p 00000000 00:00 0 
6e3c00000-7ff800000 ---p 00000000 00:00 0 
7ff800000-7ffb00000 rw-p 00000000 00:00 0 
7ffb00000-7ffb75000 rw-p 00c7c000 fd:01 15074841                         /usr/lib/jvm/java-16-oracle/lib/server/classes.jsa
7ffb75000-7ffc00000 rw-p 00000000 00:00 0 
7ffc00000-7ffc81000 rw-p 00bfb000 fd:01 15074841                         /usr/lib/jvm/java-16-oracle/lib/server/classes.jsa
7ffc81000-800000000 rw-p 00000000 00:00 0 
800000000-800003000 rwxp 00001000 fd:01 15074841                         /usr/lib/jvm/java-16-oracle/lib/server/classes.jsa
800003000-800412000 rw-p 00004000 fd:01 15074841                         /usr/lib/jvm/java-16-oracle/lib/server/classes.jsa
800412000-800bc3000 r--p 00413000 fd:01 15074841                         /usr/lib/jvm/java-16-oracle/lib/server/classes.jsa
800bc3000-800c00000 ---p 00000000 00:00 0 
800c00000-800c40000 rw-p 00000000 00:00 0 
800c40000-800ca0000 rw-p 00000000 00:00 0 
800ca0000-800cc0000 ---p 00000000 00:00 0 
800cc0000-800d60000 rw-p 00000000 00:00 0 
800d60000-840c00000 ---p 00000000 00:00 0 
563d7511e000-563d7511f000 r-xp 00000000 fd:01 14028480                   /usr/lib/jvm/java-16-oracle/bin/java
563d75120000-563d75121000 r--p 00001000 fd:01 14028480                   /usr/lib/jvm/java-16-oracle/bin/java
563d75121000-563d75122000 rw-p 00002000 fd:01 14028480                   /usr/lib/jvm/java-16-oracle/bin/java
563d7555f000-563d75580000 rw-p 00000000 00:00 0                          [heap]
7fa754000000-7fa754e1a000 rw-p 00000000 00:00 0 
7fa754e1a000-7fa758000000 ---p 00000000 00:00 0 
7fa75a553000-7fa75bdd0000 r-xp 00000000 fd:01 28199838                   /home/janel/Desktop/Studium/Semester_6/Bachelorarbeit/nochmalneu/lib/java/runtime-z3/libz3.so
7fa75bdd0000-7fa75bfcf000 ---p 0187d000 fd:01 28199838                   /home/janel/Desktop/Studium/Semester_6/Bachelorarbeit/nochmalneu/lib/java/runtime-z3/libz3.so
7fa75bfcf000-7fa75bffc000 r--p 0187c000 fd:01 28199838                   /home/janel/Desktop/Studium/Semester_6/Bachelorarbeit/nochmalneu/lib/java/runtime-z3/libz3.so
7fa75bffc000-7fa75bfff000 rw-p 018a9000 fd:01 28199838                   /home/janel/Desktop/Studium/Semester_6/Bachelorarbeit/nochmalneu/lib/java/runtime-z3/libz3.so
7fa75bfff000-7fa75c000000 rw-p 00000000 00:00 0 
7fa75c000000-7fa75c962000 rw-p 00000000 00:00 0 
7fa75c962000-7fa760000000 ---p 00000000 00:00 0 
7fa760000000-7fa760545000 rw-p 00000000 00:00 0 
7fa760545000-7fa764000000 ---p 00000000 00:00 0 
7fa764000000-7fa764021000 rw-p 00000000 00:00 0 
7fa764021000-7fa768000000 ---p 00000000 00:00 0 
7fa768000000-7fa768021000 rw-p 00000000 00:00 0 
7fa768021000-7fa76c000000 ---p 00000000 00:00 0 
7fa76c000000-7fa76e161000 rw-p 00000000 00:00 0 
7fa76e161000-7fa770000000 ---p 00000000 00:00 0 
7fa770000000-7fa770021000 rw-p 00000000 00:00 0 
7fa770021000-7fa774000000 ---p 00000000 00:00 0 
7fa774000000-7fa774021000 rw-p 00000000 00:00 0 
7fa774021000-7fa778000000 ---p 00000000 00:00 0 
7fa778000000-7fa778021000 rw-p 00000000 00:00 0 
7fa778021000-7fa77c000000 ---p 00000000 00:00 0 
7fa77c000000-7fa77c021000 rw-p 00000000 00:00 0 
7fa77c021000-7fa780000000 ---p 00000000 00:00 0 
7fa780000000-7fa780021000 rw-p 00000000 00:00 0 
7fa780021000-7fa784000000 ---p 00000000 00:00 0 
7fa784000000-7fa7860df000 rw-p 00000000 00:00 0 
7fa7860df000-7fa788000000 ---p 00000000 00:00 0 
7fa788000000-7fa788ad8000 rw-p 00000000 00:00 0 
7fa788ad8000-7fa78c000000 ---p 00000000 00:00 0 
7fa78c000000-7fa78c021000 rw-p 00000000 00:00 0 
7fa78c021000-7fa790000000 ---p 00000000 00:00 0 
7fa790000000-7fa790021000 rw-p 00000000 00:00 0 
7fa790021000-7fa794000000 ---p 00000000 00:00 0 
7fa794000000-7fa794021000 rw-p 00000000 00:00 0 
7fa794021000-7fa798000000 ---p 00000000 00:00 0 
7fa798000000-7fa798021000 rw-p 00000000 00:00 0 
7fa798021000-7fa79c000000 ---p 00000000 00:00 0 
7fa79c000000-7fa79c02a000 rw-p 00000000 00:00 0 
7fa79c02a000-7fa7a0000000 ---p 00000000 00:00 0 
7fa7a0000000-7fa7a0021000 rw-p 00000000 00:00 0 
7fa7a0021000-7fa7a4000000 ---p 00000000 00:00 0 
7fa7a4000000-7fa7a4021000 rw-p 00000000 00:00 0 
7fa7a4021000-7fa7a8000000 ---p 00000000 00:00 0 
7fa7a8000000-7fa7a8021000 rw-p 00000000 00:00 0 
7fa7a8021000-7fa7ac000000 ---p 00000000 00:00 0 
7fa7ac5cf000-7fa7ac5fe000 r-xp 00000000 fd:01 28199716                   /home/janel/Desktop/Studium/Semester_6/Bachelorarbeit/nochmalneu/lib/java/runtime-z3/libz3java.so
7fa7ac5fe000-7fa7ac7fd000 ---p 0002f000 fd:01 28199716                   /home/janel/Desktop/Studium/Semester_6/Bachelorarbeit/nochmalneu/lib/java/runtime-z3/libz3java.so
7fa7ac7fd000-7fa7ac7fe000 r--p 0002e000 fd:01 28199716                   /home/janel/Desktop/Studium/Semester_6/Bachelorarbeit/nochmalneu/lib/java/runtime-z3/libz3java.so
7fa7ac7fe000-7fa7ac800000 rw-p 0002f000 fd:01 28199716                   /home/janel/Desktop/Studium/Semester_6/Bachelorarbeit/nochmalneu/lib/java/runtime-z3/libz3java.so
7fa7ac800000-7fa7acb80000 rw-p 00000000 00:00 0 
7fa7acb80000-7fa7acb90000 rw-p 00000000 00:00 0 
7fa7acb90000-7fa7acc00000 ---p 00000000 00:00 0 
7fa7acc00000-7fa7acc40000 rw-p 00000000 00:00 0 
7fa7acc40000-7fa7ad000000 ---p 00000000 00:00 0 
7fa7ad018000-7fa7ad0ae000 r--p 00000000 fd:01 8917931                    /usr/lib/x86_64-linux-gnu/libstdc++.so.6.0.28
7fa7ad0ae000-7fa7ad19f000 r-xp 00096000 fd:01 8917931                    /usr/lib/x86_64-linux-gnu/libstdc++.so.6.0.28
7fa7ad19f000-7fa7ad1e8000 r--p 00187000 fd:01 8917931                    /usr/lib/x86_64-linux-gnu/libstdc++.so.6.0.28
7fa7ad1e8000-7fa7ad1e9000 ---p 001d0000 fd:01 8917931                    /usr/lib/x86_64-linux-gnu/libstdc++.so.6.0.28
7fa7ad1e9000-7fa7ad1f4000 r--p 001d0000 fd:01 8917931                    /usr/lib/x86_64-linux-gnu/libstdc++.so.6.0.28
7fa7ad1f4000-7fa7ad1f7000 rw-p 001db000 fd:01 8917931                    /usr/lib/x86_64-linux-gnu/libstdc++.so.6.0.28
7fa7ad1f7000-7fa7ad1fa000 rw-p 00000000 00:00 0 
7fa7ad1fa000-7fa7ad1fe000 ---p 00000000 00:00 0 
7fa7ad1fe000-7fa7ad2fb000 rw-p 00000000 00:00 0 
7fa7ad2fb000-7fa7ad2ff000 ---p 00000000 00:00 0 
7fa7ad2ff000-7fa7ad3fc000 rw-p 00000000 00:00 0 
7fa7ad3fc000-7fa7ad400000 ---p 00000000 00:00 0 
7fa7ad400000-7fa7ad4fd000 rw-p 00000000 00:00 0 
7fa7ad4fd000-7fa7addf2000 r-xp 00000000 fd:01 28199709                   /home/janel/Desktop/Studium/Semester_6/Bachelorarbeit/nochmalneu/lib/java/runtime-mathsat/libmathsat5j.so
7fa7addf2000-7fa7adff2000 ---p 008f5000 fd:01 28199709                   /home/janel/Desktop/Studium/Semester_6/Bachelorarbeit/nochmalneu/lib/java/runtime-mathsat/libmathsat5j.so
7fa7adff2000-7fa7ae00d000 r--p 008f5000 fd:01 28199709                   /home/janel/Desktop/Studium/Semester_6/Bachelorarbeit/nochmalneu/lib/java/runtime-mathsat/libmathsat5j.so
7fa7ae00d000-7fa7ae021000 rw-p 00910000 fd:01 28199709                   /home/janel/Desktop/Studium/Semester_6/Bachelorarbeit/nochmalneu/lib/java/runtime-mathsat/libmathsat5j.so
7fa7ae021000-7fa7ae024000 rw-p 00000000 00:00 0 
7fa7ae024000-7fa7ae025000 ---p 00000000 00:00 0 
7fa7ae025000-7fa7ae126000 rw-p 00000000 00:00 0 
7fa7ae126000-7fa7ae127000 ---p 00000000 00:00 0 
7fa7ae127000-7fa7ae228000 rw-p 00000000 00:00 0 
7fa7ae228000-7fa7ae229000 ---p 00000000 00:00 0 
7fa7ae229000-7fa7ae32a000 rw-p 00000000 00:00 0 
7fa7ae32a000-7fa7ae32e000 ---p 00000000 00:00 0 
7fa7ae32e000-7fa7ae42b000 rw-p 00000000 00:00 0 
7fa7ae42b000-7fa7ae42c000 ---p 00000000 00:00 0 
7fa7ae42c000-7fa7ae52d000 rw-p 00000000 00:00 0 
7fa7ae52d000-7fa7ae531000 ---p 00000000 00:00 0 
7fa7ae531000-7fa7ae62e000 rw-p 00000000 00:00 0 
7fa7ae62e000-7fa7ae632000 ---p 00000000 00:00 0 
7fa7ae632000-7fa7ae72f000 rw-p 00000000 00:00 0 
7fa7ae72f000-7fa7ae733000 ---p 00000000 00:00 0 
7fa7ae733000-7fa7ae830000 rw-p 00000000 00:00 0 
7fa7ae830000-7fa7ae834000 ---p 00000000 00:00 0 
7fa7ae834000-7fa7ae931000 rw-p 00000000 00:00 0 
7fa7ae931000-7fa7ae935000 ---p 00000000 00:00 0 
7fa7ae935000-7fa7aea32000 rw-p 00000000 00:00 0 
7fa7aea32000-7fa7aea36000 ---p 00000000 00:00 0 
7fa7aea36000-7fa7aeb33000 rw-p 00000000 00:00 0 
7fa7aeb33000-7fa7aeb37000 ---p 00000000 00:00 0 
7fa7aeb37000-7fa7aec34000 rw-p 00000000 00:00 0 
7fa7aec34000-7fa7aec38000 ---p 00000000 00:00 0 
7fa7aec38000-7fa7aed35000 rw-p 00000000 00:00 0 
7fa7aed35000-7fa7af2ff000 r--p 00000000 fd:01 8913749                    /usr/lib/locale/locale-archive
7fa7af2ff000-7fa7af303000 ---p 00000000 00:00 0 
7fa7af303000-7fa7af800000 rw-p 00000000 00:00 0 
7fa7af800000-7fa7afc00000 rw-p 00000000 00:00 0 
7fa7afc5f000-7fa7afc62000 r--p 00000000 fd:01 8918008                    /usr/lib/x86_64-linux-gnu/libgcc_s.so.1
7fa7afc62000-7fa7afc74000 r-xp 00003000 fd:01 8918008                    /usr/lib/x86_64-linux-gnu/libgcc_s.so.1
7fa7afc74000-7fa7afc78000 r--p 00015000 fd:01 8918008                    /usr/lib/x86_64-linux-gnu/libgcc_s.so.1
7fa7afc78000-7fa7afc79000 r--p 00018000 fd:01 8918008                    /usr/lib/x86_64-linux-gnu/libgcc_s.so.1
7fa7afc79000-7fa7afc7a000 rw-p 00019000 fd:01 8918008                    /usr/lib/x86_64-linux-gnu/libgcc_s.so.1
7fa7afc7a000-7fa7afc7e000 ---p 00000000 00:00 0 
7fa7afc7e000-7fa7afd7b000 rw-p 00000000 00:00 0 
7fa7afd7b000-7fa7afd7c000 ---p 00000000 00:00 0 
7fa7afd7c000-7fa7afefe000 rw-p 00000000 00:00 0 
7fa7afefe000-7fa7afeff000 ---p 00000000 00:00 0 
7fa7afeff000-7fa7b0000000 rw-p 00000000 00:00 0 
7fa7b0000000-7fa7b0021000 rw-p 00000000 00:00 0 
7fa7b0021000-7fa7b4000000 ---p 00000000 00:00 0 
7fa7b4000000-7fa7b4021000 rw-p 00000000 00:00 0 
7fa7b4021000-7fa7b8000000 ---p 00000000 00:00 0 
7fa7b8000000-7fa7b8021000 rw-p 00000000 00:00 0 
7fa7b8021000-7fa7bc000000 ---p 00000000 00:00 0 
7fa7bc034000-7fa7bc041000 r-xp 00000000 fd:01 15074830                   /usr/lib/jvm/java-16-oracle/lib/libverify.so
7fa7bc041000-7fa7bc043000 r--p 0000c000 fd:01 15074830                   /usr/lib/jvm/java-16-oracle/lib/libverify.so
7fa7bc043000-7fa7bc044000 rw-p 0000e000 fd:01 15074830                   /usr/lib/jvm/java-16-oracle/lib/libverify.so
7fa7bc044000-7fa7bc059000 r-xp 00000000 fd:01 15074823                   /usr/lib/jvm/java-16-oracle/lib/libnet.so
7fa7bc059000-7fa7bc05a000 r--p 00014000 fd:01 15074823                   /usr/lib/jvm/java-16-oracle/lib/libnet.so
7fa7bc05a000-7fa7bc05b000 rw-p 00015000 fd:01 15074823                   /usr/lib/jvm/java-16-oracle/lib/libnet.so
7fa7bc05b000-7fa7bc06e000 r-xp 00000000 fd:01 15074824                   /usr/lib/jvm/java-16-oracle/lib/libnio.so
7fa7bc06e000-7fa7bc06f000 r--p 00012000 fd:01 15074824                   /usr/lib/jvm/java-16-oracle/lib/libnio.so
7fa7bc06f000-7fa7bc070000 rw-p 00013000 fd:01 15074824                   /usr/lib/jvm/java-16-oracle/lib/libnio.so
7fa7bc070000-7fa7bc0cb000 rw-p 00000000 00:00 0 
7fa7bc0cb000-7fa7bc0cc000 ---p 00000000 00:00 0 
7fa7bc0cc000-7fa7be88f000 rw-p 00000000 00:00 0 
7fa7be88f000-7fa7c2f7f000 ---p 00000000 00:00 0 
7fa7c2f7f000-7fa7c345f000 rw-p 00000000 00:00 0 
7fa7c345f000-7fa7c7b4f000 ---p 00000000 00:00 0 
7fa7c7b4f000-7fa7c7c07000 rw-p 00000000 00:00 0 
7fa7c7c07000-7fa7c84e5000 ---p 00000000 00:00 0 
7fa7c84e5000-7fa7c8581000 rw-p 00000000 00:00 0 
7fa7c8581000-7fa7c8e5f000 ---p 00000000 00:00 0 
7fa7c8e5f000-7fa7c8efb000 rw-p 00000000 00:00 0 
7fa7c8efb000-7fa7c97d9000 ---p 00000000 00:00 0 
7fa7c97d9000-7fa7c97dd000 rw-p 00000000 00:00 0 
7fa7c97dd000-7fa7c9a4d000 rwxp 00000000 00:00 0 
7fa7c9a4d000-7fa7c9d6e000 ---p 00000000 00:00 0 
7fa7c9d6e000-7fa7ca50e000 rwxp 00000000 00:00 0 
7fa7ca50e000-7fa7d12a5000 ---p 00000000 00:00 0 
7fa7d12a5000-7fa7d1515000 rwxp 00000000 00:00 0 
7fa7d1515000-7fa7d87dd000 ---p 00000000 00:00 0 
7fa7d87dd000-7fa7e0000000 r--s 00000000 fd:01 15074832                   /usr/lib/jvm/java-16-oracle/lib/modules
7fa7e0000000-7fa7e1dcb000 rw-p 00000000 00:00 0 
7fa7e1dcb000-7fa7e4000000 ---p 00000000 00:00 0 
7fa7e4004000-7fa7e4247000 rw-p 00000000 00:00 0 
7fa7e4247000-7fa7e4248000 ---p 00000000 00:00 0 
7fa7e4248000-7fa7e4349000 rw-p 00000000 00:00 0 
7fa7e4349000-7fa7e434a000 ---p 00000000 00:00 0 
7fa7e434a000-7fa7e444b000 rw-p 00000000 00:00 0 
7fa7e444b000-7fa7e444c000 ---p 00000000 00:00 0 
7fa7e444c000-7fa7e497f000 rw-p 00000000 00:00 0 
7fa7e497f000-7fa7e4a65000 ---p 00000000 00:00 0 
7fa7e4a65000-7fa7e4a75000 rw-p 00000000 00:00 0 
7fa7e4a75000-7fa7e4b50000 ---p 00000000 00:00 0 
7fa7e4b50000-7fa7e4b53000 r--p 00000000 fd:01 8915066                    /usr/lib/x86_64-linux-gnu/libnss_files-2.31.so
7fa7e4b53000-7fa7e4b5a000 r-xp 00003000 fd:01 8915066                    /usr/lib/x86_64-linux-gnu/libnss_files-2.31.so
7fa7e4b5a000-7fa7e4b5c000 r--p 0000a000 fd:01 8915066                    /usr/lib/x86_64-linux-gnu/libnss_files-2.31.so
7fa7e4b5c000-7fa7e4b5d000 r--p 0000b000 fd:01 8915066                    /usr/lib/x86_64-linux-gnu/libnss_files-2.31.so
7fa7e4b5d000-7fa7e4b5e000 rw-p 0000c000 fd:01 8915066                    /usr/lib/x86_64-linux-gnu/libnss_files-2.31.so
7fa7e4b5e000-7fa7e4b64000 rw-p 00000000 00:00 0 
7fa7e4b6c000-7fa7e4b73000 r-xp 00000000 fd:01 15074831                   /usr/lib/jvm/java-16-oracle/lib/libzip.so
7fa7e4b73000-7fa7e4b74000 ---p 00007000 fd:01 15074831                   /usr/lib/jvm/java-16-oracle/lib/libzip.so
7fa7e4b74000-7fa7e4b75000 r--p 00007000 fd:01 15074831                   /usr/lib/jvm/java-16-oracle/lib/libzip.so
7fa7e4b75000-7fa7e4b76000 rw-p 00008000 fd:01 15074831                   /usr/lib/jvm/java-16-oracle/lib/libzip.so
7fa7e4b76000-7fa7e4b7b000 rw-p 00000000 00:00 0 
7fa7e4b7b000-7fa7e4b82000 ---p 00000000 00:00 0 
7fa7e4b82000-7fa7e4ba6000 r-xp 00000000 fd:01 15074810                   /usr/lib/jvm/java-16-oracle/lib/libjava.so
7fa7e4ba6000-7fa7e4ba7000 ---p 00024000 fd:01 15074810                   /usr/lib/jvm/java-16-oracle/lib/libjava.so
7fa7e4ba7000-7fa7e4ba8000 r--p 00024000 fd:01 15074810                   /usr/lib/jvm/java-16-oracle/lib/libjava.so
7fa7e4ba8000-7fa7e4ba9000 rw-p 00025000 fd:01 15074810                   /usr/lib/jvm/java-16-oracle/lib/libjava.so
7fa7e4ba9000-7fa7e4baa000 rw-p 00000000 00:00 0 
7fa7e4baa000-7fa7e4bc5000 r-xp 00000000 fd:01 15074814                   /usr/lib/jvm/java-16-oracle/lib/libjimage.so
7fa7e4bc5000-7fa7e4bc6000 ---p 0001b000 fd:01 15074814                   /usr/lib/jvm/java-16-oracle/lib/libjimage.so
7fa7e4bc6000-7fa7e4bc8000 r--p 0001b000 fd:01 15074814                   /usr/lib/jvm/java-16-oracle/lib/libjimage.so
7fa7e4bc8000-7fa7e4bc9000 rw-p 0001d000 fd:01 15074814                   /usr/lib/jvm/java-16-oracle/lib/libjimage.so
7fa7e4bc9000-7fa7e4bcb000 r--p 00000000 fd:01 8915073                    /usr/lib/x86_64-linux-gnu/librt-2.31.so
7fa7e4bcb000-7fa7e4bcf000 r-xp 00002000 fd:01 8915073                    /usr/lib/x86_64-linux-gnu/librt-2.31.so
7fa7e4bcf000-7fa7e4bd1000 r--p 00006000 fd:01 8915073                    /usr/lib/x86_64-linux-gnu/librt-2.31.so
7fa7e4bd1000-7fa7e4bd2000 r--p 00007000 fd:01 8915073                    /usr/lib/x86_64-linux-gnu/librt-2.31.so
7fa7e4bd2000-7fa7e4bd3000 rw-p 00008000 fd:01 8915073                    /usr/lib/x86_64-linux-gnu/librt-2.31.so
7fa7e4bd3000-7fa7e4bd7000 ---p 00000000 00:00 0 
7fa7e4bd7000-7fa7e4cd4000 rw-p 00000000 00:00 0 
7fa7e4cd4000-7fa7e4ce1000 r--p 00000000 fd:01 8915060                    /usr/lib/x86_64-linux-gnu/libm-2.31.so
7fa7e4ce1000-7fa7e4d88000 r-xp 0000d000 fd:01 8915060                    /usr/lib/x86_64-linux-gnu/libm-2.31.so
7fa7e4d88000-7fa7e4e21000 r--p 000b4000 fd:01 8915060                    /usr/lib/x86_64-linux-gnu/libm-2.31.so
7fa7e4e21000-7fa7e4e22000 r--p 0014c000 fd:01 8915060                    /usr/lib/x86_64-linux-gnu/libm-2.31.so
7fa7e4e22000-7fa7e4e23000 rw-p 0014d000 fd:01 8915060                    /usr/lib/x86_64-linux-gnu/libm-2.31.so
7fa7e4e23000-7fa7e5f31000 r-xp 00000000 fd:01 15074844                   /usr/lib/jvm/java-16-oracle/lib/server/libjvm.so
7fa7e5f31000-7fa7e5f32000 ---p 0110e000 fd:01 15074844                   /usr/lib/jvm/java-16-oracle/lib/server/libjvm.so
7fa7e5f32000-7fa7e5fe3000 r--p 0110e000 fd:01 15074844                   /usr/lib/jvm/java-16-oracle/lib/server/libjvm.so
7fa7e5fe3000-7fa7e6016000 rw-p 011bf000 fd:01 15074844                   /usr/lib/jvm/java-16-oracle/lib/server/libjvm.so
7fa7e6016000-7fa7e6073000 rw-p 00000000 00:00 0 
7fa7e6073000-7fa7e6095000 r--p 00000000 fd:01 8915058                    /usr/lib/x86_64-linux-gnu/libc-2.31.so
7fa7e6095000-7fa7e620d000 r-xp 00022000 fd:01 8915058                    /usr/lib/x86_64-linux-gnu/libc-2.31.so
7fa7e620d000-7fa7e625b000 r--p 0019a000 fd:01 8915058                    /usr/lib/x86_64-linux-gnu/libc-2.31.so
7fa7e625b000-7fa7e625f000 r--p 001e7000 fd:01 8915058                    /usr/lib/x86_64-linux-gnu/libc-2.31.so
7fa7e625f000-7fa7e6261000 rw-p 001eb000 fd:01 8915058                    /usr/lib/x86_64-linux-gnu/libc-2.31.so
7fa7e6261000-7fa7e6265000 rw-p 00000000 00:00 0 
7fa7e6265000-7fa7e6266000 r--p 00000000 fd:01 8915059                    /usr/lib/x86_64-linux-gnu/libdl-2.31.so
7fa7e6266000-7fa7e6268000 r-xp 00001000 fd:01 8915059                    /usr/lib/x86_64-linux-gnu/libdl-2.31.so
7fa7e6268000-7fa7e6269000 r--p 00003000 fd:01 8915059                    /usr/lib/x86_64-linux-gnu/libdl-2.31.so
7fa7e6269000-7fa7e626a000 r--p 00003000 fd:01 8915059                    /usr/lib/x86_64-linux-gnu/libdl-2.31.so
7fa7e626a000-7fa7e626b000 rw-p 00004000 fd:01 8915059                    /usr/lib/x86_64-linux-gnu/libdl-2.31.so
7fa7e626b000-7fa7e6271000 r--p 00000000 fd:01 8915071                    /usr/lib/x86_64-linux-gnu/libpthread-2.31.so
7fa7e6271000-7fa7e6282000 r-xp 00006000 fd:01 8915071                    /usr/lib/x86_64-linux-gnu/libpthread-2.31.so
7fa7e6282000-7fa7e6288000 r--p 00017000 fd:01 8915071                    /usr/lib/x86_64-linux-gnu/libpthread-2.31.so
7fa7e6288000-7fa7e6289000 r--p 0001c000 fd:01 8915071                    /usr/lib/x86_64-linux-gnu/libpthread-2.31.so
7fa7e6289000-7fa7e628a000 rw-p 0001d000 fd:01 8915071                    /usr/lib/x86_64-linux-gnu/libpthread-2.31.so
7fa7e628a000-7fa7e628e000 rw-p 00000000 00:00 0 
7fa7e628e000-7fa7e629d000 r-xp 00000000 fd:01 15074815                   /usr/lib/jvm/java-16-oracle/lib/libjli.so
7fa7e629d000-7fa7e629e000 r--p 0000e000 fd:01 15074815                   /usr/lib/jvm/java-16-oracle/lib/libjli.so
7fa7e629e000-7fa7e629f000 rw-p 0000f000 fd:01 15074815                   /usr/lib/jvm/java-16-oracle/lib/libjli.so
7fa7e629f000-7fa7e62a1000 r--p 00000000 fd:01 8917240                    /usr/lib/x86_64-linux-gnu/libz.so.1.2.11
7fa7e62a1000-7fa7e62b2000 r-xp 00002000 fd:01 8917240                    /usr/lib/x86_64-linux-gnu/libz.so.1.2.11
7fa7e62b2000-7fa7e62b8000 r--p 00013000 fd:01 8917240                    /usr/lib/x86_64-linux-gnu/libz.so.1.2.11
7fa7e62b8000-7fa7e62b9000 ---p 00019000 fd:01 8917240                    /usr/lib/x86_64-linux-gnu/libz.so.1.2.11
7fa7e62b9000-7fa7e62ba000 r--p 00019000 fd:01 8917240                    /usr/lib/x86_64-linux-gnu/libz.so.1.2.11
7fa7e62ba000-7fa7e62bb000 rw-p 0001a000 fd:01 8917240                    /usr/lib/x86_64-linux-gnu/libz.so.1.2.11
7fa7e62bb000-7fa7e62bd000 rw-p 00000000 00:00 0 
7fa7e62be000-7fa7e62c5000 r--s 00000000 fd:01 9573802                    /usr/lib/x86_64-linux-gnu/gconv/gconv-modules.cache
7fa7e62c5000-7fa7e62cd000 rw-s 00000000 fd:01 11539813                   /tmp/hsperfdata_janel/669117
7fa7e62cd000-7fa7e62d7000 r-xp 00000000 fd:01 15074805                   /usr/lib/jvm/java-16-oracle/lib/libinstrument.so
7fa7e62d7000-7fa7e62d8000 r--p 00009000 fd:01 15074805                   /usr/lib/jvm/java-16-oracle/lib/libinstrument.so
7fa7e62d8000-7fa7e62d9000 rw-p 0000a000 fd:01 15074805                   /usr/lib/jvm/java-16-oracle/lib/libinstrument.so
7fa7e62d9000-7fa7e62da000 ---p 00000000 00:00 0 
7fa7e62da000-7fa7e62db000 r--p 00000000 00:00 0 
7fa7e62db000-7fa7e62dc000 r--p 00000000 fd:01 8915051                    /usr/lib/x86_64-linux-gnu/ld-2.31.so
7fa7e62dc000-7fa7e62ff000 r-xp 00001000 fd:01 8915051                    /usr/lib/x86_64-linux-gnu/ld-2.31.so
7fa7e62ff000-7fa7e6307000 r--p 00024000 fd:01 8915051                    /usr/lib/x86_64-linux-gnu/ld-2.31.so
7fa7e6307000-7fa7e6308000 ---p 00000000 00:00 0 
7fa7e6308000-7fa7e6309000 r--p 0002c000 fd:01 8915051                    /usr/lib/x86_64-linux-gnu/ld-2.31.so
7fa7e6309000-7fa7e630a000 rw-p 0002d000 fd:01 8915051                    /usr/lib/x86_64-linux-gnu/ld-2.31.so
7fa7e630a000-7fa7e630b000 rw-p 00000000 00:00 0 
7ffc7151b000-7ffc71540000 rw-p 00000000 00:00 0                          [stack]
7ffc715d0000-7ffc715d4000 r--p 00000000 00:00 0                          [vvar]
7ffc715d4000-7ffc715d6000 r-xp 00000000 00:00 0                          [vdso]
ffffffffff600000-ffffffffff601000 --xp 00000000 00:00 0                  [vsyscall]


VM Arguments:
jvm_args: -javaagent:/tmp/jacocoagent11872423891924621692.jar=destfile=/home/janel/Desktop/Studium/Semester_6/Bachelorarbeit/nochmalneu/junit/jacoco.exec,excludes=**/*Test*:**/Dummy* -Djava.awt.headless=true -ea 
java_command: org.apache.tools.ant.taskdefs.optional.junit.JUnitTestRunner org.sosy_lab.java_smt.test.TimeoutTest skipNonTests=false filtertrace=true haltOnError=false haltOnFailure=false formatter=org.apache.tools.ant.taskdefs.optional.junit.SummaryJUnitResultFormatter showoutput=false outputtoformatters=true logfailedtests=true threadid=0 logtestlistenerevents=false formatter=org.apache.tools.ant.taskdefs.optional.junit.XMLJUnitResultFormatter,/home/janel/Desktop/Studium/Semester_6/Bachelorarbeit/nochmalneu/junit/TEST-org.sosy_lab.java_smt.test.TimeoutTest.xml crashfile=/home/janel/Desktop/Studium/Semester_6/Bachelorarbeit/nochmalneu/junitvmwatcher4552648873426287875.properties propsfile=/home/janel/Desktop/Studium/Semester_6/Bachelorarbeit/nochmalneu/junit3192410033118446994.properties
java_class_path (initial): /home/janel/Desktop/Studium/Semester_6/Bachelorarbeit/nochmalneu/bin:/home/janel/Desktop/Studium/Semester_6/Bachelorarbeit/nochmalneu/lib/java/build/auto-value-annotations.jar:/home/janel/Desktop/Studium/Semester_6/Bachelorarbeit/nochmalneu/lib/java/build/error_prone_annotations.jar:/home/janel/Desktop/Studium/Semester_6/Bachelorarbeit/nochmalneu/lib/java/runtime-boolector/animal-sniffer-annotations.jar:/home/janel/Desktop/Studium/Semester_6/Bachelorarbeit/nochmalneu/lib/java/runtime-boolector/antlr4-runtime.jar:/home/janel/Desktop/Studium/Semester_6/Bachelorarbeit/nochmalneu/lib/java/runtime-boolector/checker-qual.jar:/home/janel/Desktop/Studium/Semester_6/Bachelorarbeit/nochmalneu/lib/java/runtime-boolector/common.jar:/home/janel/Desktop/Studium/Semester_6/Bachelorarbeit/nochmalneu/lib/java/runtime-boolector/error_prone_annotations.jar:/home/janel/Desktop/Studium/Semester_6/Bachelorarbeit/nochmalneu/lib/java/runtime-boolector/failureaccess.jar:/home/janel/Desktop/Studium/Semester_6/Bachelorarbeit/nochmalneu/lib/java/runtime-boolector/guava.jar:/home/janel/Desktop/Studium/Semester_6/Bachelorarbeit/nochmalneu/lib/java/runtime-boolector/j2objc-annotations.jar:/home/janel/Desktop/Studium/Semester_6/Bachelorarbeit/nochmalneu/lib/java/runtime-boolector/jsr305.jar:/home/janel/Desktop/Studium/Semester_6/Bachelorarbeit/nochmalneu/lib/java/runtime-boolector/listenablefuture.jar:/home/janel/Desktop/Studium/Semester_6/Bachelorarbeit/nochmalneu/lib/java/runtime-boolector/spotbugs-annotations.jar:/home/janel/Desktop/Studium/Semester_6/Bachelorarbeit/nochmalneu/lib/java/runtime-cvc4/CVC4.jar:/home/janel/Desktop/Studium/Semester_6/Bachelorarbeit/nochmalneu/lib/java/runtime-cvc4/animal-sniffer-annotations.jar:/home/janel/Desktop/Studium/Semester_6/Bachelorarbeit/nochmalneu/lib/java/runtime-cvc4/antlr4-runtime.jar:/home/janel/Desktop/Studium/Semester_6/Bachelorarbeit/nochmalneu/lib/java/runtime-cvc4/checker-qual.jar:/home/janel/Desktop/Studium/Semester_
Launcher Type: SUN_STANDARD

[Global flags]
     intx CICompilerCount                          = 3                                         {product} {ergonomic}
     uint ConcGCThreads                            = 1                                         {product} {ergonomic}
     uint G1ConcRefinementThreads                  = 4                                         {product} {ergonomic}
   size_t G1HeapRegionSize                         = 4194304                                   {product} {ergonomic}
    uintx GCDrainStackTargetSize                   = 64                                        {product} {ergonomic}
   size_t InitialHeapSize                          = 318767104                                 {product} {ergonomic}
   size_t MarkStackSize                            = 4194304                                   {product} {ergonomic}
   size_t MaxHeapSize                              = 5087690752                                {product} {ergonomic}
   size_t MaxNewSize                               = 3049259008                                {product} {ergonomic}
   size_t MinHeapDeltaBytes                        = 4194304                                   {product} {ergonomic}
   size_t MinHeapSize                              = 8388608                                   {product} {ergonomic}
    uintx NonNMethodCodeHeapSize                   = 5832780                                {pd product} {ergonomic}
    uintx NonProfiledCodeHeapSize                  = 122912730                              {pd product} {ergonomic}
    uintx ProfiledCodeHeapSize                     = 122912730                              {pd product} {ergonomic}
    uintx ReservedCodeCacheSize                    = 251658240                              {pd product} {ergonomic}
     bool SegmentedCodeCache                       = true                                      {product} {ergonomic}
   size_t SoftMaxHeapSize                          = 5087690752                             {manageable} {ergonomic}
     bool UseCompressedClassPointers               = true                           {product lp64_product} {ergonomic}
     bool UseCompressedOops                        = true                           {product lp64_product} {ergonomic}
     bool UseG1GC                                  = true                                      {product} {ergonomic}

Logging:
Log output configuration:
 #0: stdout all=warning uptime,level,tags
 #1: stderr all=off uptime,level,tags

Environment Variables:
JAVA_HOME=/usr/lib/jvm/java-16-oracle
PATH=/home/janel/.opam/default/bin:/home/janel/.local/bin:/home/janel/bin:/usr/local/sbin:/usr/local/bin:/usr/sbin:/usr/bin:/sbin:/bin:/usr/games:/usr/local/games:/snap/bin:/usr/lib/jvm/java-16-oracle/bin:/usr/lib/jvm/java-16-oracle/db/bin:/home/janel/bin
USERNAME=janel
SHELL=/usr/bin/fish
DISPLAY=:0
LANG=de_DE.UTF-8

Signal Handlers:
SIGSEGV: [libjvm.so+0xdfef20], sa_mask[0]=11100100010111111101111111111110, sa_flags=SA_RESTART|SA_SIGINFO
SIGBUS: [libjvm.so+0xdfef20], sa_mask[0]=11100100010111111101111111111110, sa_flags=SA_RESTART|SA_SIGINFO
SIGFPE: [libjvm.so+0xdfef20], sa_mask[0]=11100100010111111101111111111110, sa_flags=SA_RESTART|SA_SIGINFO
SIGPIPE: [libjvm.so+0xca8980], sa_mask[0]=11100100010111111101111111111110, sa_flags=SA_RESTART|SA_SIGINFO
SIGXFSZ: [libjvm.so+0xca8980], sa_mask[0]=11100100010111111101111111111110, sa_flags=SA_RESTART|SA_SIGINFO
SIGILL: [libjvm.so+0xdfef20], sa_mask[0]=11100100010111111101111111111110, sa_flags=SA_RESTART|SA_SIGINFO
SIGUSR2: [libjvm.so+0xca8070], sa_mask[0]=00100000000000000000000000000000, sa_flags=SA_RESTART|SA_SIGINFO
SIGHUP: [libjvm.so+0xca7fa0], sa_mask[0]=11100100010111111101111111111110, sa_flags=SA_RESTART|SA_SIGINFO
SIGINT: [libjvm.so+0xca7fa0], sa_mask[0]=11100100010111111101111111111110, sa_flags=SA_RESTART|SA_SIGINFO
SIGTERM: [libjvm.so+0xca7fa0], sa_mask[0]=11100100010111111101111111111110, sa_flags=SA_RESTART|SA_SIGINFO
SIGQUIT: [libjvm.so+0xca7fa0], sa_mask[0]=11100100010111111101111111111110, sa_flags=SA_RESTART|SA_SIGINFO
SIGTRAP: [libjvm.so+0xdfef20], sa_mask[0]=11100100010111111101111111111110, sa_flags=SA_RESTART|SA_SIGINFO


---------------  S Y S T E M  ---------------

OS:
DISTRIB_ID=Ubuntu
DISTRIB_RELEASE=20.04
DISTRIB_CODENAME=focal
DISTRIB_DESCRIPTION="Ubuntu 20.04.5 LTS"
uname: Linux 5.15.0-87-generic #97~20.04.1-Ubuntu SMP Thu Oct 5 08:25:28 UTC 2023 x86_64
OS uptime: 16 days 21:28 hours
libc: glibc 2.31 NPTL 2.31 
rlimit (soft/hard): STACK 8192k/infinity , CORE 0k/infinity , NPROC 77088/77088 , NOFILE 1048576/1048576 , AS infinity/infinity , CPU infinity/infinity , DATA infinity/infinity , FSIZE infinity/infinity , MEMLOCK 65536k/65536k
load average: 1,17 1,31 1,45

/proc/meminfo:
MemTotal:       19869448 kB
MemFree:         3487968 kB
MemAvailable:   10662912 kB
Buffers:          776600 kB
Cached:          5979440 kB
SwapCached:        74200 kB
Active:          5360316 kB
Inactive:        8641996 kB
Active(anon):    1295624 kB
Inactive(anon):  6825936 kB
Active(file):    4064692 kB
Inactive(file):  1816060 kB
Unevictable:      242864 kB
Mlocked:              80 kB
SwapTotal:       1003516 kB
SwapFree:         333520 kB
Dirty:               348 kB
Writeback:             0 kB
AnonPages:       7414992 kB
Mapped:           783336 kB
Shmem:            875280 kB
KReclaimable:    1657128 kB
Slab:            1928200 kB
SReclaimable:    1657128 kB
SUnreclaim:       271072 kB
KernelStack:       18976 kB
PageTables:        59584 kB
NFS_Unstable:          0 kB
Bounce:                0 kB
WritebackTmp:          0 kB
CommitLimit:    10938240 kB
Committed_AS:   16197304 kB
VmallocTotal:   34359738367 kB
VmallocUsed:       63308 kB
VmallocChunk:          0 kB
Percpu:             6240 kB
HardwareCorrupted:     0 kB
AnonHugePages:         0 kB
ShmemHugePages:        0 kB
ShmemPmdMapped:        0 kB
FileHugePages:         0 kB
FilePmdMapped:         0 kB
HugePages_Total:       0
HugePages_Free:        0
HugePages_Rsvd:        0
HugePages_Surp:        0
Hugepagesize:       2048 kB
Hugetlb:               0 kB
DirectMap4k:     1185868 kB
DirectMap2M:    19171328 kB
DirectMap1G:           0 kB

/sys/kernel/mm/transparent_hugepage/enabled: always [madvise] never
/sys/kernel/mm/transparent_hugepage/defrag (defrag/compaction efforts parameter): always defer defer+madvise [madvise] never

Process Memory:
Virtual Size: 8379904K (peak: 8413924K)
Resident Set Size: 369324K (peak: 375776K) (anon: 320244K, file: 49080K, shmem: 0K)
Swapped out: 0K
C-Heap outstanding allocations: 29844K

/proc/sys/kernel/threads-max (system-wide limit on the number of threads): 154176
/proc/sys/vm/max_map_count (maximum number of memory map areas a process may have): 65530
/proc/sys/kernel/pid_max (system-wide limit on number of process identifiers): 4194304

container (cgroup) information:
container_type: cgroupv1
cpu_cpuset_cpus: 0-3
cpu_memory_nodes: 0
active_processor_count: 4
cpu_quota: no quota
cpu_period: 100000
cpu_shares: no shares
memory_limit_in_bytes: unlimited
memory_and_swap_limit_in_bytes: unlimited
memory_soft_limit_in_bytes: unlimited
memory_usage_in_bytes: 5690265600
memory_max_usage_in_bytes: 13135265792

Steal ticks since vm start: 0
Steal ticks percentage since vm start:  0,000

CPU: total 4 (initial active 4) (2 cores per cpu, 2 threads per core) family 6 model 78 stepping 3 microcode 0xf0, cx8, cmov, fxsr, ht, mmx, 3dnowpref, sse, sse2, sse3, ssse3, sse4.1, sse4.2, popcnt, lzcnt, tsc, tscinvbit, avx, avx2, aes, erms, clmul, bmi1, bmi2, adx, fma, vzeroupper, clflush, clflushopt
CPU Model and flags from /proc/cpuinfo:
model name	: Intel(R) Core(TM) i7-6600U CPU @ 2.60GHz
flags		: fpu vme de pse tsc msr pae mce cx8 apic sep mtrr pge mca cmov pat pse36 clflush dts acpi mmx fxsr sse sse2 ss ht tm pbe syscall nx pdpe1gb rdtscp lm constant_tsc art arch_perfmon pebs bts rep_good nopl xtopology nonstop_tsc cpuid aperfmperf pni pclmulqdq dtes64 monitor ds_cpl vmx smx est tm2 ssse3 sdbg fma cx16 xtpr pdcm pcid sse4_1 sse4_2 x2apic movbe popcnt tsc_deadline_timer aes xsave avx f16c rdrand lahf_lm abm 3dnowprefetch cpuid_fault epb invpcid_single pti ssbd ibrs ibpb stibp tpr_shadow vnmi flexpriority ept vpid ept_ad fsgsbase tsc_adjust bmi1 avx2 smep bmi2 erms invpcid mpx rdseed adx smap clflushopt intel_pt xsaveopt xsavec xgetbv1 xsaves dtherm ida arat pln pts hwp hwp_notify hwp_act_window hwp_epp md_clear flush_l1d arch_capabilities

Online cpus: 0-3
Offline cpus: 
BIOS frequency limitation: <Not Available>
Frequency switch latency (ns): 0
Available cpu frequencies: <Not Available>
Current governor: powersave
Core performance/turbo boost: <Not Available>

Memory: 4k page, physical 19869448k(3487968k free), swap 1003516k(333520k free)

vm_info: Java HotSpot(TM) 64-Bit Server VM (16.0.1+9-24) for linux-amd64 JRE (16.0.1+9-24), built on Mar 26 2021 18:11:45 by "mach5one" with gcc 10.2.0

END.
