#
# A fatal error has been detected by the Java Runtime Environment:
#
#  SIGSEGV (0xb) at pc=0x00007fb5d0503d80, pid=903309, tid=903425
#
# JRE version: Java(TM) SE Runtime Environment (16.0.1+9) (build 16.0.1+9-24)
# Java VM: Java HotSpot(TM) 64-Bit Server VM (16.0.1+9-24, mixed mode, sharing, tiered, compressed oops, compressed class ptrs, g1 gc, linux-amd64)
# Problematic frame:
# C  0x00007fb5d0503d80
#
# Core dump will be written. Default location: Core dumps may be processed with "/usr/share/apport/apport -p%p -s%s -c%c -d%d -P%P -u%u -g%g -- %E" (or dumping to /home/janel/Desktop/Studium/Semester_6/Bachelorarbeit/nochmalneu/core.903309)
#
# If you would like to submit a bug report, please visit:
#   https://bugreport.java.com/bugreport/crash.jsp
# The crash happened outside the Java Virtual Machine in native code.
# See problematic frame for where to report the bug.
#

---------------  S U M M A R Y ------------

Command Line: -javaagent:/tmp/jacocoagent407556773123224930.jar=destfile=/home/janel/Desktop/Studium/Semester_6/Bachelorarbeit/nochmalneu/junit/jacoco.exec,excludes=**/*Test*:**/Dummy* -Djava.awt.headless=true -ea org.apache.tools.ant.taskdefs.optional.junit.JUnitTestRunner org.sosy_lab.java_smt.test.TimeoutTest skipNonTests=false filtertrace=true haltOnError=false haltOnFailure=false formatter=org.apache.tools.ant.taskdefs.optional.junit.SummaryJUnitResultFormatter showoutput=false outputtoformatters=true logfailedtests=true threadid=0 logtestlistenerevents=false formatter=org.apache.tools.ant.taskdefs.optional.junit.XMLJUnitResultFormatter,/home/janel/Desktop/Studium/Semester_6/Bachelorarbeit/nochmalneu/junit/TEST-org.sosy_lab.java_smt.test.TimeoutTest.xml crashfile=/home/janel/Desktop/Studium/Semester_6/Bachelorarbeit/nochmalneu/junitvmwatcher3328545680016819207.properties propsfile=/home/janel/Desktop/Studium/Semester_6/Bachelorarbeit/nochmalneu/junit1586128210206262100.properties

Host: Intel(R) Core(TM) i7-6600U CPU @ 2.60GHz, 4 cores, 18G, Ubuntu 20.04.6 LTS
Time: Tue Nov 21 14:08:30 2023 CET elapsed time: 152.087835 seconds (0d 0h 2m 32s)

---------------  T H R E A D  ---------------

Current thread (0x00007fb6589839a0):  JavaThread "Time-limited test" daemon [_thread_in_native, id=903425, stack(0x00007fb624dfa000,0x00007fb624efb000)]

Stack: [0x00007fb624dfa000,0x00007fb624efb000],  sp=0x00007fb624ef8cc8,  free space=1019k
Native frames: (J=compiled Java code, A=aot compiled Java code, j=interpreted, Vv=VM code, C=native code)
C  0x00007fb5d0503d80

Java frames: (J=compiled Java code, j=interpreted, Vv=VM code)
j  com.microsoft.z3.Native.INTERNALsolverGetNumScopes(JJ)I+0
j  com.microsoft.z3.Native.solverGetNumScopes(JJ)I+7
j  org.sosy_lab.java_smt.solvers.z3.Z3TheoremProver.close()V+35
j  org.sosy_lab.java_smt.test.TimeoutTest.testBasicProverTimeout(Ljava/util/function/Supplier;Lorg/sosy_lab/java_smt/api/BooleanFormula;)V+80
j  org.sosy_lab.java_smt.test.TimeoutTest.testBasicProverTimeoutInt(Ljava/util/function/Supplier;)V+24
j  org.sosy_lab.java_smt.test.TimeoutTest.testProverTimeoutInt()V+52
v  ~StubRoutines::call_stub
j  jdk.internal.reflect.NativeMethodAccessorImpl.invoke0(Ljava/lang/reflect/Method;Ljava/lang/Object;[Ljava/lang/Object;)Ljava/lang/Object;+0 java.base@16.0.1
j  jdk.internal.reflect.NativeMethodAccessorImpl.invoke(Ljava/lang/Object;[Ljava/lang/Object;)Ljava/lang/Object;+146 java.base@16.0.1
J 3667 c1 jdk.internal.reflect.DelegatingMethodAccessorImpl.invoke(Ljava/lang/Object;[Ljava/lang/Object;)Ljava/lang/Object; java.base@16.0.1 (10 bytes) @ 0x00007fb64255c8cc [0x00007fb64255c7c0+0x000000000000010c]
j  java.lang.reflect.Method.invoke(Ljava/lang/Object;[Ljava/lang/Object;)Ljava/lang/Object;+59 java.base@16.0.1
j  org.junit.runners.model.FrameworkMethod$1.runReflectiveCall()Ljava/lang/Object;+19
j  org.junit.internal.runners.model.ReflectiveCallable.run()Ljava/lang/Object;+5
j  org.junit.runners.model.FrameworkMethod.invokeExplosively(Ljava/lang/Object;[Ljava/lang/Object;)Ljava/lang/Object;+14
j  org.junit.internal.runners.statements.InvokeMethod.evaluate()V+16
j  org.junit.internal.runners.statements.FailOnTimeout$CallableStatement.call()Ljava/lang/Throwable;+22
j  org.junit.internal.runners.statements.FailOnTimeout$CallableStatement.call()Ljava/lang/Object;+5
j  java.util.concurrent.FutureTask.run()V+39 java.base@16.0.1
j  java.lang.Thread.run()V+11 java.base@16.0.1
v  ~StubRoutines::call_stub

siginfo: si_signo: 11 (SIGSEGV), si_code: 2 (SEGV_ACCERR), si_addr: 0x00007fb5d0503d80

Register to memory mapping:

RAX=0x00007fb5d003eb80 points into unknown readable memory: 0x00007fb5d003e560 | 60 e5 03 d0 b5 7f 00 00
RBX=0x0 is NULL
RCX=0x00007fb5d00080d0 points into unknown readable memory: 0x00007fb5d00079f0 | f0 79 00 d0 b5 7f 00 00
RDX=0x00007fb65813d330 points into unknown readable memory: 0x00007fb65888b590 | 90 b5 88 58 b6 7f 00 00
RSP=0x00007fb624ef8cc8 is pointing into the stack for thread: 0x00007fb6589839a0
RBP=0x00007fb5cfffea58: <offset 0x0000000001aaba58> in /home/janel/Desktop/Studium/Semester_6/Bachelorarbeit/nochmalneu/lib/java/runtime-z3/libz3.so at 0x00007fb5ce553000
RSI=0x00007fb5d00080d0 points into unknown readable memory: 0x00007fb5d00079f0 | f0 79 00 d0 b5 7f 00 00
RDI=0x00007fb5d04b0b30 points into unknown readable memory: 0x00007fb5d003eb80 | 80 eb 03 d0 b5 7f 00 00
R8 =0x00007fb658b60920 points into unknown readable memory: 0x000000080001d528 | 28 d5 01 00 08 00 00 00
R9 =0x0000000000000006 is an unknown value
R10=0x00007fb65de5f500: <offset 0x0000000000020500> in /lib64/ld-linux-x86-64.so.2 at 0x00007fb65de3f000
R11=0x00007fb5ce66c450: Z3_solver_get_num_scopes+0x0000000000000000 in /home/janel/Desktop/Studium/Semester_6/Bachelorarbeit/nochmalneu/lib/java/runtime-z3/libz3.so at 0x00007fb5ce553000
R12=0x00007fb5d00080d0 points into unknown readable memory: 0x00007fb5d00079f0 | f0 79 00 d0 b5 7f 00 00
R13=0x00007fb65813d330 points into unknown readable memory: 0x00007fb65888b590 | 90 b5 88 58 b6 7f 00 00
R14=0x00007fb624ef8da0 is pointing into the stack for thread: 0x00007fb6589839a0
R15=0x00007fb6589839a0 is a thread


Registers:
RAX=0x00007fb5d003eb80, RBX=0x0000000000000000, RCX=0x00007fb5d00080d0, RDX=0x00007fb65813d330
RSP=0x00007fb624ef8cc8, RBP=0x00007fb5cfffea58, RSI=0x00007fb5d00080d0, RDI=0x00007fb5d04b0b30
R8 =0x00007fb658b60920, R9 =0x0000000000000006, R10=0x00007fb65de5f500, R11=0x00007fb5ce66c450
R12=0x00007fb5d00080d0, R13=0x00007fb65813d330, R14=0x00007fb624ef8da0, R15=0x00007fb6589839a0
RIP=0x00007fb5d0503d80, EFLAGS=0x0000000000010206, CSGSFS=0x002b000000000033, ERR=0x0000000000000015
  TRAPNO=0x000000000000000e

Top of Stack: (sp=0x00007fb624ef8cc8)
0x00007fb624ef8cc8:   00007fb5ce66c48e 0000000000000000
0x00007fb624ef8cd8:   00007fb62470a048 00007fb624ef8d68
0x00007fb624ef8ce8:   0000000000000000 00007fb62470a048
0x00007fb624ef8cf8:   00007fb6417eac7b 00007fb624ef8d68 

Instructions: (pc=0x00007fb5d0503d80)
0x00007fb5d0503c80:   00 00 00 00 00 00 00 00 00 00 00 00 00 00 00 00
0x00007fb5d0503c90:   00 00 00 00 00 00 00 00 00 00 00 00 00 00 00 00
0x00007fb5d0503ca0:   00 00 00 00 00 00 00 00 00 00 00 00 00 00 00 00
0x00007fb5d0503cb0:   00 00 00 00 00 00 00 00 00 00 00 00 00 00 00 00
0x00007fb5d0503cc0:   00 00 00 00 00 00 00 00 00 00 00 00 00 00 00 00
0x00007fb5d0503cd0:   20 01 00 00 00 00 00 00 54 00 00 00 00 00 00 00
0x00007fb5d0503ce0:   00 00 00 00 00 00 00 00 d0 08 00 58 b6 7f 00 00
0x00007fb5d0503cf0:   00 00 00 00 00 00 00 00 00 00 00 00 00 00 00 00
0x00007fb5d0503d00:   00 00 00 00 00 00 00 00 00 00 00 00 00 00 00 00
0x00007fb5d0503d10:   00 00 00 00 00 00 00 00 00 00 00 00 00 00 00 00
0x00007fb5d0503d20:   00 00 00 00 00 00 00 00 55 00 00 00 00 00 00 00
0x00007fb5d0503d30:   68 ab ff cf b5 7f 00 00 60 ab 7c 58 b6 7f 00 00
0x00007fb5d0503d40:   0f 00 00 00 00 00 00 00 c0 f2 be 58 b6 7f 00 00
0x00007fb5d0503d50:   d8 f2 be 58 b6 7f 00 00 40 7a bb 58 b6 7f 00 00
0x00007fb5d0503d60:   c0 d1 be 58 b6 7f 00 00 a0 12 bf 58 b6 7f 00 00
0x00007fb5d0503d70:   00 00 00 00 00 00 00 00 65 01 00 00 00 00 00 00
0x00007fb5d0503d80:   e0 23 bb 58 b6 7f 00 00 d0 08 00 58 b6 7f 00 00
0x00007fb5d0503d90:   60 ab 7c 58 b6 7f 00 00 00 00 00 00 00 00 00 00
0x00007fb5d0503da0:   06 00 00 00 00 00 00 00 60 ab 7c 58 b6 7f 00 00
0x00007fb5d0503db0:   90 95 21 dc b5 7f 00 00 07 00 00 00 00 00 00 00
0x00007fb5d0503dc0:   60 ab 7c 58 b6 7f 00 00 00 00 00 00 00 00 00 00
0x00007fb5d0503dd0:   00 00 00 00 00 00 00 00 00 00 00 00 00 00 00 00
0x00007fb5d0503de0:   00 aa 4c d0 b5 7f 00 00 08 00 00 00 00 00 00 00
0x00007fb5d0503df0:   00 00 00 00 00 00 00 00 00 00 00 00 00 00 00 00
0x00007fb5d0503e00:   e0 3e 50 d0 b5 7f 00 00 08 00 00 00 00 00 00 00
0x00007fb5d0503e10:   00 00 00 00 00 00 00 00 f0 3f 50 d0 b5 7f 00 00
0x00007fb5d0503e20:   08 00 00 00 00 00 00 00 00 00 00 00 00 00 00 00
0x00007fb5d0503e30:   60 ab 7c 58 b6 7f 00 00 00 00 00 00 00 00 00 00
0x00007fb5d0503e40:   00 00 00 00 00 00 00 00 80 40 50 d0 b5 7f 00 00
0x00007fb5d0503e50:   08 00 00 00 00 00 00 00 00 00 00 00 00 00 00 00
0x00007fb5d0503e60:   10 41 50 d0 b5 7f 00 00 08 00 00 00 00 00 00 00
0x00007fb5d0503e70:   00 00 00 00 00 00 00 00 60 ab 7c 58 b6 7f 00 00 


Stack slot to memory mapping:
stack at sp + 0 slots: 0x00007fb5ce66c48e: Z3_solver_get_num_scopes+0x000000000000003e in /home/janel/Desktop/Studium/Semester_6/Bachelorarbeit/nochmalneu/lib/java/runtime-z3/libz3.so at 0x00007fb5ce553000
stack at sp + 1 slots: 0x0 is NULL
stack at sp + 2 slots: {method} {0x00007fb62470a048} 'INTERNALsolverGetNumScopes' '(JJ)I' in 'com/microsoft/z3/Native'
stack at sp + 3 slots: 0x00007fb624ef8d68 is pointing into the stack for thread: 0x00007fb6589839a0
stack at sp + 4 slots: 0x0 is NULL
stack at sp + 5 slots: {method} {0x00007fb62470a048} 'INTERNALsolverGetNumScopes' '(JJ)I' in 'com/microsoft/z3/Native'
stack at sp + 6 slots: 0x00007fb6417eac7b is at code_begin+923 in an Interpreter codelet
method entry point (kind = native)  [0x00007fb6417ea8e0, 0x00007fb6417eb1a0]  2240 bytes
stack at sp + 7 slots: 0x00007fb624ef8d68 is pointing into the stack for thread: 0x00007fb6589839a0


---------------  P R O C E S S  ---------------

Threads class SMR info:
_java_thread_list=0x00007fb5f87dc310, length=14, elements={
0x00007fb658028150, 0x00007fb658127570, 0x00007fb658128af0, 0x00007fb65812d3b0,
0x00007fb65812e900, 0x00007fb65812fe20, 0x00007fb658131900, 0x00007fb658132f60,
0x00007fb658134500, 0x00007fb658150f20, 0x00007fb65871f610, 0x00007fb6589839a0,
0x00007fb65897fe40, 0x00007fb5f8079f30
}

Java Threads: ( => current thread )
  0x00007fb658028150 JavaThread "main" [_thread_blocked, id=903313, stack(0x00007fb65c737000,0x00007fb65c838000)]
  0x00007fb658127570 JavaThread "Reference Handler" daemon [_thread_blocked, id=903320, stack(0x00007fb626eff000,0x00007fb627000000)]
  0x00007fb658128af0 JavaThread "Finalizer" daemon [_thread_blocked, id=903321, stack(0x00007fb626dfe000,0x00007fb626eff000)]
  0x00007fb65812d3b0 JavaThread "Signal Dispatcher" daemon [_thread_blocked, id=903322, stack(0x00007fb626733000,0x00007fb626834000)]
  0x00007fb65812e900 JavaThread "Service Thread" daemon [_thread_blocked, id=903323, stack(0x00007fb626632000,0x00007fb626733000)]
  0x00007fb65812fe20 JavaThread "Monitor Deflation Thread" daemon [_thread_blocked, id=903324, stack(0x00007fb626531000,0x00007fb626632000)]
  0x00007fb658131900 JavaThread "C2 CompilerThread0" daemon [_thread_in_native, id=903325, stack(0x00007fb626430000,0x00007fb626531000)]
  0x00007fb658132f60 JavaThread "C1 CompilerThread0" daemon [_thread_blocked, id=903326, stack(0x00007fb62632f000,0x00007fb626430000)]
  0x00007fb658134500 JavaThread "Sweeper thread" daemon [_thread_blocked, id=903327, stack(0x00007fb62622e000,0x00007fb62632f000)]
  0x00007fb658150f20 JavaThread "Common-Cleaner" daemon [_thread_blocked, id=903328, stack(0x00007fb62612d000,0x00007fb62622e000)]
  0x00007fb65871f610 JavaThread "Notification Thread" daemon [_thread_blocked, id=903329, stack(0x00007fb62602c000,0x00007fb62612d000)]
=>0x00007fb6589839a0 JavaThread "Time-limited test" daemon [_thread_in_native, id=903425, stack(0x00007fb624dfa000,0x00007fb624efb000)]
  0x00007fb65897fe40 JavaThread "Time-limited test" daemon [_thread_in_Java, id=903427, stack(0x00007fb625e29000,0x00007fb625f2a000)]
  0x00007fb5f8079f30 JavaThread "C2 CompilerThread1" daemon [_thread_in_native, id=903428, stack(0x00007fb624efb000,0x00007fb624ffc000)]

Other Threads:
  0x00007fb658124e80 VMThread "VM Thread" [stack: 0x00007fb6278f8000,0x00007fb6279f8000] [id=903319]
  0x00007fb658029db0 WatcherThread [stack: 0x00007fb625f2c000,0x00007fb62602c000] [id=903330]
  0x00007fb658079af0 GCTaskThread "GC Thread#0" [stack: 0x00007fb6362cf000,0x00007fb6363cf000] [id=903314]
  0x00007fb61c0044b0 GCTaskThread "GC Thread#1" [stack: 0x00007fb625d29000,0x00007fb625e29000] [id=903332]
  0x00007fb61c005030 GCTaskThread "GC Thread#2" [stack: 0x00007fb625c27000,0x00007fb625d27000] [id=903333]
  0x00007fb61c005bb0 GCTaskThread "GC Thread#3" [stack: 0x00007fb625b25000,0x00007fb625c25000] [id=903334]
  0x00007fb6580849d0 ConcurrentGCThread "G1 Main Marker" [stack: 0x00007fb6361cd000,0x00007fb6362cd000] [id=903315]
  0x00007fb658085a60 ConcurrentGCThread "G1 Conc#0" [stack: 0x00007fb6360cb000,0x00007fb6361cb000] [id=903316]
  0x00007fb6580f0c90 ConcurrentGCThread "G1 Refine#0" [stack: 0x00007fb627afc000,0x00007fb627bfc000] [id=903317]
  0x00007fb6580f1cb0 ConcurrentGCThread "G1 Service" [stack: 0x00007fb6279fa000,0x00007fb627afa000] [id=903318]

Threads with active compile tasks:
C2 CompilerThread0   152100 3857 %     4       org.jacoco.agent.rt.internal_4a7f17c.asm.ClassReader::readCode @ 92 (5117 bytes)
C1 CompilerThread0   152100 3901       3       org.sosy_lab.java_smt.solvers.z3.Z3BooleanFormulaManager::and (131 bytes)
C2 CompilerThread1   152100 3871       4       org.sosy_lab.java_smt.basicimpl.AbstractBitvectorFormulaManager::getLength (86 bytes)

VM state: not at safepoint (normal execution)

VM Mutex/Monitor currently owned by a thread: None

Heap address: 0x00000006d0c00000, size: 4852 MB, Compressed Oops mode: Zero based, Oop shift amount: 3

CDS archive(s) mapped at: [0x0000000800000000-0x0000000800bc3000-0x0000000800bc3000), size 12333056, SharedBaseAddress: 0x0000000800000000, ArchiveRelocationMode: 0.
Compressed class space mapped at: 0x0000000800c00000-0x0000000840c00000, reserved size: 1073741824
Narrow klass base: 0x0000000800000000, Narrow klass shift: 3, Narrow klass range: 0x100000000

GC Precious Log:
 CPUs: 4 total, 4 available
 Memory: 19403M
 Large Page Support: Disabled
 NUMA Support: Disabled
 Compressed Oops: Enabled (Zero based)
 Heap Region Size: 4M
 Heap Min Capacity: 8M
 Heap Initial Capacity: 304M
 Heap Max Capacity: 4852M
 Pre-touch: Disabled
 Parallel Workers: 4
 Concurrent Workers: 1
 Concurrent Refinement Workers: 4
 Periodic GC: Disabled

Heap:
 garbage-first heap   total 319488K, used 55399K [0x00000006d0c00000, 0x0000000800000000)
  region size 4096K, 8 young (32768K), 3 survivors (12288K)
 Metaspace       used 13202K, committed 13440K, reserved 1064960K
  class space    used 1144K, committed 1280K, reserved 1048576K

Heap Regions: E=young(eden), S=young(survivor), O=old, HS=humongous(starts), HC=humongous(continues), CS=collection set, F=free, OA=open archive, CA=closed archive, TAMS=top-at-mark-start (previous, next)
|   0|0x00000006d0c00000, 0x00000006d1000000, 0x00000006d1000000|100%| O|  |TAMS 0x00000006d0c00000, 0x00000006d0c00000| Untracked 
|   1|0x00000006d1000000, 0x00000006d1400000, 0x00000006d1400000|100%| O|  |TAMS 0x00000006d1000000, 0x00000006d1000000| Untracked 
|   2|0x00000006d1400000, 0x00000006d1800000, 0x00000006d1800000|100%| O|  |TAMS 0x00000006d1400000, 0x00000006d1400000| Untracked 
|   3|0x00000006d1800000, 0x00000006d1c00000, 0x00000006d1c00000|100%| O|  |TAMS 0x00000006d1800000, 0x00000006d1800000| Untracked 
|   4|0x00000006d1c00000, 0x00000006d2000000, 0x00000006d2000000|100%| O|  |TAMS 0x00000006d1c00000, 0x00000006d1c00000| Untracked 
|   5|0x00000006d2000000, 0x00000006d2267a00, 0x00000006d2400000| 60%| O|  |TAMS 0x00000006d2000000, 0x00000006d2000000| Untracked 
|   6|0x00000006d2400000, 0x00000006d2400000, 0x00000006d2800000|  0%| F|  |TAMS 0x00000006d2400000, 0x00000006d2400000| Untracked 
|   7|0x00000006d2800000, 0x00000006d2800000, 0x00000006d2c00000|  0%| F|  |TAMS 0x00000006d2800000, 0x00000006d2800000| Untracked 
|   8|0x00000006d2c00000, 0x00000006d2c00000, 0x00000006d3000000|  0%| F|  |TAMS 0x00000006d2c00000, 0x00000006d2c00000| Untracked 
|   9|0x00000006d3000000, 0x00000006d3000000, 0x00000006d3400000|  0%| F|  |TAMS 0x00000006d3000000, 0x00000006d3000000| Untracked 
|  10|0x00000006d3400000, 0x00000006d3400000, 0x00000006d3800000|  0%| F|  |TAMS 0x00000006d3400000, 0x00000006d3400000| Untracked 
|  11|0x00000006d3800000, 0x00000006d3800000, 0x00000006d3c00000|  0%| F|  |TAMS 0x00000006d3800000, 0x00000006d3800000| Untracked 
|  12|0x00000006d3c00000, 0x00000006d3c00000, 0x00000006d4000000|  0%| F|  |TAMS 0x00000006d3c00000, 0x00000006d3c00000| Untracked 
|  13|0x00000006d4000000, 0x00000006d4000000, 0x00000006d4400000|  0%| F|  |TAMS 0x00000006d4000000, 0x00000006d4000000| Untracked 
|  14|0x00000006d4400000, 0x00000006d4400000, 0x00000006d4800000|  0%| F|  |TAMS 0x00000006d4400000, 0x00000006d4400000| Untracked 
|  15|0x00000006d4800000, 0x00000006d4800000, 0x00000006d4c00000|  0%| F|  |TAMS 0x00000006d4800000, 0x00000006d4800000| Untracked 
|  16|0x00000006d4c00000, 0x00000006d4c00000, 0x00000006d5000000|  0%| F|  |TAMS 0x00000006d4c00000, 0x00000006d4c00000| Untracked 
|  17|0x00000006d5000000, 0x00000006d5000000, 0x00000006d5400000|  0%| F|  |TAMS 0x00000006d5000000, 0x00000006d5000000| Untracked 
|  18|0x00000006d5400000, 0x00000006d5400000, 0x00000006d5800000|  0%| F|  |TAMS 0x00000006d5400000, 0x00000006d5400000| Untracked 
|  19|0x00000006d5800000, 0x00000006d5800000, 0x00000006d5c00000|  0%| F|  |TAMS 0x00000006d5800000, 0x00000006d5800000| Untracked 
|  20|0x00000006d5c00000, 0x00000006d5c00000, 0x00000006d6000000|  0%| F|  |TAMS 0x00000006d5c00000, 0x00000006d5c00000| Untracked 
|  21|0x00000006d6000000, 0x00000006d6000000, 0x00000006d6400000|  0%| F|  |TAMS 0x00000006d6000000, 0x00000006d6000000| Untracked 
|  22|0x00000006d6400000, 0x00000006d6400000, 0x00000006d6800000|  0%| F|  |TAMS 0x00000006d6400000, 0x00000006d6400000| Untracked 
|  23|0x00000006d6800000, 0x00000006d6800000, 0x00000006d6c00000|  0%| F|  |TAMS 0x00000006d6800000, 0x00000006d6800000| Untracked 
|  24|0x00000006d6c00000, 0x00000006d6c00000, 0x00000006d7000000|  0%| F|  |TAMS 0x00000006d6c00000, 0x00000006d6c00000| Untracked 
|  25|0x00000006d7000000, 0x00000006d7000000, 0x00000006d7400000|  0%| F|  |TAMS 0x00000006d7000000, 0x00000006d7000000| Untracked 
|  26|0x00000006d7400000, 0x00000006d7400000, 0x00000006d7800000|  0%| F|  |TAMS 0x00000006d7400000, 0x00000006d7400000| Untracked 
|  27|0x00000006d7800000, 0x00000006d7800000, 0x00000006d7c00000|  0%| F|  |TAMS 0x00000006d7800000, 0x00000006d7800000| Untracked 
|  28|0x00000006d7c00000, 0x00000006d7c00000, 0x00000006d8000000|  0%| F|  |TAMS 0x00000006d7c00000, 0x00000006d7c00000| Untracked 
|  29|0x00000006d8000000, 0x00000006d8000000, 0x00000006d8400000|  0%| F|  |TAMS 0x00000006d8000000, 0x00000006d8000000| Untracked 
|  30|0x00000006d8400000, 0x00000006d8400000, 0x00000006d8800000|  0%| F|  |TAMS 0x00000006d8400000, 0x00000006d8400000| Untracked 
|  31|0x00000006d8800000, 0x00000006d8800000, 0x00000006d8c00000|  0%| F|  |TAMS 0x00000006d8800000, 0x00000006d8800000| Untracked 
|  32|0x00000006d8c00000, 0x00000006d8c00000, 0x00000006d9000000|  0%| F|  |TAMS 0x00000006d8c00000, 0x00000006d8c00000| Untracked 
|  33|0x00000006d9000000, 0x00000006d9000000, 0x00000006d9400000|  0%| F|  |TAMS 0x00000006d9000000, 0x00000006d9000000| Untracked 
|  34|0x00000006d9400000, 0x00000006d9400000, 0x00000006d9800000|  0%| F|  |TAMS 0x00000006d9400000, 0x00000006d9400000| Untracked 
|  35|0x00000006d9800000, 0x00000006d9800000, 0x00000006d9c00000|  0%| F|  |TAMS 0x00000006d9800000, 0x00000006d9800000| Untracked 
|  36|0x00000006d9c00000, 0x00000006d9c00000, 0x00000006da000000|  0%| F|  |TAMS 0x00000006d9c00000, 0x00000006d9c00000| Untracked 
|  37|0x00000006da000000, 0x00000006da000000, 0x00000006da400000|  0%| F|  |TAMS 0x00000006da000000, 0x00000006da000000| Untracked 
|  38|0x00000006da400000, 0x00000006da400000, 0x00000006da800000|  0%| F|  |TAMS 0x00000006da400000, 0x00000006da400000| Untracked 
|  39|0x00000006da800000, 0x00000006da800000, 0x00000006dac00000|  0%| F|  |TAMS 0x00000006da800000, 0x00000006da800000| Untracked 
|  40|0x00000006dac00000, 0x00000006dac00000, 0x00000006db000000|  0%| F|  |TAMS 0x00000006dac00000, 0x00000006dac00000| Untracked 
|  41|0x00000006db000000, 0x00000006db000000, 0x00000006db400000|  0%| F|  |TAMS 0x00000006db000000, 0x00000006db000000| Untracked 
|  42|0x00000006db400000, 0x00000006db400000, 0x00000006db800000|  0%| F|  |TAMS 0x00000006db400000, 0x00000006db400000| Untracked 
|  43|0x00000006db800000, 0x00000006db800000, 0x00000006dbc00000|  0%| F|  |TAMS 0x00000006db800000, 0x00000006db800000| Untracked 
|  44|0x00000006dbc00000, 0x00000006dbc00000, 0x00000006dc000000|  0%| F|  |TAMS 0x00000006dbc00000, 0x00000006dbc00000| Untracked 
|  45|0x00000006dc000000, 0x00000006dc000000, 0x00000006dc400000|  0%| F|  |TAMS 0x00000006dc000000, 0x00000006dc000000| Untracked 
|  46|0x00000006dc400000, 0x00000006dc400000, 0x00000006dc800000|  0%| F|  |TAMS 0x00000006dc400000, 0x00000006dc400000| Untracked 
|  47|0x00000006dc800000, 0x00000006dc800000, 0x00000006dcc00000|  0%| F|  |TAMS 0x00000006dc800000, 0x00000006dc800000| Untracked 
|  48|0x00000006dcc00000, 0x00000006dcc00000, 0x00000006dd000000|  0%| F|  |TAMS 0x00000006dcc00000, 0x00000006dcc00000| Untracked 
|  49|0x00000006dd000000, 0x00000006dd000000, 0x00000006dd400000|  0%| F|  |TAMS 0x00000006dd000000, 0x00000006dd000000| Untracked 
|  50|0x00000006dd400000, 0x00000006dd400000, 0x00000006dd800000|  0%| F|  |TAMS 0x00000006dd400000, 0x00000006dd400000| Untracked 
|  51|0x00000006dd800000, 0x00000006dd800000, 0x00000006ddc00000|  0%| F|  |TAMS 0x00000006dd800000, 0x00000006dd800000| Untracked 
|  52|0x00000006ddc00000, 0x00000006ddc00000, 0x00000006de000000|  0%| F|  |TAMS 0x00000006ddc00000, 0x00000006ddc00000| Untracked 
|  53|0x00000006de000000, 0x00000006de3bc370, 0x00000006de400000| 93%| S|CS|TAMS 0x00000006de000000, 0x00000006de000000| Complete 
|  54|0x00000006de400000, 0x00000006de800000, 0x00000006de800000|100%| S|CS|TAMS 0x00000006de400000, 0x00000006de400000| Complete 
|  55|0x00000006de800000, 0x00000006dec00000, 0x00000006dec00000|100%| S|CS|TAMS 0x00000006de800000, 0x00000006de800000| Complete 
|  56|0x00000006dec00000, 0x00000006dec00000, 0x00000006df000000|  0%| F|  |TAMS 0x00000006dec00000, 0x00000006dec00000| Untracked 
|  57|0x00000006df000000, 0x00000006df000000, 0x00000006df400000|  0%| F|  |TAMS 0x00000006df000000, 0x00000006df000000| Untracked 
|  58|0x00000006df400000, 0x00000006df400000, 0x00000006df800000|  0%| F|  |TAMS 0x00000006df400000, 0x00000006df400000| Untracked 
|  59|0x00000006df800000, 0x00000006df800000, 0x00000006dfc00000|  0%| F|  |TAMS 0x00000006df800000, 0x00000006df800000| Untracked 
|  60|0x00000006dfc00000, 0x00000006dfc00000, 0x00000006e0000000|  0%| F|  |TAMS 0x00000006dfc00000, 0x00000006dfc00000| Untracked 
|  61|0x00000006e0000000, 0x00000006e0000000, 0x00000006e0400000|  0%| F|  |TAMS 0x00000006e0000000, 0x00000006e0000000| Untracked 
|  62|0x00000006e0400000, 0x00000006e0400000, 0x00000006e0800000|  0%| F|  |TAMS 0x00000006e0400000, 0x00000006e0400000| Untracked 
|  63|0x00000006e0800000, 0x00000006e0800000, 0x00000006e0c00000|  0%| F|  |TAMS 0x00000006e0800000, 0x00000006e0800000| Untracked 
|  64|0x00000006e0c00000, 0x00000006e0c00000, 0x00000006e1000000|  0%| F|  |TAMS 0x00000006e0c00000, 0x00000006e0c00000| Untracked 
|  65|0x00000006e1000000, 0x00000006e1000000, 0x00000006e1400000|  0%| F|  |TAMS 0x00000006e1000000, 0x00000006e1000000| Untracked 
|  66|0x00000006e1400000, 0x00000006e1400000, 0x00000006e1800000|  0%| F|  |TAMS 0x00000006e1400000, 0x00000006e1400000| Untracked 
|  67|0x00000006e1800000, 0x00000006e1800000, 0x00000006e1c00000|  0%| F|  |TAMS 0x00000006e1800000, 0x00000006e1800000| Untracked 
|  68|0x00000006e1c00000, 0x00000006e1c00000, 0x00000006e2000000|  0%| F|  |TAMS 0x00000006e1c00000, 0x00000006e1c00000| Untracked 
|  69|0x00000006e2000000, 0x00000006e2000000, 0x00000006e2400000|  0%| F|  |TAMS 0x00000006e2000000, 0x00000006e2000000| Untracked 
|  70|0x00000006e2400000, 0x00000006e2400000, 0x00000006e2800000|  0%| F|  |TAMS 0x00000006e2400000, 0x00000006e2400000| Untracked 
|  71|0x00000006e2800000, 0x00000006e2aef760, 0x00000006e2c00000| 73%| E|  |TAMS 0x00000006e2800000, 0x00000006e2800000| Complete 
|  72|0x00000006e2c00000, 0x00000006e3000000, 0x00000006e3000000|100%| E|CS|TAMS 0x00000006e2c00000, 0x00000006e2c00000| Complete 
|  73|0x00000006e3000000, 0x00000006e3400000, 0x00000006e3400000|100%| E|CS|TAMS 0x00000006e3000000, 0x00000006e3000000| Complete 
|  74|0x00000006e3400000, 0x00000006e3800000, 0x00000006e3800000|100%| E|CS|TAMS 0x00000006e3400000, 0x00000006e3400000| Complete 
|  75|0x00000006e3800000, 0x00000006e3c00000, 0x00000006e3c00000|100%| E|CS|TAMS 0x00000006e3800000, 0x00000006e3800000| Complete 
|1211|0x00000007ff800000, 0x00000007ffb75000, 0x00000007ffc00000| 86%|OA|  |TAMS 0x00000007ff800000, 0x00000007ff800000| Untracked 
|1212|0x00000007ffc00000, 0x00000007ffc81000, 0x0000000800000000| 12%|CA|  |TAMS 0x00000007ffc00000, 0x00000007ffc00000| Untracked 

Card table byte_map: [0x00007fb6404e9000,0x00007fb640e63000] _byte_map_base: 0x00007fb63ce63000

Marking Bits (Prev, Next): (CMBitMap*) 0x00007fb65807a6a0, (CMBitMap*) 0x00007fb65807a6e0
 Prev Bits: [0x00007fb63af9f000, 0x00007fb63fb6f000)
 Next Bits: [0x00007fb6363cf000, 0x00007fb63af9f000)

Polling page: 0x00007fb65de3d000

Metaspace:

Usage:
  Non-class:     11,78 MB used.
      Class:      1,12 MB used.
       Both:     12,89 MB used.

Virtual space:
  Non-class space:       16,00 MB reserved,      11,88 MB ( 74%) committed,  2 nodes.
      Class space:        1,00 GB reserved,       1,25 MB ( <1%) committed,  1 nodes.
              Both:        1,02 GB reserved,      13,12 MB (  1%) committed. 

Chunk freelists:
   Non-Class:  3,72 MB
       Class:  2,66 MB
        Both:  6,38 MB

MaxMetaspaceSize: 17179869184,00 GB
CompressedClassSpaceSize: 1,00 GB
 - commit_granule_bytes: 65536.
 - commit_granule_words: 8192.
 - virtual_space_node_default_size: 1048576.
 - enlarge_chunks_in_place: 1.
 - new_chunks_are_fully_committed: 0.
 - uncommit_free_chunks: 1.
 - use_allocation_guard: 0.
 - handle_deallocations: 1.


Internal statistics:

num_allocs_failed_limit: 0.
num_arena_births: 134.
num_arena_deaths: 0.
num_vsnodes_births: 3.
num_vsnodes_deaths: 0.
num_space_committed: 210.
num_space_uncommitted: 0.
num_chunks_returned_to_freelist: 0.
num_chunks_taken_from_freelist: 509.
num_chunk_merges: 0.
num_chunk_splits: 372.
num_chunks_enlarged: 291.
num_purges: 0.

CodeHeap 'non-profiled nmethods': size=120032Kb used=1887Kb max_used=2433Kb free=118144Kb
 bounds [0x00007fb6492a5000, 0x00007fb649515000, 0x00007fb6507dd000]
CodeHeap 'profiled nmethods': size=120028Kb used=6004Kb max_used=8439Kb free=114023Kb
 bounds [0x00007fb641d6e000, 0x00007fb6425ae000, 0x00007fb6492a5000]
CodeHeap 'non-nmethods': size=5700Kb used=1234Kb max_used=1333Kb free=4465Kb
 bounds [0x00007fb6417dd000, 0x00007fb641a4d000, 0x00007fb641d6e000]
 total_blobs=3470 nmethods=2931 adapters=452
 compilation: enabled
              stopped_count=0, restarted_count=0
 full_count=0

Compilation events (20 events):
Event: 152,056 Thread 0x00007fb658131900 3849       4       com.microsoft.z3.enumerations.Z3_error_code::$jacocoInit (52 bytes)
Event: 152,057 Thread 0x00007fb658131900 nmethod 3849 0x00007fb649376410 code [0x00007fb6493765a0, 0x00007fb649376638]
Event: 152,058 Thread 0x00007fb658131900 3851       4       com.google.common.collect.ImmutableList::$jacocoInit (53 bytes)
Event: 152,058 Thread 0x00007fb658131900 nmethod 3851 0x00007fb6493c2c90 code [0x00007fb6493c2e20, 0x00007fb6493c2eb8]
Event: 152,059 Thread 0x00007fb658132f60 nmethod 3846 0x00007fb6424ba290 code [0x00007fb6424ba700, 0x00007fb6424bcd10]
Event: 152,059 Thread 0x00007fb658132f60 3850       3       com.google.common.truth.StackTraceCleaner::addToStreak (71 bytes)
Event: 152,059 Thread 0x00007fb658132f60 nmethod 3850 0x00007fb641db7390 code [0x00007fb641db7580, 0x00007fb641db7930]
Event: 152,059 Thread 0x00007fb658132f60 3847       3       com.google.common.collect.ImmutableList::of (24 bytes)
Event: 152,059 Thread 0x00007fb658132f60 nmethod 3847 0x00007fb641e15990 code [0x00007fb641e15b60, 0x00007fb641e160d0]
Event: 152,062 Thread 0x00007fb658132f60 3852       3       org.junit.runner.Description::hashCode (17 bytes)
Event: 152,062 Thread 0x00007fb658132f60 nmethod 3852 0x00007fb641d97810 code [0x00007fb641d979c0, 0x00007fb641d97bf0]
Event: 152,063 Thread 0x00007fb658132f60 3853       3       org.sosy_lab.common.configuration.Configuration$1::put (24 bytes)
Event: 152,063 Thread 0x00007fb658132f60 nmethod 3853 0x00007fb641eaa290 code [0x00007fb641eaa460, 0x00007fb641eaa820]
Event: 152,063 Thread 0x00007fb658132f60 3854       3       org.sosy_lab.common.configuration.Configuration$1::put (32 bytes)
Event: 152,063 Thread 0x00007fb658131900 3855       4       com.google.common.collect.Iterators::singletonIterator (19 bytes)
Event: 152,063 Thread 0x00007fb658132f60 nmethod 3854 0x00007fb641fc5c90 code [0x00007fb641fc5e60, 0x00007fb641fc61d0]
Event: 152,063 Thread 0x00007fb658132f60 3856       3       java.nio.HeapCharBuffer::<init> (23 bytes)
Event: 152,063 Thread 0x00007fb658132f60 nmethod 3856 0x00007fb641d7ac90 code [0x00007fb641d7ae40, 0x00007fb641d7afc0]
Event: 152,066 Thread 0x00007fb658131900 nmethod 3855 0x00007fb6492d5f90 code [0x00007fb6492d6120, 0x00007fb6492d63b8]
Event: 152,066 Thread 0x00007fb658131900 3857 %     4       org.jacoco.agent.rt.internal_4a7f17c.asm.ClassReader::readCode @ 92 (5117 bytes)

GC Heap History (10 events):
Event: 0,367 GC heap before
{Heap before GC invocations=0 (full 0):
 garbage-first heap   total 319488K, used 16344K [0x00000006d0c00000, 0x0000000800000000)
  region size 4096K, 3 young (12288K), 0 survivors (0K)
 Metaspace       used 2293K, committed 2432K, reserved 1056768K
  class space    used 199K, committed 256K, reserved 1048576K
}
Event: 0,372 GC heap after
{Heap after GC invocations=1 (full 0):
 garbage-first heap   total 319488K, used 9925K [0x00000006d0c00000, 0x0000000800000000)
  region size 4096K, 1 young (4096K), 1 survivors (4096K)
 Metaspace       used 2293K, committed 2432K, reserved 1056768K
  class space    used 199K, committed 256K, reserved 1048576K
}
Event: 0,542 GC heap before
{Heap before GC invocations=1 (full 0):
 garbage-first heap   total 319488K, used 14021K [0x00000006d0c00000, 0x0000000800000000)
  region size 4096K, 3 young (12288K), 1 survivors (4096K)
 Metaspace       used 3216K, committed 3392K, reserved 1056768K
  class space    used 281K, committed 384K, reserved 1048576K
}
Event: 0,546 GC heap after
{Heap after GC invocations=2 (full 0):
 garbage-first heap   total 319488K, used 10423K [0x00000006d0c00000, 0x0000000800000000)
  region size 4096K, 1 young (4096K), 1 survivors (4096K)
 Metaspace       used 3216K, committed 3392K, reserved 1056768K
  class space    used 281K, committed 384K, reserved 1048576K
}
Event: 0,942 GC heap before
{Heap before GC invocations=2 (full 0):
 garbage-first heap   total 319488K, used 26807K [0x00000006d0c00000, 0x0000000800000000)
  region size 4096K, 5 young (20480K), 1 survivors (4096K)
 Metaspace       used 5780K, committed 5952K, reserved 1056768K
  class space    used 519K, committed 640K, reserved 1048576K
}
Event: 0,946 GC heap after
{Heap after GC invocations=3 (full 0):
 garbage-first heap   total 319488K, used 11650K [0x00000006d0c00000, 0x0000000800000000)
  region size 4096K, 1 young (4096K), 1 survivors (4096K)
 Metaspace       used 5780K, committed 5952K, reserved 1056768K
  class space    used 519K, committed 640K, reserved 1048576K
}
Event: 21,444 GC heap before
{Heap before GC invocations=3 (full 0):
 garbage-first heap   total 319488K, used 191874K [0x00000006d0c00000, 0x0000000800000000)
  region size 4096K, 45 young (184320K), 1 survivors (4096K)
 Metaspace       used 10675K, committed 10880K, reserved 1064960K
  class space    used 992K, committed 1088K, reserved 1048576K
}
Event: 21,467 GC heap after
{Heap after GC invocations=4 (full 0):
 garbage-first heap   total 319488K, used 27624K [0x00000006d0c00000, 0x0000000800000000)
  region size 4096K, 5 young (20480K), 5 survivors (20480K)
 Metaspace       used 10675K, committed 10880K, reserved 1064960K
  class space    used 992K, committed 1088K, reserved 1048576K
}
Event: 141,869 GC heap before
{Heap before GC invocations=4 (full 0):
 garbage-first heap   total 319488K, used 109544K [0x00000006d0c00000, 0x0000000800000000)
  region size 4096K, 25 young (102400K), 5 survivors (20480K)
 Metaspace       used 12211K, committed 12416K, reserved 1064960K
  class space    used 1087K, committed 1216K, reserved 1048576K
}
Event: 141,901 GC heap after
{Heap after GC invocations=5 (full 0):
 garbage-first heap   total 319488K, used 39015K [0x00000006d0c00000, 0x0000000800000000)
  region size 4096K, 3 young (12288K), 3 survivors (12288K)
 Metaspace       used 12211K, committed 12416K, reserved 1064960K
  class space    used 1087K, committed 1216K, reserved 1048576K
}

Deoptimization events (20 events):
Event: 142,032 Thread 0x00007fb6589839a0 Uncommon trap: trap_request=0xffffffc6 fr.pc=0x00007fb649468648 relative=0x00000000000004a8
Event: 142,032 Thread 0x00007fb6589839a0 Uncommon trap: reason=bimorphic_or_optimized_type_check action=maybe_recompile pc=0x00007fb649468648 method=org.sosy_lab.java_smt.basicimpl.AbstractBooleanFormulaManager.wrap(Ljava/lang/Object;)Lorg/sosy_lab/java_smt/api/BooleanFormula; @ 12 c2
Event: 142,032 Thread 0x00007fb6589839a0 DEOPT PACKING pc=0x00007fb649468648 sp=0x00007fb624ef8cf0
Event: 142,032 Thread 0x00007fb6589839a0 DEOPT UNPACKING pc=0x00007fb64182a424 sp=0x00007fb624ef8ca0 mode 2
Event: 142,032 Thread 0x00007fb6589839a0 Uncommon trap: trap_request=0xffffffc6 fr.pc=0x00007fb6494647f8 relative=0x00000000000008b8
Event: 142,032 Thread 0x00007fb6589839a0 Uncommon trap: reason=bimorphic_or_optimized_type_check action=maybe_recompile pc=0x00007fb6494647f8 method=org.sosy_lab.java_smt.basicimpl.AbstractNumeralFormulaManager.makeNumber(J)Lorg/sosy_lab/java_smt/api/NumeralFormula; @ 10 c2
Event: 142,032 Thread 0x00007fb6589839a0 DEOPT PACKING pc=0x00007fb6494647f8 sp=0x00007fb624ef8d30
Event: 142,032 Thread 0x00007fb6589839a0 DEOPT UNPACKING pc=0x00007fb64182a424 sp=0x00007fb624ef8ce0 mode 2
Event: 142,032 Thread 0x00007fb6589839a0 Uncommon trap: trap_request=0xffffffc6 fr.pc=0x00007fb649492ee8 relative=0x0000000000005a28
Event: 142,032 Thread 0x00007fb6589839a0 Uncommon trap: reason=bimorphic_or_optimized_type_check action=maybe_recompile pc=0x00007fb649492ee8 method=org.sosy_lab.java_smt.test.HardIntegerFormulaGenerator.mkConstraint(IILorg/sosy_lab/java_smt/api/BooleanFormula;)Lorg/sosy_lab/java_smt/api/Boolean
Event: 142,032 Thread 0x00007fb6589839a0 DEOPT PACKING pc=0x00007fb649492ee8 sp=0x00007fb624ef8d90
Event: 142,032 Thread 0x00007fb6589839a0 DEOPT UNPACKING pc=0x00007fb64182a424 sp=0x00007fb624ef8da8 mode 2
Event: 142,032 Thread 0x00007fb6589839a0 Uncommon trap: trap_request=0xffffffc6 fr.pc=0x00007fb649492ee8 relative=0x0000000000005a28
Event: 142,032 Thread 0x00007fb6589839a0 Uncommon trap: reason=bimorphic_or_optimized_type_check action=maybe_recompile pc=0x00007fb649492ee8 method=org.sosy_lab.java_smt.test.HardIntegerFormulaGenerator.mkConstraint(IILorg/sosy_lab/java_smt/api/BooleanFormula;)Lorg/sosy_lab/java_smt/api/Boolean
Event: 142,032 Thread 0x00007fb6589839a0 DEOPT PACKING pc=0x00007fb649492ee8 sp=0x00007fb624ef8d80
Event: 142,032 Thread 0x00007fb6589839a0 DEOPT UNPACKING pc=0x00007fb64182a424 sp=0x00007fb624ef8d98 mode 2
Event: 142,095 Thread 0x00007fb6589839a0 Uncommon trap: trap_request=0xffffff45 fr.pc=0x00007fb64945b7c4 relative=0x0000000000000124
Event: 142,095 Thread 0x00007fb6589839a0 Uncommon trap: reason=unstable_if action=reinterpret pc=0x00007fb64945b7c4 method=org.sosy_lab.java_smt.basicimpl.AbstractFormula.equals(Ljava/lang/Object;)Z @ 21 c2
Event: 142,095 Thread 0x00007fb6589839a0 DEOPT PACKING pc=0x00007fb64945b7c4 sp=0x00007fb624ef8950
Event: 142,095 Thread 0x00007fb6589839a0 DEOPT UNPACKING pc=0x00007fb64182a424 sp=0x00007fb624ef88f0 mode 2

Classes unloaded (0 events):
No events

Classes redefined (0 events):
No events

Internal exceptions (20 events):
Event: 81,755 Thread 0x00007fb658028150 Exception <a 'java/lang/reflect/InvocationTargetException'{0x00000006e08b1660}> (0x00000006e08b1660) 
thrown [open/src/hotspot/share/runtime/reflection.cpp, line 1155]
Event: 81,761 Thread 0x00007fb658a1a700 Exception <a 'java/lang/reflect/InvocationTargetException'{0x00000006e074be10}> (0x00000006e074be10) 
thrown [open/src/hotspot/share/runtime/reflection.cpp, line 1155]
Event: 81,766 Thread 0x00007fb658a1a700 Exception <a 'java/lang/reflect/InvocationTargetException'{0x00000006e001ded0}> (0x00000006e001ded0) 
thrown [open/src/hotspot/share/runtime/reflection.cpp, line 1155]
Event: 81,770 Thread 0x00007fb658a1a1c0 Exception <a 'java/lang/reflect/InvocationTargetException'{0x00000006e0717c30}> (0x00000006e0717c30) 
thrown [open/src/hotspot/share/runtime/reflection.cpp, line 1155]
Event: 91,777 Thread 0x00007fb658a1a700 Exception <a 'java/lang/reflect/InvocationTargetException'{0x00000006e02f6ef0}> (0x00000006e02f6ef0) 
thrown [open/src/hotspot/share/runtime/reflection.cpp, line 1155]
Event: 101,781 Thread 0x00007fb658028150 Exception <a 'java/lang/reflect/InvocationTargetException'{0x00000006dfde97b0}> (0x00000006dfde97b0) 
thrown [open/src/hotspot/share/runtime/reflection.cpp, line 1155]
Event: 101,787 Thread 0x00007fb658a1a700 Exception <a 'java/lang/reflect/InvocationTargetException'{0x00000006dfef0018}> (0x00000006dfef0018) 
thrown [open/src/hotspot/share/runtime/reflection.cpp, line 1155]
Event: 101,794 Thread 0x00007fb658a1a700 Exception <a 'java/lang/reflect/InvocationTargetException'{0x00000006dffc26b8}> (0x00000006dffc26b8) 
thrown [open/src/hotspot/share/runtime/reflection.cpp, line 1155]
Event: 101,798 Thread 0x00007fb658a1a1c0 Exception <a 'java/lang/reflect/InvocationTargetException'{0x00000006dfd613b0}> (0x00000006dfd613b0) 
thrown [open/src/hotspot/share/runtime/reflection.cpp, line 1155]
Event: 111,805 Thread 0x00007fb6586aba10 Exception <a 'java/lang/reflect/InvocationTargetException'{0x00000006dfa18048}> (0x00000006dfa18048) 
thrown [open/src/hotspot/share/runtime/reflection.cpp, line 1155]
Event: 121,810 Thread 0x00007fb658028150 Exception <a 'java/lang/reflect/InvocationTargetException'{0x00000006dfec3118}> (0x00000006dfec3118) 
thrown [open/src/hotspot/share/runtime/reflection.cpp, line 1155]
Event: 121,816 Thread 0x00007fb6586aba10 Exception <a 'java/lang/reflect/InvocationTargetException'{0x00000006df6f0060}> (0x00000006df6f0060) 
thrown [open/src/hotspot/share/runtime/reflection.cpp, line 1155]
Event: 121,821 Thread 0x00007fb658a1aa60 Exception <a 'java/lang/reflect/InvocationTargetException'{0x00000006df7c2940}> (0x00000006df7c2940) 
thrown [open/src/hotspot/share/runtime/reflection.cpp, line 1155]
Event: 121,825 Thread 0x00007fb658a1a1c0 Exception <a 'java/lang/reflect/InvocationTargetException'{0x00000006df51af58}> (0x00000006df51af58) 
thrown [open/src/hotspot/share/runtime/reflection.cpp, line 1155]
Event: 131,836 Thread 0x00007fb658a1a700 Exception <a 'java/lang/reflect/InvocationTargetException'{0x00000006df20bb68}> (0x00000006df20bb68) 
thrown [open/src/hotspot/share/runtime/reflection.cpp, line 1155]
Event: 141,843 Thread 0x00007fb658028150 Exception <a 'java/lang/reflect/InvocationTargetException'{0x00000006df65d3a8}> (0x00000006df65d3a8) 
thrown [open/src/hotspot/share/runtime/reflection.cpp, line 1155]
Event: 141,848 Thread 0x00007fb658a1a700 Exception <a 'java/lang/reflect/InvocationTargetException'{0x00000006dece5738}> (0x00000006dece5738) 
thrown [open/src/hotspot/share/runtime/reflection.cpp, line 1155]
Event: 141,854 Thread 0x00007fb658a16900 Exception <a 'java/lang/reflect/InvocationTargetException'{0x00000006dedb7dd8}> (0x00000006dedb7dd8) 
thrown [open/src/hotspot/share/runtime/reflection.cpp, line 1155]
Event: 142,030 Thread 0x00007fb658a1a1c0 Exception <a 'java/lang/reflect/InvocationTargetException'{0x00000006e3931268}> (0x00000006e3931268) 
thrown [open/src/hotspot/share/runtime/reflection.cpp, line 1155]
Event: 152,058 Thread 0x00007fb658bb13f0 Exception <a 'java/lang/reflect/InvocationTargetException'{0x00000006e28b4a08}> (0x00000006e28b4a08) 
thrown [open/src/hotspot/share/runtime/reflection.cpp, line 1155]

Events (20 events):
Event: 142,702 Thread 0x00007fb658134500 flushing nmethod 0x00007fb6424c6b90
Event: 142,702 Thread 0x00007fb658134500 flushing nmethod 0x00007fb6424c7190
Event: 142,702 Thread 0x00007fb658134500 flushing nmethod 0x00007fb6424c7f90
Event: 142,702 Thread 0x00007fb658134500 flushing nmethod 0x00007fb6424e6b10
Event: 142,702 Thread 0x00007fb658134500 flushing nmethod 0x00007fb6424ee310
Event: 142,703 Thread 0x00007fb658134500 flushing nmethod 0x00007fb642582210
Event: 142,703 Thread 0x00007fb658134500 flushing nmethod 0x00007fb642582b90
Event: 142,703 Thread 0x00007fb658134500 flushing nmethod 0x00007fb642583510
Event: 142,703 Thread 0x00007fb658134500 flushing nmethod 0x00007fb642584d10
Event: 142,703 Thread 0x00007fb658134500 flushing nmethod 0x00007fb6425a5510
Event: 142,703 Thread 0x00007fb658134500 flushing nmethod 0x00007fb6425a6810
Event: 143,699 Executing  VM operation: Cleanup
Event: 143,699 Executing  VM operation: Cleanup done
Event: 152,022 Executing  VM operation: ThreadDump
Event: 152,022 Executing  VM operation: ThreadDump done
Event: 152,022 loading class java/util/IdentityHashMap$ValueIterator
Event: 152,023 loading class java/util/IdentityHashMap$ValueIterator done
Event: 152,056 Thread 0x00007fb658bb13f0 Thread added: 0x00007fb658bb13f0
Event: 152,056 Protecting memory [0x00007fb625e29000,0x00007fb625e2d000] with protection modes 0
Event: 152,059 Thread 0x00007fb658bb13f0 Thread exited: 0x00007fb658bb13f0


Dynamic libraries:
6d0c00000-6e3c00000 rw-p 00000000 00:00 0 
6e3c00000-7ff800000 ---p 00000000 00:00 0 
7ff800000-7ffb00000 rw-p 00000000 00:00 0 
7ffb00000-7ffb75000 rw-p 00c7c000 fd:01 15074841                         /usr/lib/jvm/java-16-oracle/lib/server/classes.jsa
7ffb75000-7ffc00000 rw-p 00000000 00:00 0 
7ffc00000-7ffc81000 rw-p 00bfb000 fd:01 15074841                         /usr/lib/jvm/java-16-oracle/lib/server/classes.jsa
7ffc81000-800000000 rw-p 00000000 00:00 0 
800000000-800003000 rwxp 00001000 fd:01 15074841                         /usr/lib/jvm/java-16-oracle/lib/server/classes.jsa
800003000-800412000 rw-p 00004000 fd:01 15074841                         /usr/lib/jvm/java-16-oracle/lib/server/classes.jsa
800412000-800bc3000 r--p 00413000 fd:01 15074841                         /usr/lib/jvm/java-16-oracle/lib/server/classes.jsa
800bc3000-800c00000 ---p 00000000 00:00 0 
800c00000-800c40000 rw-p 00000000 00:00 0 
800c40000-800ca0000 rw-p 00000000 00:00 0 
800ca0000-800cc0000 ---p 00000000 00:00 0 
800cc0000-800d60000 rw-p 00000000 00:00 0 
800d60000-840c00000 ---p 00000000 00:00 0 
563215db8000-563215db9000 r-xp 00000000 fd:01 14028480                   /usr/lib/jvm/java-16-oracle/bin/java
563215dba000-563215dbb000 r--p 00001000 fd:01 14028480                   /usr/lib/jvm/java-16-oracle/bin/java
563215dbb000-563215dbc000 rw-p 00002000 fd:01 14028480                   /usr/lib/jvm/java-16-oracle/bin/java
563217b58000-563217b79000 rw-p 00000000 00:00 0                          [heap]
7fb5ce322000-7fb5ce351000 r-xp 00000000 fd:01 28199716                   /home/janel/Desktop/Studium/Semester_6/Bachelorarbeit/nochmalneu/lib/java/runtime-z3/libz3java.so
7fb5ce351000-7fb5ce550000 ---p 0002f000 fd:01 28199716                   /home/janel/Desktop/Studium/Semester_6/Bachelorarbeit/nochmalneu/lib/java/runtime-z3/libz3java.so
7fb5ce550000-7fb5ce551000 r--p 0002e000 fd:01 28199716                   /home/janel/Desktop/Studium/Semester_6/Bachelorarbeit/nochmalneu/lib/java/runtime-z3/libz3java.so
7fb5ce551000-7fb5ce553000 rw-p 0002f000 fd:01 28199716                   /home/janel/Desktop/Studium/Semester_6/Bachelorarbeit/nochmalneu/lib/java/runtime-z3/libz3java.so
7fb5ce553000-7fb5cfdd0000 r-xp 00000000 fd:01 28199838                   /home/janel/Desktop/Studium/Semester_6/Bachelorarbeit/nochmalneu/lib/java/runtime-z3/libz3.so
7fb5cfdd0000-7fb5cffcf000 ---p 0187d000 fd:01 28199838                   /home/janel/Desktop/Studium/Semester_6/Bachelorarbeit/nochmalneu/lib/java/runtime-z3/libz3.so
7fb5cffcf000-7fb5cfffc000 r--p 0187c000 fd:01 28199838                   /home/janel/Desktop/Studium/Semester_6/Bachelorarbeit/nochmalneu/lib/java/runtime-z3/libz3.so
7fb5cfffc000-7fb5cffff000 rw-p 018a9000 fd:01 28199838                   /home/janel/Desktop/Studium/Semester_6/Bachelorarbeit/nochmalneu/lib/java/runtime-z3/libz3.so
7fb5cffff000-7fb5d0000000 rw-p 00000000 00:00 0 
7fb5d0000000-7fb5d0538000 rw-p 00000000 00:00 0 
7fb5d0538000-7fb5d4000000 ---p 00000000 00:00 0 
7fb5d4000000-7fb5d4021000 rw-p 00000000 00:00 0 
7fb5d4021000-7fb5d8000000 ---p 00000000 00:00 0 
7fb5d8000000-7fb5d8021000 rw-p 00000000 00:00 0 
7fb5d8021000-7fb5dc000000 ---p 00000000 00:00 0 
7fb5dc000000-7fb5ddc73000 rw-p 00000000 00:00 0 
7fb5ddc73000-7fb5e0000000 ---p 00000000 00:00 0 
7fb5e0000000-7fb5e0021000 rw-p 00000000 00:00 0 
7fb5e0021000-7fb5e4000000 ---p 00000000 00:00 0 
7fb5e4000000-7fb5e4021000 rw-p 00000000 00:00 0 
7fb5e4021000-7fb5e8000000 ---p 00000000 00:00 0 
7fb5e8000000-7fb5e8021000 rw-p 00000000 00:00 0 
7fb5e8021000-7fb5ec000000 ---p 00000000 00:00 0 
7fb5ec000000-7fb5edf27000 rw-p 00000000 00:00 0 
7fb5edf27000-7fb5f0000000 ---p 00000000 00:00 0 
7fb5f0000000-7fb5f0021000 rw-p 00000000 00:00 0 
7fb5f0021000-7fb5f4000000 ---p 00000000 00:00 0 
7fb5f4000000-7fb5f4021000 rw-p 00000000 00:00 0 
7fb5f4021000-7fb5f8000000 ---p 00000000 00:00 0 
7fb5f8000000-7fb5f8871000 rw-p 00000000 00:00 0 
7fb5f8871000-7fb5fc000000 ---p 00000000 00:00 0 
7fb5fc000000-7fb5fc021000 rw-p 00000000 00:00 0 
7fb5fc021000-7fb600000000 ---p 00000000 00:00 0 
7fb600000000-7fb600021000 rw-p 00000000 00:00 0 
7fb600021000-7fb604000000 ---p 00000000 00:00 0 
7fb604000000-7fb6063ef000 rw-p 00000000 00:00 0 
7fb6063ef000-7fb608000000 ---p 00000000 00:00 0 
7fb608000000-7fb608021000 rw-p 00000000 00:00 0 
7fb608021000-7fb60c000000 ---p 00000000 00:00 0 
7fb60c000000-7fb60c021000 rw-p 00000000 00:00 0 
7fb60c021000-7fb610000000 ---p 00000000 00:00 0 
7fb610000000-7fb610021000 rw-p 00000000 00:00 0 
7fb610021000-7fb614000000 ---p 00000000 00:00 0 
7fb614000000-7fb614021000 rw-p 00000000 00:00 0 
7fb614021000-7fb618000000 ---p 00000000 00:00 0 
7fb618000000-7fb618021000 rw-p 00000000 00:00 0 
7fb618021000-7fb61c000000 ---p 00000000 00:00 0 
7fb61c000000-7fb61c022000 rw-p 00000000 00:00 0 
7fb61c022000-7fb620000000 ---p 00000000 00:00 0 
7fb620000000-7fb620021000 rw-p 00000000 00:00 0 
7fb620021000-7fb624000000 ---p 00000000 00:00 0 
7fb62421e000-7fb6242b4000 r--p 00000000 fd:01 8917931                    /usr/lib/x86_64-linux-gnu/libstdc++.so.6.0.28
7fb6242b4000-7fb6243a5000 r-xp 00096000 fd:01 8917931                    /usr/lib/x86_64-linux-gnu/libstdc++.so.6.0.28
7fb6243a5000-7fb6243ee000 r--p 00187000 fd:01 8917931                    /usr/lib/x86_64-linux-gnu/libstdc++.so.6.0.28
7fb6243ee000-7fb6243ef000 ---p 001d0000 fd:01 8917931                    /usr/lib/x86_64-linux-gnu/libstdc++.so.6.0.28
7fb6243ef000-7fb6243fa000 r--p 001d0000 fd:01 8917931                    /usr/lib/x86_64-linux-gnu/libstdc++.so.6.0.28
7fb6243fa000-7fb6243fd000 rw-p 001db000 fd:01 8917931                    /usr/lib/x86_64-linux-gnu/libstdc++.so.6.0.28
7fb6243fd000-7fb624790000 rw-p 00000000 00:00 0 
7fb624790000-7fb624800000 ---p 00000000 00:00 0 
7fb624800000-7fb624850000 rw-p 00000000 00:00 0 
7fb624850000-7fb624c00000 ---p 00000000 00:00 0 
7fb624cf9000-7fb624cfd000 ---p 00000000 00:00 0 
7fb624cfd000-7fb624dfa000 rw-p 00000000 00:00 0 
7fb624dfa000-7fb624dfe000 ---p 00000000 00:00 0 
7fb624dfe000-7fb624efb000 rw-p 00000000 00:00 0 
7fb624efb000-7fb624eff000 ---p 00000000 00:00 0 
7fb624eff000-7fb624ffc000 rw-p 00000000 00:00 0 
7fb624ffc000-7fb6258f1000 r-xp 00000000 fd:01 28199709                   /home/janel/Desktop/Studium/Semester_6/Bachelorarbeit/nochmalneu/lib/java/runtime-mathsat/libmathsat5j.so
7fb6258f1000-7fb625af1000 ---p 008f5000 fd:01 28199709                   /home/janel/Desktop/Studium/Semester_6/Bachelorarbeit/nochmalneu/lib/java/runtime-mathsat/libmathsat5j.so
7fb625af1000-7fb625b0c000 r--p 008f5000 fd:01 28199709                   /home/janel/Desktop/Studium/Semester_6/Bachelorarbeit/nochmalneu/lib/java/runtime-mathsat/libmathsat5j.so
7fb625b0c000-7fb625b20000 rw-p 00910000 fd:01 28199709                   /home/janel/Desktop/Studium/Semester_6/Bachelorarbeit/nochmalneu/lib/java/runtime-mathsat/libmathsat5j.so
7fb625b20000-7fb625b23000 rw-p 00000000 00:00 0 
7fb625b23000-7fb625b24000 ---p 00000000 00:00 0 
7fb625b24000-7fb625c25000 rw-p 00000000 00:00 0 
7fb625c25000-7fb625c26000 ---p 00000000 00:00 0 
7fb625c26000-7fb625d27000 rw-p 00000000 00:00 0 
7fb625d27000-7fb625d28000 ---p 00000000 00:00 0 
7fb625d28000-7fb625e29000 rw-p 00000000 00:00 0 
7fb625e29000-7fb625e2d000 ---p 00000000 00:00 0 
7fb625e2d000-7fb625f2a000 rw-p 00000000 00:00 0 
7fb625f2a000-7fb625f2b000 ---p 00000000 00:00 0 
7fb625f2b000-7fb62602c000 rw-p 00000000 00:00 0 
7fb62602c000-7fb626030000 ---p 00000000 00:00 0 
7fb626030000-7fb62612d000 rw-p 00000000 00:00 0 
7fb62612d000-7fb626131000 ---p 00000000 00:00 0 
7fb626131000-7fb62622e000 rw-p 00000000 00:00 0 
7fb62622e000-7fb626232000 ---p 00000000 00:00 0 
7fb626232000-7fb62632f000 rw-p 00000000 00:00 0 
7fb62632f000-7fb626333000 ---p 00000000 00:00 0 
7fb626333000-7fb626430000 rw-p 00000000 00:00 0 
7fb626430000-7fb626434000 ---p 00000000 00:00 0 
7fb626434000-7fb626531000 rw-p 00000000 00:00 0 
7fb626531000-7fb626535000 ---p 00000000 00:00 0 
7fb626535000-7fb626632000 rw-p 00000000 00:00 0 
7fb626632000-7fb626636000 ---p 00000000 00:00 0 
7fb626636000-7fb626733000 rw-p 00000000 00:00 0 
7fb626733000-7fb626737000 ---p 00000000 00:00 0 
7fb626737000-7fb626834000 rw-p 00000000 00:00 0 
7fb626834000-7fb626dfe000 r--p 00000000 fd:01 8915288                    /usr/lib/locale/locale-archive
7fb626dfe000-7fb626e02000 ---p 00000000 00:00 0 
7fb626e02000-7fb626eff000 rw-p 00000000 00:00 0 
7fb626eff000-7fb626f03000 ---p 00000000 00:00 0 
7fb626f03000-7fb627400000 rw-p 00000000 00:00 0 
7fb627400000-7fb627800000 rw-p 00000000 00:00 0 
7fb6278db000-7fb6278de000 r--p 00000000 fd:01 8918008                    /usr/lib/x86_64-linux-gnu/libgcc_s.so.1
7fb6278de000-7fb6278f0000 r-xp 00003000 fd:01 8918008                    /usr/lib/x86_64-linux-gnu/libgcc_s.so.1
7fb6278f0000-7fb6278f4000 r--p 00015000 fd:01 8918008                    /usr/lib/x86_64-linux-gnu/libgcc_s.so.1
7fb6278f4000-7fb6278f5000 r--p 00018000 fd:01 8918008                    /usr/lib/x86_64-linux-gnu/libgcc_s.so.1
7fb6278f5000-7fb6278f6000 rw-p 00019000 fd:01 8918008                    /usr/lib/x86_64-linux-gnu/libgcc_s.so.1
7fb6278f6000-7fb6278f7000 ---p 00000000 00:00 0 
7fb6278f7000-7fb6279f8000 rw-p 00000000 00:00 0 
7fb6279f8000-7fb6279f9000 ---p 00000000 00:00 0 
7fb6279f9000-7fb627afa000 rw-p 00000000 00:00 0 
7fb627afa000-7fb627afb000 ---p 00000000 00:00 0 
7fb627afb000-7fb628000000 rw-p 00000000 00:00 0 
7fb628000000-7fb628021000 rw-p 00000000 00:00 0 
7fb628021000-7fb62c000000 ---p 00000000 00:00 0 
7fb62c000000-7fb62c021000 rw-p 00000000 00:00 0 
7fb62c021000-7fb630000000 ---p 00000000 00:00 0 
7fb630000000-7fb630021000 rw-p 00000000 00:00 0 
7fb630021000-7fb634000000 ---p 00000000 00:00 0 
7fb634021000-7fb63402e000 r-xp 00000000 fd:01 15074830                   /usr/lib/jvm/java-16-oracle/lib/libverify.so
7fb63402e000-7fb634030000 r--p 0000c000 fd:01 15074830                   /usr/lib/jvm/java-16-oracle/lib/libverify.so
7fb634030000-7fb634031000 rw-p 0000e000 fd:01 15074830                   /usr/lib/jvm/java-16-oracle/lib/libverify.so
7fb634031000-7fb634046000 r-xp 00000000 fd:01 15074823                   /usr/lib/jvm/java-16-oracle/lib/libnet.so
7fb634046000-7fb634047000 r--p 00014000 fd:01 15074823                   /usr/lib/jvm/java-16-oracle/lib/libnet.so
7fb634047000-7fb634048000 rw-p 00015000 fd:01 15074823                   /usr/lib/jvm/java-16-oracle/lib/libnet.so
7fb634048000-7fb6360c9000 rw-p 00000000 00:00 0 
7fb6360c9000-7fb6360ca000 ---p 00000000 00:00 0 
7fb6360ca000-7fb6361cb000 rw-p 00000000 00:00 0 
7fb6361cb000-7fb6361cc000 ---p 00000000 00:00 0 
7fb6361cc000-7fb6362cd000 rw-p 00000000 00:00 0 
7fb6362cd000-7fb6362ce000 ---p 00000000 00:00 0 
7fb6362ce000-7fb63688f000 rw-p 00000000 00:00 0 
7fb63688f000-7fb63af7f000 ---p 00000000 00:00 0 
7fb63af7f000-7fb63b45f000 rw-p 00000000 00:00 0 
7fb63b45f000-7fb63fb4f000 ---p 00000000 00:00 0 
7fb63fb4f000-7fb63fc07000 rw-p 00000000 00:00 0 
7fb63fc07000-7fb6404e5000 ---p 00000000 00:00 0 
7fb6404e5000-7fb640581000 rw-p 00000000 00:00 0 
7fb640581000-7fb640e5f000 ---p 00000000 00:00 0 
7fb640e5f000-7fb640efb000 rw-p 00000000 00:00 0 
7fb640efb000-7fb6417d9000 ---p 00000000 00:00 0 
7fb6417d9000-7fb6417dd000 rw-p 00000000 00:00 0 
7fb6417dd000-7fb641a4d000 rwxp 00000000 00:00 0 
7fb641a4d000-7fb641d6e000 ---p 00000000 00:00 0 
7fb641d6e000-7fb6425ae000 rwxp 00000000 00:00 0 
7fb6425ae000-7fb6492a5000 ---p 00000000 00:00 0 
7fb6492a5000-7fb649515000 rwxp 00000000 00:00 0 
7fb649515000-7fb6507dd000 ---p 00000000 00:00 0 
7fb6507dd000-7fb658000000 r--s 00000000 fd:01 15074832                   /usr/lib/jvm/java-16-oracle/lib/modules
7fb658000000-7fb659d73000 rw-p 00000000 00:00 0 
7fb659d73000-7fb65c000000 ---p 00000000 00:00 0 
7fb65c000000-7fb65c013000 r-xp 00000000 fd:01 15074824                   /usr/lib/jvm/java-16-oracle/lib/libnio.so
7fb65c013000-7fb65c014000 r--p 00012000 fd:01 15074824                   /usr/lib/jvm/java-16-oracle/lib/libnio.so
7fb65c014000-7fb65c015000 rw-p 00013000 fd:01 15074824                   /usr/lib/jvm/java-16-oracle/lib/libnio.so
7fb65c015000-7fb65c4e3000 rw-p 00000000 00:00 0 
7fb65c4e3000-7fb65c5c9000 ---p 00000000 00:00 0 
7fb65c5c9000-7fb65c5da000 rw-p 00000000 00:00 0 
7fb65c5da000-7fb65c6b4000 ---p 00000000 00:00 0 
7fb65c6b4000-7fb65c6b7000 r--p 00000000 fd:01 8920912                    /usr/lib/x86_64-linux-gnu/libnss_files-2.31.so
7fb65c6b7000-7fb65c6be000 r-xp 00003000 fd:01 8920912                    /usr/lib/x86_64-linux-gnu/libnss_files-2.31.so
7fb65c6be000-7fb65c6c0000 r--p 0000a000 fd:01 8920912                    /usr/lib/x86_64-linux-gnu/libnss_files-2.31.so
7fb65c6c0000-7fb65c6c1000 r--p 0000b000 fd:01 8920912                    /usr/lib/x86_64-linux-gnu/libnss_files-2.31.so
7fb65c6c1000-7fb65c6c2000 rw-p 0000c000 fd:01 8920912                    /usr/lib/x86_64-linux-gnu/libnss_files-2.31.so
7fb65c6c2000-7fb65c6c8000 rw-p 00000000 00:00 0 
7fb65c6d0000-7fb65c6d7000 r-xp 00000000 fd:01 15074831                   /usr/lib/jvm/java-16-oracle/lib/libzip.so
7fb65c6d7000-7fb65c6d8000 ---p 00007000 fd:01 15074831                   /usr/lib/jvm/java-16-oracle/lib/libzip.so
7fb65c6d8000-7fb65c6d9000 r--p 00007000 fd:01 15074831                   /usr/lib/jvm/java-16-oracle/lib/libzip.so
7fb65c6d9000-7fb65c6da000 rw-p 00008000 fd:01 15074831                   /usr/lib/jvm/java-16-oracle/lib/libzip.so
7fb65c6da000-7fb65c6df000 rw-p 00000000 00:00 0 
7fb65c6df000-7fb65c6e6000 ---p 00000000 00:00 0 
7fb65c6e6000-7fb65c70a000 r-xp 00000000 fd:01 15074810                   /usr/lib/jvm/java-16-oracle/lib/libjava.so
7fb65c70a000-7fb65c70b000 ---p 00024000 fd:01 15074810                   /usr/lib/jvm/java-16-oracle/lib/libjava.so
7fb65c70b000-7fb65c70c000 r--p 00024000 fd:01 15074810                   /usr/lib/jvm/java-16-oracle/lib/libjava.so
7fb65c70c000-7fb65c70d000 rw-p 00025000 fd:01 15074810                   /usr/lib/jvm/java-16-oracle/lib/libjava.so
7fb65c70d000-7fb65c70e000 rw-p 00000000 00:00 0 
7fb65c70e000-7fb65c729000 r-xp 00000000 fd:01 15074814                   /usr/lib/jvm/java-16-oracle/lib/libjimage.so
7fb65c729000-7fb65c72a000 ---p 0001b000 fd:01 15074814                   /usr/lib/jvm/java-16-oracle/lib/libjimage.so
7fb65c72a000-7fb65c72c000 r--p 0001b000 fd:01 15074814                   /usr/lib/jvm/java-16-oracle/lib/libjimage.so
7fb65c72c000-7fb65c72d000 rw-p 0001d000 fd:01 15074814                   /usr/lib/jvm/java-16-oracle/lib/libjimage.so
7fb65c72d000-7fb65c72f000 r--p 00000000 fd:01 8921172                    /usr/lib/x86_64-linux-gnu/librt-2.31.so
7fb65c72f000-7fb65c733000 r-xp 00002000 fd:01 8921172                    /usr/lib/x86_64-linux-gnu/librt-2.31.so
7fb65c733000-7fb65c735000 r--p 00006000 fd:01 8921172                    /usr/lib/x86_64-linux-gnu/librt-2.31.so
7fb65c735000-7fb65c736000 r--p 00007000 fd:01 8921172                    /usr/lib/x86_64-linux-gnu/librt-2.31.so
7fb65c736000-7fb65c737000 rw-p 00008000 fd:01 8921172                    /usr/lib/x86_64-linux-gnu/librt-2.31.so
7fb65c737000-7fb65c73b000 ---p 00000000 00:00 0 
7fb65c73b000-7fb65c838000 rw-p 00000000 00:00 0 
7fb65c838000-7fb65c845000 r--p 00000000 fd:01 8920289                    /usr/lib/x86_64-linux-gnu/libm-2.31.so
7fb65c845000-7fb65c8ec000 r-xp 0000d000 fd:01 8920289                    /usr/lib/x86_64-linux-gnu/libm-2.31.so
7fb65c8ec000-7fb65c985000 r--p 000b4000 fd:01 8920289                    /usr/lib/x86_64-linux-gnu/libm-2.31.so
7fb65c985000-7fb65c986000 r--p 0014c000 fd:01 8920289                    /usr/lib/x86_64-linux-gnu/libm-2.31.so
7fb65c986000-7fb65c987000 rw-p 0014d000 fd:01 8920289                    /usr/lib/x86_64-linux-gnu/libm-2.31.so
7fb65c987000-7fb65da95000 r-xp 00000000 fd:01 15074844                   /usr/lib/jvm/java-16-oracle/lib/server/libjvm.so
7fb65da95000-7fb65da96000 ---p 0110e000 fd:01 15074844                   /usr/lib/jvm/java-16-oracle/lib/server/libjvm.so
7fb65da96000-7fb65db47000 r--p 0110e000 fd:01 15074844                   /usr/lib/jvm/java-16-oracle/lib/server/libjvm.so
7fb65db47000-7fb65db7a000 rw-p 011bf000 fd:01 15074844                   /usr/lib/jvm/java-16-oracle/lib/server/libjvm.so
7fb65db7a000-7fb65dbd7000 rw-p 00000000 00:00 0 
7fb65dbd7000-7fb65dbf9000 r--p 00000000 fd:01 8920092                    /usr/lib/x86_64-linux-gnu/libc-2.31.so
7fb65dbf9000-7fb65dd71000 r-xp 00022000 fd:01 8920092                    /usr/lib/x86_64-linux-gnu/libc-2.31.so
7fb65dd71000-7fb65ddbf000 r--p 0019a000 fd:01 8920092                    /usr/lib/x86_64-linux-gnu/libc-2.31.so
7fb65ddbf000-7fb65ddc3000 r--p 001e7000 fd:01 8920092                    /usr/lib/x86_64-linux-gnu/libc-2.31.so
7fb65ddc3000-7fb65ddc5000 rw-p 001eb000 fd:01 8920092                    /usr/lib/x86_64-linux-gnu/libc-2.31.so
7fb65ddc5000-7fb65ddc9000 rw-p 00000000 00:00 0 
7fb65ddc9000-7fb65ddca000 r--p 00000000 fd:01 8920097                    /usr/lib/x86_64-linux-gnu/libdl-2.31.so
7fb65ddca000-7fb65ddcc000 r-xp 00001000 fd:01 8920097                    /usr/lib/x86_64-linux-gnu/libdl-2.31.so
7fb65ddcc000-7fb65ddcd000 r--p 00003000 fd:01 8920097                    /usr/lib/x86_64-linux-gnu/libdl-2.31.so
7fb65ddcd000-7fb65ddce000 r--p 00003000 fd:01 8920097                    /usr/lib/x86_64-linux-gnu/libdl-2.31.so
7fb65ddce000-7fb65ddcf000 rw-p 00004000 fd:01 8920097                    /usr/lib/x86_64-linux-gnu/libdl-2.31.so
7fb65ddcf000-7fb65ddd5000 r--p 00000000 fd:01 8921042                    /usr/lib/x86_64-linux-gnu/libpthread-2.31.so
7fb65ddd5000-7fb65dde6000 r-xp 00006000 fd:01 8921042                    /usr/lib/x86_64-linux-gnu/libpthread-2.31.so
7fb65dde6000-7fb65ddec000 r--p 00017000 fd:01 8921042                    /usr/lib/x86_64-linux-gnu/libpthread-2.31.so
7fb65ddec000-7fb65dded000 r--p 0001c000 fd:01 8921042                    /usr/lib/x86_64-linux-gnu/libpthread-2.31.so
7fb65dded000-7fb65ddee000 rw-p 0001d000 fd:01 8921042                    /usr/lib/x86_64-linux-gnu/libpthread-2.31.so
7fb65ddee000-7fb65ddf2000 rw-p 00000000 00:00 0 
7fb65ddf2000-7fb65de01000 r-xp 00000000 fd:01 15074815                   /usr/lib/jvm/java-16-oracle/lib/libjli.so
7fb65de01000-7fb65de02000 r--p 0000e000 fd:01 15074815                   /usr/lib/jvm/java-16-oracle/lib/libjli.so
7fb65de02000-7fb65de03000 rw-p 0000f000 fd:01 15074815                   /usr/lib/jvm/java-16-oracle/lib/libjli.so
7fb65de03000-7fb65de05000 r--p 00000000 fd:01 8917240                    /usr/lib/x86_64-linux-gnu/libz.so.1.2.11
7fb65de05000-7fb65de16000 r-xp 00002000 fd:01 8917240                    /usr/lib/x86_64-linux-gnu/libz.so.1.2.11
7fb65de16000-7fb65de1c000 r--p 00013000 fd:01 8917240                    /usr/lib/x86_64-linux-gnu/libz.so.1.2.11
7fb65de1c000-7fb65de1d000 ---p 00019000 fd:01 8917240                    /usr/lib/x86_64-linux-gnu/libz.so.1.2.11
7fb65de1d000-7fb65de1e000 r--p 00019000 fd:01 8917240                    /usr/lib/x86_64-linux-gnu/libz.so.1.2.11
7fb65de1e000-7fb65de1f000 rw-p 0001a000 fd:01 8917240                    /usr/lib/x86_64-linux-gnu/libz.so.1.2.11
7fb65de1f000-7fb65de21000 rw-p 00000000 00:00 0 
7fb65de22000-7fb65de29000 r--s 00000000 fd:01 9572403                    /usr/lib/x86_64-linux-gnu/gconv/gconv-modules.cache
7fb65de29000-7fb65de31000 rw-s 00000000 fd:01 11557132                   /tmp/hsperfdata_janel/903309
7fb65de31000-7fb65de3b000 r-xp 00000000 fd:01 15074805                   /usr/lib/jvm/java-16-oracle/lib/libinstrument.so
7fb65de3b000-7fb65de3c000 r--p 00009000 fd:01 15074805                   /usr/lib/jvm/java-16-oracle/lib/libinstrument.so
7fb65de3c000-7fb65de3d000 rw-p 0000a000 fd:01 15074805                   /usr/lib/jvm/java-16-oracle/lib/libinstrument.so
7fb65de3d000-7fb65de3e000 ---p 00000000 00:00 0 
7fb65de3e000-7fb65de3f000 r--p 00000000 00:00 0 
7fb65de3f000-7fb65de40000 r--p 00000000 fd:01 8920036                    /usr/lib/x86_64-linux-gnu/ld-2.31.so
7fb65de40000-7fb65de63000 r-xp 00001000 fd:01 8920036                    /usr/lib/x86_64-linux-gnu/ld-2.31.so
7fb65de63000-7fb65de6b000 r--p 00024000 fd:01 8920036                    /usr/lib/x86_64-linux-gnu/ld-2.31.so
7fb65de6b000-7fb65de6c000 ---p 00000000 00:00 0 
7fb65de6c000-7fb65de6d000 r--p 0002c000 fd:01 8920036                    /usr/lib/x86_64-linux-gnu/ld-2.31.so
7fb65de6d000-7fb65de6e000 rw-p 0002d000 fd:01 8920036                    /usr/lib/x86_64-linux-gnu/ld-2.31.so
7fb65de6e000-7fb65de6f000 rw-p 00000000 00:00 0 
7fff43e2e000-7fff43e53000 rw-p 00000000 00:00 0                          [stack]
7fff43f5f000-7fff43f63000 r--p 00000000 00:00 0                          [vvar]
7fff43f63000-7fff43f65000 r-xp 00000000 00:00 0                          [vdso]
ffffffffff600000-ffffffffff601000 --xp 00000000 00:00 0                  [vsyscall]


VM Arguments:
jvm_args: -javaagent:/tmp/jacocoagent407556773123224930.jar=destfile=/home/janel/Desktop/Studium/Semester_6/Bachelorarbeit/nochmalneu/junit/jacoco.exec,excludes=**/*Test*:**/Dummy* -Djava.awt.headless=true -ea 
java_command: org.apache.tools.ant.taskdefs.optional.junit.JUnitTestRunner org.sosy_lab.java_smt.test.TimeoutTest skipNonTests=false filtertrace=true haltOnError=false haltOnFailure=false formatter=org.apache.tools.ant.taskdefs.optional.junit.SummaryJUnitResultFormatter showoutput=false outputtoformatters=true logfailedtests=true threadid=0 logtestlistenerevents=false formatter=org.apache.tools.ant.taskdefs.optional.junit.XMLJUnitResultFormatter,/home/janel/Desktop/Studium/Semester_6/Bachelorarbeit/nochmalneu/junit/TEST-org.sosy_lab.java_smt.test.TimeoutTest.xml crashfile=/home/janel/Desktop/Studium/Semester_6/Bachelorarbeit/nochmalneu/junitvmwatcher3328545680016819207.properties propsfile=/home/janel/Desktop/Studium/Semester_6/Bachelorarbeit/nochmalneu/junit1586128210206262100.properties
java_class_path (initial): /home/janel/Desktop/Studium/Semester_6/Bachelorarbeit/nochmalneu/bin:/home/janel/Desktop/Studium/Semester_6/Bachelorarbeit/nochmalneu/lib/java/build/auto-value-annotations.jar:/home/janel/Desktop/Studium/Semester_6/Bachelorarbeit/nochmalneu/lib/java/build/error_prone_annotations.jar:/home/janel/Desktop/Studium/Semester_6/Bachelorarbeit/nochmalneu/lib/java/runtime-boolector/animal-sniffer-annotations.jar:/home/janel/Desktop/Studium/Semester_6/Bachelorarbeit/nochmalneu/lib/java/runtime-boolector/antlr4-runtime.jar:/home/janel/Desktop/Studium/Semester_6/Bachelorarbeit/nochmalneu/lib/java/runtime-boolector/checker-qual.jar:/home/janel/Desktop/Studium/Semester_6/Bachelorarbeit/nochmalneu/lib/java/runtime-boolector/common.jar:/home/janel/Desktop/Studium/Semester_6/Bachelorarbeit/nochmalneu/lib/java/runtime-boolector/error_prone_annotations.jar:/home/janel/Desktop/Studium/Semester_6/Bachelorarbeit/nochmalneu/lib/java/runtime-boolector/failureaccess.jar:/home/janel/Desktop/Studium/Semester_6/Bachelorarbeit/nochmalneu/lib/java/runtime-boolector/guava.jar:/home/janel/Desktop/Studium/Semester_6/Bachelorarbeit/nochmalneu/lib/java/runtime-boolector/j2objc-annotations.jar:/home/janel/Desktop/Studium/Semester_6/Bachelorarbeit/nochmalneu/lib/java/runtime-boolector/jsr305.jar:/home/janel/Desktop/Studium/Semester_6/Bachelorarbeit/nochmalneu/lib/java/runtime-boolector/listenablefuture.jar:/home/janel/Desktop/Studium/Semester_6/Bachelorarbeit/nochmalneu/lib/java/runtime-boolector/spotbugs-annotations.jar:/home/janel/Desktop/Studium/Semester_6/Bachelorarbeit/nochmalneu/lib/java/runtime-cvc4/CVC4.jar:/home/janel/Desktop/Studium/Semester_6/Bachelorarbeit/nochmalneu/lib/java/runtime-cvc4/animal-sniffer-annotations.jar:/home/janel/Desktop/Studium/Semester_6/Bachelorarbeit/nochmalneu/lib/java/runtime-cvc4/antlr4-runtime.jar:/home/janel/Desktop/Studium/Semester_6/Bachelorarbeit/nochmalneu/lib/java/runtime-cvc4/checker-qual.jar:/home/janel/Desktop/Studium/Semester_
Launcher Type: SUN_STANDARD

[Global flags]
     intx CICompilerCount                          = 3                                         {product} {ergonomic}
     uint ConcGCThreads                            = 1                                         {product} {ergonomic}
     uint G1ConcRefinementThreads                  = 4                                         {product} {ergonomic}
   size_t G1HeapRegionSize                         = 4194304                                   {product} {ergonomic}
    uintx GCDrainStackTargetSize                   = 64                                        {product} {ergonomic}
   size_t InitialHeapSize                          = 318767104                                 {product} {ergonomic}
   size_t MarkStackSize                            = 4194304                                   {product} {ergonomic}
   size_t MaxHeapSize                              = 5087690752                                {product} {ergonomic}
   size_t MaxNewSize                               = 3049259008                                {product} {ergonomic}
   size_t MinHeapDeltaBytes                        = 4194304                                   {product} {ergonomic}
   size_t MinHeapSize                              = 8388608                                   {product} {ergonomic}
    uintx NonNMethodCodeHeapSize                   = 5832780                                {pd product} {ergonomic}
    uintx NonProfiledCodeHeapSize                  = 122912730                              {pd product} {ergonomic}
    uintx ProfiledCodeHeapSize                     = 122912730                              {pd product} {ergonomic}
    uintx ReservedCodeCacheSize                    = 251658240                              {pd product} {ergonomic}
     bool SegmentedCodeCache                       = true                                      {product} {ergonomic}
   size_t SoftMaxHeapSize                          = 5087690752                             {manageable} {ergonomic}
     bool UseCompressedClassPointers               = true                           {product lp64_product} {ergonomic}
     bool UseCompressedOops                        = true                           {product lp64_product} {ergonomic}
     bool UseG1GC                                  = true                                      {product} {ergonomic}

Logging:
Log output configuration:
 #0: stdout all=warning uptime,level,tags
 #1: stderr all=off uptime,level,tags

Environment Variables:
JAVA_HOME=/usr/lib/jvm/java-16-oracle
PATH=/home/janel/.opam/default/bin:/home/janel/.local/bin:/home/janel/bin:/usr/local/sbin:/usr/local/bin:/usr/sbin:/usr/bin:/sbin:/bin:/usr/games:/usr/local/games:/snap/bin:/usr/lib/jvm/java-16-oracle/bin:/usr/lib/jvm/java-16-oracle/db/bin:/home/janel/bin
USERNAME=janel
SHELL=/usr/bin/fish
DISPLAY=:0
LANG=de_DE.UTF-8

Signal Handlers:
SIGSEGV: [libjvm.so+0xdfef20], sa_mask[0]=11100100010111111101111111111110, sa_flags=SA_RESTART|SA_SIGINFO
SIGBUS: [libjvm.so+0xdfef20], sa_mask[0]=11100100010111111101111111111110, sa_flags=SA_RESTART|SA_SIGINFO
SIGFPE: [libjvm.so+0xdfef20], sa_mask[0]=11100100010111111101111111111110, sa_flags=SA_RESTART|SA_SIGINFO
SIGPIPE: [libjvm.so+0xca8980], sa_mask[0]=11100100010111111101111111111110, sa_flags=SA_RESTART|SA_SIGINFO
SIGXFSZ: [libjvm.so+0xca8980], sa_mask[0]=11100100010111111101111111111110, sa_flags=SA_RESTART|SA_SIGINFO
SIGILL: [libjvm.so+0xdfef20], sa_mask[0]=11100100010111111101111111111110, sa_flags=SA_RESTART|SA_SIGINFO
SIGUSR2: [libjvm.so+0xca8070], sa_mask[0]=00100000000000000000000000000000, sa_flags=SA_RESTART|SA_SIGINFO
SIGHUP: [libjvm.so+0xca7fa0], sa_mask[0]=11100100010111111101111111111110, sa_flags=SA_RESTART|SA_SIGINFO
SIGINT: [libjvm.so+0xca7fa0], sa_mask[0]=11100100010111111101111111111110, sa_flags=SA_RESTART|SA_SIGINFO
SIGTERM: [libjvm.so+0xca7fa0], sa_mask[0]=11100100010111111101111111111110, sa_flags=SA_RESTART|SA_SIGINFO
SIGQUIT: [libjvm.so+0xca7fa0], sa_mask[0]=11100100010111111101111111111110, sa_flags=SA_RESTART|SA_SIGINFO
SIGTRAP: [libjvm.so+0xdfef20], sa_mask[0]=11100100010111111101111111111110, sa_flags=SA_RESTART|SA_SIGINFO


---------------  S Y S T E M  ---------------

OS:
DISTRIB_ID=Ubuntu
DISTRIB_RELEASE=20.04
DISTRIB_CODENAME=focal
DISTRIB_DESCRIPTION="Ubuntu 20.04.6 LTS"
uname: Linux 5.15.0-87-generic #97~20.04.1-Ubuntu SMP Thu Oct 5 08:25:28 UTC 2023 x86_64
OS uptime: 22 days 22:54 hours
libc: glibc 2.31 NPTL 2.31 
rlimit (soft/hard): STACK 8192k/infinity , CORE 0k/infinity , NPROC 77088/77088 , NOFILE 1048576/1048576 , AS infinity/infinity , CPU infinity/infinity , DATA infinity/infinity , FSIZE infinity/infinity , MEMLOCK 65536k/65536k
load average: 1,15 1,44 1,73

/proc/meminfo:
MemTotal:       19869448 kB
MemFree:          747624 kB
MemAvailable:    2250592 kB
Buffers:          172956 kB
Cached:          4036360 kB
SwapCached:       135084 kB
Active:          5234696 kB
Inactive:       12567416 kB
Active(anon):    4254760 kB
Inactive(anon): 12202948 kB
Active(file):     979936 kB
Inactive(file):   364468 kB
Unevictable:      260148 kB
Mlocked:             752 kB
SwapTotal:       1003516 kB
SwapFree:              0 kB
Dirty:                72 kB
Writeback:             0 kB
AnonPages:      13717908 kB
Mapped:           722356 kB
Shmem:           2864912 kB
KReclaimable:     521500 kB
Slab:             787224 kB
SReclaimable:     521500 kB
SUnreclaim:       265724 kB
KernelStack:       28864 kB
PageTables:        96580 kB
NFS_Unstable:          0 kB
Bounce:                0 kB
WritebackTmp:          0 kB
CommitLimit:    10938240 kB
Committed_AS:   26035120 kB
VmallocTotal:   34359738367 kB
VmallocUsed:       73856 kB
VmallocChunk:          0 kB
Percpu:             6240 kB
HardwareCorrupted:     0 kB
AnonHugePages:         0 kB
ShmemHugePages:        0 kB
ShmemPmdMapped:        0 kB
FileHugePages:         0 kB
FilePmdMapped:         0 kB
HugePages_Total:       0
HugePages_Free:        0
HugePages_Rsvd:        0
HugePages_Surp:        0
Hugepagesize:       2048 kB
Hugetlb:               0 kB
DirectMap4k:     1304652 kB
DirectMap2M:    19052544 kB
DirectMap1G:           0 kB

/sys/kernel/mm/transparent_hugepage/enabled: always [madvise] never
/sys/kernel/mm/transparent_hugepage/defrag (defrag/compaction efforts parameter): always defer defer+madvise [madvise] never

Process Memory:
Virtual Size: 8379904K (peak: 8399680K)
Resident Set Size: 361264K (peak: 386704K) (anon: 311784K, file: 49480K, shmem: 0K)
Swapped out: 0K
C-Heap outstanding allocations: 45197K

/proc/sys/kernel/threads-max (system-wide limit on the number of threads): 154176
/proc/sys/vm/max_map_count (maximum number of memory map areas a process may have): 65530
/proc/sys/kernel/pid_max (system-wide limit on number of process identifiers): 4194304

container (cgroup) information:
container_type: cgroupv1
cpu_cpuset_cpus: 0-3
cpu_memory_nodes: 0
active_processor_count: 4
cpu_quota: no quota
cpu_period: 100000
cpu_shares: no shares
memory_limit_in_bytes: unlimited
memory_and_swap_limit_in_bytes: unlimited
memory_soft_limit_in_bytes: unlimited
memory_usage_in_bytes: 5828333568
memory_max_usage_in_bytes: 13135265792

Steal ticks since vm start: 0
Steal ticks percentage since vm start:  0,000

CPU: total 4 (initial active 4) (2 cores per cpu, 2 threads per core) family 6 model 78 stepping 3 microcode 0xf0, cx8, cmov, fxsr, ht, mmx, 3dnowpref, sse, sse2, sse3, ssse3, sse4.1, sse4.2, popcnt, lzcnt, tsc, tscinvbit, avx, avx2, aes, erms, clmul, bmi1, bmi2, adx, fma, vzeroupper, clflush, clflushopt
CPU Model and flags from /proc/cpuinfo:
model name	: Intel(R) Core(TM) i7-6600U CPU @ 2.60GHz
flags		: fpu vme de pse tsc msr pae mce cx8 apic sep mtrr pge mca cmov pat pse36 clflush dts acpi mmx fxsr sse sse2 ss ht tm pbe syscall nx pdpe1gb rdtscp lm constant_tsc art arch_perfmon pebs bts rep_good nopl xtopology nonstop_tsc cpuid aperfmperf pni pclmulqdq dtes64 monitor ds_cpl vmx smx est tm2 ssse3 sdbg fma cx16 xtpr pdcm pcid sse4_1 sse4_2 x2apic movbe popcnt tsc_deadline_timer aes xsave avx f16c rdrand lahf_lm abm 3dnowprefetch cpuid_fault epb invpcid_single pti ssbd ibrs ibpb stibp tpr_shadow vnmi flexpriority ept vpid ept_ad fsgsbase tsc_adjust bmi1 avx2 smep bmi2 erms invpcid mpx rdseed adx smap clflushopt intel_pt xsaveopt xsavec xgetbv1 xsaves dtherm ida arat pln pts hwp hwp_notify hwp_act_window hwp_epp md_clear flush_l1d arch_capabilities

Online cpus: 0-3
Offline cpus: 
BIOS frequency limitation: <Not Available>
Frequency switch latency (ns): 0
Available cpu frequencies: <Not Available>
Current governor: powersave
Core performance/turbo boost: <Not Available>

Memory: 4k page, physical 19869448k(747624k free), swap 1003516k(0k free)

vm_info: Java HotSpot(TM) 64-Bit Server VM (16.0.1+9-24) for linux-amd64 JRE (16.0.1+9-24), built on Mar 26 2021 18:11:45 by "mach5one" with gcc 10.2.0

END.
