#
# A fatal error has been detected by the Java Runtime Environment:
#
#  SIGSEGV (0xb) at pc=0x00007f149c537600, pid=525764, tid=525843
#
# JRE version: Java(TM) SE Runtime Environment (16.0.1+9) (build 16.0.1+9-24)
# Java VM: Java HotSpot(TM) 64-Bit Server VM (16.0.1+9-24, mixed mode, sharing, tiered, compressed oops, compressed class ptrs, g1 gc, linux-amd64)
# Problematic frame:
# C  0x00007f149c537600
#
# Core dump will be written. Default location: Core dumps may be processed with "/usr/share/apport/apport -p%p -s%s -c%c -d%d -P%P -u%u -g%g -- %E" (or dumping to /home/janel/Desktop/Studium/Semester_6/Bachelorarbeit/nochmalneu/core.525764)
#
# If you would like to submit a bug report, please visit:
#   https://bugreport.java.com/bugreport/crash.jsp
# The crash happened outside the Java Virtual Machine in native code.
# See problematic frame for where to report the bug.
#

---------------  S U M M A R Y ------------

Command Line: -javaagent:/tmp/jacocoagent7568467669737413976.jar=destfile=/home/janel/Desktop/Studium/Semester_6/Bachelorarbeit/nochmalneu/junit/jacoco.exec,excludes=**/*Test*:**/Dummy* -Djava.awt.headless=true -ea org.apache.tools.ant.taskdefs.optional.junit.JUnitTestRunner org.sosy_lab.java_smt.test.TimeoutTest skipNonTests=false filtertrace=true haltOnError=false haltOnFailure=false formatter=org.apache.tools.ant.taskdefs.optional.junit.SummaryJUnitResultFormatter showoutput=false outputtoformatters=true logfailedtests=true threadid=0 logtestlistenerevents=false formatter=org.apache.tools.ant.taskdefs.optional.junit.XMLJUnitResultFormatter,/home/janel/Desktop/Studium/Semester_6/Bachelorarbeit/nochmalneu/junit/TEST-org.sosy_lab.java_smt.test.TimeoutTest.xml crashfile=/home/janel/Desktop/Studium/Semester_6/Bachelorarbeit/nochmalneu/junitvmwatcher3168738303459113307.properties propsfile=/home/janel/Desktop/Studium/Semester_6/Bachelorarbeit/nochmalneu/junit2644746327315752929.properties

Host: Intel(R) Core(TM) i7-6600U CPU @ 2.60GHz, 4 cores, 18G, Ubuntu 20.04.6 LTS
Time: Sun Dec 17 21:56:17 2023 CET elapsed time: 24.254484 seconds (0d 0h 0m 24s)

---------------  T H R E A D  ---------------

Current thread (0x00007f1524799ef0):  JavaThread "Time-limited test" daemon [_thread_in_native, id=525843, stack(0x00007f14e9cc9000,0x00007f14e9dca000)]

Stack: [0x00007f14e9cc9000,0x00007f14e9dca000],  sp=0x00007f14e9dc7cb8,  free space=1019k
Native frames: (J=compiled Java code, A=aot compiled Java code, j=interpreted, Vv=VM code, C=native code)
C  0x00007f149c537600

Java frames: (J=compiled Java code, j=interpreted, Vv=VM code)
j  com.microsoft.z3.Native.INTERNALsolverGetNumScopes(JJ)I+0
j  com.microsoft.z3.Native.solverGetNumScopes(JJ)I+7
j  org.sosy_lab.java_smt.solvers.z3.Z3TheoremProver.close()V+35
j  org.sosy_lab.java_smt.test.TimeoutTest.testBasicProverTimeout(Ljava/util/function/Supplier;Lorg/sosy_lab/java_smt/api/BooleanFormula;)V+80
j  org.sosy_lab.java_smt.test.TimeoutTest.testBasicProverTimeoutInt(Ljava/util/function/Supplier;)V+24
j  org.sosy_lab.java_smt.test.TimeoutTest.testProverTimeoutInt()V+52
v  ~StubRoutines::call_stub
j  jdk.internal.reflect.NativeMethodAccessorImpl.invoke0(Ljava/lang/reflect/Method;Ljava/lang/Object;[Ljava/lang/Object;)Ljava/lang/Object;+0 java.base@16.0.1
j  jdk.internal.reflect.NativeMethodAccessorImpl.invoke(Ljava/lang/Object;[Ljava/lang/Object;)Ljava/lang/Object;+146 java.base@16.0.1
j  jdk.internal.reflect.DelegatingMethodAccessorImpl.invoke(Ljava/lang/Object;[Ljava/lang/Object;)Ljava/lang/Object;+6 java.base@16.0.1
j  java.lang.reflect.Method.invoke(Ljava/lang/Object;[Ljava/lang/Object;)Ljava/lang/Object;+59 java.base@16.0.1
j  org.junit.runners.model.FrameworkMethod$1.runReflectiveCall()Ljava/lang/Object;+19
j  org.junit.internal.runners.model.ReflectiveCallable.run()Ljava/lang/Object;+5
j  org.junit.runners.model.FrameworkMethod.invokeExplosively(Ljava/lang/Object;[Ljava/lang/Object;)Ljava/lang/Object;+14
j  org.junit.internal.runners.statements.InvokeMethod.evaluate()V+16
j  org.junit.internal.runners.statements.FailOnTimeout$CallableStatement.call()Ljava/lang/Throwable;+22
j  org.junit.internal.runners.statements.FailOnTimeout$CallableStatement.call()Ljava/lang/Object;+5
j  java.util.concurrent.FutureTask.run()V+39 java.base@16.0.1
j  java.lang.Thread.run()V+11 java.base@16.0.1
v  ~StubRoutines::call_stub

siginfo: si_signo: 11 (SIGSEGV), si_code: 2 (SEGV_ACCERR), si_addr: 0x00007f149c537600

Register to memory mapping:

RAX=0x00007f149c000080 points into unknown readable memory: 0x00007f149cda6020 | 20 60 da 9c 14 7f 00 00
RBX=0x0 is NULL
RCX=0x00007f149c147500 points into unknown readable memory: 0x00007f149c008720 | 20 87 00 9c 14 7f 00 00
RDX=0x00007f1524a242e0 points into unknown readable memory: 0x00007f1524b4eb40 | 40 eb b4 24 15 7f 00 00
RSP=0x00007f14e9dc7cb8 is pointing into the stack for thread: 0x00007f1524799ef0
RBP=0x00007f14a3ffea58: <offset 0x0000000001aaba58> in /home/janel/Desktop/Studium/Semester_6/Bachelorarbeit/nochmalneu/lib/java/runtime-z3/libz3.so at 0x00007f14a2553000
RSI=0x00007f149c147500 points into unknown readable memory: 0x00007f149c008720 | 20 87 00 9c 14 7f 00 00
RDI=0x00007f149c4d15f0 points into unknown readable memory: 0x00007f149c000080 | 80 00 00 9c 14 7f 00 00
R8 =0x00007f1524a2ef20 points into unknown readable memory: 0x000000080001d528 | 28 d5 01 00 08 00 00 00
R9 =0x0000000000000006 is an unknown value
R10=0x00007f152adda500: <offset 0x0000000000020500> in /lib64/ld-linux-x86-64.so.2 at 0x00007f152adba000
R11=0x00007f14a266c450: Z3_solver_get_num_scopes+0x0000000000000000 in /home/janel/Desktop/Studium/Semester_6/Bachelorarbeit/nochmalneu/lib/java/runtime-z3/libz3.so at 0x00007f14a2553000
R12=0x00007f149c147500 points into unknown readable memory: 0x00007f149c008720 | 20 87 00 9c 14 7f 00 00
R13=0x00007f1524a242e0 points into unknown readable memory: 0x00007f1524b4eb40 | 40 eb b4 24 15 7f 00 00
R14=0x00007f14e9dc7d90 is pointing into the stack for thread: 0x00007f1524799ef0
R15=0x00007f1524799ef0 is a thread


Registers:
RAX=0x00007f149c000080, RBX=0x0000000000000000, RCX=0x00007f149c147500, RDX=0x00007f1524a242e0
RSP=0x00007f14e9dc7cb8, RBP=0x00007f14a3ffea58, RSI=0x00007f149c147500, RDI=0x00007f149c4d15f0
R8 =0x00007f1524a2ef20, R9 =0x0000000000000006, R10=0x00007f152adda500, R11=0x00007f14a266c450
R12=0x00007f149c147500, R13=0x00007f1524a242e0, R14=0x00007f14e9dc7d90, R15=0x00007f1524799ef0
RIP=0x00007f149c537600, EFLAGS=0x0000000000010206, CSGSFS=0x002b000000000033, ERR=0x0000000000000015
  TRAPNO=0x000000000000000e

Top of Stack: (sp=0x00007f14e9dc7cb8)
0x00007f14e9dc7cb8:   00007f14a266c48e 0000000000000000
0x00007f14e9dc7cc8:   00007f14e951e030 00007f14e9dc7d58
0x00007f14e9dc7cd8:   0000000000000000 00007f14e951e030
0x00007f14e9dc7ce8:   00007f150d7eac7b 00007f14e9dc7d58 

Instructions: (pc=0x00007f149c537600)
0x00007f149c537500:   01 00 00 00 00 00 00 00 00 00 00 00 00 00 00 00
0x00007f149c537510:   00 00 00 00 00 00 00 00 00 00 00 00 00 00 00 00
0x00007f149c537520:   00 00 00 00 00 00 00 00 00 00 00 00 00 00 00 00
0x00007f149c537530:   00 00 00 00 00 00 00 00 01 00 00 00 00 00 00 00
0x00007f149c537540:   00 00 00 00 00 00 00 00 00 00 00 00 00 00 00 00
0x00007f149c537550:   00 00 00 00 00 00 00 00 00 00 00 00 00 00 00 00
0x00007f149c537560:   00 00 00 00 00 00 00 00 00 00 00 00 00 00 00 00
0x00007f149c537570:   01 00 00 00 00 00 00 00 00 00 00 00 00 00 00 00
0x00007f149c537580:   00 00 00 00 00 00 00 00 00 00 00 00 00 00 00 00
0x00007f149c537590:   00 00 00 00 00 00 00 00 00 00 00 00 00 00 00 00
0x00007f149c5375a0:   00 00 00 00 00 00 00 00 01 00 00 00 00 00 00 00
0x00007f149c5375b0:   00 00 00 00 00 00 00 00 00 00 00 00 00 00 00 00
0x00007f149c5375c0:   00 00 00 00 00 00 00 00 00 00 00 00 00 00 00 00
0x00007f149c5375d0:   00 00 00 00 00 00 00 00 00 00 00 00 00 00 00 00
0x00007f149c5375e0:   01 00 00 00 00 00 00 00 00 00 00 00 00 00 00 00
0x00007f149c5375f0:   00 00 00 00 00 00 00 00 00 00 00 00 00 00 00 00
0x00007f149c537600:   b0 76 53 9c 14 7f 00 00 d1 00 00 00 00 00 00 00
0x00007f149c537610:   30 d1 52 9c 14 7f 00 00 40 01 00 9c 14 7f 00 00
0x00007f149c537620:   20 00 00 00 00 00 00 00 24 00 00 00 00 00 00 00
0x00007f149c537630:   80 b6 1e 9c 14 7f 00 00 00 00 00 00 00 00 00 00
0x00007f149c537640:   40 00 00 00 00 00 00 00 34 00 00 00 00 00 00 00
0x00007f149c537650:   40 83 53 9c 14 7f 00 00 00 00 00 00 00 00 00 00
0x00007f149c537660:   00 00 00 00 14 7f 00 00 80 00 00 9c 14 7f 00 00
0x00007f149c537670:   40 00 00 00 00 00 00 00 61 00 00 00 00 00 00 00
0x00007f149c537680:   00 77 53 9c 14 7f 00 00 90 7c 54 9c 14 7f 00 00
0x00007f149c537690:   88 03 53 9c 14 7f 00 00 21 00 00 00 00 00 00 00
0x00007f149c5376a0:   00 77 53 9c 14 7f 00 00 80 00 00 9c 14 7f 00 00
0x00007f149c5376b0:   40 00 00 00 00 00 00 00 24 00 00 00 00 00 00 00
0x00007f149c5376c0:   00 ea 27 9c 14 7f 00 00 00 6a 54 9c 14 7f 00 00
0x00007f149c5376d0:   d0 00 00 00 00 00 00 00 34 00 00 00 00 00 00 00
0x00007f149c5376e0:   00 00 00 00 00 00 00 00 d0 08 00 9c 14 7f 00 00
0x00007f149c5376f0:   01 00 00 00 00 00 00 00 00 00 00 00 00 00 00 00 


Stack slot to memory mapping:
stack at sp + 0 slots: 0x00007f14a266c48e: Z3_solver_get_num_scopes+0x000000000000003e in /home/janel/Desktop/Studium/Semester_6/Bachelorarbeit/nochmalneu/lib/java/runtime-z3/libz3.so at 0x00007f14a2553000
stack at sp + 1 slots: 0x0 is NULL
stack at sp + 2 slots: {method} {0x00007f14e951e030} 'INTERNALsolverGetNumScopes' '(JJ)I' in 'com/microsoft/z3/Native'
stack at sp + 3 slots: 0x00007f14e9dc7d58 is pointing into the stack for thread: 0x00007f1524799ef0
stack at sp + 4 slots: 0x0 is NULL
stack at sp + 5 slots: {method} {0x00007f14e951e030} 'INTERNALsolverGetNumScopes' '(JJ)I' in 'com/microsoft/z3/Native'
stack at sp + 6 slots: 0x00007f150d7eac7b is at code_begin+923 in an Interpreter codelet
method entry point (kind = native)  [0x00007f150d7ea8e0, 0x00007f150d7eb1a0]  2240 bytes
stack at sp + 7 slots: 0x00007f14e9dc7d58 is pointing into the stack for thread: 0x00007f1524799ef0


---------------  P R O C E S S  ---------------

Threads class SMR info:
_java_thread_list=0x00007f152479b4b0, length=14, elements={
0x00007f1524028140, 0x00007f1524127560, 0x00007f1524128ae0, 0x00007f152412d3a0,
0x00007f152412e8f0, 0x00007f152412fe10, 0x00007f15241318f0, 0x00007f1524132f50,
0x00007f15241344f0, 0x00007f1524150e20, 0x00007f152471f6d0, 0x00007f1524799ef0,
0x00007f14c4833980, 0x00007f152479aed0
}

Java Threads: ( => current thread )
  0x00007f1524028140 JavaThread "main" [_thread_blocked, id=525768, stack(0x00007f15296b1000,0x00007f15297b2000)]
  0x00007f1524127560 JavaThread "Reference Handler" daemon [_thread_blocked, id=525775, stack(0x00007f15007c0000,0x00007f15008c1000)]
  0x00007f1524128ae0 JavaThread "Finalizer" daemon [_thread_blocked, id=525776, stack(0x00007f15006bf000,0x00007f15007c0000)]
  0x00007f152412d3a0 JavaThread "Signal Dispatcher" daemon [_thread_blocked, id=525777, stack(0x00007f14ebeff000,0x00007f14ec000000)]
  0x00007f152412e8f0 JavaThread "Service Thread" daemon [_thread_blocked, id=525778, stack(0x00007f14ebdfe000,0x00007f14ebeff000)]
  0x00007f152412fe10 JavaThread "Monitor Deflation Thread" daemon [_thread_blocked, id=525779, stack(0x00007f14ebcfd000,0x00007f14ebdfe000)]
  0x00007f15241318f0 JavaThread "C2 CompilerThread0" daemon [_thread_in_native, id=525780, stack(0x00007f14eb2ff000,0x00007f14eb400000)]
  0x00007f1524132f50 JavaThread "C1 CompilerThread0" daemon [_thread_blocked, id=525781, stack(0x00007f14eb1fe000,0x00007f14eb2ff000)]
  0x00007f15241344f0 JavaThread "Sweeper thread" daemon [_thread_blocked, id=525782, stack(0x00007f14eb0fd000,0x00007f14eb1fe000)]
  0x00007f1524150e20 JavaThread "Common-Cleaner" daemon [_thread_blocked, id=525783, stack(0x00007f14eaffc000,0x00007f14eb0fd000)]
  0x00007f152471f6d0 JavaThread "Notification Thread" daemon [_thread_blocked, id=525784, stack(0x00007f14eaefb000,0x00007f14eaffc000)]
=>0x00007f1524799ef0 JavaThread "Time-limited test" daemon [_thread_in_native, id=525843, stack(0x00007f14e9cc9000,0x00007f14e9dca000)]
  0x00007f14c4833980 JavaThread "C2 CompilerThread1" daemon [_thread_in_native, id=525853, stack(0x00007f14e9dca000,0x00007f14e9ecb000)]
  0x00007f152479aed0 JavaThread "Time-limited test" daemon [_thread_in_vm, id=525854, stack(0x00007f14eacf8000,0x00007f14eadf9000)]

Other Threads:
  0x00007f1524124e70 VMThread "VM Thread" [stack: 0x00007f15008c3000,0x00007f15009c3000] [id=525774]
  0x00007f1524029bc0 WatcherThread [stack: 0x00007f14eadfb000,0x00007f14eaefb000] [id=525785]
  0x00007f1524079ae0 GCTaskThread "GC Thread#0" [stack: 0x00007f15285c1000,0x00007f15286c1000] [id=525769]
  0x00007f14e40044f0 GCTaskThread "GC Thread#1" [stack: 0x00007f14eabf8000,0x00007f14eacf8000] [id=525787]
  0x00007f14e4005070 GCTaskThread "GC Thread#2" [stack: 0x00007f14eaaf6000,0x00007f14eabf6000] [id=525788]
  0x00007f14e4005bf0 GCTaskThread "GC Thread#3" [stack: 0x00007f14ea9f4000,0x00007f14eaaf4000] [id=525789]
  0x00007f15240849c0 ConcurrentGCThread "G1 Main Marker" [stack: 0x00007f15284bf000,0x00007f15285bf000] [id=525770]
  0x00007f1524085a50 ConcurrentGCThread "G1 Conc#0" [stack: 0x00007f15283bd000,0x00007f15284bd000] [id=525771]
  0x00007f15240f0c80 ConcurrentGCThread "G1 Refine#0" [stack: 0x00007f1500b48000,0x00007f1500c48000] [id=525772]
  0x00007f15240f1ca0 ConcurrentGCThread "G1 Service" [stack: 0x00007f1500a46000,0x00007f1500b46000] [id=525773]

Threads with active compile tasks:
C2 CompilerThread0    24265 3261       4       org.jacoco.agent.rt.internal_4a7f17c.asm.SymbolTable::addConstant (330 bytes)
C2 CompilerThread1    24265 3274       4       org.jacoco.agent.rt.internal_4a7f17c.asm.AnnotationWriter::putAnnotations (67 bytes)

VM state: not at safepoint (normal execution)

VM Mutex/Monitor currently owned by a thread: None

Heap address: 0x00000006d0c00000, size: 4852 MB, Compressed Oops mode: Zero based, Oop shift amount: 3

CDS archive(s) mapped at: [0x0000000800000000-0x0000000800bc3000-0x0000000800bc3000), size 12333056, SharedBaseAddress: 0x0000000800000000, ArchiveRelocationMode: 0.
Compressed class space mapped at: 0x0000000800c00000-0x0000000840c00000, reserved size: 1073741824
Narrow klass base: 0x0000000800000000, Narrow klass shift: 3, Narrow klass range: 0x100000000

GC Precious Log:
 CPUs: 4 total, 4 available
 Memory: 19403M
 Large Page Support: Disabled
 NUMA Support: Disabled
 Compressed Oops: Enabled (Zero based)
 Heap Region Size: 4M
 Heap Min Capacity: 8M
 Heap Initial Capacity: 304M
 Heap Max Capacity: 4852M
 Pre-touch: Disabled
 Parallel Workers: 4
 Concurrent Workers: 1
 Concurrent Refinement Workers: 4
 Periodic GC: Disabled

Heap:
 garbage-first heap   total 319488K, used 34523K [0x00000006d0c00000, 0x0000000800000000)
  region size 4096K, 8 young (32768K), 5 survivors (20480K)
 Metaspace       used 11015K, committed 11200K, reserved 1064960K
  class space    used 974K, committed 1024K, reserved 1048576K

Heap Regions: E=young(eden), S=young(survivor), O=old, HS=humongous(starts), HC=humongous(continues), CS=collection set, F=free, OA=open archive, CA=closed archive, TAMS=top-at-mark-start (previous, next)
|   0|0x00000006d0c00000, 0x00000006d1000000, 0x00000006d1000000|100%| O|  |TAMS 0x00000006d0c00000, 0x00000006d0c00000| Untracked 
|   1|0x00000006d1000000, 0x00000006d11b2000, 0x00000006d1400000| 42%| O|  |TAMS 0x00000006d1000000, 0x00000006d1000000| Untracked 
|   2|0x00000006d1400000, 0x00000006d1400000, 0x00000006d1800000|  0%| F|  |TAMS 0x00000006d1400000, 0x00000006d1400000| Untracked 
|   3|0x00000006d1800000, 0x00000006d1800000, 0x00000006d1c00000|  0%| F|  |TAMS 0x00000006d1800000, 0x00000006d1800000| Untracked 
|   4|0x00000006d1c00000, 0x00000006d1c00000, 0x00000006d2000000|  0%| F|  |TAMS 0x00000006d1c00000, 0x00000006d1c00000| Untracked 
|   5|0x00000006d2000000, 0x00000006d2000000, 0x00000006d2400000|  0%| F|  |TAMS 0x00000006d2000000, 0x00000006d2000000| Untracked 
|   6|0x00000006d2400000, 0x00000006d2400000, 0x00000006d2800000|  0%| F|  |TAMS 0x00000006d2400000, 0x00000006d2400000| Untracked 
|   7|0x00000006d2800000, 0x00000006d2800000, 0x00000006d2c00000|  0%| F|  |TAMS 0x00000006d2800000, 0x00000006d2800000| Untracked 
|   8|0x00000006d2c00000, 0x00000006d2c00000, 0x00000006d3000000|  0%| F|  |TAMS 0x00000006d2c00000, 0x00000006d2c00000| Untracked 
|   9|0x00000006d3000000, 0x00000006d3000000, 0x00000006d3400000|  0%| F|  |TAMS 0x00000006d3000000, 0x00000006d3000000| Untracked 
|  10|0x00000006d3400000, 0x00000006d3400000, 0x00000006d3800000|  0%| F|  |TAMS 0x00000006d3400000, 0x00000006d3400000| Untracked 
|  11|0x00000006d3800000, 0x00000006d3800000, 0x00000006d3c00000|  0%| F|  |TAMS 0x00000006d3800000, 0x00000006d3800000| Untracked 
|  12|0x00000006d3c00000, 0x00000006d3c00000, 0x00000006d4000000|  0%| F|  |TAMS 0x00000006d3c00000, 0x00000006d3c00000| Untracked 
|  13|0x00000006d4000000, 0x00000006d4000000, 0x00000006d4400000|  0%| F|  |TAMS 0x00000006d4000000, 0x00000006d4000000| Untracked 
|  14|0x00000006d4400000, 0x00000006d4400000, 0x00000006d4800000|  0%| F|  |TAMS 0x00000006d4400000, 0x00000006d4400000| Untracked 
|  15|0x00000006d4800000, 0x00000006d4800000, 0x00000006d4c00000|  0%| F|  |TAMS 0x00000006d4800000, 0x00000006d4800000| Untracked 
|  16|0x00000006d4c00000, 0x00000006d4c00000, 0x00000006d5000000|  0%| F|  |TAMS 0x00000006d4c00000, 0x00000006d4c00000| Untracked 
|  17|0x00000006d5000000, 0x00000006d5000000, 0x00000006d5400000|  0%| F|  |TAMS 0x00000006d5000000, 0x00000006d5000000| Untracked 
|  18|0x00000006d5400000, 0x00000006d5400000, 0x00000006d5800000|  0%| F|  |TAMS 0x00000006d5400000, 0x00000006d5400000| Untracked 
|  19|0x00000006d5800000, 0x00000006d5800000, 0x00000006d5c00000|  0%| F|  |TAMS 0x00000006d5800000, 0x00000006d5800000| Untracked 
|  20|0x00000006d5c00000, 0x00000006d5c00000, 0x00000006d6000000|  0%| F|  |TAMS 0x00000006d5c00000, 0x00000006d5c00000| Untracked 
|  21|0x00000006d6000000, 0x00000006d6000000, 0x00000006d6400000|  0%| F|  |TAMS 0x00000006d6000000, 0x00000006d6000000| Untracked 
|  22|0x00000006d6400000, 0x00000006d6400000, 0x00000006d6800000|  0%| F|  |TAMS 0x00000006d6400000, 0x00000006d6400000| Untracked 
|  23|0x00000006d6800000, 0x00000006d6800000, 0x00000006d6c00000|  0%| F|  |TAMS 0x00000006d6800000, 0x00000006d6800000| Untracked 
|  24|0x00000006d6c00000, 0x00000006d6c00000, 0x00000006d7000000|  0%| F|  |TAMS 0x00000006d6c00000, 0x00000006d6c00000| Untracked 
|  25|0x00000006d7000000, 0x00000006d7000000, 0x00000006d7400000|  0%| F|  |TAMS 0x00000006d7000000, 0x00000006d7000000| Untracked 
|  26|0x00000006d7400000, 0x00000006d740ee08, 0x00000006d7800000|  1%| S|CS|TAMS 0x00000006d7400000, 0x00000006d7400000| Complete 
|  27|0x00000006d7800000, 0x00000006d7c00000, 0x00000006d7c00000|100%| S|CS|TAMS 0x00000006d7800000, 0x00000006d7800000| Complete 
|  28|0x00000006d7c00000, 0x00000006d8000000, 0x00000006d8000000|100%| S|CS|TAMS 0x00000006d7c00000, 0x00000006d7c00000| Complete 
|  29|0x00000006d8000000, 0x00000006d8400000, 0x00000006d8400000|100%| S|CS|TAMS 0x00000006d8000000, 0x00000006d8000000| Complete 
|  30|0x00000006d8400000, 0x00000006d8800000, 0x00000006d8800000|100%| S|CS|TAMS 0x00000006d8400000, 0x00000006d8400000| Complete 
|  31|0x00000006d8800000, 0x00000006d8800000, 0x00000006d8c00000|  0%| F|  |TAMS 0x00000006d8800000, 0x00000006d8800000| Untracked 
|  32|0x00000006d8c00000, 0x00000006d8c00000, 0x00000006d9000000|  0%| F|  |TAMS 0x00000006d8c00000, 0x00000006d8c00000| Untracked 
|  33|0x00000006d9000000, 0x00000006d9000000, 0x00000006d9400000|  0%| F|  |TAMS 0x00000006d9000000, 0x00000006d9000000| Untracked 
|  34|0x00000006d9400000, 0x00000006d9400000, 0x00000006d9800000|  0%| F|  |TAMS 0x00000006d9400000, 0x00000006d9400000| Untracked 
|  35|0x00000006d9800000, 0x00000006d9800000, 0x00000006d9c00000|  0%| F|  |TAMS 0x00000006d9800000, 0x00000006d9800000| Untracked 
|  36|0x00000006d9c00000, 0x00000006d9c00000, 0x00000006da000000|  0%| F|  |TAMS 0x00000006d9c00000, 0x00000006d9c00000| Untracked 
|  37|0x00000006da000000, 0x00000006da000000, 0x00000006da400000|  0%| F|  |TAMS 0x00000006da000000, 0x00000006da000000| Untracked 
|  38|0x00000006da400000, 0x00000006da400000, 0x00000006da800000|  0%| F|  |TAMS 0x00000006da400000, 0x00000006da400000| Untracked 
|  39|0x00000006da800000, 0x00000006da800000, 0x00000006dac00000|  0%| F|  |TAMS 0x00000006da800000, 0x00000006da800000| Untracked 
|  40|0x00000006dac00000, 0x00000006dac00000, 0x00000006db000000|  0%| F|  |TAMS 0x00000006dac00000, 0x00000006dac00000| Untracked 
|  41|0x00000006db000000, 0x00000006db000000, 0x00000006db400000|  0%| F|  |TAMS 0x00000006db000000, 0x00000006db000000| Untracked 
|  42|0x00000006db400000, 0x00000006db400000, 0x00000006db800000|  0%| F|  |TAMS 0x00000006db400000, 0x00000006db400000| Untracked 
|  43|0x00000006db800000, 0x00000006db800000, 0x00000006dbc00000|  0%| F|  |TAMS 0x00000006db800000, 0x00000006db800000| Untracked 
|  44|0x00000006dbc00000, 0x00000006dbc00000, 0x00000006dc000000|  0%| F|  |TAMS 0x00000006dbc00000, 0x00000006dbc00000| Untracked 
|  45|0x00000006dc000000, 0x00000006dc000000, 0x00000006dc400000|  0%| F|  |TAMS 0x00000006dc000000, 0x00000006dc000000| Untracked 
|  46|0x00000006dc400000, 0x00000006dc400000, 0x00000006dc800000|  0%| F|  |TAMS 0x00000006dc400000, 0x00000006dc400000| Untracked 
|  47|0x00000006dc800000, 0x00000006dc800000, 0x00000006dcc00000|  0%| F|  |TAMS 0x00000006dc800000, 0x00000006dc800000| Untracked 
|  48|0x00000006dcc00000, 0x00000006dcc00000, 0x00000006dd000000|  0%| F|  |TAMS 0x00000006dcc00000, 0x00000006dcc00000| Untracked 
|  49|0x00000006dd000000, 0x00000006dd000000, 0x00000006dd400000|  0%| F|  |TAMS 0x00000006dd000000, 0x00000006dd000000| Untracked 
|  50|0x00000006dd400000, 0x00000006dd400000, 0x00000006dd800000|  0%| F|  |TAMS 0x00000006dd400000, 0x00000006dd400000| Untracked 
|  51|0x00000006dd800000, 0x00000006dd800000, 0x00000006ddc00000|  0%| F|  |TAMS 0x00000006dd800000, 0x00000006dd800000| Untracked 
|  52|0x00000006ddc00000, 0x00000006ddc00000, 0x00000006de000000|  0%| F|  |TAMS 0x00000006ddc00000, 0x00000006ddc00000| Untracked 
|  53|0x00000006de000000, 0x00000006de000000, 0x00000006de400000|  0%| F|  |TAMS 0x00000006de000000, 0x00000006de000000| Untracked 
|  54|0x00000006de400000, 0x00000006de400000, 0x00000006de800000|  0%| F|  |TAMS 0x00000006de400000, 0x00000006de400000| Untracked 
|  55|0x00000006de800000, 0x00000006de800000, 0x00000006dec00000|  0%| F|  |TAMS 0x00000006de800000, 0x00000006de800000| Untracked 
|  56|0x00000006dec00000, 0x00000006dec00000, 0x00000006df000000|  0%| F|  |TAMS 0x00000006dec00000, 0x00000006dec00000| Untracked 
|  57|0x00000006df000000, 0x00000006df000000, 0x00000006df400000|  0%| F|  |TAMS 0x00000006df000000, 0x00000006df000000| Untracked 
|  58|0x00000006df400000, 0x00000006df400000, 0x00000006df800000|  0%| F|  |TAMS 0x00000006df400000, 0x00000006df400000| Untracked 
|  59|0x00000006df800000, 0x00000006df800000, 0x00000006dfc00000|  0%| F|  |TAMS 0x00000006df800000, 0x00000006df800000| Untracked 
|  60|0x00000006dfc00000, 0x00000006dfc00000, 0x00000006e0000000|  0%| F|  |TAMS 0x00000006dfc00000, 0x00000006dfc00000| Untracked 
|  61|0x00000006e0000000, 0x00000006e0000000, 0x00000006e0400000|  0%| F|  |TAMS 0x00000006e0000000, 0x00000006e0000000| Untracked 
|  62|0x00000006e0400000, 0x00000006e0400000, 0x00000006e0800000|  0%| F|  |TAMS 0x00000006e0400000, 0x00000006e0400000| Untracked 
|  63|0x00000006e0800000, 0x00000006e0800000, 0x00000006e0c00000|  0%| F|  |TAMS 0x00000006e0800000, 0x00000006e0800000| Untracked 
|  64|0x00000006e0c00000, 0x00000006e0c00000, 0x00000006e1000000|  0%| F|  |TAMS 0x00000006e0c00000, 0x00000006e0c00000| Untracked 
|  65|0x00000006e1000000, 0x00000006e1000000, 0x00000006e1400000|  0%| F|  |TAMS 0x00000006e1000000, 0x00000006e1000000| Untracked 
|  66|0x00000006e1400000, 0x00000006e1400000, 0x00000006e1800000|  0%| F|  |TAMS 0x00000006e1400000, 0x00000006e1400000| Untracked 
|  67|0x00000006e1800000, 0x00000006e1800000, 0x00000006e1c00000|  0%| F|  |TAMS 0x00000006e1800000, 0x00000006e1800000| Untracked 
|  68|0x00000006e1c00000, 0x00000006e1c00000, 0x00000006e2000000|  0%| F|  |TAMS 0x00000006e1c00000, 0x00000006e1c00000| Untracked 
|  69|0x00000006e2000000, 0x00000006e2000000, 0x00000006e2400000|  0%| F|  |TAMS 0x00000006e2000000, 0x00000006e2000000| Untracked 
|  70|0x00000006e2400000, 0x00000006e2400000, 0x00000006e2800000|  0%| F|  |TAMS 0x00000006e2400000, 0x00000006e2400000| Untracked 
|  71|0x00000006e2800000, 0x00000006e2800000, 0x00000006e2c00000|  0%| F|  |TAMS 0x00000006e2800000, 0x00000006e2800000| Untracked 
|  72|0x00000006e2c00000, 0x00000006e2c00000, 0x00000006e3000000|  0%| F|  |TAMS 0x00000006e2c00000, 0x00000006e2c00000| Untracked 
|  73|0x00000006e3000000, 0x00000006e30ec070, 0x00000006e3400000| 23%| E|  |TAMS 0x00000006e3000000, 0x00000006e3000000| Complete 
|  74|0x00000006e3400000, 0x00000006e3800000, 0x00000006e3800000|100%| E|CS|TAMS 0x00000006e3400000, 0x00000006e3400000| Complete 
|  75|0x00000006e3800000, 0x00000006e3c00000, 0x00000006e3c00000|100%| E|CS|TAMS 0x00000006e3800000, 0x00000006e3800000| Complete 
|1211|0x00000007ff800000, 0x00000007ffb75000, 0x00000007ffc00000| 86%|OA|  |TAMS 0x00000007ff800000, 0x00000007ff800000| Untracked 
|1212|0x00000007ffc00000, 0x00000007ffc81000, 0x0000000800000000| 12%|CA|  |TAMS 0x00000007ffc00000, 0x00000007ffc00000| Untracked 

Card table byte_map: [0x00007f150ce63000,0x00007f150d7dd000] _byte_map_base: 0x00007f15097dd000

Marking Bits (Prev, Next): (CMBitMap*) 0x00007f152407a690, (CMBitMap*) 0x00007f152407a6d0
 Prev Bits: [0x00007f1507919000, 0x00007f150c4e9000)
 Next Bits: [0x00007f1502d49000, 0x00007f1507919000)

Polling page: 0x00007f15296a5000

Metaspace:

Usage:
  Non-class:      9,81 MB used.
      Class:    974,03 KB used.
       Both:     10,76 MB used.

Virtual space:
  Non-class space:       16,00 MB reserved,       9,94 MB ( 62%) committed,  2 nodes.
      Class space:        1,00 GB reserved,       1,00 MB ( <1%) committed,  1 nodes.
              Both:        1,02 GB reserved,      10,94 MB (  1%) committed. 

Chunk freelists:
   Non-Class:  2,09 MB
       Class:  2,81 MB
        Both:  4,91 MB

MaxMetaspaceSize: 17179869184,00 GB
CompressedClassSpaceSize: 1,00 GB
 - commit_granule_bytes: 65536.
 - commit_granule_words: 8192.
 - virtual_space_node_default_size: 1048576.
 - enlarge_chunks_in_place: 1.
 - new_chunks_are_fully_committed: 0.
 - uncommit_free_chunks: 1.
 - use_allocation_guard: 0.
 - handle_deallocations: 1.


Internal statistics:

num_allocs_failed_limit: 0.
num_arena_births: 130.
num_arena_deaths: 0.
num_vsnodes_births: 3.
num_vsnodes_deaths: 0.
num_space_committed: 175.
num_space_uncommitted: 0.
num_chunks_returned_to_freelist: 0.
num_chunks_taken_from_freelist: 426.
num_chunk_merges: 0.
num_chunk_splits: 304.
num_chunks_enlarged: 237.
num_purges: 0.

CodeHeap 'non-profiled nmethods': size=120032Kb used=1730Kb max_used=1730Kb free=118301Kb
 bounds [0x00007f15152a5000, 0x00007f1515515000, 0x00007f151c7dd000]
CodeHeap 'profiled nmethods': size=120028Kb used=6669Kb max_used=6669Kb free=113358Kb
 bounds [0x00007f150dd6e000, 0x00007f150e3fe000, 0x00007f15152a5000]
CodeHeap 'non-nmethods': size=5700Kb used=1219Kb max_used=1307Kb free=4480Kb
 bounds [0x00007f150d7dd000, 0x00007f150da4d000, 0x00007f150dd6e000]
 total_blobs=3783 nmethods=3261 adapters=435
 compilation: enabled
              stopped_count=0, restarted_count=0
 full_count=0

Compilation events (20 events):
Event: 24,218 Thread 0x00007f1524132f50 3260       3       java.nio.DirectByteBufferR::slice (66 bytes)
Event: 24,219 Thread 0x00007f1524132f50 nmethod 3260 0x00007f150e3db910 code [0x00007f150e3dbac0, 0x00007f150e3dbd40]
Event: 24,219 Thread 0x00007f1524132f50 3263       3       com.google.common.collect.ImmutableCollection::$jacocoInit (52 bytes)
Event: 24,219 Thread 0x00007f1524132f50 nmethod 3263 0x00007f150e3dbe10 code [0x00007f150e3dc020, 0x00007f150e3dca30]
Event: 24,219 Thread 0x00007f1524132f50 3255       3       jdk.internal.jimage.ImageStringsReader::get (9 bytes)
Event: 24,219 Thread 0x00007f1524132f50 nmethod 3255 0x00007f150e3dcc90 code [0x00007f150e3dce40, 0x00007f150e3dd000]
Event: 24,219 Thread 0x00007f1524132f50 3264       3       com.google.common.truth.StackTraceCleaner$StackFrameType::belongsToType (118 bytes)
Event: 24,221 Thread 0x00007f15241318f0 nmethod 3250 0x00007f151544fe10 code [0x00007f151544ffa0, 0x00007f1515450298]
Event: 24,221 Thread 0x00007f15241318f0 3251   !   4       java.nio.DirectByteBuffer::get (33 bytes)
Event: 24,222 Thread 0x00007f1524132f50 nmethod 3264 0x00007f150e3dd110 code [0x00007f150e3dd3c0, 0x00007f150e3de060]
Event: 24,222 Thread 0x00007f1524132f50 3265       3       com.google.common.collect.RegularImmutableList::listIterator (24 bytes)
Event: 24,222 Thread 0x00007f1524132f50 nmethod 3265 0x00007f150e3de510 code [0x00007f150e3de6c0, 0x00007f150e3de870]
Event: 24,222 Thread 0x00007f1524132f50 3262       3       com.google.common.truth.AutoValue_ActualValueInference_Invocation$Builder::$jacocoInit (52 bytes)
Event: 24,222 Thread 0x00007f1524132f50 nmethod 3262 0x00007f150e3de990 code [0x00007f150e3deba0, 0x00007f150e3df5b0]
Event: 24,222 Thread 0x00007f1524132f50 3266       1       java.util.concurrent.locks.AbstractQueuedSynchronizer::setState (6 bytes)
Event: 24,222 Thread 0x00007f1524132f50 nmethod 3266 0x00007f1515450410 code [0x00007f15154505a0, 0x00007f1515450670]
Event: 24,223 Thread 0x00007f15241318f0 nmethod 3251 0x00007f1515450710 code [0x00007f15154508a0, 0x00007f15154509b8]
Event: 24,223 Thread 0x00007f15241318f0 3261       4       org.jacoco.agent.rt.internal_4a7f17c.asm.SymbolTable::addConstant (330 bytes)
Event: 24,224 Thread 0x00007f1524132f50 3267       3       org.junit.runner.notification.RunNotifier$SafeNotifier::$jacocoInit (52 bytes)
Event: 24,224 Thread 0x00007f1524132f50 nmethod 3267 0x00007f150e3df810 code [0x00007f150e3dfa20, 0x00007f150e3e0430]

GC Heap History (8 events):
Event: 0,376 GC heap before
{Heap before GC invocations=0 (full 0):
 garbage-first heap   total 319488K, used 16344K [0x00000006d0c00000, 0x0000000800000000)
  region size 4096K, 3 young (12288K), 0 survivors (0K)
 Metaspace       used 2293K, committed 2432K, reserved 1056768K
  class space    used 199K, committed 256K, reserved 1048576K
}
Event: 0,382 GC heap after
{Heap after GC invocations=1 (full 0):
 garbage-first heap   total 319488K, used 9876K [0x00000006d0c00000, 0x0000000800000000)
  region size 4096K, 1 young (4096K), 1 survivors (4096K)
 Metaspace       used 2293K, committed 2432K, reserved 1056768K
  class space    used 199K, committed 256K, reserved 1048576K
}
Event: 0,552 GC heap before
{Heap before GC invocations=1 (full 0):
 garbage-first heap   total 319488K, used 18068K [0x00000006d0c00000, 0x0000000800000000)
  region size 4096K, 3 young (12288K), 1 survivors (4096K)
 Metaspace       used 3194K, committed 3392K, reserved 1056768K
  class space    used 281K, committed 384K, reserved 1048576K
}
Event: 0,557 GC heap after
{Heap after GC invocations=2 (full 0):
 garbage-first heap   total 319488K, used 10444K [0x00000006d0c00000, 0x0000000800000000)
  region size 4096K, 1 young (4096K), 1 survivors (4096K)
 Metaspace       used 3194K, committed 3392K, reserved 1056768K
  class space    used 281K, committed 384K, reserved 1048576K
}
Event: 0,923 GC heap before
{Heap before GC invocations=2 (full 0):
 garbage-first heap   total 319488K, used 26828K [0x00000006d0c00000, 0x0000000800000000)
  region size 4096K, 5 young (20480K), 1 survivors (4096K)
 Metaspace       used 5770K, committed 6016K, reserved 1056768K
  class space    used 520K, committed 640K, reserved 1048576K
}
Event: 0,928 GC heap after
{Heap after GC invocations=3 (full 0):
 garbage-first heap   total 319488K, used 11489K [0x00000006d0c00000, 0x0000000800000000)
  region size 4096K, 1 young (4096K), 1 survivors (4096K)
 Metaspace       used 5770K, committed 6016K, reserved 1056768K
  class space    used 520K, committed 640K, reserved 1048576K
}
Event: 14,144 GC heap before
{Heap before GC invocations=3 (full 0):
 garbage-first heap   total 319488K, used 191713K [0x00000006d0c00000, 0x0000000800000000)
  region size 4096K, 45 young (184320K), 1 survivors (4096K)
 Metaspace       used 10646K, committed 10816K, reserved 1064960K
  class space    used 944K, committed 1024K, reserved 1048576K
}
Event: 14,168 GC heap after
{Heap after GC invocations=4 (full 0):
 garbage-first heap   total 319488K, used 26331K [0x00000006d0c00000, 0x0000000800000000)
  region size 4096K, 5 young (20480K), 5 survivors (20480K)
 Metaspace       used 10646K, committed 10816K, reserved 1064960K
  class space    used 944K, committed 1024K, reserved 1048576K
}

Deoptimization events (20 events):
Event: 14,184 Thread 0x00007f1524799ef0 Uncommon trap: trap_request=0xffffffde fr.pc=0x00007f1515406010 relative=0x0000000000000b90
Event: 14,184 Thread 0x00007f1524799ef0 Uncommon trap: reason=class_check action=maybe_recompile pc=0x00007f1515406010 method=org.sosy_lab.java_smt.basicimpl.NumeralGenerator.logMakeIntVariable(Ljava/lang/Object;Ljava/lang/String;)V @ 8 c2
Event: 14,184 Thread 0x00007f1524799ef0 DEOPT PACKING pc=0x00007f1515406010 sp=0x00007f14e9dc7ce0
Event: 14,184 Thread 0x00007f1524799ef0 DEOPT UNPACKING pc=0x00007f150d82a424 sp=0x00007f14e9dc7ca0 mode 2
Event: 14,185 Thread 0x00007f1524799ef0 Uncommon trap: trap_request=0xffffffde fr.pc=0x00007f1515406010 relative=0x0000000000000b90
Event: 14,185 Thread 0x00007f1524799ef0 Uncommon trap: reason=class_check action=maybe_recompile pc=0x00007f1515406010 method=org.sosy_lab.java_smt.basicimpl.NumeralGenerator.logMakeIntVariable(Ljava/lang/Object;Ljava/lang/String;)V @ 8 c2
Event: 14,185 Thread 0x00007f1524799ef0 DEOPT PACKING pc=0x00007f1515406010 sp=0x00007f14e9dc7ce0
Event: 14,185 Thread 0x00007f1524799ef0 DEOPT UNPACKING pc=0x00007f150d82a424 sp=0x00007f14e9dc7ca0 mode 2
Event: 14,236 Thread 0x00007f1524799ef0 Uncommon trap: trap_request=0xffffff45 fr.pc=0x00007f151536afd8 relative=0x00000000000000b8
Event: 14,236 Thread 0x00007f1524799ef0 Uncommon trap: reason=unstable_if action=reinterpret pc=0x00007f151536afd8 method=org.sosy_lab.java_smt.solvers.mathsat5.Mathsat5Formula.equals(Ljava/lang/Object;)Z @ 21 c2
Event: 14,236 Thread 0x00007f1524799ef0 DEOPT PACKING pc=0x00007f151536afd8 sp=0x00007f14e9dc7b20
Event: 14,236 Thread 0x00007f1524799ef0 DEOPT UNPACKING pc=0x00007f150d82a424 sp=0x00007f14e9dc7ac8 mode 2
Event: 24,177 Thread 0x00007f1524028140 Uncommon trap: trap_request=0xffffff45 fr.pc=0x00007f15153d2aa0 relative=0x0000000000001300
Event: 24,177 Thread 0x00007f1524028140 Uncommon trap: reason=unstable_if action=reinterpret pc=0x00007f15153d2aa0 method=java.util.Formatter$FormatSpecifier.localizedMagnitude(Ljava/lang/StringBuilder;Ljava/lang/CharSequence;ILjava/util/Formatter$Flags;ILjava/util/Locale;)Ljava/lang/StringBuil
Event: 24,177 Thread 0x00007f1524028140 DEOPT PACKING pc=0x00007f15153d2aa0 sp=0x00007f15297af630
Event: 24,177 Thread 0x00007f1524028140 DEOPT UNPACKING pc=0x00007f150d82a424 sp=0x00007f15297af5e8 mode 2
Event: 24,230 Thread 0x00007f1524799ef0 Uncommon trap: trap_request=0x00000033 fr.pc=0x00007f1515394704 relative=0x0000000000000864
Event: 24,230 Thread 0x00007f1524799ef0 Uncommon trap: reason=unloaded action=reinterpret pc=0x00007f1515394704 method=java.util.ArrayList$ArrayListSpliterator.tryAdvance(Ljava/util/function/Consumer;)Z @ 67 c2
Event: 24,230 Thread 0x00007f1524799ef0 DEOPT PACKING pc=0x00007f1515394704 sp=0x00007f14e9dc7a20
Event: 24,230 Thread 0x00007f1524799ef0 DEOPT UNPACKING pc=0x00007f150d82a424 sp=0x00007f14e9dc7738 mode 2

Classes unloaded (0 events):
No events

Classes redefined (0 events):
No events

Internal exceptions (20 events):
Event: 0,479 Thread 0x00007f1524028140 Exception <a 'java/lang/NoSuchMethodError'{0x00000006e3451d70}: 'java.lang.Object java.lang.invoke.Invokers$Holder.invoke_MT(java.lang.Object, java.lang.Object, java.lang.Object, java.lang.Object, java.lang.Object)'> (0x00000006e3451d70) 
thrown [open/src/hotspot/share/interpreter/linkResolver.cpp, line 789]
Event: 0,675 Thread 0x00007f1524028140 Exception <a 'java/lang/NoSuchMethodError'{0x00000006e37619f8}: 'java.lang.Object java.lang.invoke.DirectMethodHandle$Holder.invokeInterface(java.lang.Object, java.lang.Object)'> (0x00000006e37619f8) 
thrown [open/src/hotspot/share/interpreter/linkResolver.cpp, line 789]
Event: 0,675 Thread 0x00007f1524028140 Exception <a 'java/lang/IncompatibleClassChangeError'{0x00000006e37653f0}: Found class java.lang.Object, but interface was expected> (0x00000006e37653f0) 
thrown [open/src/hotspot/share/interpreter/linkResolver.cpp, line 857]
Event: 0,713 Thread 0x00007f1524028140 Exception <a 'java/lang/NoSuchMethodError'{0x00000006e2ce22a0}: 'java.lang.Object java.lang.invoke.DirectMethodHandle$Holder.newInvokeSpecial(java.lang.Object, java.lang.Object, java.lang.Object, java.lang.Object, java.lang.Object)'> (0x00000006e2ce22a0) 
thrown [open/src/hotspot/share/interpreter/linkResolver.cpp, line 789]
Event: 0,802 Thread 0x00007f1524028140 Exception <a 'java/lang/NoSuchMethodError'{0x00000006e2f221f0}: 'void java.lang.invoke.DirectMethodHandle$Holder.invokeSpecial(java.lang.Object, java.lang.Object, java.lang.Object)'> (0x00000006e2f221f0) 
thrown [open/src/hotspot/share/interpreter/linkResolver.cpp, line 789]
Event: 0,805 Thread 0x00007f1524028140 Exception <a 'java/lang/NoSuchMethodError'{0x00000006e2f32a98}: 'java.lang.Object java.lang.invoke.DirectMethodHandle$Holder.invokeStatic(java.lang.Object)'> (0x00000006e2f32a98) 
thrown [open/src/hotspot/share/interpreter/linkResolver.cpp, line 789]
Event: 0,872 Thread 0x00007f1524028140 Exception <a 'java/lang/NoSuchMethodError'{0x00000006e29a94a0}: 'java.lang.Object java.lang.invoke.DirectMethodHandle$Holder.invokeStaticInit(java.lang.Object)'> (0x00000006e29a94a0) 
thrown [open/src/hotspot/share/interpreter/linkResolver.cpp, line 789]
Event: 1,088 Thread 0x00007f1524028140 Exception <a 'java/lang/NoSuchMethodError'{0x00000006e2f2c118}: 'void java.lang.invoke.DirectMethodHandle$Holder.invokeStatic(java.lang.Object, java.lang.Object)'> (0x00000006e2f2c118) 
thrown [open/src/hotspot/share/interpreter/linkResolver.cpp, line 789]
Event: 1,088 Thread 0x00007f1524028140 Exception <a 'java/lang/NoSuchMethodError'{0x00000006e2f2fb20}: 'void java.lang.invoke.DirectMethodHandle$Holder.invokeStaticInit(java.lang.Object, java.lang.Object)'> (0x00000006e2f2fb20) 
thrown [open/src/hotspot/share/interpreter/linkResolver.cpp, line 789]
Event: 1,175 Thread 0x00007f1524028140 Exception <a 'java/lang/NoSuchMethodError'{0x00000006e1cd7868}: 'int java.lang.invoke.DirectMethodHandle$Holder.invokeStaticInit(java.lang.Object, java.lang.Object)'> (0x00000006e1cd7868) 
thrown [open/src/hotspot/share/interpreter/linkResolver.cpp, line 789]
Event: 1,627 Thread 0x00007f1524b9bb00 Exception <a 'java/lang/NoSuchMethodError'{0x00000006e0e3baa0}: 'void java.lang.invoke.DirectMethodHandle$Holder.invokeInterface(java.lang.Object, java.lang.Object)'> (0x00000006e0e3baa0) 
thrown [open/src/hotspot/share/interpreter/linkResolver.cpp, line 789]
Event: 1,629 Thread 0x00007f1524b9bb00 Exception <a 'java/lang/NoSuchMethodError'{0x00000006e0e45b18}: 'int java.lang.invoke.DirectMethodHandle$Holder.invokeInterface(java.lang.Object, java.lang.Object)'> (0x00000006e0e45b18) 
thrown [open/src/hotspot/share/interpreter/linkResolver.cpp, line 789]
Event: 1,817 Thread 0x00007f1524028140 Exception <a 'java/lang/reflect/InvocationTargetException'{0x00000006dff0f5c0}> (0x00000006dff0f5c0) 
thrown [open/src/hotspot/share/runtime/reflection.cpp, line 1155]
Event: 1,843 Thread 0x00007f1524bc9f70 Exception <a 'java/lang/NoSuchMethodError'{0x00000006df8a5268}: 'java.lang.Object java.lang.invoke.DirectMethodHandle$Holder.invokeStatic(java.lang.Object, int, java.lang.Object)'> (0x00000006df8a5268) 
thrown [open/src/hotspot/share/interpreter/linkResolver.cpp, line 789]
Event: 3,904 Thread 0x00007f1524028140 Exception <a 'java/lang/reflect/InvocationTargetException'{0x00000006dffe2968}> (0x00000006dffe2968) 
thrown [open/src/hotspot/share/runtime/reflection.cpp, line 1155]
Event: 7,695 Thread 0x00007f1524028140 Exception <a 'java/lang/reflect/InvocationTargetException'{0x00000006dd838f18}> (0x00000006dd838f18) 
thrown [open/src/hotspot/share/runtime/reflection.cpp, line 1155]
Event: 10,810 Thread 0x00007f1524028140 Exception <a 'java/lang/reflect/InvocationTargetException'{0x00000006dd8979c8}> (0x00000006dd8979c8) 
thrown [open/src/hotspot/share/runtime/reflection.cpp, line 1155]
Event: 11,038 Thread 0x00007f1524028140 Exception <a 'java/lang/reflect/InvocationTargetException'{0x00000006dd8edb18}> (0x00000006dd8edb18) 
thrown [open/src/hotspot/share/runtime/reflection.cpp, line 1155]
Event: 13,786 Thread 0x00007f1524028140 Exception <a 'java/lang/reflect/InvocationTargetException'{0x00000006dd943ce8}> (0x00000006dd943ce8) 
thrown [open/src/hotspot/share/runtime/reflection.cpp, line 1155]
Event: 24,220 Thread 0x00007f1524bcc400 Exception <a 'java/lang/reflect/InvocationTargetException'{0x00000006e36336a0}> (0x00000006e36336a0) 
thrown [open/src/hotspot/share/runtime/reflection.cpp, line 1155]

Events (20 events):
Event: 24,177 loading class java/util/IdentityHashMap$ValueIterator done
Event: 24,196 loading class java/lang/Throwable$WrappedPrintWriter
Event: 24,196 loading class java/lang/Throwable$PrintStreamOrWriter
Event: 24,197 loading class java/lang/Throwable$PrintStreamOrWriter done
Event: 24,197 loading class java/lang/Throwable$WrappedPrintWriter done
Event: 24,198 loading class com/sun/org/apache/xerces/internal/dom/TextImpl
Event: 24,198 loading class org/w3c/dom/CharacterData
Event: 24,198 loading class org/w3c/dom/CharacterData done
Event: 24,198 loading class org/w3c/dom/Text
Event: 24,198 loading class org/w3c/dom/Text done
Event: 24,198 loading class com/sun/org/apache/xerces/internal/dom/CharacterDataImpl
Event: 24,198 loading class com/sun/org/apache/xerces/internal/dom/CharacterDataImpl done
Event: 24,198 loading class com/sun/org/apache/xerces/internal/dom/TextImpl done
Event: 24,198 loading class com/sun/org/apache/xerces/internal/dom/CharacterDataImpl$1
Event: 24,198 loading class com/sun/org/apache/xerces/internal/dom/CharacterDataImpl$1 done
Event: 24,214 Thread 0x00007f1524bcc400 Thread added: 0x00007f1524bcc400
Event: 24,214 Protecting memory [0x00007f14e9dca000,0x00007f14e9dce000] with protection modes 0
Event: 24,220 Thread 0x00007f1524bcc400 Thread exited: 0x00007f1524bcc400
Event: 24,230 loading class java/util/ConcurrentModificationException
Event: 24,230 loading class java/util/ConcurrentModificationException done


Dynamic libraries:
6d0c00000-6e3c00000 rw-p 00000000 00:00 0 
6e3c00000-7ff800000 ---p 00000000 00:00 0 
7ff800000-7ffb00000 rw-p 00000000 00:00 0 
7ffb00000-7ffb75000 rw-p 00c7c000 fd:01 15074841                         /usr/lib/jvm/java-16-oracle/lib/server/classes.jsa
7ffb75000-7ffc00000 rw-p 00000000 00:00 0 
7ffc00000-7ffc81000 rw-p 00bfb000 fd:01 15074841                         /usr/lib/jvm/java-16-oracle/lib/server/classes.jsa
7ffc81000-800000000 rw-p 00000000 00:00 0 
800000000-800003000 rwxp 00001000 fd:01 15074841                         /usr/lib/jvm/java-16-oracle/lib/server/classes.jsa
800003000-800412000 rw-p 00004000 fd:01 15074841                         /usr/lib/jvm/java-16-oracle/lib/server/classes.jsa
800412000-800bc3000 r--p 00413000 fd:01 15074841                         /usr/lib/jvm/java-16-oracle/lib/server/classes.jsa
800bc3000-800c00000 ---p 00000000 00:00 0 
800c00000-800c40000 rw-p 00000000 00:00 0 
800c40000-800c90000 rw-p 00000000 00:00 0 
800c90000-800cc0000 ---p 00000000 00:00 0 
800cc0000-800d30000 rw-p 00000000 00:00 0 
800d30000-840c00000 ---p 00000000 00:00 0 
5606f02be000-5606f02bf000 r-xp 00000000 fd:01 14028480                   /usr/lib/jvm/java-16-oracle/bin/java
5606f02c0000-5606f02c1000 r--p 00001000 fd:01 14028480                   /usr/lib/jvm/java-16-oracle/bin/java
5606f02c1000-5606f02c2000 rw-p 00002000 fd:01 14028480                   /usr/lib/jvm/java-16-oracle/bin/java
5606f1a1f000-5606f1a40000 rw-p 00000000 00:00 0                          [heap]
7f149c000000-7f149d9e7000 rw-p 00000000 00:00 0 
7f149d9e7000-7f14a0000000 ---p 00000000 00:00 0 
7f14a2553000-7f14a3dd0000 r-xp 00000000 fd:01 28199838                   /home/janel/Desktop/Studium/Semester_6/Bachelorarbeit/nochmalneu/lib/java/runtime-z3/libz3.so
7f14a3dd0000-7f14a3fcf000 ---p 0187d000 fd:01 28199838                   /home/janel/Desktop/Studium/Semester_6/Bachelorarbeit/nochmalneu/lib/java/runtime-z3/libz3.so
7f14a3fcf000-7f14a3ffc000 r--p 0187c000 fd:01 28199838                   /home/janel/Desktop/Studium/Semester_6/Bachelorarbeit/nochmalneu/lib/java/runtime-z3/libz3.so
7f14a3ffc000-7f14a3fff000 rw-p 018a9000 fd:01 28199838                   /home/janel/Desktop/Studium/Semester_6/Bachelorarbeit/nochmalneu/lib/java/runtime-z3/libz3.so
7f14a3fff000-7f14a4000000 rw-p 00000000 00:00 0 
7f14a4000000-7f14a4021000 rw-p 00000000 00:00 0 
7f14a4021000-7f14a8000000 ---p 00000000 00:00 0 
7f14a8000000-7f14a92cb000 rw-p 00000000 00:00 0 
7f14a92cb000-7f14ac000000 ---p 00000000 00:00 0 
7f14ac000000-7f14ac021000 rw-p 00000000 00:00 0 
7f14ac021000-7f14b0000000 ---p 00000000 00:00 0 
7f14b0000000-7f14b0021000 rw-p 00000000 00:00 0 
7f14b0021000-7f14b4000000 ---p 00000000 00:00 0 
7f14b4000000-7f14b4021000 rw-p 00000000 00:00 0 
7f14b4021000-7f14b8000000 ---p 00000000 00:00 0 
7f14b8000000-7f14b9870000 rw-p 00000000 00:00 0 
7f14b9870000-7f14bc000000 ---p 00000000 00:00 0 
7f14bc000000-7f14bc021000 rw-p 00000000 00:00 0 
7f14bc021000-7f14c0000000 ---p 00000000 00:00 0 
7f14c0000000-7f14c0021000 rw-p 00000000 00:00 0 
7f14c0021000-7f14c4000000 ---p 00000000 00:00 0 
7f14c4000000-7f14c4840000 rw-p 00000000 00:00 0 
7f14c4840000-7f14c8000000 ---p 00000000 00:00 0 
7f14c8000000-7f14c8021000 rw-p 00000000 00:00 0 
7f14c8021000-7f14cc000000 ---p 00000000 00:00 0 
7f14cc000000-7f14cc021000 rw-p 00000000 00:00 0 
7f14cc021000-7f14d0000000 ---p 00000000 00:00 0 
7f14d0000000-7f14d19ca000 rw-p 00000000 00:00 0 
7f14d19ca000-7f14d4000000 ---p 00000000 00:00 0 
7f14d4000000-7f14d4021000 rw-p 00000000 00:00 0 
7f14d4021000-7f14d8000000 ---p 00000000 00:00 0 
7f14d8000000-7f14d8021000 rw-p 00000000 00:00 0 
7f14d8021000-7f14dc000000 ---p 00000000 00:00 0 
7f14dc000000-7f14dc021000 rw-p 00000000 00:00 0 
7f14dc021000-7f14e0000000 ---p 00000000 00:00 0 
7f14e0000000-7f14e0021000 rw-p 00000000 00:00 0 
7f14e0021000-7f14e4000000 ---p 00000000 00:00 0 
7f14e4000000-7f14e4021000 rw-p 00000000 00:00 0 
7f14e4021000-7f14e8000000 ---p 00000000 00:00 0 
7f14e8fed000-7f14e901c000 r-xp 00000000 fd:01 28199716                   /home/janel/Desktop/Studium/Semester_6/Bachelorarbeit/nochmalneu/lib/java/runtime-z3/libz3java.so
7f14e901c000-7f14e921b000 ---p 0002f000 fd:01 28199716                   /home/janel/Desktop/Studium/Semester_6/Bachelorarbeit/nochmalneu/lib/java/runtime-z3/libz3java.so
7f14e921b000-7f14e921c000 r--p 0002e000 fd:01 28199716                   /home/janel/Desktop/Studium/Semester_6/Bachelorarbeit/nochmalneu/lib/java/runtime-z3/libz3java.so
7f14e921c000-7f14e921e000 rw-p 0002f000 fd:01 28199716                   /home/janel/Desktop/Studium/Semester_6/Bachelorarbeit/nochmalneu/lib/java/runtime-z3/libz3java.so
7f14e921e000-7f14e92b4000 r--p 00000000 fd:01 8917931                    /usr/lib/x86_64-linux-gnu/libstdc++.so.6.0.28
7f14e92b4000-7f14e93a5000 r-xp 00096000 fd:01 8917931                    /usr/lib/x86_64-linux-gnu/libstdc++.so.6.0.28
7f14e93a5000-7f14e93ee000 r--p 00187000 fd:01 8917931                    /usr/lib/x86_64-linux-gnu/libstdc++.so.6.0.28
7f14e93ee000-7f14e93ef000 ---p 001d0000 fd:01 8917931                    /usr/lib/x86_64-linux-gnu/libstdc++.so.6.0.28
7f14e93ef000-7f14e93fa000 r--p 001d0000 fd:01 8917931                    /usr/lib/x86_64-linux-gnu/libstdc++.so.6.0.28
7f14e93fa000-7f14e93fd000 rw-p 001db000 fd:01 8917931                    /usr/lib/x86_64-linux-gnu/libstdc++.so.6.0.28
7f14e93fd000-7f14e95f0000 rw-p 00000000 00:00 0 
7f14e95f0000-7f14e9c00000 ---p 00000000 00:00 0 
7f14e9cc9000-7f14e9ccd000 ---p 00000000 00:00 0 
7f14e9ccd000-7f14e9dca000 rw-p 00000000 00:00 0 
7f14e9dca000-7f14e9dce000 ---p 00000000 00:00 0 
7f14e9dce000-7f14e9ecb000 rw-p 00000000 00:00 0 
7f14e9ecb000-7f14ea7c0000 r-xp 00000000 fd:01 28199709                   /home/janel/Desktop/Studium/Semester_6/Bachelorarbeit/nochmalneu/lib/java/runtime-mathsat/libmathsat5j.so
7f14ea7c0000-7f14ea9c0000 ---p 008f5000 fd:01 28199709                   /home/janel/Desktop/Studium/Semester_6/Bachelorarbeit/nochmalneu/lib/java/runtime-mathsat/libmathsat5j.so
7f14ea9c0000-7f14ea9db000 r--p 008f5000 fd:01 28199709                   /home/janel/Desktop/Studium/Semester_6/Bachelorarbeit/nochmalneu/lib/java/runtime-mathsat/libmathsat5j.so
7f14ea9db000-7f14ea9ef000 rw-p 00910000 fd:01 28199709                   /home/janel/Desktop/Studium/Semester_6/Bachelorarbeit/nochmalneu/lib/java/runtime-mathsat/libmathsat5j.so
7f14ea9ef000-7f14ea9f2000 rw-p 00000000 00:00 0 
7f14ea9f2000-7f14ea9f3000 ---p 00000000 00:00 0 
7f14ea9f3000-7f14eaaf4000 rw-p 00000000 00:00 0 
7f14eaaf4000-7f14eaaf5000 ---p 00000000 00:00 0 
7f14eaaf5000-7f14eabf6000 rw-p 00000000 00:00 0 
7f14eabf6000-7f14eabf7000 ---p 00000000 00:00 0 
7f14eabf7000-7f14eacf8000 rw-p 00000000 00:00 0 
7f14eacf8000-7f14eacfc000 ---p 00000000 00:00 0 
7f14eacfc000-7f14eadf9000 rw-p 00000000 00:00 0 
7f14eadf9000-7f14eadfa000 ---p 00000000 00:00 0 
7f14eadfa000-7f14eaefb000 rw-p 00000000 00:00 0 
7f14eaefb000-7f14eaeff000 ---p 00000000 00:00 0 
7f14eaeff000-7f14eaffc000 rw-p 00000000 00:00 0 
7f14eaffc000-7f14eb000000 ---p 00000000 00:00 0 
7f14eb000000-7f14eb0fd000 rw-p 00000000 00:00 0 
7f14eb0fd000-7f14eb101000 ---p 00000000 00:00 0 
7f14eb101000-7f14eb1fe000 rw-p 00000000 00:00 0 
7f14eb1fe000-7f14eb202000 ---p 00000000 00:00 0 
7f14eb202000-7f14eb2ff000 rw-p 00000000 00:00 0 
7f14eb2ff000-7f14eb303000 ---p 00000000 00:00 0 
7f14eb303000-7f14eb800000 rw-p 00000000 00:00 0 
7f14eb800000-7f14ebc00000 rw-p 00000000 00:00 0 
7f14ebcfd000-7f14ebd01000 ---p 00000000 00:00 0 
7f14ebd01000-7f14ebdfe000 rw-p 00000000 00:00 0 
7f14ebdfe000-7f14ebe02000 ---p 00000000 00:00 0 
7f14ebe02000-7f14ebeff000 rw-p 00000000 00:00 0 
7f14ebeff000-7f14ebf03000 ---p 00000000 00:00 0 
7f14ebf03000-7f14ec000000 rw-p 00000000 00:00 0 
7f14ec000000-7f14ec021000 rw-p 00000000 00:00 0 
7f14ec021000-7f14f0000000 ---p 00000000 00:00 0 
7f14f0000000-7f14f0021000 rw-p 00000000 00:00 0 
7f14f0021000-7f14f4000000 ---p 00000000 00:00 0 
7f14f4000000-7f14f4021000 rw-p 00000000 00:00 0 
7f14f4021000-7f14f8000000 ---p 00000000 00:00 0 
7f14f8000000-7f14f8021000 rw-p 00000000 00:00 0 
7f14f8021000-7f14fc000000 ---p 00000000 00:00 0 
7f14fc000000-7f14fc021000 rw-p 00000000 00:00 0 
7f14fc021000-7f1500000000 ---p 00000000 00:00 0 
7f1500094000-7f1500097000 r--p 00000000 fd:01 8918008                    /usr/lib/x86_64-linux-gnu/libgcc_s.so.1
7f1500097000-7f15000a9000 r-xp 00003000 fd:01 8918008                    /usr/lib/x86_64-linux-gnu/libgcc_s.so.1
7f15000a9000-7f15000ad000 r--p 00015000 fd:01 8918008                    /usr/lib/x86_64-linux-gnu/libgcc_s.so.1
7f15000ad000-7f15000ae000 r--p 00018000 fd:01 8918008                    /usr/lib/x86_64-linux-gnu/libgcc_s.so.1
7f15000ae000-7f15000af000 rw-p 00019000 fd:01 8918008                    /usr/lib/x86_64-linux-gnu/libgcc_s.so.1
7f15000ce000-7f15000db000 r-xp 00000000 fd:01 15074830                   /usr/lib/jvm/java-16-oracle/lib/libverify.so
7f15000db000-7f15000dd000 r--p 0000c000 fd:01 15074830                   /usr/lib/jvm/java-16-oracle/lib/libverify.so
7f15000dd000-7f15000de000 rw-p 0000e000 fd:01 15074830                   /usr/lib/jvm/java-16-oracle/lib/libverify.so
7f15000de000-7f15000f3000 r-xp 00000000 fd:01 15074823                   /usr/lib/jvm/java-16-oracle/lib/libnet.so
7f15000f3000-7f15000f4000 r--p 00014000 fd:01 15074823                   /usr/lib/jvm/java-16-oracle/lib/libnet.so
7f15000f4000-7f15000f5000 rw-p 00015000 fd:01 15074823                   /usr/lib/jvm/java-16-oracle/lib/libnet.so
7f15000f5000-7f15006bf000 r--p 00000000 fd:01 8915288                    /usr/lib/locale/locale-archive
7f15006bf000-7f15006c3000 ---p 00000000 00:00 0 
7f15006c3000-7f15007c0000 rw-p 00000000 00:00 0 
7f15007c0000-7f15007c4000 ---p 00000000 00:00 0 
7f15007c4000-7f15008c1000 rw-p 00000000 00:00 0 
7f15008c1000-7f15008c2000 ---p 00000000 00:00 0 
7f15008c2000-7f1500a44000 rw-p 00000000 00:00 0 
7f1500a44000-7f1500a45000 ---p 00000000 00:00 0 
7f1500a45000-7f1500b46000 rw-p 00000000 00:00 0 
7f1500b46000-7f1500b47000 ---p 00000000 00:00 0 
7f1500b47000-7f1503209000 rw-p 00000000 00:00 0 
7f1503209000-7f15078f9000 ---p 00000000 00:00 0 
7f15078f9000-7f1507dd9000 rw-p 00000000 00:00 0 
7f1507dd9000-7f150c4c9000 ---p 00000000 00:00 0 
7f150c4c9000-7f150c581000 rw-p 00000000 00:00 0 
7f150c581000-7f150ce5f000 ---p 00000000 00:00 0 
7f150ce5f000-7f150cefb000 rw-p 00000000 00:00 0 
7f150cefb000-7f150d7d9000 ---p 00000000 00:00 0 
7f150d7d9000-7f150d7dd000 rw-p 00000000 00:00 0 
7f150d7dd000-7f150da4d000 rwxp 00000000 00:00 0 
7f150da4d000-7f150dd6e000 ---p 00000000 00:00 0 
7f150dd6e000-7f150e3fe000 rwxp 00000000 00:00 0 
7f150e3fe000-7f15152a5000 ---p 00000000 00:00 0 
7f15152a5000-7f1515515000 rwxp 00000000 00:00 0 
7f1515515000-7f151c7dd000 ---p 00000000 00:00 0 
7f151c7dd000-7f1524000000 r--s 00000000 fd:01 15074832                   /usr/lib/jvm/java-16-oracle/lib/modules
7f1524000000-7f1525c13000 rw-p 00000000 00:00 0 
7f1525c13000-7f1528000000 ---p 00000000 00:00 0 
7f1528000000-7f1528007000 r--s 00000000 fd:01 9572403                    /usr/lib/x86_64-linux-gnu/gconv/gconv-modules.cache
7f1528007000-7f152801a000 r-xp 00000000 fd:01 15074824                   /usr/lib/jvm/java-16-oracle/lib/libnio.so
7f152801a000-7f152801b000 r--p 00012000 fd:01 15074824                   /usr/lib/jvm/java-16-oracle/lib/libnio.so
7f152801b000-7f152801c000 rw-p 00013000 fd:01 15074824                   /usr/lib/jvm/java-16-oracle/lib/libnio.so
7f152801c000-7f15283bb000 rw-p 00000000 00:00 0 
7f15283bb000-7f15283bc000 ---p 00000000 00:00 0 
7f15283bc000-7f15284bd000 rw-p 00000000 00:00 0 
7f15284bd000-7f15284be000 ---p 00000000 00:00 0 
7f15284be000-7f15285bf000 rw-p 00000000 00:00 0 
7f15285bf000-7f15285c0000 ---p 00000000 00:00 0 
7f15285c0000-7f1528782000 rw-p 00000000 00:00 0 
7f1528782000-7f1529060000 ---p 00000000 00:00 0 
7f1529060000-7f152946d000 rw-p 00000000 00:00 0 
7f152946d000-7f1529553000 ---p 00000000 00:00 0 
7f1529553000-7f1529561000 rw-p 00000000 00:00 0 
7f1529561000-7f152963e000 ---p 00000000 00:00 0 
7f152963e000-7f1529641000 r--p 00000000 fd:01 8920912                    /usr/lib/x86_64-linux-gnu/libnss_files-2.31.so
7f1529641000-7f1529648000 r-xp 00003000 fd:01 8920912                    /usr/lib/x86_64-linux-gnu/libnss_files-2.31.so
7f1529648000-7f152964a000 r--p 0000a000 fd:01 8920912                    /usr/lib/x86_64-linux-gnu/libnss_files-2.31.so
7f152964a000-7f152964b000 r--p 0000b000 fd:01 8920912                    /usr/lib/x86_64-linux-gnu/libnss_files-2.31.so
7f152964b000-7f152964c000 rw-p 0000c000 fd:01 8920912                    /usr/lib/x86_64-linux-gnu/libnss_files-2.31.so
7f152964c000-7f1529652000 rw-p 00000000 00:00 0 
7f1529653000-7f152965a000 r-xp 00000000 fd:01 15074831                   /usr/lib/jvm/java-16-oracle/lib/libzip.so
7f152965a000-7f152965b000 ---p 00007000 fd:01 15074831                   /usr/lib/jvm/java-16-oracle/lib/libzip.so
7f152965b000-7f152965c000 r--p 00007000 fd:01 15074831                   /usr/lib/jvm/java-16-oracle/lib/libzip.so
7f152965c000-7f152965d000 rw-p 00008000 fd:01 15074831                   /usr/lib/jvm/java-16-oracle/lib/libzip.so
7f152965d000-7f1529662000 rw-p 00000000 00:00 0 
7f1529662000-7f1529669000 ---p 00000000 00:00 0 
7f1529669000-7f1529671000 rw-s 00000000 fd:01 11539604                   /tmp/hsperfdata_janel/525764
7f1529671000-7f1529695000 r-xp 00000000 fd:01 15074810                   /usr/lib/jvm/java-16-oracle/lib/libjava.so
7f1529695000-7f1529696000 ---p 00024000 fd:01 15074810                   /usr/lib/jvm/java-16-oracle/lib/libjava.so
7f1529696000-7f1529697000 r--p 00024000 fd:01 15074810                   /usr/lib/jvm/java-16-oracle/lib/libjava.so
7f1529697000-7f1529698000 rw-p 00025000 fd:01 15074810                   /usr/lib/jvm/java-16-oracle/lib/libjava.so
7f1529698000-7f1529699000 rw-p 00000000 00:00 0 
7f1529699000-7f15296a3000 r-xp 00000000 fd:01 15074805                   /usr/lib/jvm/java-16-oracle/lib/libinstrument.so
7f15296a3000-7f15296a4000 r--p 00009000 fd:01 15074805                   /usr/lib/jvm/java-16-oracle/lib/libinstrument.so
7f15296a4000-7f15296a5000 rw-p 0000a000 fd:01 15074805                   /usr/lib/jvm/java-16-oracle/lib/libinstrument.so
7f15296a5000-7f15296a6000 ---p 00000000 00:00 0 
7f15296a6000-7f15296a7000 r--p 00000000 00:00 0 
7f15296a7000-7f15296a9000 r--p 00000000 fd:01 8921172                    /usr/lib/x86_64-linux-gnu/librt-2.31.so
7f15296a9000-7f15296ad000 r-xp 00002000 fd:01 8921172                    /usr/lib/x86_64-linux-gnu/librt-2.31.so
7f15296ad000-7f15296af000 r--p 00006000 fd:01 8921172                    /usr/lib/x86_64-linux-gnu/librt-2.31.so
7f15296af000-7f15296b0000 r--p 00007000 fd:01 8921172                    /usr/lib/x86_64-linux-gnu/librt-2.31.so
7f15296b0000-7f15296b1000 rw-p 00008000 fd:01 8921172                    /usr/lib/x86_64-linux-gnu/librt-2.31.so
7f15296b1000-7f15296b5000 ---p 00000000 00:00 0 
7f15296b5000-7f15297b2000 rw-p 00000000 00:00 0 
7f15297b2000-7f15297bf000 r--p 00000000 fd:01 8920289                    /usr/lib/x86_64-linux-gnu/libm-2.31.so
7f15297bf000-7f1529866000 r-xp 0000d000 fd:01 8920289                    /usr/lib/x86_64-linux-gnu/libm-2.31.so
7f1529866000-7f15298ff000 r--p 000b4000 fd:01 8920289                    /usr/lib/x86_64-linux-gnu/libm-2.31.so
7f15298ff000-7f1529900000 r--p 0014c000 fd:01 8920289                    /usr/lib/x86_64-linux-gnu/libm-2.31.so
7f1529900000-7f1529901000 rw-p 0014d000 fd:01 8920289                    /usr/lib/x86_64-linux-gnu/libm-2.31.so
7f1529901000-7f152aa0f000 r-xp 00000000 fd:01 15074844                   /usr/lib/jvm/java-16-oracle/lib/server/libjvm.so
7f152aa0f000-7f152aa10000 ---p 0110e000 fd:01 15074844                   /usr/lib/jvm/java-16-oracle/lib/server/libjvm.so
7f152aa10000-7f152aac1000 r--p 0110e000 fd:01 15074844                   /usr/lib/jvm/java-16-oracle/lib/server/libjvm.so
7f152aac1000-7f152aaf4000 rw-p 011bf000 fd:01 15074844                   /usr/lib/jvm/java-16-oracle/lib/server/libjvm.so
7f152aaf4000-7f152ab51000 rw-p 00000000 00:00 0 
7f152ab51000-7f152ab73000 r--p 00000000 fd:01 8920092                    /usr/lib/x86_64-linux-gnu/libc-2.31.so
7f152ab73000-7f152aceb000 r-xp 00022000 fd:01 8920092                    /usr/lib/x86_64-linux-gnu/libc-2.31.so
7f152aceb000-7f152ad39000 r--p 0019a000 fd:01 8920092                    /usr/lib/x86_64-linux-gnu/libc-2.31.so
7f152ad39000-7f152ad3d000 r--p 001e7000 fd:01 8920092                    /usr/lib/x86_64-linux-gnu/libc-2.31.so
7f152ad3d000-7f152ad3f000 rw-p 001eb000 fd:01 8920092                    /usr/lib/x86_64-linux-gnu/libc-2.31.so
7f152ad3f000-7f152ad43000 rw-p 00000000 00:00 0 
7f152ad43000-7f152ad44000 r--p 00000000 fd:01 8920097                    /usr/lib/x86_64-linux-gnu/libdl-2.31.so
7f152ad44000-7f152ad46000 r-xp 00001000 fd:01 8920097                    /usr/lib/x86_64-linux-gnu/libdl-2.31.so
7f152ad46000-7f152ad47000 r--p 00003000 fd:01 8920097                    /usr/lib/x86_64-linux-gnu/libdl-2.31.so
7f152ad47000-7f152ad48000 r--p 00003000 fd:01 8920097                    /usr/lib/x86_64-linux-gnu/libdl-2.31.so
7f152ad48000-7f152ad49000 rw-p 00004000 fd:01 8920097                    /usr/lib/x86_64-linux-gnu/libdl-2.31.so
7f152ad49000-7f152ad4f000 r--p 00000000 fd:01 8921042                    /usr/lib/x86_64-linux-gnu/libpthread-2.31.so
7f152ad4f000-7f152ad60000 r-xp 00006000 fd:01 8921042                    /usr/lib/x86_64-linux-gnu/libpthread-2.31.so
7f152ad60000-7f152ad66000 r--p 00017000 fd:01 8921042                    /usr/lib/x86_64-linux-gnu/libpthread-2.31.so
7f152ad66000-7f152ad67000 r--p 0001c000 fd:01 8921042                    /usr/lib/x86_64-linux-gnu/libpthread-2.31.so
7f152ad67000-7f152ad68000 rw-p 0001d000 fd:01 8921042                    /usr/lib/x86_64-linux-gnu/libpthread-2.31.so
7f152ad68000-7f152ad6c000 rw-p 00000000 00:00 0 
7f152ad6c000-7f152ad7b000 r-xp 00000000 fd:01 15074815                   /usr/lib/jvm/java-16-oracle/lib/libjli.so
7f152ad7b000-7f152ad7c000 r--p 0000e000 fd:01 15074815                   /usr/lib/jvm/java-16-oracle/lib/libjli.so
7f152ad7c000-7f152ad7d000 rw-p 0000f000 fd:01 15074815                   /usr/lib/jvm/java-16-oracle/lib/libjli.so
7f152ad7d000-7f152ad7f000 r--p 00000000 fd:01 8917240                    /usr/lib/x86_64-linux-gnu/libz.so.1.2.11
7f152ad7f000-7f152ad90000 r-xp 00002000 fd:01 8917240                    /usr/lib/x86_64-linux-gnu/libz.so.1.2.11
7f152ad90000-7f152ad96000 r--p 00013000 fd:01 8917240                    /usr/lib/x86_64-linux-gnu/libz.so.1.2.11
7f152ad96000-7f152ad97000 ---p 00019000 fd:01 8917240                    /usr/lib/x86_64-linux-gnu/libz.so.1.2.11
7f152ad97000-7f152ad98000 r--p 00019000 fd:01 8917240                    /usr/lib/x86_64-linux-gnu/libz.so.1.2.11
7f152ad98000-7f152ad99000 rw-p 0001a000 fd:01 8917240                    /usr/lib/x86_64-linux-gnu/libz.so.1.2.11
7f152ad99000-7f152ad9b000 rw-p 00000000 00:00 0 
7f152ad9b000-7f152adb6000 r-xp 00000000 fd:01 15074814                   /usr/lib/jvm/java-16-oracle/lib/libjimage.so
7f152adb6000-7f152adb7000 ---p 0001b000 fd:01 15074814                   /usr/lib/jvm/java-16-oracle/lib/libjimage.so
7f152adb7000-7f152adb9000 r--p 0001b000 fd:01 15074814                   /usr/lib/jvm/java-16-oracle/lib/libjimage.so
7f152adb9000-7f152adba000 rw-p 0001d000 fd:01 15074814                   /usr/lib/jvm/java-16-oracle/lib/libjimage.so
7f152adba000-7f152adbb000 r--p 00000000 fd:01 8920036                    /usr/lib/x86_64-linux-gnu/ld-2.31.so
7f152adbb000-7f152adde000 r-xp 00001000 fd:01 8920036                    /usr/lib/x86_64-linux-gnu/ld-2.31.so
7f152adde000-7f152ade6000 r--p 00024000 fd:01 8920036                    /usr/lib/x86_64-linux-gnu/ld-2.31.so
7f152ade6000-7f152ade7000 ---p 00000000 00:00 0 
7f152ade7000-7f152ade8000 r--p 0002c000 fd:01 8920036                    /usr/lib/x86_64-linux-gnu/ld-2.31.so
7f152ade8000-7f152ade9000 rw-p 0002d000 fd:01 8920036                    /usr/lib/x86_64-linux-gnu/ld-2.31.so
7f152ade9000-7f152adea000 rw-p 00000000 00:00 0 
7ffe8463d000-7ffe84662000 rw-p 00000000 00:00 0                          [stack]
7ffe84718000-7ffe8471c000 r--p 00000000 00:00 0                          [vvar]
7ffe8471c000-7ffe8471e000 r-xp 00000000 00:00 0                          [vdso]
ffffffffff600000-ffffffffff601000 --xp 00000000 00:00 0                  [vsyscall]


VM Arguments:
jvm_args: -javaagent:/tmp/jacocoagent7568467669737413976.jar=destfile=/home/janel/Desktop/Studium/Semester_6/Bachelorarbeit/nochmalneu/junit/jacoco.exec,excludes=**/*Test*:**/Dummy* -Djava.awt.headless=true -ea 
java_command: org.apache.tools.ant.taskdefs.optional.junit.JUnitTestRunner org.sosy_lab.java_smt.test.TimeoutTest skipNonTests=false filtertrace=true haltOnError=false haltOnFailure=false formatter=org.apache.tools.ant.taskdefs.optional.junit.SummaryJUnitResultFormatter showoutput=false outputtoformatters=true logfailedtests=true threadid=0 logtestlistenerevents=false formatter=org.apache.tools.ant.taskdefs.optional.junit.XMLJUnitResultFormatter,/home/janel/Desktop/Studium/Semester_6/Bachelorarbeit/nochmalneu/junit/TEST-org.sosy_lab.java_smt.test.TimeoutTest.xml crashfile=/home/janel/Desktop/Studium/Semester_6/Bachelorarbeit/nochmalneu/junitvmwatcher3168738303459113307.properties propsfile=/home/janel/Desktop/Studium/Semester_6/Bachelorarbeit/nochmalneu/junit2644746327315752929.properties
java_class_path (initial): /home/janel/Desktop/Studium/Semester_6/Bachelorarbeit/nochmalneu/bin:/home/janel/Desktop/Studium/Semester_6/Bachelorarbeit/nochmalneu/lib/java/build/auto-value-annotations.jar:/home/janel/Desktop/Studium/Semester_6/Bachelorarbeit/nochmalneu/lib/java/build/error_prone_annotations.jar:/home/janel/Desktop/Studium/Semester_6/Bachelorarbeit/nochmalneu/lib/java/runtime-boolector/animal-sniffer-annotations.jar:/home/janel/Desktop/Studium/Semester_6/Bachelorarbeit/nochmalneu/lib/java/runtime-boolector/antlr4-runtime.jar:/home/janel/Desktop/Studium/Semester_6/Bachelorarbeit/nochmalneu/lib/java/runtime-boolector/checker-qual.jar:/home/janel/Desktop/Studium/Semester_6/Bachelorarbeit/nochmalneu/lib/java/runtime-boolector/common.jar:/home/janel/Desktop/Studium/Semester_6/Bachelorarbeit/nochmalneu/lib/java/runtime-boolector/error_prone_annotations.jar:/home/janel/Desktop/Studium/Semester_6/Bachelorarbeit/nochmalneu/lib/java/runtime-boolector/failureaccess.jar:/home/janel/Desktop/Studium/Semester_6/Bachelorarbeit/nochmalneu/lib/java/runtime-boolector/guava.jar:/home/janel/Desktop/Studium/Semester_6/Bachelorarbeit/nochmalneu/lib/java/runtime-boolector/j2objc-annotations.jar:/home/janel/Desktop/Studium/Semester_6/Bachelorarbeit/nochmalneu/lib/java/runtime-boolector/jsr305.jar:/home/janel/Desktop/Studium/Semester_6/Bachelorarbeit/nochmalneu/lib/java/runtime-boolector/listenablefuture.jar:/home/janel/Desktop/Studium/Semester_6/Bachelorarbeit/nochmalneu/lib/java/runtime-boolector/spotbugs-annotations.jar:/home/janel/Desktop/Studium/Semester_6/Bachelorarbeit/nochmalneu/lib/java/runtime-cvc4/CVC4.jar:/home/janel/Desktop/Studium/Semester_6/Bachelorarbeit/nochmalneu/lib/java/runtime-cvc4/animal-sniffer-annotations.jar:/home/janel/Desktop/Studium/Semester_6/Bachelorarbeit/nochmalneu/lib/java/runtime-cvc4/antlr4-runtime.jar:/home/janel/Desktop/Studium/Semester_6/Bachelorarbeit/nochmalneu/lib/java/runtime-cvc4/checker-qual.jar:/home/janel/Desktop/Studium/Semester_
Launcher Type: SUN_STANDARD

[Global flags]
     intx CICompilerCount                          = 3                                         {product} {ergonomic}
     uint ConcGCThreads                            = 1                                         {product} {ergonomic}
     uint G1ConcRefinementThreads                  = 4                                         {product} {ergonomic}
   size_t G1HeapRegionSize                         = 4194304                                   {product} {ergonomic}
    uintx GCDrainStackTargetSize                   = 64                                        {product} {ergonomic}
   size_t InitialHeapSize                          = 318767104                                 {product} {ergonomic}
   size_t MarkStackSize                            = 4194304                                   {product} {ergonomic}
   size_t MaxHeapSize                              = 5087690752                                {product} {ergonomic}
   size_t MaxNewSize                               = 3049259008                                {product} {ergonomic}
   size_t MinHeapDeltaBytes                        = 4194304                                   {product} {ergonomic}
   size_t MinHeapSize                              = 8388608                                   {product} {ergonomic}
    uintx NonNMethodCodeHeapSize                   = 5832780                                {pd product} {ergonomic}
    uintx NonProfiledCodeHeapSize                  = 122912730                              {pd product} {ergonomic}
    uintx ProfiledCodeHeapSize                     = 122912730                              {pd product} {ergonomic}
    uintx ReservedCodeCacheSize                    = 251658240                              {pd product} {ergonomic}
     bool SegmentedCodeCache                       = true                                      {product} {ergonomic}
   size_t SoftMaxHeapSize                          = 5087690752                             {manageable} {ergonomic}
     bool UseCompressedClassPointers               = true                           {product lp64_product} {ergonomic}
     bool UseCompressedOops                        = true                           {product lp64_product} {ergonomic}
     bool UseG1GC                                  = true                                      {product} {ergonomic}

Logging:
Log output configuration:
 #0: stdout all=warning uptime,level,tags
 #1: stderr all=off uptime,level,tags

Environment Variables:
JAVA_HOME=/usr/lib/jvm/java-16-oracle
PATH=/home/janel/.opam/default/bin:/home/janel/.local/bin:/home/janel/bin:/usr/local/sbin:/usr/local/bin:/usr/sbin:/usr/bin:/sbin:/bin:/usr/games:/usr/local/games:/snap/bin:/usr/lib/jvm/java-16-oracle/bin:/usr/lib/jvm/java-16-oracle/db/bin:/home/janel/bin:/home/janel/.local/share/coursier/bin
USERNAME=janel
SHELL=/usr/bin/fish
DISPLAY=:0
LANG=de_DE.UTF-8

Signal Handlers:
SIGSEGV: [libjvm.so+0xdfef20], sa_mask[0]=11100100010111111101111111111110, sa_flags=SA_RESTART|SA_SIGINFO
SIGBUS: [libjvm.so+0xdfef20], sa_mask[0]=11100100010111111101111111111110, sa_flags=SA_RESTART|SA_SIGINFO
SIGFPE: [libjvm.so+0xdfef20], sa_mask[0]=11100100010111111101111111111110, sa_flags=SA_RESTART|SA_SIGINFO
SIGPIPE: [libjvm.so+0xca8980], sa_mask[0]=11100100010111111101111111111110, sa_flags=SA_RESTART|SA_SIGINFO
SIGXFSZ: [libjvm.so+0xca8980], sa_mask[0]=11100100010111111101111111111110, sa_flags=SA_RESTART|SA_SIGINFO
SIGILL: [libjvm.so+0xdfef20], sa_mask[0]=11100100010111111101111111111110, sa_flags=SA_RESTART|SA_SIGINFO
SIGUSR2: [libjvm.so+0xca8070], sa_mask[0]=00100000000000000000000000000000, sa_flags=SA_RESTART|SA_SIGINFO
SIGHUP: [libjvm.so+0xca7fa0], sa_mask[0]=11100100010111111101111111111110, sa_flags=SA_RESTART|SA_SIGINFO
SIGINT: [libjvm.so+0xca7fa0], sa_mask[0]=11100100010111111101111111111110, sa_flags=SA_RESTART|SA_SIGINFO
SIGTERM: [libjvm.so+0xca7fa0], sa_mask[0]=11100100010111111101111111111110, sa_flags=SA_RESTART|SA_SIGINFO
SIGQUIT: [libjvm.so+0xca7fa0], sa_mask[0]=11100100010111111101111111111110, sa_flags=SA_RESTART|SA_SIGINFO
SIGTRAP: [libjvm.so+0xdfef20], sa_mask[0]=11100100010111111101111111111110, sa_flags=SA_RESTART|SA_SIGINFO


---------------  S Y S T E M  ---------------

OS:
DISTRIB_ID=Ubuntu
DISTRIB_RELEASE=20.04
DISTRIB_CODENAME=focal
DISTRIB_DESCRIPTION="Ubuntu 20.04.6 LTS"
uname: Linux 5.15.0-88-generic #98~20.04.1-Ubuntu SMP Mon Oct 9 16:43:45 UTC 2023 x86_64
OS uptime: 24 days 21:44 hours
libc: glibc 2.31 NPTL 2.31 
rlimit (soft/hard): STACK 8192k/infinity , CORE 0k/infinity , NPROC 77088/77088 , NOFILE 1048576/1048576 , AS infinity/infinity , CPU infinity/infinity , DATA infinity/infinity , FSIZE infinity/infinity , MEMLOCK 65536k/65536k
load average: 2,10 1,56 1,59

/proc/meminfo:
MemTotal:       19869444 kB
MemFree:          703100 kB
MemAvailable:    1212572 kB
Buffers:           21980 kB
Cached:          2893644 kB
SwapCached:       108804 kB
Active:          2590064 kB
Inactive:       15580280 kB
Active(anon):    2175312 kB
Inactive(anon): 15312156 kB
Active(file):     414752 kB
Inactive(file):   268124 kB
Unevictable:      263684 kB
Mlocked:              72 kB
SwapTotal:       1003516 kB
SwapFree:             16 kB
Dirty:              1016 kB
Writeback:           220 kB
AnonPages:      15409724 kB
Mapped:           427240 kB
Shmem:           2232704 kB
KReclaimable:     197724 kB
Slab:             444596 kB
SReclaimable:     197724 kB
SUnreclaim:       246872 kB
KernelStack:       28368 kB
PageTables:       116076 kB
NFS_Unstable:          0 kB
Bounce:                0 kB
WritebackTmp:          0 kB
CommitLimit:    10938236 kB
Committed_AS:   30121080 kB
VmallocTotal:   34359738367 kB
VmallocUsed:       72812 kB
VmallocChunk:          0 kB
Percpu:             6048 kB
HardwareCorrupted:     0 kB
AnonHugePages:         0 kB
ShmemHugePages:        0 kB
ShmemPmdMapped:        0 kB
FileHugePages:         0 kB
FilePmdMapped:         0 kB
HugePages_Total:       0
HugePages_Free:        0
HugePages_Rsvd:        0
HugePages_Surp:        0
Hugepagesize:       2048 kB
Hugetlb:               0 kB
DirectMap4k:     1120332 kB
DirectMap2M:    19236864 kB
DirectMap1G:           0 kB

/sys/kernel/mm/transparent_hugepage/enabled: always [madvise] never
/sys/kernel/mm/transparent_hugepage/defrag (defrag/compaction efforts parameter): always defer defer+madvise [madvise] never

Process Memory:
Virtual Size: 8313340K (peak: 8339168K)
Resident Set Size: 316752K (peak: 329428K) (anon: 269628K, file: 47124K, shmem: 0K)
Swapped out: 0K
C-Heap outstanding allocations: 39818K

/proc/sys/kernel/threads-max (system-wide limit on the number of threads): 154176
/proc/sys/vm/max_map_count (maximum number of memory map areas a process may have): 65530
/proc/sys/kernel/pid_max (system-wide limit on number of process identifiers): 4194304

container (cgroup) information:
container_type: cgroupv1
cpu_cpuset_cpus: 0-3
cpu_memory_nodes: 0
active_processor_count: 4
cpu_quota: no quota
cpu_period: 100000
cpu_shares: no shares
memory_limit_in_bytes: unlimited
memory_and_swap_limit_in_bytes: unlimited
memory_soft_limit_in_bytes: unlimited
memory_usage_in_bytes: 6360809472
memory_max_usage_in_bytes: 7065141248

Steal ticks since vm start: 0
Steal ticks percentage since vm start:  0,000

CPU: total 4 (initial active 4) (2 cores per cpu, 2 threads per core) family 6 model 78 stepping 3 microcode 0xf0, cx8, cmov, fxsr, ht, mmx, 3dnowpref, sse, sse2, sse3, ssse3, sse4.1, sse4.2, popcnt, lzcnt, tsc, tscinvbit, avx, avx2, aes, erms, clmul, bmi1, bmi2, adx, fma, vzeroupper, clflush, clflushopt
CPU Model and flags from /proc/cpuinfo:
model name	: Intel(R) Core(TM) i7-6600U CPU @ 2.60GHz
flags		: fpu vme de pse tsc msr pae mce cx8 apic sep mtrr pge mca cmov pat pse36 clflush dts acpi mmx fxsr sse sse2 ss ht tm pbe syscall nx pdpe1gb rdtscp lm constant_tsc art arch_perfmon pebs bts rep_good nopl xtopology nonstop_tsc cpuid aperfmperf pni pclmulqdq dtes64 monitor ds_cpl vmx smx est tm2 ssse3 sdbg fma cx16 xtpr pdcm pcid sse4_1 sse4_2 x2apic movbe popcnt tsc_deadline_timer aes xsave avx f16c rdrand lahf_lm abm 3dnowprefetch cpuid_fault epb invpcid_single pti ssbd ibrs ibpb stibp tpr_shadow vnmi flexpriority ept vpid ept_ad fsgsbase tsc_adjust bmi1 avx2 smep bmi2 erms invpcid mpx rdseed adx smap clflushopt intel_pt xsaveopt xsavec xgetbv1 xsaves dtherm ida arat pln pts hwp hwp_notify hwp_act_window hwp_epp md_clear flush_l1d arch_capabilities

Online cpus: 0-3
Offline cpus: 
BIOS frequency limitation: <Not Available>
Frequency switch latency (ns): 0
Available cpu frequencies: <Not Available>
Current governor: powersave
Core performance/turbo boost: <Not Available>

Memory: 4k page, physical 19869444k(703100k free), swap 1003516k(16k free)

vm_info: Java HotSpot(TM) 64-Bit Server VM (16.0.1+9-24) for linux-amd64 JRE (16.0.1+9-24), built on Mar 26 2021 18:11:45 by "mach5one" with gcc 10.2.0

END.
