Compiling the C wrapper code and creating the "libyices2j.so" library
In file included from org_sosy_1lab_java_1smt_solvers_yices2_Yices2NativeApi.c:3:0:
org_sosy_1lab_java_1smt_solvers_yices2_Yices2NativeApi.c: In function ‘Java_org_sosy_1lab_java_1smt_solvers_yices2_Yices2NativeApi_yices_1poly_1rational32’:
includes/defines.h:241:52: warning: pointer targets in passing argument 3 of ‘(*jenv)->ReleaseIntArrayElements’ differ in signedness [-Wpointer-sign]
   (*jenv)->ReleaseIntArrayElements(jenv, arg##num, m_arg##num, 0); \
                                                    ^
org_sosy_1lab_java_1smt_solvers_yices2_Yices2NativeApi.c:535:1: note: in expansion of macro ‘FREE_INT_ARRAY_ARG’
 FREE_INT_ARRAY_ARG(3)
 ^~~~~~~~~~~~~~~~~~
includes/defines.h:241:52: note: expected ‘jint * {aka int *}’ but argument is of type ‘uint32_t * {aka unsigned int *}’
   (*jenv)->ReleaseIntArrayElements(jenv, arg##num, m_arg##num, 0); \
                                                    ^
org_sosy_1lab_java_1smt_solvers_yices2_Yices2NativeApi.c:535:1: note: in expansion of macro ‘FREE_INT_ARRAY_ARG’
 FREE_INT_ARRAY_ARG(3)
 ^~~~~~~~~~~~~~~~~~
org_sosy_1lab_java_1smt_solvers_yices2_Yices2NativeApi.c: In function ‘Java_org_sosy_1lab_java_1smt_solvers_yices2_Yices2NativeApi_yices_1poly_1rational64’:
includes/defines.h:245:53: warning: pointer targets in passing argument 3 of ‘(*jenv)->ReleaseLongArrayElements’ differ in signedness [-Wpointer-sign]
   (*jenv)->ReleaseLongArrayElements(jenv, arg##num, m_arg##num, 0); \
                                                     ^
org_sosy_1lab_java_1smt_solvers_yices2_Yices2NativeApi.c:546:1: note: in expansion of macro ‘FREE_LONG_ARRAY_ARG’
 FREE_LONG_ARRAY_ARG(3)
 ^~~~~~~~~~~~~~~~~~~
includes/defines.h:245:53: note: expected ‘jlong * {aka long int *}’ but argument is of type ‘uint64_t * {aka long unsigned int *}’
   (*jenv)->ReleaseLongArrayElements(jenv, arg##num, m_arg##num, 0); \
                                                     ^
org_sosy_1lab_java_1smt_solvers_yices2_Yices2NativeApi.c:546:1: note: in expansion of macro ‘FREE_LONG_ARRAY_ARG’
 FREE_LONG_ARRAY_ARG(3)
 ^~~~~~~~~~~~~~~~~~~
Compilation Done
All Done
Please check in the following output that the library does not depend on any GLIBC version >= 2.11, otherwise it will not work on Ubuntu 10.04:
  required from libc.so.6:
    0x0d696913 0x00 07 GLIBC_2.3
    0x09691974 0x00 06 GLIBC_2.3.4
    0x06969194 0x00 05 GLIBC_2.14
    0x0d696914 0x00 04 GLIBC_2.4
    0x09691a75 0x00 03 GLIBC_2.2.5

