0000000000206168 B __bss_start
0000000000206168 D _edata
0000000000206170 B _end
0000000000004c04 T _fini
00000000000024b0 T _init
0000000000002b75 T Java_org_sosy_1lab_java_1smt_solvers_opensmt2_opensmt2javaJNI_delete_1osmt_1context
0000000000002a0b T Java_org_sosy_1lab_java_1smt_solvers_opensmt2_opensmt2javaJNI_delete_1osmt_1expr
0000000000002bab T Java_org_sosy_1lab_java_1smt_solvers_opensmt2_opensmt2javaJNI_l_1false_1get
0000000000002b0e T Java_org_sosy_1lab_java_1smt_solvers_opensmt2_opensmt2javaJNI_new_1osmt_1context
00000000000029a4 T Java_org_sosy_1lab_java_1smt_solvers_opensmt2_opensmt2javaJNI_new_1osmt_1expr
0000000000002f6a T Java_org_sosy_1lab_java_1smt_solvers_opensmt2_opensmt2javaJNI_osmt_1check
0000000000002fdf T Java_org_sosy_1lab_java_1smt_solvers_opensmt2_opensmt2javaJNI_osmt_1conflicts
0000000000002a94 T Java_org_sosy_1lab_java_1smt_solvers_opensmt2_opensmt2javaJNI_osmt_1context_1c_1get
0000000000002a41 T Java_org_sosy_1lab_java_1smt_solvers_opensmt2_opensmt2javaJNI_osmt_1context_1c_1set
0000000000003057 T Java_org_sosy_1lab_java_1smt_solvers_opensmt2_opensmt2javaJNI_osmt_1decisions
0000000000002db4 T Java_org_sosy_1lab_java_1smt_solvers_opensmt2_opensmt2javaJNI_osmt_1del_1context
0000000000003406 T Java_org_sosy_1lab_java_1smt_solvers_opensmt2_opensmt2javaJNI_osmt_1dump_1assertions_1to_1file
000000000000295f T Java_org_sosy_1lab_java_1smt_solvers_opensmt2_opensmt2javaJNI_osmt_1expr_1x_1get
000000000000291a T Java_org_sosy_1lab_java_1smt_solvers_opensmt2_opensmt2javaJNI_osmt_1expr_1x_1set
00000000000031cc T Java_org_sosy_1lab_java_1smt_solvers_opensmt2_opensmt2javaJNI_osmt_1get_1bool
0000000000003330 T Java_org_sosy_1lab_java_1smt_solvers_opensmt2_opensmt2javaJNI_osmt_1get_1model
00000000000030cf T Java_org_sosy_1lab_java_1smt_solvers_opensmt2_opensmt2javaJNI_osmt_1get_1value
0000000000003990 T Java_org_sosy_1lab_java_1smt_solvers_opensmt2_opensmt2javaJNI_osmt_1mk_1and
0000000000003648 T Java_org_sosy_1lab_java_1smt_solvers_opensmt2_opensmt2javaJNI_osmt_1mk_1bool_1var
0000000000002d38 T Java_org_sosy_1lab_java_1smt_solvers_opensmt2_opensmt2javaJNI_osmt_1mk_1context
0000000000003a72 T Java_org_sosy_1lab_java_1smt_solvers_opensmt2_opensmt2javaJNI_osmt_1mk_1eq
0000000000003592 T Java_org_sosy_1lab_java_1smt_solvers_opensmt2_opensmt2javaJNI_osmt_1mk_1false
0000000000004ab6 T Java_org_sosy_1lab_java_1smt_solvers_opensmt2_opensmt2javaJNI_osmt_1mk_1geq
0000000000004968 T Java_org_sosy_1lab_java_1smt_solvers_opensmt2_opensmt2javaJNI_osmt_1mk_1gt
0000000000003e54 T Java_org_sosy_1lab_java_1smt_solvers_opensmt2_opensmt2javaJNI_osmt_1mk_1impl
0000000000003bc0 T Java_org_sosy_1lab_java_1smt_solvers_opensmt2_opensmt2javaJNI_osmt_1mk_1ite
000000000000481a T Java_org_sosy_1lab_java_1smt_solvers_opensmt2_opensmt2javaJNI_osmt_1mk_1leq
00000000000046cc T Java_org_sosy_1lab_java_1smt_solvers_opensmt2_opensmt2javaJNI_osmt_1mk_1lt
000000000000449c T Java_org_sosy_1lab_java_1smt_solvers_opensmt2_opensmt2javaJNI_osmt_1mk_1minus
0000000000003d57 T Java_org_sosy_1lab_java_1smt_solvers_opensmt2_opensmt2javaJNI_osmt_1mk_1not
0000000000004223 T Java_org_sosy_1lab_java_1smt_solvers_opensmt2_opensmt2javaJNI_osmt_1mk_1num_1from_1frac
00000000000042f5 T Java_org_sosy_1lab_java_1smt_solvers_opensmt2_opensmt2javaJNI_osmt_1mk_1num_1from_1num
00000000000040f0 T Java_org_sosy_1lab_java_1smt_solvers_opensmt2_opensmt2javaJNI_osmt_1mk_1num_1from_1string
00000000000038ae T Java_org_sosy_1lab_java_1smt_solvers_opensmt2_opensmt2javaJNI_osmt_1mk_1or
00000000000043ba T Java_org_sosy_1lab_java_1smt_solvers_opensmt2_opensmt2javaJNI_osmt_1mk_1plus
000000000000377b T Java_org_sosy_1lab_java_1smt_solvers_opensmt2_opensmt2javaJNI_osmt_1mk_1real_1var
00000000000045ea T Java_org_sosy_1lab_java_1smt_solvers_opensmt2_opensmt2javaJNI_osmt_1mk_1times
00000000000034dc T Java_org_sosy_1lab_java_1smt_solvers_opensmt2_opensmt2javaJNI_osmt_1mk_1true
0000000000003fa2 T Java_org_sosy_1lab_java_1smt_solvers_opensmt2_opensmt2javaJNI_osmt_1mk_1xor
0000000000003288 T Java_org_sosy_1lab_java_1smt_solvers_opensmt2_opensmt2javaJNI_osmt_1polarity
0000000000002f0d T Java_org_sosy_1lab_java_1smt_solvers_opensmt2_opensmt2javaJNI_osmt_1pop
0000000000002c99 T Java_org_sosy_1lab_java_1smt_solvers_opensmt2_opensmt2javaJNI_osmt_1print_1expr
0000000000002e6e T Java_org_sosy_1lab_java_1smt_solvers_opensmt2_opensmt2javaJNI_osmt_1push
0000000000002e11 T Java_org_sosy_1lab_java_1smt_solvers_opensmt2_opensmt2javaJNI_osmt_1reset
0000000000002bd0 T Java_org_sosy_1lab_java_1smt_solvers_opensmt2_opensmt2javaJNI_osmt_1set_1verbosity
0000000000002c3c T Java_org_sosy_1lab_java_1smt_solvers_opensmt2_opensmt2javaJNI_osmt_1version
